2014-05-22 10:27:56.340+0000 INFO  [org.neo4j]: --- INITIALIZED diagnostics START ---
2014-05-22 10:27:56.355+0000 INFO  [org.neo4j]: Neo4j Kernel properties:
    neostore.propertystore.db.mapped_memory=314M
    neostore.nodestore.db.mapped_memory=87M
    neostore.relationshipstore.db.mapped_memory=385M
    neostore.propertystore.db.strings.mapped_memory=267M
    store_dir=/home/eidel/Documents/School/Exjobb/Programming/graph/data2
    neostore.propertystore.db.arrays.mapped_memory=303M
    ephemeral=false
2014-05-22 10:27:56.363+0000 INFO  [org.neo4j]: Diagnostics providers:
    org.neo4j.kernel.configuration.Config
    org.neo4j.kernel.info.DiagnosticsManager
    SYSTEM_MEMORY
    JAVA_MEMORY
    OPERATING_SYSTEM
    JAVA_VIRTUAL_MACHINE
    CLASSPATH
    LIBRARY_PATH
    SYSTEM_PROPERTIES
    LINUX_SCHEDULERS
    NETWORK
2014-05-22 10:27:56.364+0000 INFO  [org.neo4j]: System memory information:
    Total Physical memory: 3.80 GB
    Free Physical memory: 104.27 MB
    Committed virtual memory: 1.88 GB
    Total swap space: 3.93 GB
    Free swap space: 3.58 GB
2014-05-22 10:27:56.368+0000 INFO  [org.neo4j]: JVM memory information:
    Free  memory: 46.50 MB
    Total memory: 58.50 MB
    Max   memory: 866.00 MB
    Garbage Collector: PS Scavenge: [PS Eden Space, PS Survivor Space]
    Garbage Collector: PS MarkSweep: [PS Eden Space, PS Survivor Space, PS Old Gen, PS Perm Gen]
    Memory Pool: Code Cache (Non-heap memory): committed=2.44 MB, used=458.06 kB, max=48.00 MB, threshold=0.00 B
    Memory Pool: PS Eden Space (Heap memory): committed=15.50 MB, used=12.31 MB, max=320.00 MB, threshold=?
    Memory Pool: PS Survivor Space (Heap memory): committed=2.50 MB, used=0.00 B, max=2.50 MB, threshold=?
    Memory Pool: PS Old Gen (Heap memory): committed=40.50 MB, used=0.00 B, max=649.00 MB, threshold=0.00 B
    Memory Pool: PS Perm Gen (Non-heap memory): committed=21.00 MB, used=6.11 MB, max=82.00 MB, threshold=0.00 B
2014-05-22 10:27:56.374+0000 INFO  [org.neo4j]: Operating system information:
    Operating System: Linux; version: 3.14.2-1-ARCH; arch: amd64; cpus: 2
    Max number of file descriptors: 4096
    Number of open file descriptors: 36
    Process id: 19398@localhost
    Byte order: LITTLE_ENDIAN
    Local timezone: Europe/Stockholm
2014-05-22 10:27:56.377+0000 INFO  [org.neo4j]: JVM information:
    VM Name: Java HotSpot(TM) 64-Bit Server VM
    VM Vendor: Oracle Corporation
    VM Version: 24.55-b03
    JIT compiler: HotSpot 64-Bit Tiered Compilers
    VM Arguments: [-Dfile.encoding=UTF-8]
2014-05-22 10:27:56.378+0000 INFO  [org.neo4j]: Java classpath:
     [classpath + loader.0] file:/home/eidel/.m2/repository/commons-logging/commons-logging/1.1.1/commons-logging-1.1.1.jar
     [classpath + loader.0] file:/home/eidel/.m2/repository/org/slf4j/slf4j-api/1.5.6/slf4j-api-1.5.6.jar
     [classpath + loader.0] file:/home/eidel/.m2/repository/org/neo4j/neo4j-graph-matching/2.0.3/neo4j-graph-matching-2.0.3.jar
     [classpath + loader.0] file:/home/eidel/.m2/repository/org/neo4j/neo4j-udc/2.0.3/neo4j-udc-2.0.3.jar
     [classpath + loader.0] file:/home/eidel/.m2/repository/org/apache/httpcomponents/httpclient/4.3.1/httpclient-4.3.1.jar
     [classpath + loader.0] file:/home/eidel/.m2/repository/org/codehaus/woodstox/wstx-asl/3.2.7/wstx-asl-3.2.7.jar
     [classpath + loader.0] file:/home/eidel/.m2/repository/org/parboiled/parboiled-core/1.1.6/parboiled-core-1.1.6.jar
     [classpath + loader.0] file:/home/eidel/.m2/repository/org/parboiled/parboiled-scala_2.10/1.1.6/parboiled-scala_2.10-1.1.6.jar
     [classpath + loader.0] file:/home/eidel/.m2/repository/org/apache/httpcomponents/httpmime/4.3.1/httpmime-4.3.1.jar
     [classpath + loader.0] file:/home/eidel/.m2/repository/com/googlecode/concurrentlinkedhashmap/concurrentlinkedhashmap-lru/1.3.1/concurrentlinkedhashmap-lru-1.3.1.jar
     [classpath + loader.0] file:/home/eidel/.m2/repository/org/neo4j/neo4j-graph-algo/2.0.3/neo4j-graph-algo-2.0.3.jar
     [classpath + loader.0] file:/home/eidel/.m2/repository/net/sf/opencsv/opencsv/2.0/opencsv-2.0.jar
     [loader.1] file:/opt/java/jre/lib/ext/sunec.jar
     [classpath + loader.0] file:/home/eidel/.m2/repository/org/neo4j/neo4j-cypher-commons/2.0.3/neo4j-cypher-commons-2.0.3.jar
     [classpath + loader.0] file:/home/eidel/.m2/repository/org/neo4j/neo4j-cypher/2.0.3/neo4j-cypher-2.0.3.jar
     [classpath + loader.0] file:/home/eidel/.m2/repository/org/neo4j/neo4j-cypher-compiler-1.9/2.0.3/neo4j-cypher-compiler-1.9-2.0.3.jar
     [classpath + loader.0] file:/home/eidel/.m2/repository/org/neo4j/neo4j-lucene-index/2.0.3/neo4j-lucene-index-2.0.3.jar
     [classpath + loader.0] file:/home/eidel/.m2/repository/org/grammaticalframework/pgf/1.0/pgf-1.0.jar
     [classpath + loader.0] file:/home/eidel/.m2/repository/org/neo4j/neo4j-jmx/2.0.3/neo4j-jmx-2.0.3.jar
     [loader.1] file:/opt/java/jre/lib/ext/sunjce_provider.jar
     [loader.1] file:/opt/java/jre/lib/ext/sunpkcs11.jar
     [loader.1] file:/opt/java/jre/lib/ext/localedata.jar
     [bootstrap] /opt/java/jre/lib/jce.jar
     [classpath + loader.0] file:/home/eidel/.m2/repository/org/apache/lucene/lucene-core/3.6.2/lucene-core-3.6.2.jar
     [classpath + loader.0] file:/home/eidel/.m2/repository/org/neo4j/neo4j/2.0.3/neo4j-2.0.3.jar
     [bootstrap] /opt/java/jre/lib/rt.jar
     [bootstrap] /opt/java/jre/lib/resources.jar
     [bootstrap] /opt/java/jre/lib/charsets.jar
     [classpath + loader.0] file:/home/eidel/.m2/repository/org/slf4j/slf4j-simple/1.5.6/slf4j-simple-1.5.6.jar
     [classpath + loader.0] file:/home/eidel/.m2/repository/org/apache/geronimo/specs/geronimo-jta_1.1_spec/1.1.1/geronimo-jta_1.1_spec-1.1.1.jar
     [bootstrap] /opt/java/jre/lib/jfr.jar
     [classpath + loader.0] file:/home/eidel/.m2/repository/org/scala-lang/scala-library/2.10.3/scala-library-2.10.3.jar
     [classpath + loader.0] file:/home/eidel/.m2/repository/org/neo4j/neo4j-cypher-compiler-2.0/2.0.3/neo4j-cypher-compiler-2.0-2.0.3.jar
     [classpath + loader.0] file:/home/eidel/.m2/repository/org/noggit/noggit/0.5/noggit-0.5.jar
     [classpath + loader.0] file:/home/eidel/Documents/School/Exjobb/Programming/graph/target/classes/
     [classpath + loader.0] file:/home/eidel/.m2/repository/org/neo4j/neo4j-kernel/2.0.3/neo4j-kernel-2.0.3.jar
     [classpath + loader.0] file:/home/eidel/.m2/repository/org/apache/zookeeper/zookeeper/3.4.5/zookeeper-3.4.5.jar
     [bootstrap] /opt/java/jre/lib/jsse.jar
     [classpath + loader.0] file:/home/eidel/.m2/repository/org/apache/httpcomponents/httpcore/4.3/httpcore-4.3.jar
     [classpath + loader.0] file:/home/eidel/.m2/repository/org/apache/solr/solr-solrj/4.7.0/solr-solrj-4.7.0.jar
     [loader.1] file:/opt/java/jre/lib/ext/zipfs.jar
     [loader.1] file:/opt/java/jre/lib/ext/dnsns.jar
     [classpath + loader.0] file:/home/eidel/.m2/repository/log4j/log4j/1.2.16/log4j-1.2.16.jar
     [bootstrap] /opt/java/jre/lib/sunrsasign.jar
     [classpath + loader.0] file:/home/eidel/.m2/repository/commons-io/commons-io/2.1/commons-io-2.1.jar
     [bootstrap] /opt/java/jre/classes
2014-05-22 10:27:56.381+0000 INFO  [org.neo4j]: Library path:
    /usr/java/packages/lib/amd64
    /usr/lib
    /usr/lib
    /usr/lib
    /usr/lib
2014-05-22 10:27:56.381+0000 INFO  [org.neo4j]: System.properties:
    sun.boot.library.path = /opt/java/jre/lib/amd64
    path.separator = :
    file.encoding.pkg = sun.io
    user.country = US
    sun.java.launcher = SUN_STANDARD
    sun.os.patch.level = unknown
    user.dir = /home/eidel/Documents/School/Exjobb/Programming/graph
    sun.jnu.encoding = UTF-8
    sun.management.compiler = HotSpot 64-Bit Tiered Compilers
    user.home = /home/eidel
    user.timezone = Europe/Stockholm
    file.encoding = UTF-8
    user.name = eidel
    sun.java.command = org.agfjord.graph.DataImportNeo4j
    sun.arch.data.model = 64
    user.language = en
    awt.toolkit = sun.awt.X11.XToolkit
    file.separator = /
    sun.io.unicode.encoding = UnicodeLittle
    sun.cpu.endian = little
    sun.cpu.isalist = 
2014-05-22 10:27:56.382+0000 INFO  [org.neo4j]: Linux scheduler information:
    noop deadline [cfq] 
    noop deadline [cfq] 
2014-05-22 10:27:56.383+0000 INFO  [org.neo4j]: Network information:
    Interface wlp6s0:
        address: fe80:0:0:0:221:5dff:feee:6578%3
        address: 192.168.0.10
    Interface lo:
        address: 0:0:0:0:0:0:0:1%1
        address: 127.0.0.1
2014-05-22 10:27:56.385+0000 INFO  [org.neo4j]: --- INITIALIZED diagnostics END ---
2014-05-22 10:27:56.574+0000 INFO  [org.neo4j]: Creating new db @ /home/eidel/Documents/School/Exjobb/Programming/graph/data2/neostore
2014-05-22 10:27:56.857+0000 INFO  [org.neo4j]: [/home/eidel/Documents/School/Exjobb/Programming/graph/data2/neostore.relationshiptypestore.db.names] brickCount=0 brickSize=0b mappedMem=0b (storeSize=38b)
2014-05-22 10:27:56.860+0000 INFO  [org.neo4j]: [/home/eidel/Documents/School/Exjobb/Programming/graph/data2/neostore.relationshiptypestore.db] brickCount=0 brickSize=0b mappedMem=0b (storeSize=0b)
2014-05-22 10:27:56.865+0000 INFO  [org.neo4j]: /home/eidel/Documents/School/Exjobb/Programming/graph/data2/neostore.relationshiptypestore.db.names hit=0 miss=0 switches=0 ooe=0
2014-05-22 10:27:56.876+0000 INFO  [org.neo4j]: /home/eidel/Documents/School/Exjobb/Programming/graph/data2/neostore.relationshiptypestore.db hit=0 miss=0 switches=0 ooe=0
2014-05-22 10:27:56.942+0000 INFO  [org.neo4j]: [/home/eidel/Documents/School/Exjobb/Programming/graph/data2/neostore.labeltokenstore.db.names] brickCount=0 brickSize=0b mappedMem=0b (storeSize=38b)
2014-05-22 10:27:56.943+0000 INFO  [org.neo4j]: [/home/eidel/Documents/School/Exjobb/Programming/graph/data2/neostore.labeltokenstore.db] brickCount=0 brickSize=0b mappedMem=0b (storeSize=0b)
2014-05-22 10:27:56.952+0000 INFO  [org.neo4j]: /home/eidel/Documents/School/Exjobb/Programming/graph/data2/neostore.labeltokenstore.db.names hit=0 miss=0 switches=0 ooe=0
2014-05-22 10:27:56.972+0000 INFO  [org.neo4j]: /home/eidel/Documents/School/Exjobb/Programming/graph/data2/neostore.labeltokenstore.db hit=0 miss=0 switches=0 ooe=0
2014-05-22 10:27:57.032+0000 INFO  [org.neo4j]: [/home/eidel/Documents/School/Exjobb/Programming/graph/data2/neostore.relationshiptypestore.db.names] brickCount=0 brickSize=0b mappedMem=0b (storeSize=38b)
2014-05-22 10:27:57.033+0000 INFO  [org.neo4j]: [/home/eidel/Documents/School/Exjobb/Programming/graph/data2/neostore.relationshiptypestore.db] brickCount=0 brickSize=0b mappedMem=0b (storeSize=0b)
2014-05-22 10:27:57.033+0000 INFO  [org.neo4j]: [/home/eidel/Documents/School/Exjobb/Programming/graph/data2/neostore.labeltokenstore.db.names] brickCount=0 brickSize=0b mappedMem=0b (storeSize=38b)
2014-05-22 10:27:57.033+0000 INFO  [org.neo4j]: [/home/eidel/Documents/School/Exjobb/Programming/graph/data2/neostore.labeltokenstore.db] brickCount=0 brickSize=0b mappedMem=0b (storeSize=0b)
2014-05-22 10:27:57.034+0000 INFO  [org.neo4j]: [/home/eidel/Documents/School/Exjobb/Programming/graph/data2/neostore.propertystore.db.strings] brickCount=0 brickSize=279936b mappedMem=279969792b (storeSize=128b)
2014-05-22 10:27:57.034+0000 INFO  [org.neo4j]: [/home/eidel/Documents/School/Exjobb/Programming/graph/data2/neostore.propertystore.db.index.keys] brickCount=0 brickSize=0b mappedMem=0b (storeSize=38b)
2014-05-22 10:27:57.035+0000 INFO  [org.neo4j]: [/home/eidel/Documents/School/Exjobb/Programming/graph/data2/neostore.propertystore.db.index] brickCount=0 brickSize=0b mappedMem=0b (storeSize=0b)
2014-05-22 10:27:57.036+0000 INFO  [org.neo4j]: [/home/eidel/Documents/School/Exjobb/Programming/graph/data2/neostore.propertystore.db.arrays] brickCount=0 brickSize=317696b mappedMem=317718528b (storeSize=128b)
2014-05-22 10:27:57.038+0000 INFO  [org.neo4j]: [/home/eidel/Documents/School/Exjobb/Programming/graph/data2/neostore.propertystore.db] brickCount=0 brickSize=3292505b mappedMem=329252864b (storeSize=0b)
2014-05-22 10:27:57.041+0000 INFO  [org.neo4j]: [/home/eidel/Documents/School/Exjobb/Programming/graph/data2/neostore.relationshipstore.db] brickCount=0 brickSize=4036989b mappedMem=403701760b (storeSize=0b)
2014-05-22 10:27:57.041+0000 INFO  [org.neo4j]: [/home/eidel/Documents/School/Exjobb/Programming/graph/data2/neostore.nodestore.db.labels] brickCount=0 brickSize=0b mappedMem=0b (storeSize=68b)
2014-05-22 10:27:57.043+0000 INFO  [org.neo4j]: [/home/eidel/Documents/School/Exjobb/Programming/graph/data2/neostore.nodestore.db] brickCount=0 brickSize=912254b mappedMem=91226112b (storeSize=0b)
2014-05-22 10:27:57.043+0000 INFO  [org.neo4j]: [/home/eidel/Documents/School/Exjobb/Programming/graph/data2/neostore.schemastore.db] brickCount=0 brickSize=0b mappedMem=0b (storeSize=64b)
2014-05-22 10:27:57.044+0000 INFO  [org.neo4j]: [/home/eidel/Documents/School/Exjobb/Programming/graph/data2/neostore] brickCount=0 brickSize=0b mappedMem=0b (storeSize=0b)
2014-05-22 10:27:57.067+0000 INFO  [org.neo4j]: /home/eidel/Documents/School/Exjobb/Programming/graph/data2/neostore.relationshiptypestore.db.names hit=0 miss=0 switches=0 ooe=0
2014-05-22 10:27:57.089+0000 INFO  [org.neo4j]: /home/eidel/Documents/School/Exjobb/Programming/graph/data2/neostore.relationshiptypestore.db hit=0 miss=0 switches=0 ooe=0
2014-05-22 10:27:57.106+0000 INFO  [org.neo4j]: /home/eidel/Documents/School/Exjobb/Programming/graph/data2/neostore.labeltokenstore.db.names hit=0 miss=0 switches=0 ooe=0
2014-05-22 10:27:57.125+0000 INFO  [org.neo4j]: /home/eidel/Documents/School/Exjobb/Programming/graph/data2/neostore.labeltokenstore.db hit=0 miss=0 switches=0 ooe=0
2014-05-22 10:27:57.145+0000 INFO  [org.neo4j]: /home/eidel/Documents/School/Exjobb/Programming/graph/data2/neostore.propertystore.db.strings hit=0 miss=0 switches=0 ooe=0
2014-05-22 10:27:57.164+0000 INFO  [org.neo4j]: /home/eidel/Documents/School/Exjobb/Programming/graph/data2/neostore.propertystore.db.index.keys hit=0 miss=0 switches=0 ooe=0
2014-05-22 10:27:57.181+0000 INFO  [org.neo4j]: /home/eidel/Documents/School/Exjobb/Programming/graph/data2/neostore.propertystore.db.index hit=0 miss=0 switches=0 ooe=0
2014-05-22 10:27:57.198+0000 INFO  [org.neo4j]: /home/eidel/Documents/School/Exjobb/Programming/graph/data2/neostore.propertystore.db.arrays hit=0 miss=0 switches=0 ooe=0
2014-05-22 10:27:57.215+0000 INFO  [org.neo4j]: /home/eidel/Documents/School/Exjobb/Programming/graph/data2/neostore.propertystore.db hit=0 miss=0 switches=0 ooe=0
2014-05-22 10:27:57.227+0000 INFO  [org.neo4j]: /home/eidel/Documents/School/Exjobb/Programming/graph/data2/neostore.relationshipstore.db hit=0 miss=0 switches=0 ooe=0
2014-05-22 10:27:57.237+0000 INFO  [org.neo4j]: /home/eidel/Documents/School/Exjobb/Programming/graph/data2/neostore.nodestore.db.labels hit=0 miss=0 switches=0 ooe=0
2014-05-22 10:27:57.247+0000 INFO  [org.neo4j]: /home/eidel/Documents/School/Exjobb/Programming/graph/data2/neostore.nodestore.db hit=0 miss=0 switches=0 ooe=0
2014-05-22 10:27:57.257+0000 INFO  [org.neo4j]: /home/eidel/Documents/School/Exjobb/Programming/graph/data2/neostore.schemastore.db hit=0 miss=0 switches=0 ooe=0
2014-05-22 10:27:57.271+0000 INFO  [org.neo4j]: /home/eidel/Documents/School/Exjobb/Programming/graph/data2/neostore hit=0 miss=8 switches=0 ooe=0
2014-05-22 10:27:57.284+0000 INFO  [org.neo4j]: [/home/eidel/Documents/School/Exjobb/Programming/graph/data2/neostore.relationshiptypestore.db.names] brickCount=0 brickSize=0b mappedMem=0b (storeSize=38b)
2014-05-22 10:27:57.284+0000 INFO  [org.neo4j]: [/home/eidel/Documents/School/Exjobb/Programming/graph/data2/neostore.relationshiptypestore.db] brickCount=0 brickSize=0b mappedMem=0b (storeSize=0b)
2014-05-22 10:27:57.285+0000 INFO  [org.neo4j]: [/home/eidel/Documents/School/Exjobb/Programming/graph/data2/neostore.labeltokenstore.db.names] brickCount=0 brickSize=0b mappedMem=0b (storeSize=38b)
2014-05-22 10:27:57.285+0000 INFO  [org.neo4j]: [/home/eidel/Documents/School/Exjobb/Programming/graph/data2/neostore.labeltokenstore.db] brickCount=0 brickSize=0b mappedMem=0b (storeSize=0b)
2014-05-22 10:27:57.286+0000 INFO  [org.neo4j]: [/home/eidel/Documents/School/Exjobb/Programming/graph/data2/neostore.propertystore.db.strings] brickCount=0 brickSize=279936b mappedMem=279969792b (storeSize=128b)
2014-05-22 10:27:57.287+0000 INFO  [org.neo4j]: [/home/eidel/Documents/School/Exjobb/Programming/graph/data2/neostore.propertystore.db.index.keys] brickCount=0 brickSize=0b mappedMem=0b (storeSize=38b)
2014-05-22 10:27:57.287+0000 INFO  [org.neo4j]: [/home/eidel/Documents/School/Exjobb/Programming/graph/data2/neostore.propertystore.db.index] brickCount=0 brickSize=0b mappedMem=0b (storeSize=0b)
2014-05-22 10:27:57.288+0000 INFO  [org.neo4j]: [/home/eidel/Documents/School/Exjobb/Programming/graph/data2/neostore.propertystore.db.arrays] brickCount=0 brickSize=317696b mappedMem=317718528b (storeSize=128b)
2014-05-22 10:27:57.288+0000 INFO  [org.neo4j]: [/home/eidel/Documents/School/Exjobb/Programming/graph/data2/neostore.propertystore.db] brickCount=0 brickSize=3292505b mappedMem=329252864b (storeSize=0b)
2014-05-22 10:27:57.289+0000 INFO  [org.neo4j]: [/home/eidel/Documents/School/Exjobb/Programming/graph/data2/neostore.relationshipstore.db] brickCount=0 brickSize=4036989b mappedMem=403701760b (storeSize=0b)
2014-05-22 10:27:57.289+0000 INFO  [org.neo4j]: [/home/eidel/Documents/School/Exjobb/Programming/graph/data2/neostore.nodestore.db.labels] brickCount=0 brickSize=0b mappedMem=0b (storeSize=68b)
2014-05-22 10:27:57.289+0000 INFO  [org.neo4j]: [/home/eidel/Documents/School/Exjobb/Programming/graph/data2/neostore.nodestore.db] brickCount=0 brickSize=912254b mappedMem=91226112b (storeSize=0b)
2014-05-22 10:27:57.290+0000 INFO  [org.neo4j]: [/home/eidel/Documents/School/Exjobb/Programming/graph/data2/neostore.schemastore.db] brickCount=0 brickSize=0b mappedMem=0b (storeSize=64b)
2014-05-22 10:27:57.290+0000 INFO  [org.neo4j]: [/home/eidel/Documents/School/Exjobb/Programming/graph/data2/neostore] brickCount=0 brickSize=0b mappedMem=0b (storeSize=63b)
2014-05-22 10:27:57.360+0000 INFO  [org.neo4j]: No lucene scan store index found, this might just be first use. Preparing to rebuild.
2014-05-22 10:27:57.391+0000 INFO  [org.neo4j]: No lucene scan store index found, this might just be first use. Preparing to rebuild.
2014-05-22 10:27:57.488+0000 INFO  [org.neo4j]: Opened logical log [/home/eidel/Documents/School/Exjobb/Programming/graph/data2/nioneo_logical.log.1] version=0, lastTxId=1 (clean)
2014-05-22 10:27:57.509+0000 INFO  [org.neo4j]: Rebuilding lucene scan store, this may take a while
2014-05-22 10:27:57.510+0000 INFO  [org.neo4j]: Lucene scan store rebuilt (roughly -1 nodes)
2014-05-22 10:27:57.513+0000 INFO  [org.neo4j]: TM new log: tm_tx_log.1
2014-05-22 10:27:57.537+0000 INFO  [org.neo4j]: Kernel health set to OK
2014-05-22 10:27:57.549+0000 INFO  [org.neo4j]: Opened logical log [/home/eidel/Documents/School/Exjobb/Programming/graph/data2/index/lucene.log.1] version=0, lastTxId=1 (clean)
2014-05-22 10:27:57.563+0000 INFO  [org.neo4j]: --- STARTED diagnostics for KernelDiagnostics:Versions START ---
2014-05-22 10:27:57.563+0000 INFO  [org.neo4j]: Graph Database: org.neo4j.kernel.EmbeddedGraphDatabase StoreId[time:1400754476595, id:-2537773068655423812, store version: 13843131341501958]
2014-05-22 10:27:57.563+0000 INFO  [org.neo4j]: Kernel version: Neo4j - Graph Database Kernel (neo4j-kernel), version: 2.0.3
2014-05-22 10:27:57.563+0000 INFO  [org.neo4j]: Neo4j component versions:
2014-05-22 10:27:57.571+0000 INFO  [org.neo4j]:   Neo4j - JMX support (neo4j-jmx), version: 2.0.3; revision: 2.0.3:2.0-maint:72/307c563c11b75fdc71cfa6df05daf9b08d6c37dc
2014-05-22 10:27:57.572+0000 INFO  [org.neo4j]:   Neo4j - Lucene Index (neo4j-lucene-index), version: 2.0.3; revision: 2.0.3:2.0-maint:72/307c563c11b75fdc71cfa6df05daf9b08d6c37dc
2014-05-22 10:27:57.572+0000 INFO  [org.neo4j]:   Neo4j - Graph Matching (neo4j-graph-matching), version: 2.0.3; revision: 2.0.3:2.0-maint:72/307c563c11b75fdc71cfa6df05daf9b08d6c37dc
2014-05-22 10:27:57.572+0000 INFO  [org.neo4j]:   Neo4j - Cypher (neo4j-cypher), version: 2.0.3; revision: 2.0.3:2.0-maint:72/307c563c11b75fdc71cfa6df05daf9b08d6c37dc
2014-05-22 10:27:57.572+0000 INFO  [org.neo4j]:   Neo4j - Graph Database Kernel (neo4j-kernel), version: 2.0.3; revision: 2.0.3:2.0-maint:72/307c563c11b75fdc71cfa6df05daf9b08d6c37dc
2014-05-22 10:27:57.572+0000 INFO  [org.neo4j]:   Neo4j - Cypher Compiler 2.0 (neo4j-cypher-compiler-2.0), version: 2.0.3; revision: 2.0.3:2.0-maint:72/307c563c11b75fdc71cfa6df05daf9b08d6c37dc
2014-05-22 10:27:57.572+0000 INFO  [org.neo4j]:   Neo4j - Graph Algorithms (neo4j-graph-algo), version: 2.0.3; revision: 2.0.3:2.0-maint:72/307c563c11b75fdc71cfa6df05daf9b08d6c37dc
2014-05-22 10:27:57.572+0000 INFO  [org.neo4j]:   Neo4j Community (neo4j), version: 2.0.3; revision: 2.0.3:2.0-maint:72/307c563c11b75fdc71cfa6df05daf9b08d6c37dc
2014-05-22 10:27:57.572+0000 INFO  [org.neo4j]:   Neo4j - Cypher Compiler 1.9 (neo4j-cypher-compiler-1.9), version: 2.0.3; revision: 2.0.3:2.0-maint:72/307c563c11b75fdc71cfa6df05daf9b08d6c37dc
2014-05-22 10:27:57.572+0000 INFO  [org.neo4j]:   neo4j-udc, version: 2.0.3; revision: 2.0.3:2.0-maint:72/307c563c11b75fdc71cfa6df05daf9b08d6c37dc
2014-05-22 10:27:57.572+0000 INFO  [org.neo4j]:   Neo4j - Cypher Commons (neo4j-cypher-commons), version: 2.0.3; revision: 2.0.3:2.0-maint:72/307c563c11b75fdc71cfa6df05daf9b08d6c37dc
2014-05-22 10:27:57.572+0000 INFO  [org.neo4j]: --- STARTED diagnostics for KernelDiagnostics:Versions END ---
2014-05-22 10:27:57.575+0000 INFO  [org.neo4j]: --- STARTED diagnostics for NEO_STORE_VERSIONS START ---
2014-05-22 10:27:57.575+0000 INFO  [org.neo4j]: Store versions:
    Store versions:
      NeoStore v0.A.1
      SchemaStore v0.A.1
      NodeStore v0.A.1
      RelationshipStore v0.A.1
      RelationshipTypeStore v0.A.1
      LabelTokenStore v0.A.1
      PropertyStore v0.A.1
      PropertyIndexStore v0.A.1
      StringPropertyStore v0.A.1
      ArrayPropertyStore v0.A.1
2014-05-22 10:27:57.576+0000 INFO  [org.neo4j]: --- STARTED diagnostics for NEO_STORE_VERSIONS END ---
2014-05-22 10:27:57.576+0000 INFO  [org.neo4j]: --- STARTED diagnostics for NEO_STORE_ID_USAGE START ---
2014-05-22 10:27:57.576+0000 INFO  [org.neo4j]: Id usage:
    Id usage:
      SchemaStore: used=1 high=0
      NodeStore: used=0 high=-1
      RelationshipStore: used=0 high=-1
      RelationshipTypeStore: used=0 high=-1
      LabelTokenStore: used=0 high=-1
      PropertyStore: used=0 high=-1
      PropertyIndexStore: used=0 high=-1
      StringPropertyStore: used=1 high=0
      ArrayPropertyStore: used=1 high=0
2014-05-22 10:27:57.577+0000 INFO  [org.neo4j]: --- STARTED diagnostics for NEO_STORE_ID_USAGE END ---
2014-05-22 10:27:57.577+0000 INFO  [org.neo4j]: --- STARTED diagnostics for PERSISTENCE_WINDOW_POOL_STATS START ---
2014-05-22 10:27:57.577+0000 INFO  [org.neo4j]: --- STARTED diagnostics for PERSISTENCE_WINDOW_POOL_STATS END ---
2014-05-22 10:27:57.578+0000 INFO  [org.neo4j]: --- STARTED diagnostics for KernelDiagnostics:StoreFiles START ---
2014-05-22 10:27:57.578+0000 INFO  [org.neo4j]: Disk space on partition (Total / Free / Free %): 85581119488 / 8606908416 / 10
Storage files: (filename : modification date - size)
      neostore.propertystore.db.index: 2014-05-22T12:27:57+0200 - 0.00 B
      nioneo_logical.log.1: 2014-05-22T12:27:57+0200 - 16.00 B
      neostore.propertystore.db: 2014-05-22T12:27:57+0200 - 0.00 B
      index:
        lucene-store.db: 2014-05-22T12:27:57+0200 - 40.00 B
        lucene.log.active: 2014-05-22T12:27:57+0200 - 4.00 B
        lucene.log.1: 2014-05-22T12:27:57+0200 - 16.00 B
      - Total: 2014-05-22T12:27:57+0200 - 60.00 B
      neostore.schemastore.db.id: 2014-05-22T12:27:57+0200 - 9.00 B
      neostore.relationshipstore.db: 2014-05-22T12:27:57+0200 - 0.00 B
      neostore.propertystore.db.arrays.id: 2014-05-22T12:27:57+0200 - 9.00 B
      neostore: 2014-05-22T12:27:57+0200 - 63.00 B
      messages.log: 2014-05-22T12:27:57+0200 - 22.11 kB
      active_tx_log: 2014-05-22T12:27:57+0200 - 11.00 B
      neostore.propertystore.db.arrays: 2014-05-22T12:27:57+0200 - 128.00 B
      neostore.relationshiptypestore.db: 2014-05-22T12:27:57+0200 - 0.00 B
      neostore.propertystore.db.id: 2014-05-22T12:27:57+0200 - 9.00 B
      neostore.id: 2014-05-22T12:27:57+0200 - 9.00 B
      neostore.propertystore.db.strings: 2014-05-22T12:27:57+0200 - 128.00 B
      neostore.relationshiptypestore.db.id: 2014-05-22T12:27:57+0200 - 9.00 B
      lock: 2014-05-22T12:27:57+0200 - 0.00 B
      neostore.labeltokenstore.db.names.id: 2014-05-22T12:27:57+0200 - 9.00 B
      neostore.relationshipstore.db.id: 2014-05-22T12:27:57+0200 - 9.00 B
      neostore.propertystore.db.strings.id: 2014-05-22T12:27:57+0200 - 9.00 B
      neostore.nodestore.db: 2014-05-22T12:27:57+0200 - 0.00 B
      neostore.propertystore.db.index.keys.id: 2014-05-22T12:27:57+0200 - 9.00 B
      neostore.labeltokenstore.db: 2014-05-22T12:27:57+0200 - 0.00 B
      neostore.nodestore.db.labels: 2014-05-22T12:27:57+0200 - 68.00 B
      neostore.labeltokenstore.db.id: 2014-05-22T12:27:57+0200 - 9.00 B
      neostore.relationshiptypestore.db.names: 2014-05-22T12:27:57+0200 - 38.00 B
      store_lock: 2014-05-22T12:27:56+0200 - 0.00 B
      schema:
        label:
          lucene:
            write.lock: 2014-05-22T12:27:57+0200 - 0.00 B
          - Total: 2014-05-22T12:27:57+0200 - 0.00 B
        - Total: 2014-05-22T12:27:57+0200 - 0.00 B
      - Total: 2014-05-22T12:27:57+0200 - 0.00 B
      neostore.labeltokenstore.db.names: 2014-05-22T12:27:57+0200 - 38.00 B
      neostore.schemastore.db: 2014-05-22T12:27:57+0200 - 64.00 B
      nioneo_logical.log.active: 2014-05-22T12:27:57+0200 - 4.00 B
      neostore.propertystore.db.index.keys: 2014-05-22T12:27:57+0200 - 38.00 B
      neostore.nodestore.db.id: 2014-05-22T12:27:57+0200 - 9.00 B
      neostore.relationshiptypestore.db.names.id: 2014-05-22T12:27:57+0200 - 9.00 B
      neostore.nodestore.db.labels.id: 2014-05-22T12:27:57+0200 - 9.00 B
      tm_tx_log.1: 2014-05-22T12:27:57+0200 - 0.00 B
      neostore.propertystore.db.index.id: 2014-05-22T12:27:57+0200 - 9.00 B
2014-05-22 10:27:57.591+0000 INFO  [org.neo4j]: --- STARTED diagnostics for KernelDiagnostics:StoreFiles END ---
2014-05-22 10:27:57.627+0000 INFO  [org.neo4j]: Database is now ready
2014-05-22 10:27:57.628+0000 INFO  [org.neo4j]: GC Monitor started. 
2014-05-22 10:27:57.628+0000 INFO  [org.neo4j]: Shutdown started
2014-05-22 10:27:57.629+0000 INFO  [org.neo4j]: Database is now unavailable
2014-05-22 10:27:57.629+0000 INFO  [org.neo4j]: GC Monitor stopped. 
2014-05-22 10:27:57.643+0000 INFO  [org.neo4j]: Closed log /home/eidel/Documents/School/Exjobb/Programming/graph/data2/index/lucene.log
2014-05-22 10:27:57.652+0000 INFO  [org.neo4j]: TM shutting down
2014-05-22 10:27:57.682+0000 INFO  [org.neo4j]: Closed log /home/eidel/Documents/School/Exjobb/Programming/graph/data2/nioneo_logical.log
2014-05-22 10:27:57.687+0000 INFO  [org.neo4j]: /home/eidel/Documents/School/Exjobb/Programming/graph/data2/neostore.relationshiptypestore.db.names hit=0 miss=0 switches=0 ooe=0
2014-05-22 10:27:57.695+0000 INFO  [org.neo4j]: /home/eidel/Documents/School/Exjobb/Programming/graph/data2/neostore.relationshiptypestore.db hit=0 miss=0 switches=0 ooe=0
2014-05-22 10:27:57.703+0000 INFO  [org.neo4j]: /home/eidel/Documents/School/Exjobb/Programming/graph/data2/neostore.labeltokenstore.db.names hit=0 miss=0 switches=0 ooe=0
2014-05-22 10:27:57.710+0000 INFO  [org.neo4j]: /home/eidel/Documents/School/Exjobb/Programming/graph/data2/neostore.labeltokenstore.db hit=0 miss=0 switches=0 ooe=0
2014-05-22 10:27:57.718+0000 INFO  [org.neo4j]: /home/eidel/Documents/School/Exjobb/Programming/graph/data2/neostore.propertystore.db.strings hit=0 miss=0 switches=0 ooe=0
2014-05-22 10:27:57.725+0000 INFO  [org.neo4j]: /home/eidel/Documents/School/Exjobb/Programming/graph/data2/neostore.propertystore.db.index.keys hit=0 miss=0 switches=0 ooe=0
2014-05-22 10:27:57.733+0000 INFO  [org.neo4j]: /home/eidel/Documents/School/Exjobb/Programming/graph/data2/neostore.propertystore.db.index hit=0 miss=0 switches=0 ooe=0
2014-05-22 10:27:57.741+0000 INFO  [org.neo4j]: /home/eidel/Documents/School/Exjobb/Programming/graph/data2/neostore.propertystore.db.arrays hit=0 miss=0 switches=0 ooe=0
2014-05-22 10:27:57.749+0000 INFO  [org.neo4j]: /home/eidel/Documents/School/Exjobb/Programming/graph/data2/neostore.propertystore.db hit=0 miss=0 switches=0 ooe=0
2014-05-22 10:27:57.761+0000 INFO  [org.neo4j]: /home/eidel/Documents/School/Exjobb/Programming/graph/data2/neostore.relationshipstore.db hit=0 miss=0 switches=0 ooe=0
2014-05-22 10:27:57.777+0000 INFO  [org.neo4j]: /home/eidel/Documents/School/Exjobb/Programming/graph/data2/neostore.nodestore.db.labels hit=0 miss=0 switches=0 ooe=0
2014-05-22 10:27:57.795+0000 INFO  [org.neo4j]: /home/eidel/Documents/School/Exjobb/Programming/graph/data2/neostore.nodestore.db hit=0 miss=0 switches=0 ooe=0
2014-05-22 10:27:57.810+0000 INFO  [org.neo4j]: /home/eidel/Documents/School/Exjobb/Programming/graph/data2/neostore.schemastore.db hit=0 miss=0 switches=0 ooe=0
2014-05-22 10:27:57.827+0000 INFO  [org.neo4j]: /home/eidel/Documents/School/Exjobb/Programming/graph/data2/neostore hit=0 miss=16 switches=0 ooe=0
2014-05-22 10:27:57.842+0000 INFO  [org.neo4j]: NeoStore closed
2014-05-22 10:27:57.842+0000 INFO  [org.neo4j]: --- STOPPING diagnostics START ---
2014-05-22 10:27:57.842+0000 INFO  [org.neo4j]: --- STOPPING diagnostics END ---
2014-05-22 10:28:14.037+0000 INFO  [org.neo4j]: --- INITIALIZED diagnostics START ---
2014-05-22 10:28:14.051+0000 INFO  [org.neo4j]: Neo4j Kernel properties:
    neostore.propertystore.db.mapped_memory=314M
    neostore.nodestore.db.mapped_memory=87M
    neostore.relationshipstore.db.mapped_memory=385M
    neostore.propertystore.db.strings.mapped_memory=267M
    store_dir=/home/eidel/Documents/School/Exjobb/Programming/graph/data2
    neostore.propertystore.db.arrays.mapped_memory=303M
    ephemeral=false
2014-05-22 10:28:14.058+0000 INFO  [org.neo4j]: Diagnostics providers:
    org.neo4j.kernel.configuration.Config
    org.neo4j.kernel.info.DiagnosticsManager
    SYSTEM_MEMORY
    JAVA_MEMORY
    OPERATING_SYSTEM
    JAVA_VIRTUAL_MACHINE
    CLASSPATH
    LIBRARY_PATH
    SYSTEM_PROPERTIES
    LINUX_SCHEDULERS
    NETWORK
2014-05-22 10:28:14.059+0000 INFO  [org.neo4j]: System memory information:
    Total Physical memory: 3.80 GB
    Free Physical memory: 119.45 MB
    Committed virtual memory: 1.89 GB
    Total swap space: 3.93 GB
    Free swap space: 3.58 GB
2014-05-22 10:28:14.063+0000 INFO  [org.neo4j]: JVM memory information:
    Free  memory: 47.39 MB
    Total memory: 58.50 MB
    Max   memory: 866.00 MB
    Garbage Collector: PS Scavenge: [PS Eden Space, PS Survivor Space]
    Garbage Collector: PS MarkSweep: [PS Eden Space, PS Survivor Space, PS Old Gen, PS Perm Gen]
    Memory Pool: Code Cache (Non-heap memory): committed=2.44 MB, used=559.00 kB, max=48.00 MB, threshold=0.00 B
    Memory Pool: PS Eden Space (Heap memory): committed=15.50 MB, used=7.81 MB, max=320.00 MB, threshold=?
    Memory Pool: PS Survivor Space (Heap memory): committed=2.50 MB, used=2.49 MB, max=2.50 MB, threshold=?
    Memory Pool: PS Old Gen (Heap memory): committed=40.50 MB, used=1.12 MB, max=649.00 MB, threshold=0.00 B
    Memory Pool: PS Perm Gen (Non-heap memory): committed=21.00 MB, used=8.74 MB, max=82.00 MB, threshold=0.00 B
2014-05-22 10:28:14.069+0000 INFO  [org.neo4j]: Operating system information:
    Operating System: Linux; version: 3.14.2-1-ARCH; arch: amd64; cpus: 2
    Max number of file descriptors: 4096
    Number of open file descriptors: 43
    Process id: 19484@localhost
    Byte order: LITTLE_ENDIAN
    Local timezone: Europe/Stockholm
2014-05-22 10:28:14.072+0000 INFO  [org.neo4j]: JVM information:
    VM Name: Java HotSpot(TM) 64-Bit Server VM
    VM Vendor: Oracle Corporation
    VM Version: 24.55-b03
    JIT compiler: HotSpot 64-Bit Tiered Compilers
    VM Arguments: [-Dfile.encoding=UTF-8]
2014-05-22 10:28:14.073+0000 INFO  [org.neo4j]: Java classpath:
     [classpath + loader.0] file:/home/eidel/.m2/repository/commons-logging/commons-logging/1.1.1/commons-logging-1.1.1.jar
     [classpath + loader.0] file:/home/eidel/.m2/repository/org/slf4j/slf4j-api/1.5.6/slf4j-api-1.5.6.jar
     [classpath + loader.0] file:/home/eidel/.m2/repository/org/neo4j/neo4j-graph-matching/2.0.3/neo4j-graph-matching-2.0.3.jar
     [classpath + loader.0] file:/home/eidel/.m2/repository/org/neo4j/neo4j-udc/2.0.3/neo4j-udc-2.0.3.jar
     [classpath + loader.0] file:/home/eidel/.m2/repository/org/apache/httpcomponents/httpclient/4.3.1/httpclient-4.3.1.jar
     [classpath + loader.0] file:/home/eidel/.m2/repository/org/codehaus/woodstox/wstx-asl/3.2.7/wstx-asl-3.2.7.jar
     [classpath + loader.0] file:/home/eidel/.m2/repository/org/parboiled/parboiled-core/1.1.6/parboiled-core-1.1.6.jar
     [classpath + loader.0] file:/home/eidel/.m2/repository/org/parboiled/parboiled-scala_2.10/1.1.6/parboiled-scala_2.10-1.1.6.jar
     [classpath + loader.0] file:/home/eidel/.m2/repository/org/apache/httpcomponents/httpmime/4.3.1/httpmime-4.3.1.jar
     [classpath + loader.0] file:/home/eidel/.m2/repository/com/googlecode/concurrentlinkedhashmap/concurrentlinkedhashmap-lru/1.3.1/concurrentlinkedhashmap-lru-1.3.1.jar
     [classpath + loader.0] file:/home/eidel/.m2/repository/org/neo4j/neo4j-graph-algo/2.0.3/neo4j-graph-algo-2.0.3.jar
     [classpath + loader.0] file:/home/eidel/.m2/repository/net/sf/opencsv/opencsv/2.0/opencsv-2.0.jar
     [loader.1] file:/opt/java/jre/lib/ext/sunec.jar
     [classpath + loader.0] file:/home/eidel/.m2/repository/org/neo4j/neo4j-cypher-commons/2.0.3/neo4j-cypher-commons-2.0.3.jar
     [classpath + loader.0] file:/home/eidel/.m2/repository/org/neo4j/neo4j-cypher/2.0.3/neo4j-cypher-2.0.3.jar
     [classpath + loader.0] file:/home/eidel/.m2/repository/org/neo4j/neo4j-cypher-compiler-1.9/2.0.3/neo4j-cypher-compiler-1.9-2.0.3.jar
     [classpath + loader.0] file:/home/eidel/.m2/repository/org/neo4j/neo4j-lucene-index/2.0.3/neo4j-lucene-index-2.0.3.jar
     [classpath + loader.0] file:/home/eidel/.m2/repository/org/grammaticalframework/pgf/1.0/pgf-1.0.jar
     [classpath + loader.0] file:/home/eidel/.m2/repository/org/neo4j/neo4j-jmx/2.0.3/neo4j-jmx-2.0.3.jar
     [loader.1] file:/opt/java/jre/lib/ext/sunjce_provider.jar
     [loader.1] file:/opt/java/jre/lib/ext/sunpkcs11.jar
     [loader.1] file:/opt/java/jre/lib/ext/localedata.jar
     [bootstrap] /opt/java/jre/lib/jce.jar
     [classpath + loader.0] file:/home/eidel/.m2/repository/org/apache/lucene/lucene-core/3.6.2/lucene-core-3.6.2.jar
     [classpath + loader.0] file:/home/eidel/.m2/repository/org/neo4j/neo4j/2.0.3/neo4j-2.0.3.jar
     [bootstrap] /opt/java/jre/lib/rt.jar
     [bootstrap] /opt/java/jre/lib/resources.jar
     [bootstrap] /opt/java/jre/lib/charsets.jar
     [classpath + loader.0] file:/home/eidel/.m2/repository/org/slf4j/slf4j-simple/1.5.6/slf4j-simple-1.5.6.jar
     [classpath + loader.0] file:/home/eidel/.m2/repository/org/apache/geronimo/specs/geronimo-jta_1.1_spec/1.1.1/geronimo-jta_1.1_spec-1.1.1.jar
     [bootstrap] /opt/java/jre/lib/jfr.jar
     [classpath + loader.0] file:/home/eidel/.m2/repository/org/scala-lang/scala-library/2.10.3/scala-library-2.10.3.jar
     [classpath + loader.0] file:/home/eidel/.m2/repository/org/neo4j/neo4j-cypher-compiler-2.0/2.0.3/neo4j-cypher-compiler-2.0-2.0.3.jar
     [classpath + loader.0] file:/home/eidel/.m2/repository/org/noggit/noggit/0.5/noggit-0.5.jar
     [classpath + loader.0] file:/home/eidel/Documents/School/Exjobb/Programming/graph/target/classes/
     [classpath + loader.0] file:/home/eidel/.m2/repository/org/neo4j/neo4j-kernel/2.0.3/neo4j-kernel-2.0.3.jar
     [classpath + loader.0] file:/home/eidel/.m2/repository/org/apache/zookeeper/zookeeper/3.4.5/zookeeper-3.4.5.jar
     [bootstrap] /opt/java/jre/lib/jsse.jar
     [classpath + loader.0] file:/home/eidel/.m2/repository/org/apache/httpcomponents/httpcore/4.3/httpcore-4.3.jar
     [classpath + loader.0] file:/home/eidel/.m2/repository/org/apache/solr/solr-solrj/4.7.0/solr-solrj-4.7.0.jar
     [loader.1] file:/opt/java/jre/lib/ext/zipfs.jar
     [loader.1] file:/opt/java/jre/lib/ext/dnsns.jar
     [classpath + loader.0] file:/home/eidel/.m2/repository/log4j/log4j/1.2.16/log4j-1.2.16.jar
     [bootstrap] /opt/java/jre/lib/sunrsasign.jar
     [classpath + loader.0] file:/home/eidel/.m2/repository/commons-io/commons-io/2.1/commons-io-2.1.jar
     [bootstrap] /opt/java/jre/classes
2014-05-22 10:28:14.076+0000 INFO  [org.neo4j]: Library path:
    /usr/java/packages/lib/amd64
    /usr/lib
    /usr/lib
    /usr/lib
    /usr/lib
2014-05-22 10:28:14.076+0000 INFO  [org.neo4j]: System.properties:
    sun.boot.library.path = /opt/java/jre/lib/amd64
    path.separator = :
    file.encoding.pkg = sun.io
    user.country = US
    sun.java.launcher = SUN_STANDARD
    sun.os.patch.level = unknown
    user.dir = /home/eidel/Documents/School/Exjobb/Programming/graph
    sun.jnu.encoding = UTF-8
    sun.management.compiler = HotSpot 64-Bit Tiered Compilers
    user.home = /home/eidel
    user.timezone = Europe/Stockholm
    file.encoding = UTF-8
    user.name = eidel
    sun.java.command = org.agfjord.graph.Main
    sun.arch.data.model = 64
    user.language = en
    awt.toolkit = sun.awt.X11.XToolkit
    file.separator = /
    sun.io.unicode.encoding = UnicodeLittle
    sun.cpu.endian = little
    sun.cpu.isalist = 
2014-05-22 10:28:14.077+0000 INFO  [org.neo4j]: Linux scheduler information:
    noop deadline [cfq] 
    noop deadline [cfq] 
2014-05-22 10:28:14.078+0000 INFO  [org.neo4j]: Network information:
    Interface wlp6s0:
        address: fe80:0:0:0:221:5dff:feee:6578%3
        address: 192.168.0.10
    Interface lo:
        address: 0:0:0:0:0:0:0:1%1
        address: 127.0.0.1
2014-05-22 10:28:14.081+0000 INFO  [org.neo4j]: --- INITIALIZED diagnostics END ---
2014-05-22 10:28:14.256+0000 INFO  [org.neo4j]: [/home/eidel/Documents/School/Exjobb/Programming/graph/data2/neostore.relationshiptypestore.db.names] brickCount=0 brickSize=0b mappedMem=0b (storeSize=38b)
2014-05-22 10:28:14.258+0000 INFO  [org.neo4j]: [/home/eidel/Documents/School/Exjobb/Programming/graph/data2/neostore.relationshiptypestore.db] brickCount=0 brickSize=0b mappedMem=0b (storeSize=0b)
2014-05-22 10:28:14.259+0000 INFO  [org.neo4j]: [/home/eidel/Documents/School/Exjobb/Programming/graph/data2/neostore.labeltokenstore.db.names] brickCount=0 brickSize=0b mappedMem=0b (storeSize=38b)
2014-05-22 10:28:14.260+0000 INFO  [org.neo4j]: [/home/eidel/Documents/School/Exjobb/Programming/graph/data2/neostore.labeltokenstore.db] brickCount=0 brickSize=0b mappedMem=0b (storeSize=0b)
2014-05-22 10:28:14.260+0000 INFO  [org.neo4j]: [/home/eidel/Documents/School/Exjobb/Programming/graph/data2/neostore.propertystore.db.strings] brickCount=0 brickSize=279936b mappedMem=279969792b (storeSize=128b)
2014-05-22 10:28:14.260+0000 INFO  [org.neo4j]: [/home/eidel/Documents/School/Exjobb/Programming/graph/data2/neostore.propertystore.db.index.keys] brickCount=0 brickSize=0b mappedMem=0b (storeSize=38b)
2014-05-22 10:28:14.261+0000 INFO  [org.neo4j]: [/home/eidel/Documents/School/Exjobb/Programming/graph/data2/neostore.propertystore.db.index] brickCount=0 brickSize=0b mappedMem=0b (storeSize=0b)
2014-05-22 10:28:14.262+0000 INFO  [org.neo4j]: [/home/eidel/Documents/School/Exjobb/Programming/graph/data2/neostore.propertystore.db.arrays] brickCount=0 brickSize=317696b mappedMem=317718528b (storeSize=128b)
2014-05-22 10:28:14.265+0000 INFO  [org.neo4j]: [/home/eidel/Documents/School/Exjobb/Programming/graph/data2/neostore.propertystore.db] brickCount=0 brickSize=3292505b mappedMem=329252864b (storeSize=0b)
2014-05-22 10:28:14.268+0000 INFO  [org.neo4j]: [/home/eidel/Documents/School/Exjobb/Programming/graph/data2/neostore.relationshipstore.db] brickCount=0 brickSize=4036989b mappedMem=403701760b (storeSize=0b)
2014-05-22 10:28:14.268+0000 INFO  [org.neo4j]: [/home/eidel/Documents/School/Exjobb/Programming/graph/data2/neostore.nodestore.db.labels] brickCount=0 brickSize=0b mappedMem=0b (storeSize=68b)
2014-05-22 10:28:14.270+0000 INFO  [org.neo4j]: [/home/eidel/Documents/School/Exjobb/Programming/graph/data2/neostore.nodestore.db] brickCount=0 brickSize=912254b mappedMem=91226112b (storeSize=0b)
2014-05-22 10:28:14.271+0000 INFO  [org.neo4j]: [/home/eidel/Documents/School/Exjobb/Programming/graph/data2/neostore.schemastore.db] brickCount=0 brickSize=0b mappedMem=0b (storeSize=64b)
2014-05-22 10:28:14.272+0000 INFO  [org.neo4j]: [/home/eidel/Documents/School/Exjobb/Programming/graph/data2/neostore] brickCount=0 brickSize=0b mappedMem=0b (storeSize=63b)
2014-05-22 10:28:14.487+0000 INFO  [org.neo4j]: Opened logical log [/home/eidel/Documents/School/Exjobb/Programming/graph/data2/nioneo_logical.log.1] version=1, lastTxId=1 (clean)
2014-05-22 10:28:14.497+0000 INFO  [org.neo4j]: TM opening log: /home/eidel/Documents/School/Exjobb/Programming/graph/data2/tm_tx_log.1
2014-05-22 10:28:14.503+0000 INFO  [org.neo4j]: Kernel health set to OK
2014-05-22 10:28:14.513+0000 INFO  [org.neo4j]: Opened logical log [/home/eidel/Documents/School/Exjobb/Programming/graph/data2/index/lucene.log.1] version=1, lastTxId=1 (clean)
2014-05-22 10:28:14.520+0000 INFO  [org.neo4j]: --- STARTED diagnostics for KernelDiagnostics:Versions START ---
2014-05-22 10:28:14.520+0000 INFO  [org.neo4j]: Graph Database: org.neo4j.kernel.EmbeddedGraphDatabase StoreId[time:1400754476595, id:-2537773068655423812, store version: 13843131341501958]
2014-05-22 10:28:14.520+0000 INFO  [org.neo4j]: Kernel version: Neo4j - Graph Database Kernel (neo4j-kernel), version: 2.0.3
2014-05-22 10:28:14.521+0000 INFO  [org.neo4j]: Neo4j component versions:
2014-05-22 10:28:14.526+0000 INFO  [org.neo4j]:   Neo4j - JMX support (neo4j-jmx), version: 2.0.3; revision: 2.0.3:2.0-maint:72/307c563c11b75fdc71cfa6df05daf9b08d6c37dc
2014-05-22 10:28:14.526+0000 INFO  [org.neo4j]:   Neo4j - Lucene Index (neo4j-lucene-index), version: 2.0.3; revision: 2.0.3:2.0-maint:72/307c563c11b75fdc71cfa6df05daf9b08d6c37dc
2014-05-22 10:28:14.526+0000 INFO  [org.neo4j]:   Neo4j - Graph Matching (neo4j-graph-matching), version: 2.0.3; revision: 2.0.3:2.0-maint:72/307c563c11b75fdc71cfa6df05daf9b08d6c37dc
2014-05-22 10:28:14.526+0000 INFO  [org.neo4j]:   Neo4j - Cypher (neo4j-cypher), version: 2.0.3; revision: 2.0.3:2.0-maint:72/307c563c11b75fdc71cfa6df05daf9b08d6c37dc
2014-05-22 10:28:14.526+0000 INFO  [org.neo4j]:   Neo4j - Graph Database Kernel (neo4j-kernel), version: 2.0.3; revision: 2.0.3:2.0-maint:72/307c563c11b75fdc71cfa6df05daf9b08d6c37dc
2014-05-22 10:28:14.526+0000 INFO  [org.neo4j]:   Neo4j - Cypher Compiler 2.0 (neo4j-cypher-compiler-2.0), version: 2.0.3; revision: 2.0.3:2.0-maint:72/307c563c11b75fdc71cfa6df05daf9b08d6c37dc
2014-05-22 10:28:14.526+0000 INFO  [org.neo4j]:   Neo4j - Graph Algorithms (neo4j-graph-algo), version: 2.0.3; revision: 2.0.3:2.0-maint:72/307c563c11b75fdc71cfa6df05daf9b08d6c37dc
2014-05-22 10:28:14.526+0000 INFO  [org.neo4j]:   Neo4j Community (neo4j), version: 2.0.3; revision: 2.0.3:2.0-maint:72/307c563c11b75fdc71cfa6df05daf9b08d6c37dc
2014-05-22 10:28:14.527+0000 INFO  [org.neo4j]:   Neo4j - Cypher Compiler 1.9 (neo4j-cypher-compiler-1.9), version: 2.0.3; revision: 2.0.3:2.0-maint:72/307c563c11b75fdc71cfa6df05daf9b08d6c37dc
2014-05-22 10:28:14.527+0000 INFO  [org.neo4j]:   neo4j-udc, version: 2.0.3; revision: 2.0.3:2.0-maint:72/307c563c11b75fdc71cfa6df05daf9b08d6c37dc
2014-05-22 10:28:14.527+0000 INFO  [org.neo4j]:   Neo4j - Cypher Commons (neo4j-cypher-commons), version: 2.0.3; revision: 2.0.3:2.0-maint:72/307c563c11b75fdc71cfa6df05daf9b08d6c37dc
2014-05-22 10:28:14.527+0000 INFO  [org.neo4j]: --- STARTED diagnostics for KernelDiagnostics:Versions END ---
2014-05-22 10:28:14.530+0000 INFO  [org.neo4j]: --- STARTED diagnostics for NEO_STORE_VERSIONS START ---
2014-05-22 10:28:14.530+0000 INFO  [org.neo4j]: Store versions:
    Store versions:
      NeoStore v0.A.1
      SchemaStore v0.A.1
      NodeStore v0.A.1
      RelationshipStore v0.A.1
      RelationshipTypeStore v0.A.1
      LabelTokenStore v0.A.1
      PropertyStore v0.A.1
      PropertyIndexStore v0.A.1
      StringPropertyStore v0.A.1
      ArrayPropertyStore v0.A.1
2014-05-22 10:28:14.531+0000 INFO  [org.neo4j]: --- STARTED diagnostics for NEO_STORE_VERSIONS END ---
2014-05-22 10:28:14.531+0000 INFO  [org.neo4j]: --- STARTED diagnostics for NEO_STORE_ID_USAGE START ---
2014-05-22 10:28:14.531+0000 INFO  [org.neo4j]: Id usage:
    Id usage:
      SchemaStore: used=1 high=0
      NodeStore: used=0 high=-1
      RelationshipStore: used=0 high=-1
      RelationshipTypeStore: used=0 high=-1
      LabelTokenStore: used=0 high=-1
      PropertyStore: used=0 high=-1
      PropertyIndexStore: used=0 high=-1
      StringPropertyStore: used=1 high=0
      ArrayPropertyStore: used=1 high=0
2014-05-22 10:28:14.532+0000 INFO  [org.neo4j]: --- STARTED diagnostics for NEO_STORE_ID_USAGE END ---
2014-05-22 10:28:14.532+0000 INFO  [org.neo4j]: --- STARTED diagnostics for PERSISTENCE_WINDOW_POOL_STATS START ---
2014-05-22 10:28:14.533+0000 INFO  [org.neo4j]: --- STARTED diagnostics for PERSISTENCE_WINDOW_POOL_STATS END ---
2014-05-22 10:28:14.533+0000 INFO  [org.neo4j]: --- STARTED diagnostics for KernelDiagnostics:StoreFiles START ---
2014-05-22 10:28:14.533+0000 INFO  [org.neo4j]: Disk space on partition (Total / Free / Free %): 85581119488 / 8606887936 / 10
Storage files: (filename : modification date - size)
      neostore.propertystore.db.index: 2014-05-22T12:28:14+0200 - 0.00 B
      nioneo_logical.log.1: 2014-05-22T12:28:14+0200 - 16.00 B
      neostore.propertystore.db: 2014-05-22T12:28:14+0200 - 0.00 B
      index:
        lucene-store.db: 2014-05-22T12:27:57+0200 - 40.00 B
        lucene.log.active: 2014-05-22T12:28:14+0200 - 4.00 B
        lucene.log.v0: 2014-05-22T12:27:57+0200 - 16.00 B
        lucene.log.1: 2014-05-22T12:28:14+0200 - 16.00 B
      - Total: 2014-05-22T12:28:14+0200 - 76.00 B
      neostore.schemastore.db.id: 2014-05-22T12:28:14+0200 - 9.00 B
      neostore.relationshipstore.db: 2014-05-22T12:28:14+0200 - 0.00 B
      neostore.propertystore.db.arrays.id: 2014-05-22T12:28:14+0200 - 9.00 B
      neostore: 2014-05-22T12:28:14+0200 - 63.00 B
      messages.log: 2014-05-22T12:28:14+0200 - 43.99 kB
      active_tx_log: 2014-05-22T12:27:57+0200 - 11.00 B
      neostore.propertystore.db.arrays: 2014-05-22T12:28:14+0200 - 128.00 B
      neostore.relationshiptypestore.db: 2014-05-22T12:28:14+0200 - 0.00 B
      neostore.propertystore.db.id: 2014-05-22T12:28:14+0200 - 9.00 B
      neostore.id: 2014-05-22T12:28:14+0200 - 9.00 B
      neostore.propertystore.db.strings: 2014-05-22T12:28:14+0200 - 128.00 B
      neostore.relationshiptypestore.db.id: 2014-05-22T12:28:14+0200 - 9.00 B
      lock: 2014-05-22T12:28:14+0200 - 0.00 B
      neostore.labeltokenstore.db.names.id: 2014-05-22T12:28:14+0200 - 9.00 B
      neostore.relationshipstore.db.id: 2014-05-22T12:28:14+0200 - 9.00 B
      neostore.propertystore.db.strings.id: 2014-05-22T12:28:14+0200 - 9.00 B
      neostore.nodestore.db: 2014-05-22T12:28:14+0200 - 0.00 B
      neostore.propertystore.db.index.keys.id: 2014-05-22T12:28:14+0200 - 9.00 B
      neostore.labeltokenstore.db: 2014-05-22T12:28:14+0200 - 0.00 B
      neostore.nodestore.db.labels: 2014-05-22T12:28:14+0200 - 68.00 B
      neostore.labeltokenstore.db.id: 2014-05-22T12:28:14+0200 - 9.00 B
      neostore.relationshiptypestore.db.names: 2014-05-22T12:28:14+0200 - 38.00 B
      store_lock: 2014-05-22T12:27:56+0200 - 0.00 B
      schema:
        label:
          lucene:
            segments_1: 2014-05-22T12:27:57+0200 - 32.00 B
            segments.gen: 2014-05-22T12:27:57+0200 - 20.00 B
            write.lock: 2014-05-22T12:28:14+0200 - 0.00 B
          - Total: 2014-05-22T12:28:14+0200 - 52.00 B
        - Total: 2014-05-22T12:27:57+0200 - 52.00 B
      - Total: 2014-05-22T12:27:57+0200 - 52.00 B
      neostore.labeltokenstore.db.names: 2014-05-22T12:28:14+0200 - 38.00 B
      neostore.schemastore.db: 2014-05-22T12:28:14+0200 - 64.00 B
      nioneo_logical.log.active: 2014-05-22T12:28:14+0200 - 4.00 B
      neostore.propertystore.db.index.keys: 2014-05-22T12:28:14+0200 - 38.00 B
      neostore.nodestore.db.id: 2014-05-22T12:28:14+0200 - 9.00 B
      nioneo_logical.log.v0: 2014-05-22T12:27:57+0200 - 16.00 B
      neostore.relationshiptypestore.db.names.id: 2014-05-22T12:28:14+0200 - 9.00 B
      neostore.nodestore.db.labels.id: 2014-05-22T12:28:14+0200 - 9.00 B
      tm_tx_log.1: 2014-05-22T12:28:14+0200 - 0.00 B
      neostore.propertystore.db.index.id: 2014-05-22T12:28:14+0200 - 9.00 B
2014-05-22 10:28:14.547+0000 INFO  [org.neo4j]: --- STARTED diagnostics for KernelDiagnostics:StoreFiles END ---
2014-05-22 10:28:14.580+0000 INFO  [org.neo4j]: GC Monitor started. 
2014-05-22 10:28:14.581+0000 INFO  [org.neo4j]: Database is now ready
2014-05-22 10:28:18.304+0000 INFO  [org.neo4j]: GC Monitor: Application threads blocked for an additional 420ms [total block time: 0.42s]
2014-05-22 10:28:19.757+0000 INFO  [org.neo4j]: GC Monitor: Application threads blocked for an additional 251ms [total block time: 0.671s]
2014-05-22 10:28:21.536+0000 INFO  [org.neo4j]: GC Monitor: Application threads blocked for an additional 1078ms [total block time: 1.749s]
2014-05-22 10:28:22.059+0000 INFO  [org.neo4j]: GC Monitor: Application threads blocked for an additional 222ms [total block time: 1.971s]
2014-05-22 10:28:25.081+0000 INFO  [org.neo4j]: GC Monitor: Application threads blocked for an additional 2220ms [total block time: 4.191s]
2014-05-22 10:28:27.028+0000 INFO  [org.neo4j]: GC Monitor: Application threads blocked for an additional 145ms [total block time: 4.336s]
2014-05-22 10:28:29.469+0000 INFO  [org.neo4j]: GC Monitor: Application threads blocked for an additional 540ms [total block time: 4.876s]
2014-05-22 10:28:31.791+0000 INFO  [org.neo4j]: Shutdown started
2014-05-22 10:28:31.793+0000 INFO  [org.neo4j]: Database is now unavailable
2014-05-22 10:28:31.799+0000 INFO  [org.neo4j]: GC Monitor stopped. 
2014-05-22 10:28:31.812+0000 INFO  [org.neo4j]: Closed log /home/eidel/Documents/School/Exjobb/Programming/graph/data2/index/lucene.log
2014-05-22 10:28:31.820+0000 INFO  [org.neo4j]: TM shutting down
2014-05-22 10:28:32.046+0000 INFO  [org.neo4j]: Closed log /home/eidel/Documents/School/Exjobb/Programming/graph/data2/nioneo_logical.log
2014-05-22 10:28:32.060+0000 INFO  [org.neo4j]: /home/eidel/Documents/School/Exjobb/Programming/graph/data2/neostore.relationshiptypestore.db.names hit=0 miss=3 switches=0 ooe=0
2014-05-22 10:28:32.076+0000 INFO  [org.neo4j]: /home/eidel/Documents/School/Exjobb/Programming/graph/data2/neostore.relationshiptypestore.db hit=0 miss=3 switches=0 ooe=0
2014-05-22 10:28:32.092+0000 INFO  [org.neo4j]: /home/eidel/Documents/School/Exjobb/Programming/graph/data2/neostore.labeltokenstore.db.names hit=0 miss=6 switches=0 ooe=0
2014-05-22 10:28:32.105+0000 INFO  [org.neo4j]: /home/eidel/Documents/School/Exjobb/Programming/graph/data2/neostore.labeltokenstore.db hit=0 miss=6 switches=0 ooe=0
2014-05-22 10:28:32.118+0000 INFO  [org.neo4j]: /home/eidel/Documents/School/Exjobb/Programming/graph/data2/neostore.propertystore.db.strings hit=104 miss=0 switches=0 ooe=0
2014-05-22 10:28:32.127+0000 INFO  [org.neo4j]: /home/eidel/Documents/School/Exjobb/Programming/graph/data2/neostore.propertystore.db.index.keys hit=0 miss=1 switches=0 ooe=0
2014-05-22 10:28:32.135+0000 INFO  [org.neo4j]: /home/eidel/Documents/School/Exjobb/Programming/graph/data2/neostore.propertystore.db.index hit=0 miss=1 switches=0 ooe=0
2014-05-22 10:28:32.143+0000 INFO  [org.neo4j]: /home/eidel/Documents/School/Exjobb/Programming/graph/data2/neostore.propertystore.db.arrays hit=0 miss=0 switches=0 ooe=0
2014-05-22 10:28:32.154+0000 INFO  [org.neo4j]: /home/eidel/Documents/School/Exjobb/Programming/graph/data2/neostore.propertystore.db hit=94628 miss=0 switches=0 ooe=0
2014-05-22 10:28:32.163+0000 INFO  [org.neo4j]: /home/eidel/Documents/School/Exjobb/Programming/graph/data2/neostore.relationshipstore.db hit=1646 miss=0 switches=0 ooe=0
2014-05-22 10:28:32.172+0000 INFO  [org.neo4j]: /home/eidel/Documents/School/Exjobb/Programming/graph/data2/neostore.nodestore.db.labels hit=0 miss=0 switches=0 ooe=0
2014-05-22 10:28:32.181+0000 INFO  [org.neo4j]: /home/eidel/Documents/School/Exjobb/Programming/graph/data2/neostore.nodestore.db hit=95260 miss=0 switches=0 ooe=0
2014-05-22 10:28:32.189+0000 INFO  [org.neo4j]: /home/eidel/Documents/School/Exjobb/Programming/graph/data2/neostore.schemastore.db hit=0 miss=0 switches=0 ooe=0
2014-05-22 10:28:32.201+0000 INFO  [org.neo4j]: /home/eidel/Documents/School/Exjobb/Programming/graph/data2/neostore hit=0 miss=33 switches=0 ooe=0
2014-05-22 10:28:32.217+0000 INFO  [org.neo4j]: NeoStore closed
2014-05-22 10:28:32.217+0000 INFO  [org.neo4j]: --- STOPPING diagnostics START ---
2014-05-22 10:28:32.217+0000 INFO  [org.neo4j]: --- STOPPING diagnostics END ---
2014-05-22 10:28:45.178+0000 INFO  [org.neo4j]: --- INITIALIZED diagnostics START ---
2014-05-22 10:28:45.199+0000 INFO  [org.neo4j]: Neo4j Kernel properties:
    neostore.propertystore.db.mapped_memory=314M
    read_only=false
    neostore.nodestore.db.mapped_memory=87M
    neostore.relationshipstore.db.mapped_memory=385M
    neostore.propertystore.db.strings.mapped_memory=267M
    store_dir=.
    neostore.propertystore.db.arrays.mapped_memory=303M
    ephemeral=false
2014-05-22 10:28:45.207+0000 INFO  [org.neo4j]: Diagnostics providers:
    org.neo4j.kernel.configuration.Config
    org.neo4j.kernel.info.DiagnosticsManager
    SYSTEM_MEMORY
    JAVA_MEMORY
    OPERATING_SYSTEM
    JAVA_VIRTUAL_MACHINE
    CLASSPATH
    LIBRARY_PATH
    SYSTEM_PROPERTIES
    LINUX_SCHEDULERS
    NETWORK
2014-05-22 10:28:45.208+0000 INFO  [org.neo4j]: System memory information:
    Total Physical memory: 3.80 GB
    Free Physical memory: 645.10 MB
    Committed virtual memory: 1.87 GB
    Total swap space: 3.93 GB
    Free swap space: 3.32 GB
2014-05-22 10:28:45.217+0000 INFO  [org.neo4j]: JVM memory information:
    Free  memory: 45.23 MB
    Total memory: 58.50 MB
    Max   memory: 866.00 MB
    Garbage Collector: PS Scavenge: [PS Eden Space, PS Survivor Space]
    Garbage Collector: PS MarkSweep: [PS Eden Space, PS Survivor Space, PS Old Gen, PS Perm Gen]
    Memory Pool: Code Cache (Non-heap memory): committed=2.44 MB, used=458.88 kB, max=48.00 MB, threshold=0.00 B
    Memory Pool: PS Eden Space (Heap memory): committed=15.50 MB, used=13.27 MB, max=320.00 MB, threshold=?
    Memory Pool: PS Survivor Space (Heap memory): committed=2.50 MB, used=0.00 B, max=2.50 MB, threshold=?
    Memory Pool: PS Old Gen (Heap memory): committed=40.50 MB, used=0.00 B, max=649.00 MB, threshold=0.00 B
    Memory Pool: PS Perm Gen (Non-heap memory): committed=21.00 MB, used=6.13 MB, max=82.00 MB, threshold=0.00 B
2014-05-22 10:28:45.225+0000 INFO  [org.neo4j]: Operating system information:
    Operating System: Linux; version: 3.14.2-1-ARCH; arch: amd64; cpus: 2
    Max number of file descriptors: 4096
    Number of open file descriptors: 25
    Process id: 19612@localhost
    Byte order: LITTLE_ENDIAN
    Local timezone: Europe/Stockholm
2014-05-22 10:28:45.229+0000 INFO  [org.neo4j]: JVM information:
    VM Name: Java HotSpot(TM) 64-Bit Server VM
    VM Vendor: Oracle Corporation
    VM Version: 24.55-b03
    JIT compiler: HotSpot 64-Bit Tiered Compilers
    VM Arguments: [-Dapp.name=neo4j-shell, -Dapp.pid=19612, -Dapp.repo=/usr/share/java/neo4j/, -Dbasedir=/usr/share/neo4j, -Dfile.encoding=UTF-8]
2014-05-22 10:28:45.230+0000 INFO  [org.neo4j]: Java classpath:
     [classpath + loader.0] file:/usr/share/java/neo4j/server-api-2.0.1.jar
     [classpath + loader.0] file:/usr/share/java/neo4j/lucene-core-3.6.2.jar
     [classpath + loader.0] file:/usr/share/java/neo4j/neo4j-cypher-2.0.1.jar
     [classpath + loader.0] file:/usr/share/java/neo4j/neo4j-shell-2.0.1.jar
     [classpath + loader.0] file:/usr/share/java/neo4j/neo4j-lucene-index-2.0.1.jar
     [loader.1] file:/opt/java/jre/lib/ext/sunec.jar
     [classpath + loader.0] file:/usr/share/java/neo4j/neo4j-udc-2.0.1.jar
     [classpath + loader.0] file:/usr/share/java/neo4j/neo4j-graph-matching-2.0.1.jar
     [loader.1] file:/opt/java/jre/lib/ext/sunjce_provider.jar
     [loader.1] file:/opt/java/jre/lib/ext/sunpkcs11.jar
     [loader.1] file:/opt/java/jre/lib/ext/localedata.jar
     [bootstrap] /opt/java/jre/lib/jce.jar
     [classpath + loader.0] file:/usr/share/java/neo4j/neo4j-cypher-compiler-2.0-2.0.1.jar
     [bootstrap] /opt/java/jre/lib/rt.jar
     [bootstrap] /opt/java/jre/lib/resources.jar
     [classpath + loader.0] file:/usr/share/java/neo4j/neo4j-graph-algo-2.0.1.jar
     [classpath + loader.0] file:/usr/share/java/neo4j/org.apache.servicemix.bundles.jline-0.9.94_1.jar
     [bootstrap] /opt/java/jre/lib/charsets.jar
     [bootstrap] /opt/java/jre/lib/jfr.jar
     [classpath + loader.0] file:/usr/share/java/neo4j/parboiled-core-1.1.6.jar
     [classpath + loader.0] file:/usr/share/java/neo4j/neo4j-cypher-commons-2.0.1.jar
     [classpath + loader.0] file:/usr/share/java/neo4j/neo4j-cypher-compiler-1.9-2.0.1.jar
     [bootstrap] /opt/java/jre/lib/jsse.jar
     [classpath + loader.0] file:/usr/share/java/neo4j/scala-library-2.10.3.jar
     [classpath + loader.0] file:/usr/share/java/neo4j/concurrentlinkedhashmap-lru-1.3.1.jar
     [classpath + loader.0] file:/home/eidel/Documents/School/Exjobb/Programming/graph/data2/
     [classpath + loader.0] file:/usr/share/java/neo4j/geronimo-jta_1.1_spec-1.1.1.jar
     [loader.1] file:/opt/java/jre/lib/ext/zipfs.jar
     [classpath + loader.0] file:/usr/share/java/neo4j/neo4j-kernel-2.0.1.jar
     [loader.1] file:/opt/java/jre/lib/ext/dnsns.jar
     [bootstrap] /opt/java/jre/lib/sunrsasign.jar
     [classpath + loader.0] file:/usr/share/java/neo4j/parboiled-scala_2.10-1.1.6.jar
     [classpath + loader.0] file:/usr/share/java/neo4j/neo4j-jmx-2.0.1.jar
     [bootstrap] /opt/java/jre/classes
2014-05-22 10:28:45.233+0000 INFO  [org.neo4j]: Library path:
    /usr/java/packages/lib/amd64
    /usr/lib
    /usr/lib
    /usr/lib
    /usr/lib
2014-05-22 10:28:45.234+0000 INFO  [org.neo4j]: System.properties:
    sun.boot.library.path = /opt/java/jre/lib/amd64
    path.separator = :
    file.encoding.pkg = sun.io
    user.country = US
    sun.java.launcher = SUN_STANDARD
    sun.os.patch.level = unknown
    user.dir = /home/eidel/Documents/School/Exjobb/Programming/graph/data2
    basedir = /usr/share/neo4j
    app.name = neo4j-shell
    sun.jnu.encoding = UTF-8
    app.repo = /usr/share/java/neo4j/
    sun.management.compiler = HotSpot 64-Bit Tiered Compilers
    user.home = /home/eidel
    user.timezone = Europe/Stockholm
    file.encoding = UTF-8
    user.name = eidel
    sun.java.command = org.neo4j.shell.StartClient -path .
    sun.arch.data.model = 64
    user.language = en
    awt.toolkit = sun.awt.X11.XToolkit
    file.separator = /
    sun.io.unicode.encoding = UnicodeLittle
    sun.cpu.endian = little
    app.pid = 19612
    sun.cpu.isalist = 
2014-05-22 10:28:45.235+0000 INFO  [org.neo4j]: Linux scheduler information:
    noop deadline [cfq] 
    noop deadline [cfq] 
2014-05-22 10:28:45.236+0000 INFO  [org.neo4j]: Network information:
    Interface wlp6s0:
        address: fe80:0:0:0:221:5dff:feee:6578%3
        address: 192.168.0.10
    Interface lo:
        address: 0:0:0:0:0:0:0:1%1
        address: 127.0.0.1
2014-05-22 10:28:45.240+0000 INFO  [org.neo4j]: --- INITIALIZED diagnostics END ---
2014-05-22 10:28:45.489+0000 INFO  [org.neo4j]: [./neostore.relationshiptypestore.db.names] brickCount=0 brickSize=0b mappedMem=0b (storeSize=152b)
2014-05-22 10:28:45.491+0000 INFO  [org.neo4j]: [./neostore.relationshiptypestore.db] brickCount=0 brickSize=0b mappedMem=0b (storeSize=15b)
2014-05-22 10:28:45.491+0000 INFO  [org.neo4j]: [./neostore.labeltokenstore.db.names] brickCount=0 brickSize=0b mappedMem=0b (storeSize=266b)
2014-05-22 10:28:45.492+0000 INFO  [org.neo4j]: [./neostore.labeltokenstore.db] brickCount=0 brickSize=0b mappedMem=0b (storeSize=30b)
2014-05-22 10:28:45.493+0000 INFO  [org.neo4j]: [./neostore.propertystore.db.strings] brickCount=0 brickSize=279936b mappedMem=279969792b (storeSize=13440b)
2014-05-22 10:28:45.493+0000 INFO  [org.neo4j]: [./neostore.propertystore.db.index.keys] brickCount=0 brickSize=0b mappedMem=0b (storeSize=76b)
2014-05-22 10:28:45.494+0000 INFO  [org.neo4j]: [./neostore.propertystore.db.index] brickCount=0 brickSize=0b mappedMem=0b (storeSize=9b)
2014-05-22 10:28:45.495+0000 INFO  [org.neo4j]: [./neostore.propertystore.db.arrays] brickCount=0 brickSize=317696b mappedMem=317718528b (storeSize=128b)
2014-05-22 10:28:45.497+0000 INFO  [org.neo4j]: [./neostore.propertystore.db] brickCount=11 brickSize=329230b mappedMem=329252864b (storeSize=3853836b)
2014-05-22 10:28:45.500+0000 INFO  [org.neo4j]: [./neostore.relationshipstore.db] brickCount=0 brickSize=403689b mappedMem=403701760b (storeSize=54318b)
2014-05-22 10:28:45.500+0000 INFO  [org.neo4j]: [./neostore.nodestore.db.labels] brickCount=0 brickSize=0b mappedMem=0b (storeSize=68b)
2014-05-22 10:28:45.502+0000 INFO  [org.neo4j]: [./neostore.nodestore.db] brickCount=14 brickSize=91224b mappedMem=91226112b (storeSize=1315944b)
2014-05-22 10:28:45.503+0000 INFO  [org.neo4j]: [./neostore.schemastore.db] brickCount=0 brickSize=0b mappedMem=0b (storeSize=64b)
2014-05-22 10:28:45.504+0000 INFO  [org.neo4j]: [./neostore] brickCount=0 brickSize=0b mappedMem=0b (storeSize=63b)
2014-05-22 10:28:45.772+0000 INFO  [org.neo4j]: Opened logical log [./nioneo_logical.log.1] version=2, lastTxId=17 (clean)
2014-05-22 10:28:45.806+0000 INFO  [org.neo4j]: TM opening log: ./tm_tx_log.1
2014-05-22 10:28:45.823+0000 INFO  [org.neo4j]: Opened logical log [./index/lucene.log.1] version=2, lastTxId=1 (clean)
2014-05-22 10:28:45.848+0000 INFO  [org.neo4j]: --- STARTED diagnostics for KernelDiagnostics:Versions START ---
2014-05-22 10:28:45.848+0000 INFO  [org.neo4j]: Graph Database: org.neo4j.kernel.EmbeddedGraphDatabase StoreId[time:1400754476595, id:-2537773068655423812, store version: 13843131341501958]
2014-05-22 10:28:45.848+0000 INFO  [org.neo4j]: Kernel version: Neo4j - Graph Database Kernel (neo4j-kernel), version: 2.0.1
2014-05-22 10:28:45.848+0000 INFO  [org.neo4j]: Neo4j component versions:
2014-05-22 10:28:45.854+0000 INFO  [org.neo4j]:   Neo4j - Lucene Index (neo4j-lucene-index), version: 2.0.1; revision: 2.0.1:master:878/8bb63c9c059d8a491b7909e08da86a820c28d3a5
2014-05-22 10:28:45.854+0000 INFO  [org.neo4j]:   Neo4j - JMX support (neo4j-jmx), version: 2.0.1; revision: 2.0.1:master:878/8bb63c9c059d8a491b7909e08da86a820c28d3a5
2014-05-22 10:28:45.854+0000 INFO  [org.neo4j]:   Neo4j - Graph Matching (neo4j-graph-matching), version: 2.0.1; revision: 2.0.1:master:878/8bb63c9c059d8a491b7909e08da86a820c28d3a5
2014-05-22 10:28:45.854+0000 INFO  [org.neo4j]:   Neo4j Server API (server-api), version: 2.0.1; revision: 2.0.1:master:878/8bb63c9c059d8a491b7909e08da86a820c28d3a5
2014-05-22 10:28:45.854+0000 INFO  [org.neo4j]:   Neo4j - Graph Database Kernel (neo4j-kernel), version: 2.0.1; revision: 2.0.1:master:878/8bb63c9c059d8a491b7909e08da86a820c28d3a5
2014-05-22 10:28:45.854+0000 INFO  [org.neo4j]:   Neo4j - Cypher (neo4j-cypher), version: 2.0.1; revision: 2.0.1:master:878/8bb63c9c059d8a491b7909e08da86a820c28d3a5
2014-05-22 10:28:45.854+0000 INFO  [org.neo4j]:   Neo4j - Graph Algorithms (neo4j-graph-algo), version: 2.0.1; revision: 2.0.1:master:878/8bb63c9c059d8a491b7909e08da86a820c28d3a5
2014-05-22 10:28:45.854+0000 INFO  [org.neo4j]:   Neo4j - Cypher Compiler 2.0 (neo4j-cypher-compiler-2.0), version: 2.0.1; revision: 2.0.1:master:878/8bb63c9c059d8a491b7909e08da86a820c28d3a5
2014-05-22 10:28:45.854+0000 INFO  [org.neo4j]:   Neo4j - Generic shell (neo4j-shell), version: 2.0.1; revision: 2.0.1:master:878/8bb63c9c059d8a491b7909e08da86a820c28d3a5
2014-05-22 10:28:45.854+0000 INFO  [org.neo4j]:   Neo4j - Cypher Compiler 1.9 (neo4j-cypher-compiler-1.9), version: 2.0.1; revision: 2.0.1:master:878/8bb63c9c059d8a491b7909e08da86a820c28d3a5
2014-05-22 10:28:45.855+0000 INFO  [org.neo4j]:   neo4j-udc, version: 2.0.1; revision: 2.0.1:master:878/8bb63c9c059d8a491b7909e08da86a820c28d3a5
2014-05-22 10:28:45.855+0000 INFO  [org.neo4j]:   Neo4j - Cypher Commons (neo4j-cypher-commons), version: 2.0.1; revision: 2.0.1:master:878/8bb63c9c059d8a491b7909e08da86a820c28d3a5
2014-05-22 10:28:45.855+0000 INFO  [org.neo4j]: --- STARTED diagnostics for KernelDiagnostics:Versions END ---
2014-05-22 10:28:45.857+0000 INFO  [org.neo4j]: --- STARTED diagnostics for NEO_STORE_VERSIONS START ---
2014-05-22 10:28:45.858+0000 INFO  [org.neo4j]: Store versions:
    Store versions:
      NeoStore v0.A.1
      SchemaStore v0.A.1
      NodeStore v0.A.1
      RelationshipStore v0.A.1
      RelationshipTypeStore v0.A.1
      LabelTokenStore v0.A.1
      PropertyStore v0.A.1
      PropertyIndexStore v0.A.1
      StringPropertyStore v0.A.1
      ArrayPropertyStore v0.A.1
2014-05-22 10:28:45.858+0000 INFO  [org.neo4j]: --- STARTED diagnostics for NEO_STORE_VERSIONS END ---
2014-05-22 10:28:45.858+0000 INFO  [org.neo4j]: --- STARTED diagnostics for NEO_STORE_ID_USAGE START ---
2014-05-22 10:28:45.858+0000 INFO  [org.neo4j]: Id usage:
    Id usage:
      SchemaStore: used=1 high=0
      NodeStore: used=93996 high=93995
      RelationshipStore: used=1646 high=1645
      RelationshipTypeStore: used=3 high=2
      LabelTokenStore: used=6 high=5
      PropertyStore: used=93996 high=93995
      PropertyIndexStore: used=1 high=0
      StringPropertyStore: used=105 high=104
      ArrayPropertyStore: used=1 high=0
2014-05-22 10:28:45.860+0000 INFO  [org.neo4j]: --- STARTED diagnostics for NEO_STORE_ID_USAGE END ---
2014-05-22 10:28:45.860+0000 INFO  [org.neo4j]: --- STARTED diagnostics for PERSISTENCE_WINDOW_POOL_STATS START ---
2014-05-22 10:28:45.860+0000 INFO  [org.neo4j]: --- STARTED diagnostics for PERSISTENCE_WINDOW_POOL_STATS END ---
2014-05-22 10:28:45.860+0000 INFO  [org.neo4j]: --- STARTED diagnostics for KernelDiagnostics:StoreFiles START ---
2014-05-22 10:28:45.861+0000 INFO  [org.neo4j]: Disk space on partition (Total / Free / Free %): 85581119488 / 8588226560 / 10
Storage files: (filename : modification date - size)
      neostore.propertystore.db.index: 2014-05-22T12:28:45+0200 - 9.00 B
      nioneo_logical.log.1: 2014-05-22T12:28:45+0200 - 16.00 B
      neostore.propertystore.db: 2014-05-22T12:28:45+0200 - 3.68 MB
      index:
        lucene-store.db: 2014-05-22T12:28:31+0200 - 40.00 B
        lucene.log.active: 2014-05-22T12:28:45+0200 - 4.00 B
        lucene.log.v0: 2014-05-22T12:27:57+0200 - 16.00 B
        lucene.log.v1: 2014-05-22T12:28:31+0200 - 16.00 B
        lucene.log.1: 2014-05-22T12:28:45+0200 - 16.00 B
      - Total: 2014-05-22T12:28:45+0200 - 92.00 B
      neostore.schemastore.db.id: 2014-05-22T12:28:45+0200 - 9.00 B
      neostore.relationshipstore.db: 2014-05-22T12:28:45+0200 - 53.04 kB
      neostore.propertystore.db.arrays.id: 2014-05-22T12:28:45+0200 - 9.00 B
      neostore: 2014-05-22T12:28:45+0200 - 63.00 B
      messages.log: 2014-05-22T12:28:45+0200 - 64.38 kB
      active_tx_log: 2014-05-22T12:27:57+0200 - 11.00 B
      neostore.propertystore.db.arrays: 2014-05-22T12:28:45+0200 - 128.00 B
      neostore.relationshiptypestore.db: 2014-05-22T12:28:45+0200 - 15.00 B
      neostore.propertystore.db.id: 2014-05-22T12:28:45+0200 - 9.00 B
      neostore.id: 2014-05-22T12:28:45+0200 - 9.00 B
      neostore.propertystore.db.strings: 2014-05-22T12:28:45+0200 - 13.13 kB
      neostore.relationshiptypestore.db.id: 2014-05-22T12:28:45+0200 - 9.00 B
      lock: 2014-05-22T12:28:45+0200 - 0.00 B
      nioneo_logical.log.v1: 2014-05-22T12:28:32+0200 - 12.58 MB
      neostore.labeltokenstore.db.names.id: 2014-05-22T12:28:45+0200 - 9.00 B
      neostore.relationshipstore.db.id: 2014-05-22T12:28:45+0200 - 9.00 B
      neostore.propertystore.db.strings.id: 2014-05-22T12:28:45+0200 - 9.00 B
      neostore.nodestore.db: 2014-05-22T12:28:45+0200 - 1.25 MB
      neostore.propertystore.db.index.keys.id: 2014-05-22T12:28:45+0200 - 9.00 B
      neostore.labeltokenstore.db: 2014-05-22T12:28:45+0200 - 30.00 B
      neostore.nodestore.db.labels: 2014-05-22T12:28:45+0200 - 68.00 B
      neostore.labeltokenstore.db.id: 2014-05-22T12:28:45+0200 - 9.00 B
      neostore.relationshiptypestore.db.names: 2014-05-22T12:28:45+0200 - 152.00 B
      store_lock: 2014-05-22T12:27:56+0200 - 0.00 B
      schema:
        label:
          lucene:
            _1.frq: 2014-05-22T12:28:25+0200 - 8.49 kB
            _0.tii: 2014-05-22T12:28:17+0200 - 135.00 B
            _1.tii: 2014-05-22T12:28:25+0200 - 1.78 kB
            _0.fnm: 2014-05-22T12:28:17+0200 - 23.00 B
            _1_1.del: 2014-05-22T12:28:31+0200 - 37.00 B
            _1.fnm: 2014-05-22T12:28:25+0200 - 26.00 B
            _0.fdt: 2014-05-22T12:28:17+0200 - 1.98 kB
            _1.nrm: 2014-05-22T12:28:25+0200 - 4.00 B
            _0.fdx: 2014-05-22T12:28:17+0200 - 1.29 kB
            _0_1.del: 2014-05-22T12:28:31+0200 - 51.00 B
            _0.nrm: 2014-05-22T12:28:17+0200 - 4.00 B
            _3_1.del: 2014-05-22T12:28:31+0200 - 32.00 B
            _2_1.del: 2014-05-22T12:28:31+0200 - 33.00 B
            _1.fdt: 2014-05-22T12:28:25+0200 - 36.72 kB
            _2.cfs: 2014-05-22T12:28:26+0200 - 795.00 B
            _5.cfs: 2014-05-22T12:28:31+0200 - 368.00 B
            _0.tis: 2014-05-22T12:28:17+0200 - 1.15 kB
            _1.tis: 2014-05-22T12:28:25+0200 - 18.96 kB
            segments.gen: 2014-05-22T12:28:32+0200 - 20.00 B
            write.lock: 2014-05-22T12:28:45+0200 - 0.00 B
            _3.cfs: 2014-05-22T12:28:27+0200 - 566.00 B
            _0.frq: 2014-05-22T12:28:17+0200 - 394.00 B
            segments_2: 2014-05-22T12:28:32+0200 - 1.08 kB
            _1.fdx: 2014-05-22T12:28:25+0200 - 21.45 kB
          - Total: 2014-05-22T12:28:45+0200 - 95.32 kB
        - Total: 2014-05-22T12:27:57+0200 - 95.32 kB
      - Total: 2014-05-22T12:27:57+0200 - 95.32 kB
      neostore.labeltokenstore.db.names: 2014-05-22T12:28:45+0200 - 266.00 B
      neostore.schemastore.db: 2014-05-22T12:28:45+0200 - 64.00 B
      nioneo_logical.log.active: 2014-05-22T12:28:45+0200 - 4.00 B
      neostore.propertystore.db.index.keys: 2014-05-22T12:28:45+0200 - 76.00 B
      neostore.nodestore.db.id: 2014-05-22T12:28:45+0200 - 9.00 B
      nioneo_logical.log.v0: 2014-05-22T12:27:57+0200 - 16.00 B
      neostore.relationshiptypestore.db.names.id: 2014-05-22T12:28:45+0200 - 9.00 B
      neostore.nodestore.db.labels.id: 2014-05-22T12:28:45+0200 - 9.00 B
      tm_tx_log.1: 2014-05-22T12:28:45+0200 - 0.00 B
      neostore.propertystore.db.index.id: 2014-05-22T12:28:45+0200 - 9.00 B
2014-05-23 17:18:49.905+0000 INFO  [org.neo4j]: --- INITIALIZED diagnostics START ---
2014-05-23 17:18:49.919+0000 INFO  [org.neo4j]: Neo4j Kernel properties:
    neostore.propertystore.db.mapped_memory=314M
    read_only=false
    neostore.nodestore.db.mapped_memory=87M
    neostore.relationshipstore.db.mapped_memory=385M
    neostore.propertystore.db.strings.mapped_memory=267M
    store_dir=.
    neostore.propertystore.db.arrays.mapped_memory=303M
    ephemeral=false
2014-05-23 17:18:49.928+0000 INFO  [org.neo4j]: Diagnostics providers:
    org.neo4j.kernel.configuration.Config
    org.neo4j.kernel.info.DiagnosticsManager
    SYSTEM_MEMORY
    JAVA_MEMORY
    OPERATING_SYSTEM
    JAVA_VIRTUAL_MACHINE
    CLASSPATH
    LIBRARY_PATH
    SYSTEM_PROPERTIES
    LINUX_SCHEDULERS
    NETWORK
2014-05-23 17:18:49.929+0000 INFO  [org.neo4j]: System memory information:
    Total Physical memory: 3.80 GB
    Free Physical memory: 410.95 MB
    Committed virtual memory: 1.87 GB
    Total swap space: 3.93 GB
    Free swap space: 3.22 GB
2014-05-23 17:18:49.934+0000 INFO  [org.neo4j]: JVM memory information:
    Free  memory: 45.23 MB
    Total memory: 58.50 MB
    Max   memory: 866.00 MB
    Garbage Collector: PS Scavenge: [PS Eden Space, PS Survivor Space]
    Garbage Collector: PS MarkSweep: [PS Eden Space, PS Survivor Space, PS Old Gen, PS Perm Gen]
    Memory Pool: Code Cache (Non-heap memory): committed=2.44 MB, used=458.31 kB, max=48.00 MB, threshold=0.00 B
    Memory Pool: PS Eden Space (Heap memory): committed=15.50 MB, used=13.27 MB, max=320.00 MB, threshold=?
    Memory Pool: PS Survivor Space (Heap memory): committed=2.50 MB, used=0.00 B, max=2.50 MB, threshold=?
    Memory Pool: PS Old Gen (Heap memory): committed=40.50 MB, used=0.00 B, max=649.00 MB, threshold=0.00 B
    Memory Pool: PS Perm Gen (Non-heap memory): committed=21.00 MB, used=6.13 MB, max=82.00 MB, threshold=0.00 B
2014-05-23 17:18:49.939+0000 INFO  [org.neo4j]: Operating system information:
    Operating System: Linux; version: 3.14.2-1-ARCH; arch: amd64; cpus: 2
    Max number of file descriptors: 4096
    Number of open file descriptors: 25
    Process id: 10427@localhost
    Byte order: LITTLE_ENDIAN
    Local timezone: Europe/Stockholm
2014-05-23 17:18:49.942+0000 INFO  [org.neo4j]: JVM information:
    VM Name: Java HotSpot(TM) 64-Bit Server VM
    VM Vendor: Oracle Corporation
    VM Version: 24.55-b03
    JIT compiler: HotSpot 64-Bit Tiered Compilers
    VM Arguments: [-Dapp.name=neo4j-shell, -Dapp.pid=10427, -Dapp.repo=/usr/share/java/neo4j/, -Dbasedir=/usr/share/neo4j, -Dfile.encoding=UTF-8]
2014-05-23 17:18:49.943+0000 INFO  [org.neo4j]: Java classpath:
     [classpath + loader.0] file:/usr/share/java/neo4j/server-api-2.0.1.jar
     [classpath + loader.0] file:/usr/share/java/neo4j/lucene-core-3.6.2.jar
     [classpath + loader.0] file:/usr/share/java/neo4j/neo4j-cypher-2.0.1.jar
     [classpath + loader.0] file:/usr/share/java/neo4j/neo4j-shell-2.0.1.jar
     [classpath + loader.0] file:/usr/share/java/neo4j/neo4j-lucene-index-2.0.1.jar
     [loader.1] file:/opt/java/jre/lib/ext/sunec.jar
     [classpath + loader.0] file:/usr/share/java/neo4j/neo4j-udc-2.0.1.jar
     [classpath + loader.0] file:/usr/share/java/neo4j/neo4j-graph-matching-2.0.1.jar
     [loader.1] file:/opt/java/jre/lib/ext/sunjce_provider.jar
     [loader.1] file:/opt/java/jre/lib/ext/sunpkcs11.jar
     [loader.1] file:/opt/java/jre/lib/ext/localedata.jar
     [bootstrap] /opt/java/jre/lib/jce.jar
     [classpath + loader.0] file:/usr/share/java/neo4j/neo4j-cypher-compiler-2.0-2.0.1.jar
     [bootstrap] /opt/java/jre/lib/rt.jar
     [bootstrap] /opt/java/jre/lib/resources.jar
     [classpath + loader.0] file:/usr/share/java/neo4j/neo4j-graph-algo-2.0.1.jar
     [classpath + loader.0] file:/usr/share/java/neo4j/org.apache.servicemix.bundles.jline-0.9.94_1.jar
     [bootstrap] /opt/java/jre/lib/charsets.jar
     [bootstrap] /opt/java/jre/lib/jfr.jar
     [classpath + loader.0] file:/usr/share/java/neo4j/parboiled-core-1.1.6.jar
     [classpath + loader.0] file:/usr/share/java/neo4j/neo4j-cypher-commons-2.0.1.jar
     [classpath + loader.0] file:/usr/share/java/neo4j/neo4j-cypher-compiler-1.9-2.0.1.jar
     [bootstrap] /opt/java/jre/lib/jsse.jar
     [classpath + loader.0] file:/usr/share/java/neo4j/scala-library-2.10.3.jar
     [classpath + loader.0] file:/usr/share/java/neo4j/concurrentlinkedhashmap-lru-1.3.1.jar
     [classpath + loader.0] file:/home/eidel/Documents/School/Exjobb/Programming/graph/data2/
     [classpath + loader.0] file:/usr/share/java/neo4j/geronimo-jta_1.1_spec-1.1.1.jar
     [loader.1] file:/opt/java/jre/lib/ext/zipfs.jar
     [classpath + loader.0] file:/usr/share/java/neo4j/neo4j-kernel-2.0.1.jar
     [loader.1] file:/opt/java/jre/lib/ext/dnsns.jar
     [bootstrap] /opt/java/jre/lib/sunrsasign.jar
     [classpath + loader.0] file:/usr/share/java/neo4j/parboiled-scala_2.10-1.1.6.jar
     [classpath + loader.0] file:/usr/share/java/neo4j/neo4j-jmx-2.0.1.jar
     [bootstrap] /opt/java/jre/classes
2014-05-23 17:18:49.946+0000 INFO  [org.neo4j]: Library path:
    /usr/java/packages/lib/amd64
    /usr/lib
    /usr/lib
    /usr/lib
    /usr/lib
2014-05-23 17:18:49.946+0000 INFO  [org.neo4j]: System.properties:
    sun.boot.library.path = /opt/java/jre/lib/amd64
    path.separator = :
    file.encoding.pkg = sun.io
    user.country = US
    sun.java.launcher = SUN_STANDARD
    sun.os.patch.level = unknown
    user.dir = /home/eidel/Documents/School/Exjobb/Programming/graph/data2
    basedir = /usr/share/neo4j
    app.name = neo4j-shell
    sun.jnu.encoding = UTF-8
    app.repo = /usr/share/java/neo4j/
    sun.management.compiler = HotSpot 64-Bit Tiered Compilers
    user.home = /home/eidel
    user.timezone = Europe/Stockholm
    file.encoding = UTF-8
    user.name = eidel
    sun.java.command = org.neo4j.shell.StartClient -path .
    sun.arch.data.model = 64
    user.language = en
    awt.toolkit = sun.awt.X11.XToolkit
    file.separator = /
    sun.io.unicode.encoding = UnicodeLittle
    sun.cpu.endian = little
    app.pid = 10427
    sun.cpu.isalist = 
2014-05-23 17:18:49.947+0000 INFO  [org.neo4j]: Linux scheduler information:
    noop deadline [cfq] 
    noop deadline [cfq] 
2014-05-23 17:18:49.949+0000 INFO  [org.neo4j]: Network information:
    Interface wlp6s0:
        address: fe80:0:0:0:221:5dff:feee:6578%3
        address: 192.168.0.10
    Interface lo:
        address: 0:0:0:0:0:0:0:1%1
        address: 127.0.0.1
2014-05-23 17:18:49.951+0000 INFO  [org.neo4j]: --- INITIALIZED diagnostics END ---
2014-05-23 17:18:50.187+0000 INFO  [org.neo4j]: Startup failed: Component 'org.neo4j.kernel.StoreLockerLifecycleAdapter@61019643' was successfully initialized, but failed to start. Please see attached cause exception.: Unable to obtain lock on store lock file: ./store_lock. Please ensure no other process is using this database, and that the directory is writable (required even for read-only access): Unable to lock sun.nio.ch.FileChannelImpl@717e57a
2014-05-23 17:18:50.187+0000 INFO  [org.neo4j]: Shutdown started
2014-05-23 17:18:50.188+0000 INFO  [org.neo4j]: --- SHUTDOWN diagnostics START ---
2014-05-23 17:18:50.188+0000 INFO  [org.neo4j]: --- SHUTDOWN diagnostics END ---
2014-05-23 18:05:16.136+0000 INFO  [org.neo4j]: --- INITIALIZED diagnostics START ---
2014-05-23 18:05:16.166+0000 INFO  [org.neo4j]: Neo4j Kernel properties:
    neostore.propertystore.db.mapped_memory=314M
    neostore.nodestore.db.mapped_memory=87M
    neostore.relationshipstore.db.mapped_memory=385M
    neostore.propertystore.db.strings.mapped_memory=267M
    store_dir=/home/eidel/Documents/School/Exjobb/Programming/graph/data2
    neostore.propertystore.db.arrays.mapped_memory=303M
    ephemeral=false
2014-05-23 18:05:16.172+0000 INFO  [org.neo4j]: Diagnostics providers:
    org.neo4j.kernel.configuration.Config
    org.neo4j.kernel.info.DiagnosticsManager
    SYSTEM_MEMORY
    JAVA_MEMORY
    OPERATING_SYSTEM
    JAVA_VIRTUAL_MACHINE
    CLASSPATH
    LIBRARY_PATH
    SYSTEM_PROPERTIES
    LINUX_SCHEDULERS
    NETWORK
2014-05-23 18:05:16.173+0000 INFO  [org.neo4j]: System memory information:
    Total Physical memory: 3.80 GB
    Free Physical memory: 454.62 MB
    Committed virtual memory: 1.89 GB
    Total swap space: 3.93 GB
    Free swap space: 3.19 GB
2014-05-23 18:05:16.179+0000 INFO  [org.neo4j]: JVM memory information:
    Free  memory: 47.14 MB
    Total memory: 58.50 MB
    Max   memory: 866.00 MB
    Garbage Collector: PS Scavenge: [PS Eden Space, PS Survivor Space]
    Garbage Collector: PS MarkSweep: [PS Eden Space, PS Survivor Space, PS Old Gen, PS Perm Gen]
    Memory Pool: Code Cache (Non-heap memory): committed=2.44 MB, used=606.38 kB, max=48.00 MB, threshold=0.00 B
    Memory Pool: PS Eden Space (Heap memory): committed=15.50 MB, used=7.75 MB, max=320.00 MB, threshold=?
    Memory Pool: PS Survivor Space (Heap memory): committed=2.50 MB, used=2.49 MB, max=2.50 MB, threshold=?
    Memory Pool: PS Old Gen (Heap memory): committed=40.50 MB, used=1.12 MB, max=649.00 MB, threshold=0.00 B
    Memory Pool: PS Perm Gen (Non-heap memory): committed=21.00 MB, used=8.75 MB, max=82.00 MB, threshold=0.00 B
2014-05-23 18:05:16.186+0000 INFO  [org.neo4j]: Operating system information:
    Operating System: Linux; version: 3.14.2-1-ARCH; arch: amd64; cpus: 2
    Max number of file descriptors: 4096
    Number of open file descriptors: 43
    Process id: 21184@localhost
    Byte order: LITTLE_ENDIAN
    Local timezone: Europe/Stockholm
2014-05-23 18:05:16.190+0000 INFO  [org.neo4j]: JVM information:
    VM Name: Java HotSpot(TM) 64-Bit Server VM
    VM Vendor: Oracle Corporation
    VM Version: 24.55-b03
    JIT compiler: HotSpot 64-Bit Tiered Compilers
    VM Arguments: [-Dfile.encoding=UTF-8]
2014-05-23 18:05:16.191+0000 INFO  [org.neo4j]: Java classpath:
     [classpath + loader.0] file:/home/eidel/.m2/repository/commons-logging/commons-logging/1.1.1/commons-logging-1.1.1.jar
     [classpath + loader.0] file:/home/eidel/.m2/repository/org/slf4j/slf4j-api/1.5.6/slf4j-api-1.5.6.jar
     [classpath + loader.0] file:/home/eidel/.m2/repository/org/neo4j/neo4j-graph-matching/2.0.3/neo4j-graph-matching-2.0.3.jar
     [classpath + loader.0] file:/home/eidel/.m2/repository/org/neo4j/neo4j-udc/2.0.3/neo4j-udc-2.0.3.jar
     [classpath + loader.0] file:/home/eidel/.m2/repository/org/apache/httpcomponents/httpclient/4.3.1/httpclient-4.3.1.jar
     [classpath + loader.0] file:/home/eidel/.m2/repository/org/codehaus/woodstox/wstx-asl/3.2.7/wstx-asl-3.2.7.jar
     [classpath + loader.0] file:/home/eidel/.m2/repository/org/parboiled/parboiled-core/1.1.6/parboiled-core-1.1.6.jar
     [classpath + loader.0] file:/home/eidel/.m2/repository/org/parboiled/parboiled-scala_2.10/1.1.6/parboiled-scala_2.10-1.1.6.jar
     [classpath + loader.0] file:/home/eidel/.m2/repository/org/apache/httpcomponents/httpmime/4.3.1/httpmime-4.3.1.jar
     [classpath + loader.0] file:/home/eidel/.m2/repository/com/googlecode/concurrentlinkedhashmap/concurrentlinkedhashmap-lru/1.3.1/concurrentlinkedhashmap-lru-1.3.1.jar
     [classpath + loader.0] file:/home/eidel/.m2/repository/org/neo4j/neo4j-graph-algo/2.0.3/neo4j-graph-algo-2.0.3.jar
     [classpath + loader.0] file:/home/eidel/.m2/repository/net/sf/opencsv/opencsv/2.0/opencsv-2.0.jar
     [loader.1] file:/opt/java/jre/lib/ext/sunec.jar
     [classpath + loader.0] file:/home/eidel/.m2/repository/org/neo4j/neo4j-cypher-commons/2.0.3/neo4j-cypher-commons-2.0.3.jar
     [classpath + loader.0] file:/home/eidel/.m2/repository/org/neo4j/neo4j-cypher/2.0.3/neo4j-cypher-2.0.3.jar
     [classpath + loader.0] file:/home/eidel/.m2/repository/org/neo4j/neo4j-cypher-compiler-1.9/2.0.3/neo4j-cypher-compiler-1.9-2.0.3.jar
     [classpath + loader.0] file:/home/eidel/.m2/repository/org/neo4j/neo4j-lucene-index/2.0.3/neo4j-lucene-index-2.0.3.jar
     [classpath + loader.0] file:/home/eidel/.m2/repository/org/grammaticalframework/pgf/1.0/pgf-1.0.jar
     [classpath + loader.0] file:/home/eidel/.m2/repository/org/neo4j/neo4j-jmx/2.0.3/neo4j-jmx-2.0.3.jar
     [loader.1] file:/opt/java/jre/lib/ext/sunjce_provider.jar
     [loader.1] file:/opt/java/jre/lib/ext/sunpkcs11.jar
     [loader.1] file:/opt/java/jre/lib/ext/localedata.jar
     [bootstrap] /opt/java/jre/lib/jce.jar
     [classpath + loader.0] file:/home/eidel/.m2/repository/org/apache/lucene/lucene-core/3.6.2/lucene-core-3.6.2.jar
     [classpath + loader.0] file:/home/eidel/.m2/repository/org/neo4j/neo4j/2.0.3/neo4j-2.0.3.jar
     [bootstrap] /opt/java/jre/lib/rt.jar
     [bootstrap] /opt/java/jre/lib/resources.jar
     [bootstrap] /opt/java/jre/lib/charsets.jar
     [classpath + loader.0] file:/home/eidel/.m2/repository/org/slf4j/slf4j-simple/1.5.6/slf4j-simple-1.5.6.jar
     [classpath + loader.0] file:/home/eidel/.m2/repository/org/apache/geronimo/specs/geronimo-jta_1.1_spec/1.1.1/geronimo-jta_1.1_spec-1.1.1.jar
     [bootstrap] /opt/java/jre/lib/jfr.jar
     [classpath + loader.0] file:/home/eidel/.m2/repository/org/scala-lang/scala-library/2.10.3/scala-library-2.10.3.jar
     [classpath + loader.0] file:/home/eidel/.m2/repository/org/neo4j/neo4j-cypher-compiler-2.0/2.0.3/neo4j-cypher-compiler-2.0-2.0.3.jar
     [classpath + loader.0] file:/home/eidel/.m2/repository/org/noggit/noggit/0.5/noggit-0.5.jar
     [classpath + loader.0] file:/home/eidel/Documents/School/Exjobb/Programming/graph/target/classes/
     [classpath + loader.0] file:/home/eidel/.m2/repository/org/neo4j/neo4j-kernel/2.0.3/neo4j-kernel-2.0.3.jar
     [classpath + loader.0] file:/home/eidel/.m2/repository/org/apache/zookeeper/zookeeper/3.4.5/zookeeper-3.4.5.jar
     [bootstrap] /opt/java/jre/lib/jsse.jar
     [classpath + loader.0] file:/home/eidel/.m2/repository/org/apache/httpcomponents/httpcore/4.3/httpcore-4.3.jar
     [classpath + loader.0] file:/home/eidel/.m2/repository/org/apache/solr/solr-solrj/4.7.0/solr-solrj-4.7.0.jar
     [loader.1] file:/opt/java/jre/lib/ext/zipfs.jar
     [loader.1] file:/opt/java/jre/lib/ext/dnsns.jar
     [classpath + loader.0] file:/home/eidel/.m2/repository/log4j/log4j/1.2.16/log4j-1.2.16.jar
     [bootstrap] /opt/java/jre/lib/sunrsasign.jar
     [classpath + loader.0] file:/home/eidel/.m2/repository/commons-io/commons-io/2.1/commons-io-2.1.jar
     [bootstrap] /opt/java/jre/classes
2014-05-23 18:05:16.194+0000 INFO  [org.neo4j]: Library path:
    /usr/java/packages/lib/amd64
    /usr/lib
    /usr/lib
    /usr/lib
    /usr/lib
2014-05-23 18:05:16.194+0000 INFO  [org.neo4j]: System.properties:
    sun.boot.library.path = /opt/java/jre/lib/amd64
    path.separator = :
    file.encoding.pkg = sun.io
    user.country = US
    sun.java.launcher = SUN_STANDARD
    sun.os.patch.level = unknown
    user.dir = /home/eidel/Documents/School/Exjobb/Programming/graph
    sun.jnu.encoding = UTF-8
    sun.management.compiler = HotSpot 64-Bit Tiered Compilers
    user.home = /home/eidel
    user.timezone = Europe/Stockholm
    file.encoding = UTF-8
    user.name = eidel
    sun.java.command = org.agfjord.graph.Main
    sun.arch.data.model = 64
    user.language = en
    awt.toolkit = sun.awt.X11.XToolkit
    file.separator = /
    sun.io.unicode.encoding = UnicodeLittle
    sun.cpu.endian = little
    sun.cpu.isalist = 
2014-05-23 18:05:16.196+0000 INFO  [org.neo4j]: Linux scheduler information:
    noop deadline [cfq] 
    noop deadline [cfq] 
2014-05-23 18:05:16.197+0000 INFO  [org.neo4j]: Network information:
    Interface wlp6s0:
        address: fe80:0:0:0:221:5dff:feee:6578%3
        address: 192.168.0.10
    Interface lo:
        address: 0:0:0:0:0:0:0:1%1
        address: 127.0.0.1
2014-05-23 18:05:16.199+0000 INFO  [org.neo4j]: --- INITIALIZED diagnostics END ---
2014-05-23 18:05:16.387+0000 INFO  [org.neo4j]: Startup failed: Component 'org.neo4j.kernel.StoreLockerLifecycleAdapter@7e432225' was successfully initialized, but failed to start. Please see attached cause exception.: Unable to obtain lock on store lock file: /home/eidel/Documents/School/Exjobb/Programming/graph/data2/store_lock. Please ensure no other process is using this database, and that the directory is writable (required even for read-only access): Unable to lock org.neo4j.kernel.impl.nioneo.store.StoreFileChannel@55f972f
2014-05-23 18:05:16.387+0000 INFO  [org.neo4j]: Shutdown started
2014-05-23 18:05:16.388+0000 INFO  [org.neo4j]: --- SHUTDOWN diagnostics START ---
2014-05-23 18:05:16.388+0000 INFO  [org.neo4j]: --- SHUTDOWN diagnostics END ---
2014-05-23 18:06:00.127+0000 INFO  [org.neo4j]: --- INITIALIZED diagnostics START ---
2014-05-23 18:06:00.142+0000 INFO  [org.neo4j]: Neo4j Kernel properties:
    neostore.propertystore.db.mapped_memory=314M
    neostore.nodestore.db.mapped_memory=87M
    neostore.relationshipstore.db.mapped_memory=385M
    neostore.propertystore.db.strings.mapped_memory=267M
    store_dir=/home/eidel/Documents/School/Exjobb/Programming/graph/data2
    neostore.propertystore.db.arrays.mapped_memory=303M
    ephemeral=false
2014-05-23 18:06:00.149+0000 INFO  [org.neo4j]: Diagnostics providers:
    org.neo4j.kernel.configuration.Config
    org.neo4j.kernel.info.DiagnosticsManager
    SYSTEM_MEMORY
    JAVA_MEMORY
    OPERATING_SYSTEM
    JAVA_VIRTUAL_MACHINE
    CLASSPATH
    LIBRARY_PATH
    SYSTEM_PROPERTIES
    LINUX_SCHEDULERS
    NETWORK
2014-05-23 18:06:00.149+0000 INFO  [org.neo4j]: System memory information:
    Total Physical memory: 3.80 GB
    Free Physical memory: 350.63 MB
    Committed virtual memory: 1.89 GB
    Total swap space: 3.93 GB
    Free swap space: 3.22 GB
2014-05-23 18:06:00.153+0000 INFO  [org.neo4j]: JVM memory information:
    Free  memory: 47.14 MB
    Total memory: 58.50 MB
    Max   memory: 866.00 MB
    Garbage Collector: PS Scavenge: [PS Eden Space, PS Survivor Space]
    Garbage Collector: PS MarkSweep: [PS Eden Space, PS Survivor Space, PS Old Gen, PS Perm Gen]
    Memory Pool: Code Cache (Non-heap memory): committed=2.44 MB, used=557.00 kB, max=48.00 MB, threshold=0.00 B
    Memory Pool: PS Eden Space (Heap memory): committed=15.50 MB, used=7.75 MB, max=320.00 MB, threshold=?
    Memory Pool: PS Survivor Space (Heap memory): committed=2.50 MB, used=2.49 MB, max=2.50 MB, threshold=?
    Memory Pool: PS Old Gen (Heap memory): committed=40.50 MB, used=1.12 MB, max=649.00 MB, threshold=0.00 B
    Memory Pool: PS Perm Gen (Non-heap memory): committed=21.00 MB, used=8.75 MB, max=82.00 MB, threshold=0.00 B
2014-05-23 18:06:00.159+0000 INFO  [org.neo4j]: Operating system information:
    Operating System: Linux; version: 3.14.2-1-ARCH; arch: amd64; cpus: 2
    Max number of file descriptors: 4096
    Number of open file descriptors: 43
    Process id: 21375@localhost
    Byte order: LITTLE_ENDIAN
    Local timezone: Europe/Stockholm
2014-05-23 18:06:00.162+0000 INFO  [org.neo4j]: JVM information:
    VM Name: Java HotSpot(TM) 64-Bit Server VM
    VM Vendor: Oracle Corporation
    VM Version: 24.55-b03
    JIT compiler: HotSpot 64-Bit Tiered Compilers
    VM Arguments: [-Dfile.encoding=UTF-8]
2014-05-23 18:06:00.163+0000 INFO  [org.neo4j]: Java classpath:
     [classpath + loader.0] file:/home/eidel/.m2/repository/commons-logging/commons-logging/1.1.1/commons-logging-1.1.1.jar
     [classpath + loader.0] file:/home/eidel/.m2/repository/org/slf4j/slf4j-api/1.5.6/slf4j-api-1.5.6.jar
     [classpath + loader.0] file:/home/eidel/.m2/repository/org/neo4j/neo4j-graph-matching/2.0.3/neo4j-graph-matching-2.0.3.jar
     [classpath + loader.0] file:/home/eidel/.m2/repository/org/neo4j/neo4j-udc/2.0.3/neo4j-udc-2.0.3.jar
     [classpath + loader.0] file:/home/eidel/.m2/repository/org/apache/httpcomponents/httpclient/4.3.1/httpclient-4.3.1.jar
     [classpath + loader.0] file:/home/eidel/.m2/repository/org/codehaus/woodstox/wstx-asl/3.2.7/wstx-asl-3.2.7.jar
     [classpath + loader.0] file:/home/eidel/.m2/repository/org/parboiled/parboiled-core/1.1.6/parboiled-core-1.1.6.jar
     [classpath + loader.0] file:/home/eidel/.m2/repository/org/parboiled/parboiled-scala_2.10/1.1.6/parboiled-scala_2.10-1.1.6.jar
     [classpath + loader.0] file:/home/eidel/.m2/repository/org/apache/httpcomponents/httpmime/4.3.1/httpmime-4.3.1.jar
     [classpath + loader.0] file:/home/eidel/.m2/repository/com/googlecode/concurrentlinkedhashmap/concurrentlinkedhashmap-lru/1.3.1/concurrentlinkedhashmap-lru-1.3.1.jar
     [classpath + loader.0] file:/home/eidel/.m2/repository/org/neo4j/neo4j-graph-algo/2.0.3/neo4j-graph-algo-2.0.3.jar
     [classpath + loader.0] file:/home/eidel/.m2/repository/net/sf/opencsv/opencsv/2.0/opencsv-2.0.jar
     [loader.1] file:/opt/java/jre/lib/ext/sunec.jar
     [classpath + loader.0] file:/home/eidel/.m2/repository/org/neo4j/neo4j-cypher-commons/2.0.3/neo4j-cypher-commons-2.0.3.jar
     [classpath + loader.0] file:/home/eidel/.m2/repository/org/neo4j/neo4j-cypher/2.0.3/neo4j-cypher-2.0.3.jar
     [classpath + loader.0] file:/home/eidel/.m2/repository/org/neo4j/neo4j-cypher-compiler-1.9/2.0.3/neo4j-cypher-compiler-1.9-2.0.3.jar
     [classpath + loader.0] file:/home/eidel/.m2/repository/org/neo4j/neo4j-lucene-index/2.0.3/neo4j-lucene-index-2.0.3.jar
     [classpath + loader.0] file:/home/eidel/.m2/repository/org/grammaticalframework/pgf/1.0/pgf-1.0.jar
     [classpath + loader.0] file:/home/eidel/.m2/repository/org/neo4j/neo4j-jmx/2.0.3/neo4j-jmx-2.0.3.jar
     [loader.1] file:/opt/java/jre/lib/ext/sunjce_provider.jar
     [loader.1] file:/opt/java/jre/lib/ext/sunpkcs11.jar
     [loader.1] file:/opt/java/jre/lib/ext/localedata.jar
     [bootstrap] /opt/java/jre/lib/jce.jar
     [classpath + loader.0] file:/home/eidel/.m2/repository/org/apache/lucene/lucene-core/3.6.2/lucene-core-3.6.2.jar
     [classpath + loader.0] file:/home/eidel/.m2/repository/org/neo4j/neo4j/2.0.3/neo4j-2.0.3.jar
     [bootstrap] /opt/java/jre/lib/rt.jar
     [bootstrap] /opt/java/jre/lib/resources.jar
     [bootstrap] /opt/java/jre/lib/charsets.jar
     [classpath + loader.0] file:/home/eidel/.m2/repository/org/slf4j/slf4j-simple/1.5.6/slf4j-simple-1.5.6.jar
     [classpath + loader.0] file:/home/eidel/.m2/repository/org/apache/geronimo/specs/geronimo-jta_1.1_spec/1.1.1/geronimo-jta_1.1_spec-1.1.1.jar
     [bootstrap] /opt/java/jre/lib/jfr.jar
     [classpath + loader.0] file:/home/eidel/.m2/repository/org/scala-lang/scala-library/2.10.3/scala-library-2.10.3.jar
     [classpath + loader.0] file:/home/eidel/.m2/repository/org/neo4j/neo4j-cypher-compiler-2.0/2.0.3/neo4j-cypher-compiler-2.0-2.0.3.jar
     [classpath + loader.0] file:/home/eidel/.m2/repository/org/noggit/noggit/0.5/noggit-0.5.jar
     [classpath + loader.0] file:/home/eidel/Documents/School/Exjobb/Programming/graph/target/classes/
     [classpath + loader.0] file:/home/eidel/.m2/repository/org/neo4j/neo4j-kernel/2.0.3/neo4j-kernel-2.0.3.jar
     [classpath + loader.0] file:/home/eidel/.m2/repository/org/apache/zookeeper/zookeeper/3.4.5/zookeeper-3.4.5.jar
     [bootstrap] /opt/java/jre/lib/jsse.jar
     [classpath + loader.0] file:/home/eidel/.m2/repository/org/apache/httpcomponents/httpcore/4.3/httpcore-4.3.jar
     [classpath + loader.0] file:/home/eidel/.m2/repository/org/apache/solr/solr-solrj/4.7.0/solr-solrj-4.7.0.jar
     [loader.1] file:/opt/java/jre/lib/ext/zipfs.jar
     [loader.1] file:/opt/java/jre/lib/ext/dnsns.jar
     [classpath + loader.0] file:/home/eidel/.m2/repository/log4j/log4j/1.2.16/log4j-1.2.16.jar
     [bootstrap] /opt/java/jre/lib/sunrsasign.jar
     [classpath + loader.0] file:/home/eidel/.m2/repository/commons-io/commons-io/2.1/commons-io-2.1.jar
     [bootstrap] /opt/java/jre/classes
2014-05-23 18:06:00.166+0000 INFO  [org.neo4j]: Library path:
    /usr/java/packages/lib/amd64
    /usr/lib
    /usr/lib
    /usr/lib
    /usr/lib
2014-05-23 18:06:00.166+0000 INFO  [org.neo4j]: System.properties:
    sun.boot.library.path = /opt/java/jre/lib/amd64
    path.separator = :
    file.encoding.pkg = sun.io
    user.country = US
    sun.java.launcher = SUN_STANDARD
    sun.os.patch.level = unknown
    user.dir = /home/eidel/Documents/School/Exjobb/Programming/graph
    sun.jnu.encoding = UTF-8
    sun.management.compiler = HotSpot 64-Bit Tiered Compilers
    user.home = /home/eidel
    user.timezone = Europe/Stockholm
    file.encoding = UTF-8
    user.name = eidel
    sun.java.command = org.agfjord.graph.Main
    sun.arch.data.model = 64
    user.language = en
    awt.toolkit = sun.awt.X11.XToolkit
    file.separator = /
    sun.io.unicode.encoding = UnicodeLittle
    sun.cpu.endian = little
    sun.cpu.isalist = 
2014-05-23 18:06:00.167+0000 INFO  [org.neo4j]: Linux scheduler information:
    noop deadline [cfq] 
    noop deadline [cfq] 
2014-05-23 18:06:00.168+0000 INFO  [org.neo4j]: Network information:
    Interface wlp6s0:
        address: fe80:0:0:0:221:5dff:feee:6578%3
        address: 192.168.0.10
    Interface lo:
        address: 0:0:0:0:0:0:0:1%1
        address: 127.0.0.1
2014-05-23 18:06:00.170+0000 INFO  [org.neo4j]: --- INITIALIZED diagnostics END ---
2014-05-23 18:06:00.350+0000 INFO  [org.neo4j]: Startup failed: Component 'org.neo4j.kernel.StoreLockerLifecycleAdapter@46be916a' was successfully initialized, but failed to start. Please see attached cause exception.: Unable to obtain lock on store lock file: /home/eidel/Documents/School/Exjobb/Programming/graph/data2/store_lock. Please ensure no other process is using this database, and that the directory is writable (required even for read-only access): Unable to lock org.neo4j.kernel.impl.nioneo.store.StoreFileChannel@756af1ba
2014-05-23 18:06:00.350+0000 INFO  [org.neo4j]: Shutdown started
2014-05-23 18:06:00.351+0000 INFO  [org.neo4j]: --- SHUTDOWN diagnostics START ---
2014-05-23 18:06:00.351+0000 INFO  [org.neo4j]: --- SHUTDOWN diagnostics END ---
