\BOOKMARK [1][-]{section.1}{1 First page and outline}{}% 1
\BOOKMARK [2][-]{subsection.1.1}{1.1 Outline}{section.1}% 2
\BOOKMARK [1][-]{section.2}{2 Introduction \046 problem description}{}% 3
\BOOKMARK [2][-]{subsection.2.1}{2.1 Interface definition}{section.2}% 4
\BOOKMARK [1][-]{section.3}{3 Solution}{}% 5
\BOOKMARK [2][-]{subsection.3.1}{3.1 Translation with a grammar}{section.3}% 6
\BOOKMARK [2][-]{subsection.3.2}{3.2 Introducing Grammatical Framework \(GF\)}{section.3}% 7
\BOOKMARK [2][-]{subsection.3.3}{3.3 A simple example}{section.3}% 8
\BOOKMARK [2][-]{subsection.3.4}{3.4 GF implementation: Abstract syntax}{section.3}% 9
\BOOKMARK [2][-]{subsection.3.5}{3.5 GF implementation: English concrete syntax}{section.3}% 10
\BOOKMARK [2][-]{subsection.3.6}{3.6 GF implementation: Solr concrete syntax}{section.3}% 11
\BOOKMARK [2][-]{subsection.3.7}{3.7 GF implementation: Translation}{section.3}% 12
\BOOKMARK [2][-]{subsection.3.8}{3.8 GF implementation: Resource Grammar Library}{section.3}% 13
\BOOKMARK [2][-]{subsection.3.9}{3.9 Resource Grammar Library: English concrete syntax}{section.3}% 14
\BOOKMARK [2][-]{subsection.3.10}{3.10 Resource Grammar Library: Swedish concrete syntax}{section.3}% 15
\BOOKMARK [2][-]{subsection.3.11}{3.11 Extending the grammar}{section.3}% 16
\BOOKMARK [2][-]{subsection.3.12}{3.12 Extending the grammar: All programming languages}{section.3}% 17
\BOOKMARK [2][-]{subsection.3.13}{3.13 Extending the grammar: More instructions}{section.3}% 18
\BOOKMARK [2][-]{subsection.3.14}{3.14 Extending the grammar: More instructions}{section.3}% 19
\BOOKMARK [2][-]{subsection.3.15}{3.15 Extending the grammar: Boolean operators}{section.3}% 20
\BOOKMARK [2][-]{subsection.3.16}{3.16 Suggestion Engine}{section.3}% 21
\BOOKMARK [2][-]{subsection.3.17}{3.17 Suggestion Engine 2}{section.3}% 22
\BOOKMARK [2][-]{subsection.3.18}{3.18 Suggestion Engine: Pseudocode of algorithm}{section.3}% 23
\BOOKMARK [1][-]{section.4}{4 Results}{}% 24
\BOOKMARK [1][-]{section.5}{5 Conclusion}{}% 25
\BOOKMARK [2][-]{subsection.5.1}{5.1 Future Work}{section.5}% 26
