#
# A fatal error has been detected by the Java Runtime Environment:
#
#  SIGSEGV (0xb) at pc=0x00007f6ea808f87c, pid=31323, tid=140112858425088
#
# JRE version: Java(TM) SE Runtime Environment (8.0_05-b13) (build 1.8.0_05-b13)
# Java VM: Java HotSpot(TM) 64-Bit Server VM (25.5-b02 mixed mode linux-amd64 compressed oops)
# Problematic frame:
# V  [libjvm.so+0x67487c]  jni_GetObjectClass+0xbc
#
# Failed to write core dump. Core dumps have been disabled. To enable core dumping, try "ulimit -c unlimited" before starting Java again
#
# If you would like to submit a bug report, please visit:
#   http://bugreport.sun.com/bugreport/crash.jsp
#

---------------  T H R E A D  ---------------

Current thread (0x00000000027b3800):  JavaThread "qtp641030345-18" [_thread_in_vm, id=31648, stack(0x00007f6e9117a000,0x00007f6e9127b000)]

siginfo:si_signo=SIGSEGV: si_errno=0, si_code=1 (SEGV_MAPERR), si_addr=0x0000000000000000

Registers:
RAX=0x00007f6ea8905e79, RBX=0x00000000027b3800, RCX=0x0000000000000000, RDX=0x00007f6ea890fc90
RSP=0x00007f6e91277520, RBP=0x00007f6e91277580, RSI=0x00000000027b3800, RDI=0x00007f6e91277520
R8 =0x00007f6ea8cc4fc8, R9 =0x000000000000001c, R10=0x0000000000000000, R11=0x00007f6e901dedf0
R12=0x00007f6e91277520, R13=0x00000000027b39e0, R14=0x0000000000000000, R15=0x00007f6ea89141e0
RIP=0x00007f6ea808f87c, EFLAGS=0x0000000000010246, CSGSFS=0x0000000000000033, ERR=0x0000000000000004
  TRAPNO=0x000000000000000e

Top of Stack: (sp=0x00007f6e91277520)
0x00007f6e91277520:   00000000027b3800 0000000000000000
0x00007f6e91277530:   0000000001f92860 00007f6ea9313a55
0x00007f6e91277540:   00000000027b3800 0000000000000000
0x00007f6e91277550:   0000000000000007 00000000027b39e0
0x00007f6e91277560:   0000000000000000 0000000001f92860
0x00007f6e91277570:   00007f6e912776b8 00000000027b3800
0x00007f6e91277580:   00007f6e912775a0 00007f6e90607426
0x00007f6e91277590:   00000000027b3800 00007f6e912775e0
0x00007f6e912775a0:   00007f6e912775a0 0000000000000000
0x00007f6e912775b0:   0000000000000000 0080008000200001
0x00007f6e912775c0:   0000000000000000 0000000000000000
0x00007f6e912775d0:   0000000000000000 0000000000000000
0x00007f6e912775e0:   0000000000000000 0000000000000000
0x00007f6e912775f0:   0000000000000000 0000000000000000
0x00007f6e91277600:   0000000000000000 0000000000000000
0x00007f6e91277610:   0000000000000000 0000000000000000
0x00007f6e91277620:   00000000027b3800 00007f6e90821410
0x00007f6e91277630:   00007f6e912776a8 0000000000000000
0x00007f6e91277640:   00007f6e90821410 00007f6e912776c8
0x00007f6e91277650:   00000000027b3800 00007f6e97715b0e
0x00007f6e91277660:   00007f6e9771585c 00007f6e91277668
0x00007f6e91277670:   00007f6e90821410 00007f6e912776c8
0x00007f6e91277680:   00007f6e90821ae0 0000000000000000
0x00007f6e91277690:   00007f6e90821410 0000000000000000
0x00007f6e912776a0:   00007f6e912776c8 00007f6e91277718
0x00007f6e912776b0:   00007f6e9770a210 00000000f3aabca0
0x00007f6e912776c0:   00007f6e97711c1b 0000000000000000
0x00007f6e912776d0:   00000000f3aa6298 00007f6e912776d8
0x00007f6e912776e0:   00007f6e9081eb11 00007f6e91277738
0x00007f6e912776f0:   00007f6e90820130 0000000000000000
0x00007f6e91277700:   00007f6e9081eb90 00007f6e912776c8
0x00007f6e91277710:   00007f6e91277738 00007f6e91277788 

Instructions: (pc=0x00007f6ea808f87c)
0x00007f6ea808f85c:   c7 83 58 02 00 00 06 00 00 00 48 89 de 48 89 5d
0x00007f6ea808f86c:   c0 4c 89 e7 e8 db 0a 01 00 48 8b 05 14 ed 83 00
0x00007f6ea808f87c:   49 8b 16 80 38 00 0f 85 b0 00 00 00 48 8b 52 08
0x00007f6ea808f88c:   48 8b 72 68 4c 89 ef e8 e8 ae 02 00 48 83 7d a8 

Register to memory mapping:

RAX=0x00007f6ea8905e79: <offset 0xeeae79> in /usr/lib/jvm/java-8-oracle/jre/lib/amd64/server/libjvm.so at 0x00007f6ea7a1b000
RBX=0x00000000027b3800 is a thread
RCX=0x0000000000000000 is an unknown value
RDX=0x00007f6ea890fc90: <offset 0xef4c90> in /usr/lib/jvm/java-8-oracle/jre/lib/amd64/server/libjvm.so at 0x00007f6ea7a1b000
RSP=0x00007f6e91277520 is pointing into the stack for thread: 0x00000000027b3800
RBP=0x00007f6e91277580 is pointing into the stack for thread: 0x00000000027b3800
RSI=0x00000000027b3800 is a thread
RDI=0x00007f6e91277520 is pointing into the stack for thread: 0x00000000027b3800
R8 =0x00007f6ea8cc4fc8: <offset 0x386fc8> in /lib/x86_64-linux-gnu/libc.so.6 at 0x00007f6ea893e000
R9 =0x000000000000001c is an unknown value
R10=0x0000000000000000 is an unknown value
R11=0x00007f6e901dedf0: gu_local_pool_+0 in /opt/tomcat/shared/lib/libgu.so.0 at 0x00007f6e901d6000
R12=0x00007f6e91277520 is pointing into the stack for thread: 0x00000000027b3800
R13=0x00000000027b39e0 is an unknown value
R14=0x0000000000000000 is an unknown value
R15=0x00007f6ea89141e0: <offset 0xef91e0> in /usr/lib/jvm/java-8-oracle/jre/lib/amd64/server/libjvm.so at 0x00007f6ea7a1b000


Stack: [0x00007f6e9117a000,0x00007f6e9127b000],  sp=0x00007f6e91277520,  free space=1013k
Native frames: (J=compiled Java code, j=interpreted, Vv=VM code, C=native code)
V  [libjvm.so+0x67487c]  jni_GetObjectClass+0xbc
C  [libjpgf.so+0x3426]  Java_org_grammaticalframework_pgf_PGF_readPGF__Ljava_io_InputStream_2+0x66

Java frames: (J=compiled Java code, j=interpreted, Vv=VM code)
j  org.grammaticalframework.pgf.PGF.readPGF(Ljava/io/InputStream;)Lorg/grammaticalframework/pgf/PGF;+0
j  org.agfjord.grammar.Parser.<init>()V+49
j  org.agfjord.server.JSONService.parseQuestion(Ljava/lang/String;Ljava/lang/String;Ljava/lang/String;)Ljava/lang/String;+4
v  ~StubRoutines::call_stub
J 1974  sun.reflect.NativeMethodAccessorImpl.invoke0(Ljava/lang/reflect/Method;Ljava/lang/Object;[Ljava/lang/Object;)Ljava/lang/Object; (0 bytes) @ 0x00007f6e97cd82b7 [0x00007f6e97cd8240+0x77]
J 1973 C1 sun.reflect.NativeMethodAccessorImpl.invoke(Ljava/lang/Object;[Ljava/lang/Object;)Ljava/lang/Object; (104 bytes) @ 0x00007f6e97cd89f4 [0x00007f6e97cd8660+0x394]
J 1630 C1 sun.reflect.DelegatingMethodAccessorImpl.invoke(Ljava/lang/Object;[Ljava/lang/Object;)Ljava/lang/Object; (10 bytes) @ 0x00007f6e97c069ac [0x00007f6e97c06940+0x6c]
J 1629 C1 java.lang.reflect.Method.invoke(Ljava/lang/Object;[Ljava/lang/Object;)Ljava/lang/Object; (62 bytes) @ 0x00007f6e97c06524 [0x00007f6e97c06420+0x104]
j  org.glassfish.jersey.server.model.internal.ResourceMethodInvocationHandlerFactory$1.invoke(Ljava/lang/Object;Ljava/lang/reflect/Method;[Ljava/lang/Object;)Ljava/lang/Object;+3
j  org.glassfish.jersey.server.model.internal.AbstractJavaResourceMethodDispatcher$1.run()Ljava/lang/Object;+38
j  org.glassfish.jersey.server.model.internal.AbstractJavaResourceMethodDispatcher.invoke(Ljava/lang/Object;[Ljava/lang/Object;)Ljava/lang/Object;+89
j  org.glassfish.jersey.server.model.internal.JavaResourceMethodDispatcherProvider$TypeOutInvoker.doDispatch(Ljava/lang/Object;Ljavax/ws/rs/core/Request;)Ljavax/ws/rs/core/Response;+6
j  org.glassfish.jersey.server.model.internal.AbstractJavaResourceMethodDispatcher.dispatch(Ljava/lang/Object;Lorg/glassfish/jersey/server/ContainerRequest;)Ljavax/ws/rs/core/Response;+5
j  org.glassfish.jersey.server.model.ResourceMethodInvoker.invoke(Lorg/glassfish/jersey/server/ContainerRequest;Ljava/lang/Object;)Ljavax/ws/rs/core/Response;+38
j  org.glassfish.jersey.server.model.ResourceMethodInvoker.apply(Lorg/glassfish/jersey/server/ContainerRequest;)Lorg/glassfish/jersey/server/ContainerResponse;+116
j  org.glassfish.jersey.server.model.ResourceMethodInvoker.apply(Ljava/lang/Object;)Ljava/lang/Object;+5
j  org.glassfish.jersey.server.ServerRuntime$1.run()V+126
j  org.glassfish.jersey.internal.Errors$1.call()Ljava/lang/Void;+4
j  org.glassfish.jersey.internal.Errors$1.call()Ljava/lang/Object;+1
j  org.glassfish.jersey.internal.Errors.process(Ljava/util/concurrent/Callable;Z)Ljava/lang/Object;+36
j  org.glassfish.jersey.internal.Errors.process(Lorg/glassfish/jersey/internal/util/Producer;Z)Ljava/lang/Object;+2
j  org.glassfish.jersey.internal.Errors.process(Ljava/lang/Runnable;)V+9
j  org.glassfish.jersey.process.internal.RequestScope.runInScope(Ljava/lang/Runnable;)V+25
j  org.glassfish.jersey.server.ServerRuntime.process(Lorg/glassfish/jersey/server/ContainerRequest;)V+34
j  org.glassfish.jersey.server.ApplicationHandler.handle(Lorg/glassfish/jersey/server/ContainerRequest;)V+5
j  org.glassfish.jersey.servlet.WebComponent.service(Ljava/net/URI;Ljava/net/URI;Ljavax/servlet/http/HttpServletRequest;Ljavax/servlet/http/HttpServletResponse;)Lorg/glassfish/jersey/internal/util/collection/Value;+119
j  org.glassfish.jersey.servlet.ServletContainer.service(Ljava/net/URI;Ljava/net/URI;Ljavax/servlet/http/HttpServletRequest;Ljavax/servlet/http/HttpServletResponse;)Lorg/glassfish/jersey/internal/util/collection/Value;+9
j  org.glassfish.jersey.servlet.ServletContainer.service(Ljavax/servlet/http/HttpServletRequest;Ljavax/servlet/http/HttpServletResponse;)V+359
j  org.glassfish.jersey.servlet.ServletContainer.service(Ljavax/servlet/ServletRequest;Ljavax/servlet/ServletResponse;)V+39
j  org.eclipse.jetty.servlet.ServletHolder.handle(Lorg/eclipse/jetty/server/Request;Ljavax/servlet/ServletRequest;Ljavax/servlet/ServletResponse;)V+217
j  org.eclipse.jetty.servlet.ServletHandler.doHandle(Ljava/lang/String;Lorg/eclipse/jetty/server/Request;Ljavax/servlet/http/HttpServletRequest;Ljavax/servlet/http/HttpServletResponse;)V+215
j  org.eclipse.jetty.server.handler.ScopedHandler.handle(Ljava/lang/String;Lorg/eclipse/jetty/server/Request;Ljavax/servlet/http/HttpServletRequest;Ljavax/servlet/http/HttpServletResponse;)V+25
j  org.eclipse.jetty.security.SecurityHandler.handle(Ljava/lang/String;Lorg/eclipse/jetty/server/Request;Ljavax/servlet/http/HttpServletRequest;Ljavax/servlet/http/HttpServletResponse;)V+540
j  org.eclipse.jetty.server.session.SessionHandler.doHandle(Ljava/lang/String;Lorg/eclipse/jetty/server/Request;Ljavax/servlet/http/HttpServletRequest;Ljavax/servlet/http/HttpServletResponse;)V+68
j  org.eclipse.jetty.server.handler.ContextHandler.doHandle(Ljava/lang/String;Lorg/eclipse/jetty/server/Request;Ljavax/servlet/http/HttpServletRequest;Ljavax/servlet/http/HttpServletResponse;)V+206
j  org.eclipse.jetty.servlet.ServletHandler.doScope(Ljava/lang/String;Lorg/eclipse/jetty/server/Request;Ljavax/servlet/http/HttpServletRequest;Ljavax/servlet/http/HttpServletResponse;)V+277
j  org.eclipse.jetty.server.session.SessionHandler.doScope(Ljava/lang/String;Lorg/eclipse/jetty/server/Request;Ljavax/servlet/http/HttpServletRequest;Ljavax/servlet/http/HttpServletResponse;)V+233
j  org.eclipse.jetty.server.handler.ContextHandler.doScope(Ljava/lang/String;Lorg/eclipse/jetty/server/Request;Ljavax/servlet/http/HttpServletRequest;Ljavax/servlet/http/HttpServletResponse;)V+437
j  org.eclipse.jetty.server.handler.ScopedHandler.handle(Ljava/lang/String;Lorg/eclipse/jetty/server/Request;Ljavax/servlet/http/HttpServletRequest;Ljavax/servlet/http/HttpServletResponse;)V+13
j  org.eclipse.jetty.server.handler.ContextHandlerCollection.handle(Ljava/lang/String;Lorg/eclipse/jetty/server/Request;Ljavax/servlet/http/HttpServletRequest;Ljavax/servlet/http/HttpServletResponse;)V+399
j  org.eclipse.jetty.server.handler.HandlerCollection.handle(Ljava/lang/String;Lorg/eclipse/jetty/server/Request;Ljavax/servlet/http/HttpServletRequest;Ljavax/servlet/http/HttpServletResponse;)V+42
j  org.eclipse.jetty.server.handler.HandlerWrapper.handle(Ljava/lang/String;Lorg/eclipse/jetty/server/Request;Ljavax/servlet/http/HttpServletRequest;Ljavax/servlet/http/HttpServletResponse;)V+23
j  org.eclipse.jetty.server.Server.handle(Lorg/eclipse/jetty/server/AbstractHttpConnection;)V+146
j  org.eclipse.jetty.server.AbstractHttpConnection.handleRequest()V+328
j  org.eclipse.jetty.server.AbstractHttpConnection.headerComplete()V+472
j  org.eclipse.jetty.server.AbstractHttpConnection$RequestHandler.headerComplete()V+4
j  org.eclipse.jetty.http.HttpParser.parseNext()I+2162
j  org.eclipse.jetty.http.HttpParser.parseAvailable()Z+1
j  org.eclipse.jetty.server.AsyncHttpConnection.handle()Lorg/eclipse/jetty/io/Connection;+80
j  org.eclipse.jetty.io.nio.SelectChannelEndPoint.handle()V+10
j  org.eclipse.jetty.io.nio.SelectChannelEndPoint$1.run()V+4
j  org.eclipse.jetty.util.thread.QueuedThreadPool.runJob(Ljava/lang/Runnable;)V+1
j  org.eclipse.jetty.util.thread.QueuedThreadPool$3.run()V+47
j  java.lang.Thread.run()V+11
v  ~StubRoutines::call_stub

---------------  P R O C E S S  ---------------

Java Threads: ( => current thread )
  0x00000000027b5800 JavaThread "qtp641030345-19" [_thread_blocked, id=31649, stack(0x00007f6e91079000,0x00007f6e9117a000)]
=>0x00000000027b3800 JavaThread "qtp641030345-18" [_thread_in_vm, id=31648, stack(0x00007f6e9117a000,0x00007f6e9127b000)]
  0x00000000027b1800 JavaThread "qtp641030345-17" [_thread_blocked, id=31647, stack(0x00007f6e9127b000,0x00007f6e9137c000)]
  0x00000000027af800 JavaThread "qtp641030345-16" [_thread_blocked, id=31646, stack(0x00007f6e9137c000,0x00007f6e9147d000)]
  0x00000000027ad000 JavaThread "qtp641030345-15" [_thread_blocked, id=31645, stack(0x00007f6e9147d000,0x00007f6e9157e000)]
  0x0000000002463000 JavaThread "qtp641030345-14" [_thread_blocked, id=31644, stack(0x00007f6e9157e000,0x00007f6e9167f000)]
  0x0000000002461000 JavaThread "qtp641030345-13 Acceptor0 SelectChannelConnector@0.0.0.0:8080" [_thread_in_native, id=31643, stack(0x00007f6e9167f000,0x00007f6e91780000)]
  0x0000000002467800 JavaThread "qtp641030345-12 Selector0" [_thread_in_native, id=31642, stack(0x00007f6e91780000,0x00007f6e91881000)]
  0x00007f6e8c5b0800 JavaThread "HashSessionScavenger-0" daemon [_thread_blocked, id=31641, stack(0x00007f6e91c81000,0x00007f6e91d82000)]
  0x00007f6e8c02a800 JavaThread "Service Thread" daemon [_thread_blocked, id=31347, stack(0x00007f6e93147000,0x00007f6e93248000)]
  0x0000000001cce000 JavaThread "C1 CompilerThread1" daemon [_thread_blocked, id=31346, stack(0x00007f6e93248000,0x00007f6e93349000)]
  0x0000000001ccb800 JavaThread "C2 CompilerThread0" daemon [_thread_blocked, id=31345, stack(0x00007f6e93349000,0x00007f6e9344a000)]
  0x0000000001cc9000 JavaThread "Signal Dispatcher" daemon [_thread_blocked, id=31344, stack(0x00007f6e9344a000,0x00007f6e9354b000)]
  0x0000000001c99800 JavaThread "Finalizer" daemon [_thread_blocked, id=31343, stack(0x00007f6e936c2000,0x00007f6e937c3000)]
  0x0000000001c95800 JavaThread "Reference Handler" daemon [_thread_blocked, id=31342, stack(0x00007f6e937c3000,0x00007f6e938c4000)]
  0x0000000001c2b800 JavaThread "main" [_thread_blocked, id=31338, stack(0x00007f6ea9409000,0x00007f6ea950a000)]

Other Threads:
  0x0000000001c90800 VMThread [stack: 0x00007f6e938c4000,0x00007f6e939c5000] [id=31341]
  0x00007f6e8c02d800 WatcherThread [stack: 0x00007f6e93046000,0x00007f6e93147000] [id=31348]

VM state:not at safepoint (normal execution)

VM Mutex/Monitor currently owned by a thread: None

Heap:
 PSYoungGen      total 277504K, used 183101K [0x00000000ebb00000, 0x0000000100000000, 0x0000000100000000)
  eden space 226304K, 58% used [0x00000000ebb00000,0x00000000f3c34150,0x00000000f9800000)
  from space 51200K, 99% used [0x00000000f9800000,0x00000000fc99b3d0,0x00000000fca00000)
  to   space 54784K, 0% used [0x00000000fca80000,0x00000000fca80000,0x0000000100000000)
 ParOldGen       total 87552K, used 72724K [0x00000000c3000000, 0x00000000c8580000, 0x00000000ebb00000)
  object space 87552K, 83% used [0x00000000c3000000,0x00000000c77052d8,0x00000000c8580000)
 Metaspace       used 27616K, capacity 28146K, committed 28544K, reserved 1075200K
  class space    used 3416K, capacity 3596K, committed 3712K, reserved 1048576K

Card table byte_map: [0x00007f6e9715a000,0x00007f6e97343000] byte_map_base: 0x00007f6e96b42000

Marking Bits: (ParMarkBitMap*) 0x00007f6ea8913cc0
 Begin Bits: [0x00007f6e94f92000, 0x00007f6e95ed2000)
 End Bits:   [0x00007f6e95ed2000, 0x00007f6e96e12000)

Polling page: 0x00007f6ea951c000

CodeCache: size=245760Kb used=13913Kb max_used=14210Kb free=231846Kb
 bounds [0x00007f6e97703000, 0x00007f6e984f3000, 0x00007f6ea6703000]
 total_blobs=4569 nmethods=4185 adapters=299
 compilation: enabled

Compilation events (10 events):
Event: 88.394 Thread 0x0000000001ccb800 nmethod 4995 0x00007f6e98209690 code [0x00007f6e982097e0, 0x00007f6e982098e8]
Event: 88.394 Thread 0x0000000001ccb800 5009       4       sun.security.util.DerInputStream::getLength (9 bytes)
Event: 88.397 Thread 0x0000000001cce000 5014       3       sun.reflect.UnsafeFieldAccessorFactory::newFieldAccessor (676 bytes)
Event: 88.399 Thread 0x0000000001cce000 nmethod 5014 0x00007f6e98250e90 code [0x00007f6e98251460, 0x00007f6e98253eb8]
Event: 88.400 Thread 0x0000000001ccb800 nmethod 5009 0x00007f6e9820c910 code [0x00007f6e9820ca80, 0x00007f6e9820d2b8]
Event: 88.400 Thread 0x0000000001ccb800 4991  s    4       java.io.ByteArrayOutputStream::toByteArray (12 bytes)
Event: 88.403 Thread 0x0000000001ccb800 nmethod 4991 0x00007f6e97836b10 code [0x00007f6e97836c60, 0x00007f6e97837118]
Event: 88.404 Thread 0x0000000001ccb800 5007       4       java.lang.Boolean::valueOf (14 bytes)
Event: 88.404 Thread 0x0000000001ccb800 nmethod 5007 0x00007f6e97801c90 code [0x00007f6e97801dc0, 0x00007f6e97801e18]
Event: 88.406 Thread 0x0000000001cce000 5015  s    3       java.util.Stack::pop (19 bytes)

GC Heap History (10 events):
Event: 64.328 GC heap before
{Heap before GC invocations=108 (full 12):
 PSYoungGen      total 287232K, used 285038K [0x00000000ebb00000, 0x0000000100000000, 0x0000000100000000)
  eden space 242688K, 100% used [0x00000000ebb00000,0x00000000fa800000,0x00000000fa800000)
  from space 44544K, 95% used [0x00000000fa800000,0x00000000fd15b9d8,0x00000000fd380000)
  to   space 44544K, 0% used [0x00000000fd480000,0x00000000fd480000,0x0000000100000000)
 ParOldGen       total 86016K, used 73155K [0x00000000c3000000, 0x00000000c8400000, 0x00000000ebb00000)
  object space 86016K, 85% used [0x00000000c3000000,0x00000000c7770e40,0x00000000c8400000)
 Metaspace       used 19105K, capacity 19452K, committed 19584K, reserved 1067008K
  class space    used 2228K, capacity 2380K, committed 2432K, reserved 1048576K
Event: 64.448 GC heap after
Heap after GC invocations=108 (full 12):
 PSYoungGen      total 281088K, used 44516K [0x00000000ebb00000, 0x0000000100000000, 0x0000000100000000)
  eden space 236544K, 0% used [0x00000000ebb00000,0x00000000ebb00000,0x00000000fa200000)
  from space 44544K, 99% used [0x00000000fd480000,0x00000000ffff90d8,0x0000000100000000)
  to   space 48128K, 0% used [0x00000000fa200000,0x00000000fa200000,0x00000000fd100000)
 ParOldGen       total 86016K, used 80815K [0x00000000c3000000, 0x00000000c8400000, 0x00000000ebb00000)
  object space 86016K, 93% used [0x00000000c3000000,0x00000000c7eebf78,0x00000000c8400000)
 Metaspace       used 19105K, capacity 19452K, committed 19584K, reserved 1067008K
  class space    used 2228K, capacity 2380K, committed 2432K, reserved 1048576K
}
Event: 65.717 GC heap before
{Heap before GC invocations=109 (full 12):
 PSYoungGen      total 281088K, used 281060K [0x00000000ebb00000, 0x0000000100000000, 0x0000000100000000)
  eden space 236544K, 100% used [0x00000000ebb00000,0x00000000fa200000,0x00000000fa200000)
  from space 44544K, 99% used [0x00000000fd480000,0x00000000ffff90d8,0x0000000100000000)
  to   space 48128K, 0% used [0x00000000fa200000,0x00000000fa200000,0x00000000fd100000)
 ParOldGen       total 86016K, used 80815K [0x00000000c3000000, 0x00000000c8400000, 0x00000000ebb00000)
  object space 86016K, 93% used [0x00000000c3000000,0x00000000c7eebf78,0x00000000c8400000)
 Metaspace       used 19114K, capacity 19516K, committed 19840K, reserved 1067008K
  class space    used 2229K, capacity 2380K, committed 2432K, reserved 1048576K
Event: 65.832 GC heap after
Heap after GC invocations=109 (full 12):
 PSYoungGen      total 284672K, used 48124K [0x00000000ebb00000, 0x0000000100000000, 0x0000000100000000)
  eden space 236544K, 0% used [0x00000000ebb00000,0x00000000ebb00000,0x00000000fa200000)
  from space 48128K, 99% used [0x00000000fa200000,0x00000000fd0ff3f8,0x00000000fd100000)
  to   space 48128K, 0% used [0x00000000fd100000,0x00000000fd100000,0x0000000100000000)
 ParOldGen       total 87040K, used 86531K [0x00000000c3000000, 0x00000000c8500000, 0x00000000ebb00000)
  object space 87040K, 99% used [0x00000000c3000000,0x00000000c8480c78,0x00000000c8500000)
 Metaspace       used 19114K, capacity 19516K, committed 19840K, reserved 1067008K
  class space    used 2229K, capacity 2380K, committed 2432K, reserved 1048576K
}
Event: 65.832 GC heap before
{Heap before GC invocations=110 (full 13):
 PSYoungGen      total 284672K, used 48124K [0x00000000ebb00000, 0x0000000100000000, 0x0000000100000000)
  eden space 236544K, 0% used [0x00000000ebb00000,0x00000000ebb00000,0x00000000fa200000)
  from space 48128K, 99% used [0x00000000fa200000,0x00000000fd0ff3f8,0x00000000fd100000)
  to   space 48128K, 0% used [0x00000000fd100000,0x00000000fd100000,0x0000000100000000)
 ParOldGen       total 87040K, used 86531K [0x00000000c3000000, 0x00000000c8500000, 0x00000000ebb00000)
  object space 87040K, 99% used [0x00000000c3000000,0x00000000c8480c78,0x00000000c8500000)
 Metaspace       used 19114K, capacity 19516K, committed 19840K, reserved 1067008K
  class space    used 2229K, capacity 2380K, committed 2432K, reserved 1048576K
Event: 66.119 GC heap after
Heap after GC invocations=110 (full 13):
 PSYoungGen      total 284672K, used 0K [0x00000000ebb00000, 0x0000000100000000, 0x0000000100000000)
  eden space 236544K, 0% used [0x00000000ebb00000,0x00000000ebb00000,0x00000000fa200000)
  from space 48128K, 0% used [0x00000000fa200000,0x00000000fa200000,0x00000000fd100000)
  to   space 48128K, 0% used [0x00000000fd100000,0x00000000fd100000,0x0000000100000000)
 ParOldGen       total 87552K, used 68825K [0x00000000c3000000, 0x00000000c8580000, 0x00000000ebb00000)
  object space 87552K, 78% used [0x00000000c3000000,0x00000000c7336580,0x00000000c8580000)
 Metaspace       used 19114K, capacity 19516K, committed 19840K, reserved 1067008K
  class space    used 2229K, capacity 2380K, committed 2432K, reserved 1048576K
}
Event: 67.184 GC heap before
{Heap before GC invocations=111 (full 13):
 PSYoungGen      total 284672K, used 236544K [0x00000000ebb00000, 0x0000000100000000, 0x0000000100000000)
  eden space 236544K, 100% used [0x00000000ebb00000,0x00000000fa200000,0x00000000fa200000)
  from space 48128K, 0% used [0x00000000fa200000,0x00000000fa200000,0x00000000fd100000)
  to   space 48128K, 0% used [0x00000000fd100000,0x00000000fd100000,0x0000000100000000)
 ParOldGen       total 87552K, used 68825K [0x00000000c3000000, 0x00000000c8580000, 0x00000000ebb00000)
  object space 87552K, 78% used [0x00000000c3000000,0x00000000c7336580,0x00000000c8580000)
 Metaspace       used 19119K, capacity 19516K, committed 19840K, reserved 1067008K
  class space    used 2230K, capacity 2380K, committed 2432K, reserved 1048576K
Event: 67.273 GC heap after
Heap after GC invocations=111 (full 13):
 PSYoungGen      total 274432K, used 48109K [0x00000000ebb00000, 0x0000000100000000, 0x0000000100000000)
  eden space 226304K, 0% used [0x00000000ebb00000,0x00000000ebb00000,0x00000000f9800000)
  from space 48128K, 99% used [0x00000000fd100000,0x00000000ffffb658,0x0000000100000000)
  to   space 53248K, 0% used [0x00000000f9800000,0x00000000f9800000,0x00000000fcc00000)
 ParOldGen       total 87552K, used 71148K [0x00000000c3000000, 0x00000000c8580000, 0x00000000ebb00000)
  object space 87552K, 81% used [0x00000000c3000000,0x00000000c757b2d8,0x00000000c8580000)
 Metaspace       used 19119K, capacity 19516K, committed 19840K, reserved 1067008K
  class space    used 2230K, capacity 2380K, committed 2432K, reserved 1048576K
}
Event: 68.333 GC heap before
{Heap before GC invocations=112 (full 13):
 PSYoungGen      total 274432K, used 274413K [0x00000000ebb00000, 0x0000000100000000, 0x0000000100000000)
  eden space 226304K, 100% used [0x00000000ebb00000,0x00000000f9800000,0x00000000f9800000)
  from space 48128K, 99% used [0x00000000fd100000,0x00000000ffffb658,0x0000000100000000)
  to   space 53248K, 0% used [0x00000000f9800000,0x00000000f9800000,0x00000000fcc00000)
 ParOldGen       total 87552K, used 71148K [0x00000000c3000000, 0x00000000c8580000, 0x00000000ebb00000)
  object space 87552K, 81% used [0x00000000c3000000,0x00000000c757b2d8,0x00000000c8580000)
 Metaspace       used 19119K, capacity 19516K, committed 19840K, reserved 1067008K
  class space    used 2230K, capacity 2380K, committed 2432K, reserved 1048576K
Event: 68.469 GC heap after
Heap after GC invocations=112 (full 13):
 PSYoungGen      total 277504K, used 50796K [0x00000000ebb00000, 0x0000000100000000, 0x0000000100000000)
  eden space 226304K, 0% used [0x00000000ebb00000,0x00000000ebb00000,0x00000000f9800000)
  from space 51200K, 99% used [0x00000000f9800000,0x00000000fc99b3d0,0x00000000fca00000)
  to   space 54784K, 0% used [0x00000000fca80000,0x00000000fca80000,0x0000000100000000)
 ParOldGen       total 87552K, used 72724K [0x00000000c3000000, 0x00000000c8580000, 0x00000000ebb00000)
  object space 87552K, 83% used [0x00000000c3000000,0x00000000c77052d8,0x00000000c8580000)
 Metaspace       used 19119K, capacity 19516K, committed 19840K, reserved 1067008K
  class space    used 2230K, capacity 2380K, committed 2432K, reserved 1048576K
}

Deoptimization events (10 events):
Event: 88.335 Thread 0x00000000027b3800 Uncommon trap: reason=class_check action=maybe_recompile pc=0x00007f6e9808c984 method=java.lang.StringCoding$StringDecoder.decode([BII)[C @ 30
Event: 88.335 Thread 0x00000000027b3800 Uncommon trap: reason=class_check action=maybe_recompile pc=0x00007f6e9808c984 method=java.lang.StringCoding$StringDecoder.decode([BII)[C @ 30
Event: 88.337 Thread 0x00000000027b3800 Uncommon trap: reason=null_check action=make_not_entrant pc=0x00007f6e97849290 method=sun.security.x509.X500Name.intern(Lsun/security/util/ObjectIdentifier;)Lsun/security/util/ObjectIdentifier; @ 9
Event: 88.338 Thread 0x00000000027b3800 Uncommon trap: reason=class_check action=maybe_recompile pc=0x00007f6e9808c984 method=java.lang.StringCoding$StringDecoder.decode([BII)[C @ 30
Event: 88.347 Thread 0x00000000027b3800 Uncommon trap: reason=bimorphic action=maybe_recompile pc=0x00007f6e978e4144 method=sun.security.jca.ProviderList$ServiceList.tryGet(I)Ljava/security/Provider$Service; @ 102
Event: 88.358 Thread 0x00000000027b3800 Uncommon trap: reason=bimorphic action=maybe_recompile pc=0x00007f6e978e4144 method=sun.security.jca.ProviderList$ServiceList.tryGet(I)Ljava/security/Provider$Service; @ 102
Event: 88.367 Thread 0x00000000027b3800 Uncommon trap: reason=bimorphic action=maybe_recompile pc=0x00007f6e978e4144 method=sun.security.jca.ProviderList$ServiceList.tryGet(I)Ljava/security/Provider$Service; @ 102
Event: 88.394 Thread 0x00000000027b3800 Uncommon trap: reason=class_check action=maybe_recompile pc=0x00007f6e984a93c0 method=sun.misc.Resource.cachedInputStream()Ljava/io/InputStream; @ 9
Event: 88.395 Thread 0x00000000027b3800 Uncommon trap: reason=class_check action=maybe_recompile pc=0x00007f6e984a93c0 method=sun.misc.Resource.cachedInputStream()Ljava/io/InputStream; @ 9
Event: 88.396 Thread 0x00000000027b3800 Uncommon trap: reason=class_check action=maybe_recompile pc=0x00007f6e984a93c0 method=sun.misc.Resource.cachedInputStream()Ljava/io/InputStream; @ 9

Internal exceptions (10 events):
Event: 88.274 Thread 0x00000000027b3800 Exception <a 'java/security/PrivilegedActionException'> (0x00000000f343a9f0) thrown at [/HUDSON/workspace/8-2-build-linux-amd64/jdk8u5/2488/hotspot/src/share/vm/prims/jvm.cpp, line 1248]
Event: 88.274 Thread 0x00000000027b3800 Exception <a 'java/security/PrivilegedActionException'> (0x00000000f343b630) thrown at [/HUDSON/workspace/8-2-build-linux-amd64/jdk8u5/2488/hotspot/src/share/vm/prims/jvm.cpp, line 1248]
Event: 88.275 Thread 0x00000000027b3800 Exception <a 'java/security/PrivilegedActionException'> (0x00000000f3445950) thrown at [/HUDSON/workspace/8-2-build-linux-amd64/jdk8u5/2488/hotspot/src/share/vm/prims/jvm.cpp, line 1248]
Event: 88.275 Thread 0x00000000027b3800 Exception <a 'java/security/PrivilegedActionException'> (0x00000000f3449a90) thrown at [/HUDSON/workspace/8-2-build-linux-amd64/jdk8u5/2488/hotspot/src/share/vm/prims/jvm.cpp, line 1248]
Event: 88.275 Thread 0x00000000027b3800 Exception <a 'java/security/PrivilegedActionException'> (0x00000000f344a980) thrown at [/HUDSON/workspace/8-2-build-linux-amd64/jdk8u5/2488/hotspot/src/share/vm/prims/jvm.cpp, line 1248]
Event: 88.275 Thread 0x00000000027b3800 Exception <a 'java/security/PrivilegedActionException'> (0x00000000f344b850) thrown at [/HUDSON/workspace/8-2-build-linux-amd64/jdk8u5/2488/hotspot/src/share/vm/prims/jvm.cpp, line 1248]
Event: 88.285 Thread 0x00000000027b3800 Implicit null exception at 0x00007f6e97916e35 to 0x00007f6e97917175
Event: 88.298 Thread 0x00000000027b3800 Implicit null exception at 0x00007f6e9792972c to 0x00007f6e97929f04
Event: 88.298 Thread 0x00000000027b3800 Implicit null exception at 0x00007f6e983c9112 to 0x00007f6e983c9261
Event: 88.337 Thread 0x00000000027b3800 Implicit null exception at 0x00007f6e978489dd to 0x00007f6e9784925d

Events (10 events):
Event: 88.400 Thread 0x0000000001cce000 flushing nmethod 0x00007f6e97836f90
Event: 88.400 Thread 0x0000000001cce000 flushing nmethod 0x00007f6e97839710
Event: 88.400 Thread 0x0000000001cce000 flushing nmethod 0x00007f6e9784c310
Event: 88.400 loading class sun/reflect/UnsafeStaticObjectFieldAccessorImpl
Event: 88.400 loading class sun/reflect/UnsafeStaticObjectFieldAccessorImpl done
Event: 88.400 loading class java/lang/ClassLoaderHelper
Event: 88.400 loading class java/lang/ClassLoaderHelper done
Event: 88.403 Thread 0x0000000001ccb800 flushing nmethod 0x00007f6e978baad0
Event: 88.403 Thread 0x0000000001ccb800 flushing nmethod 0x00007f6e978d0cd0
Event: 88.404 Thread 0x0000000001ccb800 flushing nmethod 0x00007f6e9796b0d0


Dynamic libraries:
00400000-00401000 r-xp 00000000 08:01 1318028                            /usr/lib/jvm/java-8-oracle/bin/java
00600000-00601000 rw-p 00000000 08:01 1318028                            /usr/lib/jvm/java-8-oracle/bin/java
01c20000-050ac000 rw-p 00000000 00:00 0                                  [heap]
c3000000-c8580000 rw-p 00000000 00:00 0 
c8580000-ebb00000 ---p 00000000 00:00 0 
ebb00000-100000000 rw-p 00000000 00:00 0 
100000000-1003a0000 rw-p 00000000 00:00 0 
1003a0000-140000000 ---p 00000000 00:00 0 
7f6e84000000-7f6e87194000 rw-p 00000000 00:00 0 
7f6e87194000-7f6e88000000 ---p 00000000 00:00 0 
7f6e8c000000-7f6e8fc23000 rw-p 00000000 00:00 0 
7f6e8fc23000-7f6e90000000 ---p 00000000 00:00 0 
7f6e901d6000-7f6e901e6000 r-xp 00000000 08:01 3282161                    /opt/tomcat/shared/lib/libgu.so.0.0.0
7f6e901e6000-7f6e903e5000 ---p 00010000 08:01 3282161                    /opt/tomcat/shared/lib/libgu.so.0.0.0
7f6e903e5000-7f6e903e6000 rw-p 0000f000 08:01 3282161                    /opt/tomcat/shared/lib/libgu.so.0.0.0
7f6e903e6000-7f6e90403000 r-xp 00000000 08:01 3282167                    /opt/tomcat/shared/lib/libpgf.so.0.0.0
7f6e90403000-7f6e90602000 ---p 0001d000 08:01 3282167                    /opt/tomcat/shared/lib/libpgf.so.0.0.0
7f6e90602000-7f6e90604000 rw-p 0001c000 08:01 3282167                    /opt/tomcat/shared/lib/libpgf.so.0.0.0
7f6e90604000-7f6e9060c000 r-xp 00000000 08:01 3282162                    /opt/tomcat/shared/lib/libjpgf.so
7f6e9060c000-7f6e9080b000 ---p 00008000 08:01 3282162                    /opt/tomcat/shared/lib/libjpgf.so
7f6e9080b000-7f6e9080c000 rw-p 00007000 08:01 3282162                    /opt/tomcat/shared/lib/libjpgf.so
7f6e9080c000-7f6e9084c000 rw-p 00000000 00:00 0 
7f6e9084c000-7f6e90a0c000 ---p 00000000 00:00 0 
7f6e90a0c000-7f6e90a21000 r-xp 00000000 08:01 4194308                    /lib/x86_64-linux-gnu/libgcc_s.so.1
7f6e90a21000-7f6e90c21000 ---p 00015000 08:01 4194308                    /lib/x86_64-linux-gnu/libgcc_s.so.1
7f6e90c21000-7f6e90c22000 rw-p 00015000 08:01 4194308                    /lib/x86_64-linux-gnu/libgcc_s.so.1
7f6e90c30000-7f6e90c31000 rw-p 00000000 00:00 0 
7f6e90c31000-7f6e90c63000 r-xp 00000000 08:01 1317740                    /usr/lib/jvm/java-8-oracle/jre/lib/amd64/libsunec.so
7f6e90c63000-7f6e90e62000 ---p 00032000 08:01 1317740                    /usr/lib/jvm/java-8-oracle/jre/lib/amd64/libsunec.so
7f6e90e62000-7f6e90e68000 rw-p 00031000 08:01 1317740                    /usr/lib/jvm/java-8-oracle/jre/lib/amd64/libsunec.so
7f6e90e68000-7f6e90e78000 rw-p 00000000 00:00 0 
7f6e90e78000-7f6e90e79000 r--s 00009000 08:01 1317835                    /usr/lib/jvm/java-8-oracle/jre/lib/ext/sunec.jar
7f6e90e79000-7f6e91079000 rw-p 00000000 00:00 0 
7f6e91079000-7f6e9107c000 ---p 00000000 00:00 0 
7f6e9107c000-7f6e9117a000 rw-p 00000000 00:00 0 
7f6e9117a000-7f6e9117d000 ---p 00000000 00:00 0 
7f6e9117d000-7f6e9127b000 rw-p 00000000 00:00 0 
7f6e9127b000-7f6e9127e000 ---p 00000000 00:00 0 
7f6e9127e000-7f6e9137c000 rw-p 00000000 00:00 0 
7f6e9137c000-7f6e9137f000 ---p 00000000 00:00 0 
7f6e9137f000-7f6e9147d000 rw-p 00000000 00:00 0 
7f6e9147d000-7f6e91480000 ---p 00000000 00:00 0 
7f6e91480000-7f6e9157e000 rw-p 00000000 00:00 0 
7f6e9157e000-7f6e91581000 ---p 00000000 00:00 0 
7f6e91581000-7f6e9167f000 rw-p 00000000 00:00 0 
7f6e9167f000-7f6e91682000 ---p 00000000 00:00 0 
7f6e91682000-7f6e91780000 rw-p 00000000 00:00 0 
7f6e91780000-7f6e91783000 ---p 00000000 00:00 0 
7f6e91783000-7f6e91a81000 rw-p 00000000 00:00 0 
7f6e91a81000-7f6e91c81000 rw-p 00000000 00:00 0 
7f6e91c81000-7f6e91c84000 ---p 00000000 00:00 0 
7f6e91c84000-7f6e91d82000 rw-p 00000000 00:00 0 
7f6e91d82000-7f6e91d83000 r--s 0000b000 08:01 4850276                    /home/eidel/.m2/repository/org/neo4j/neo4j-jmx/2.1.2/neo4j-jmx-2.1.2.jar
7f6e91d83000-7f6e91df5000 r--s 0065a000 08:01 4850416                    /home/eidel/.m2/repository/org/scala-lang/scala-library/2.10.4/scala-library-2.10.4.jar
7f6e91df5000-7f6e91df8000 r--s 0000b000 08:01 4719720                    /home/eidel/.m2/repository/com/googlecode/concurrentlinkedhashmap/concurrentlinkedhashmap-lru/1.3.1/concurrentlinkedhashmap-lru-1.3.1.jar
7f6e91df8000-7f6e91e8f000 r--s 0067f000 08:01 4850192                    /home/eidel/.m2/repository/org/neo4j/neo4j-cypher-compiler-2.1/2.1.2/neo4j-cypher-compiler-2.1-2.1.2.jar
7f6e91e8f000-7f6e91e90000 r--s 00003000 08:01 4720023                    /home/eidel/.m2/repository/net/sf/opencsv/opencsv/2.0/opencsv-2.0.jar
7f6e91e90000-7f6e91e95000 r--s 00029000 08:01 4850395                    /home/eidel/.m2/repository/org/parboiled/parboiled-core/1.1.6/parboiled-core-1.1.6.jar
7f6e91e95000-7f6e91e9a000 r--s 00036000 08:01 4850402                    /home/eidel/.m2/repository/org/parboiled/parboiled-scala_2.10/1.1.6/parboiled-scala_2.10-1.1.6.jar
7f6e91e9a000-7f6e91f0a000 r--s 004b8000 08:01 4850178                    /home/eidel/.m2/repository/org/neo4j/neo4j-cypher-compiler-2.0/2.0.3/neo4j-cypher-compiler-2.0-2.0.3.jar
7f6e91f0a000-7f6e91f4f000 r--s 002a1000 08:01 4850164                    /home/eidel/.m2/repository/org/neo4j/neo4j-cypher-compiler-1.9/2.0.3/neo4j-cypher-compiler-1.9-2.0.3.jar
7f6e91f4f000-7f6e91f54000 r--s 00030000 08:01 4850157                    /home/eidel/.m2/repository/org/neo4j/neo4j-cypher-commons/2.1.2/neo4j-cypher-commons-2.1.2.jar
7f6e91f54000-7f6e91f58000 r--s 00029000 08:01 4850213                    /home/eidel/.m2/repository/org/neo4j/neo4j-cypher/2.1.2/neo4j-cypher-2.1.2.jar
7f6e91f58000-7f6e91f5a000 r--s 0000c000 08:01 4850255                    /home/eidel/.m2/repository/org/neo4j/neo4j-graph-matching/2.1.2/neo4j-graph-matching-2.1.2.jar
7f6e91f5a000-7f6e91f5c000 r--s 00008000 08:01 4850346                    /home/eidel/.m2/repository/org/neo4j/neo4j-udc/2.1.2/neo4j-udc-2.1.2.jar
7f6e91f5c000-7f6e91f60000 r--s 00025000 08:01 4850234                    /home/eidel/.m2/repository/org/neo4j/neo4j-graph-algo/2.1.2/neo4j-graph-algo-2.1.2.jar
7f6e91f60000-7f6e91f79000 r--s 0015f000 08:01 4720418                    /home/eidel/.m2/repository/org/apache/lucene/lucene-core/3.6.2/lucene-core-3.6.2.jar
7f6e91f79000-7f6e91f7f000 r--s 00039000 08:01 4850318                    /home/eidel/.m2/repository/org/neo4j/neo4j-lucene-index/2.1.2/neo4j-lucene-index-2.1.2.jar
7f6e91f7f000-7f6e91f80000 r--s 00003000 08:01 4720225                    /home/eidel/.m2/repository/org/apache/geronimo/specs/geronimo-jta_1.1_spec/1.1.1/geronimo-jta_1.1_spec-1.1.1.jar
7f6e91f80000-7f6e91f84000 r--s 00017000 08:01 4850325                    /home/eidel/.m2/repository/org/neo4j/neo4j-primitive-collections/2.1.2/neo4j-primitive-collections-2.1.2.jar
7f6e91f84000-7f6e91fbc000 r--s 0023a000 08:01 4850297                    /home/eidel/.m2/repository/org/neo4j/neo4j-kernel/2.1.2/neo4j-kernel-2.1.2.jar
7f6e91fbc000-7f6e91fbd000 r--s 00005000 08:01 4850367                    /home/eidel/.m2/repository/org/neo4j/neo4j/2.1.2/neo4j-2.1.2.jar
7f6e91fbd000-7f6e91fc2000 r--s 0002a000 08:01 4719703                    /home/eidel/.m2/repository/com/google/code/gson/gson/2.2.4/gson-2.2.4.jar
7f6e91fc2000-7f6e91fc4000 r--s 00004000 08:01 4850423                    /home/eidel/.m2/repository/org/slf4j/slf4j-api/1.5.6/slf4j-api-1.5.6.jar
7f6e91fc4000-7f6e91fc5000 r--s 00001000 08:01 4850434                    /home/eidel/.m2/repository/org/slf4j/slf4j-simple/1.5.6/slf4j-simple-1.5.6.jar
7f6e91fc5000-7f6e91fc7000 r--s 0000d000 08:01 4719885                    /home/eidel/.m2/repository/commons-logging/commons-logging/1.1.1/commons-logging-1.1.1.jar
7f6e91fc7000-7f6e91fc8000 r--s 00005000 08:01 4850388                    /home/eidel/.m2/repository/org/noggit/noggit/0.5/noggit-0.5.jar
7f6e91fc8000-7f6e91fcf000 r--s 00079000 08:01 4849899                    /home/eidel/.m2/repository/org/codehaus/woodstox/wstx-asl/3.2.7/wstx-asl-3.2.7.jar
7f6e91fcf000-7f6e91fdb000 r--s 000b3000 08:01 4721553                    /home/eidel/.m2/repository/org/apache/zookeeper/zookeeper/3.4.5/zookeeper-3.4.5.jar
7f6e91fdb000-7f6e91fdd000 r--s 00008000 08:01 4720354                    /home/eidel/.m2/repository/org/apache/httpcomponents/httpmime/4.3.1/httpmime-4.3.1.jar
7f6e91fdd000-7f6e91fe3000 r--s 0003f000 08:01 4720347                    /home/eidel/.m2/repository/org/apache/httpcomponents/httpcore/4.3/httpcore-4.3.jar
7f6e91fe3000-7f6e91fee000 r--s 00084000 08:01 4720280                    /home/eidel/.m2/repository/org/apache/httpcomponents/httpclient/4.3.1/httpclient-4.3.1.jar
7f6e91fee000-7f6e91ff7000 r--s 0006d000 08:01 4719993                    /home/eidel/.m2/repository/log4j/log4j/1.2.16/log4j-1.2.16.jar
7f6e91ff7000-7f6e91ffa000 r--s 00025000 08:01 4719833                    /home/eidel/.m2/repository/commons-io/commons-io/2.1/commons-io-2.1.jar
7f6e91ffa000-7f6e92002000 r--s 0005e000 08:01 4721410                    /home/eidel/.m2/repository/org/apache/solr/solr-solrj/4.7.0/solr-solrj-4.7.0.jar
7f6e92002000-7f6e92007000 r--s 0002a000 08:01 4849911                    /home/eidel/.m2/repository/org/eclipse/persistence/org.eclipse.persistence.antlr/2.5.0/org.eclipse.persistence.antlr-2.5.0.jar
7f6e92007000-7f6e9200e000 r--s 0003c000 08:01 4849918                    /home/eidel/.m2/repository/org/eclipse/persistence/org.eclipse.persistence.asm/2.5.0/org.eclipse.persistence.asm-2.5.0.jar
7f6e9200e000-7f6e9204c000 r--s 00482000 08:01 4849925                    /home/eidel/.m2/repository/org/eclipse/persistence/org.eclipse.persistence.core/2.5.0/org.eclipse.persistence.core-2.5.0.jar
7f6e9204c000-7f6e92053000 r--s 00071000 08:01 4849932                    /home/eidel/.m2/repository/org/eclipse/persistence/org.eclipse.persistence.moxy/2.5.0/org.eclipse.persistence.moxy-2.5.0.jar
7f6e92053000-7f6e92056000 r--s 0000e000 08:01 4850052                    /home/eidel/.m2/repository/org/glassfish/jersey/ext/jersey-entity-filtering/2.7/jersey-entity-filtering-2.7.jar
7f6e92056000-7f6e92058000 r--s 00005000 08:01 4850067                    /home/eidel/.m2/repository/org/glassfish/jersey/media/jersey-media-moxy/2.7/jersey-media-moxy-2.7.jar
7f6e92058000-7f6e9205c000 r--s 00018000 08:01 4719956                    /home/eidel/.m2/repository/javax/ws/rs/javax.ws.rs-api/2.0/javax.ws.rs-api-2.0.jar
7f6e9205c000-7f6e9205d000 r--s 00004000 08:01 4849998                    /home/eidel/.m2/repository/org/glassfish/hk2/osgi-resource-locator/1.0.1/osgi-resource-locator-1.0.1.jar
7f6e9205d000-7f6e92075000 r--s 000d4000 08:01 4850009                    /home/eidel/.m2/repository/org/glassfish/jersey/bundles/repackaged/jersey-guava/2.7/jersey-guava-2.7.jar
7f6e92075000-7f6e92084000 r--s 0009f000 08:01 4850038                    /home/eidel/.m2/repository/org/glassfish/jersey/core/jersey-common/2.7/jersey-common-2.7.jar
7f6e92084000-7f6e92088000 r--s 0000c000 08:01 4719945                    /home/eidel/.m2/repository/javax/validation/validation-api/1.1.0.Final/validation-api-1.1.0.Final.jar
7f6e92088000-7f6e92092000 r--s 000a5000 08:01 4850106                    /home/eidel/.m2/repository/org/javassist/javassist/3.18.1-GA/javassist-3.18.1-GA.jar
7f6e92092000-7f6e92095000 r--s 00027000 08:01 4849976                    /home/eidel/.m2/repository/org/glassfish/hk2/hk2-locator/2.2.0/hk2-locator-2.2.0.jar
7f6e92095000-7f6e92097000 r--s 00002000 08:01 4849947                    /home/eidel/.m2/repository/org/glassfish/hk2/external/aopalliance-repackaged/2.2.0/aopalliance-repackaged-2.2.0.jar
7f6e92097000-7f6e9209a000 r--s 0000e000 08:01 4849991                    /home/eidel/.m2/repository/org/glassfish/hk2/hk2-utils/2.2.0/hk2-utils-2.2.0.jar
7f6e9209a000-7f6e9209e000 r--s 0001f000 08:01 4849961                    /home/eidel/.m2/repository/org/glassfish/hk2/hk2-api/2.2.0/hk2-api-2.2.0.jar
7f6e9209e000-7f6e920a0000 r--s 00005000 08:01 4719922                    /home/eidel/.m2/repository/javax/annotation/javax.annotation-api/1.2/javax.annotation-api-1.2.jar
7f6e920a0000-7f6e920a4000 r--s 00022000 08:01 4850031                    /home/eidel/.m2/repository/org/glassfish/jersey/core/jersey-client/2.7/jersey-client-2.7.jar
7f6e920a4000-7f6e920b9000 r--s 000cd000 08:01 4850045                    /home/eidel/.m2/repository/org/glassfish/jersey/core/jersey-server/2.7/jersey-server-2.7.jar
7f6e920b9000-7f6e920ba000 r--s 00001000 08:01 4849954                    /home/eidel/.m2/repository/org/glassfish/hk2/external/javax.inject/2.2.0/javax.inject-2.2.0.jar
7f6e920ba000-7f6e920bd000 r--s 0000b000 08:01 4850020                    /home/eidel/.m2/repository/org/glassfish/jersey/containers/jersey-container-servlet-core/2.7/jersey-container-servlet-core-2.7.jar
7f6e920bd000-7f6e920be000 r--p 00000000 08:01 1181997                    /usr/share/locale/en_GB/LC_MESSAGES/libc.mo
7f6e920be000-7f6e922be000 rw-p 00000000 00:00 0 
7f6e922be000-7f6e922c1000 r--s 00019000 08:01 1318005                    /usr/lib/jvm/java-8-oracle/jre/lib/jce.jar
7f6e922c1000-7f6e924c1000 rw-p 00000000 00:00 0 
7f6e924c1000-7f6e924d0000 r--s 0019c000 08:01 4723318                    /home/eidel/.m2/repository/org/eclipse/jetty/orbit/org.eclipse.jdt.core/3.7.1/org.eclipse.jdt.core-3.7.1.jar
7f6e924d0000-7f6e924d3000 r--s 0001d000 08:01 4723315                    /home/eidel/.m2/repository/org/eclipse/jetty/orbit/com.sun.el/2.2.0.v201108011116/com.sun.el-2.2.0.v201108011116.jar
7f6e924d3000-7f6e924d5000 r--s 0000b000 08:01 4723313                    /home/eidel/.m2/repository/org/eclipse/jetty/orbit/javax.el/2.2.0.v201108011116/javax.el-2.2.0.v201108011116.jar
7f6e924d5000-7f6e924dd000 r--s 00061000 08:01 4723314                    /home/eidel/.m2/repository/org/eclipse/jetty/orbit/org.apache.taglibs.standard.glassfish/1.2.0.v201112081803/org.apache.taglibs.standard.glassfish-1.2.0.v201112081803.jar
7f6e924dd000-7f6e924df000 r--s 0000b000 08:01 4723311                    /home/eidel/.m2/repository/org/eclipse/jetty/orbit/javax.servlet.jsp.jstl/1.2.0.v201105211821/javax.servlet.jsp.jstl-1.2.0.v201105211821.jar
7f6e924df000-7f6e924e6000 r--s 0008a000 08:01 4723307                    /home/eidel/.m2/repository/org/eclipse/jetty/orbit/org.apache.jasper.glassfish/2.2.2.v201112011158/org.apache.jasper.glassfish-2.2.2.v201112011158.jar
7f6e924e6000-7f6e924e8000 r--s 00018000 08:01 4723306                    /home/eidel/.m2/repository/org/eclipse/jetty/orbit/javax.servlet.jsp/2.2.0.v201112011158/javax.servlet.jsp-2.2.0.v201112011158.jar
7f6e924e8000-7f6e924e9000 r--s 00000000 08:01 4723305                    /home/eidel/.m2/repository/org/eclipse/jetty/jetty-jsp/8.1.15.v20140411/jetty-jsp-8.1.15.v20140411.jar
7f6e924e9000-7f6e924eb000 r--s 00016000 08:01 4723302                    /home/eidel/.m2/repository/org/eclipse/jetty/jetty-http/8.1.15.v20140411/jetty-http-8.1.15.v20140411.jar
7f6e924eb000-7f6e924ed000 r--s 00018000 08:01 4723299                    /home/eidel/.m2/repository/org/eclipse/jetty/jetty-io/8.1.15.v20140411/jetty-io-8.1.15.v20140411.jar
7f6e924ed000-7f6e924f0000 r--s 0001d000 08:01 4723298                    /home/eidel/.m2/repository/org/eclipse/jetty/jetty-websocket/8.1.15.v20140411/jetty-websocket-8.1.15.v20140411.jar
7f6e924f0000-7f6e924f5000 r--s 00032000 08:01 4723297                    /home/eidel/.m2/repository/org/eclipse/jetty/orbit/org.objectweb.asm/3.1.0.v200803061910/org.objectweb.asm-3.1.0.v200803061910.jar
7f6e924f5000-7f6e924f7000 r--s 00005000 08:01 4723296                    /home/eidel/.m2/repository/org/eclipse/jetty/orbit/javax.annotation/1.1.0.v201108011116/javax.annotation-1.1.0.v201108011116.jar
7f6e924f7000-7f6e924f9000 r--s 00011000 08:01 4723291                    /home/eidel/.m2/repository/org/eclipse/jetty/jetty-annotations/8.1.15.v20140411/jetty-annotations-8.1.15.v20140411.jar
7f6e924f9000-7f6e924fb000 r--s 00005000 08:01 4723290                    /home/eidel/.m2/repository/org/eclipse/jetty/jetty-jmx/8.1.15.v20140411/jetty-jmx-8.1.15.v20140411.jar
7f6e924fb000-7f6e924fd000 r--s 0000c000 08:01 4723287                    /home/eidel/.m2/repository/org/eclipse/jetty/orbit/javax.activation/1.1.0.v201105071233/javax.activation-1.1.0.v201105071233.jar
7f6e924fd000-7f6e92503000 r--s 00072000 08:01 4723286                    /home/eidel/.m2/repository/org/eclipse/jetty/orbit/javax.mail.glassfish/1.4.1.v201005082020/javax.mail.glassfish-1.4.1.v201005082020.jar
7f6e92503000-7f6e92505000 r--s 00004000 08:01 4723285                    /home/eidel/.m2/repository/org/eclipse/jetty/jetty-continuation/8.1.15.v20140411/jetty-continuation-8.1.15.v20140411.jar
7f6e92505000-7f6e92508000 r--s 0002e000 08:01 4723284                    /home/eidel/.m2/repository/org/eclipse/jetty/orbit/javax.servlet/3.0.0.v201112011016/javax.servlet-3.0.0.v201112011016.jar
7f6e92508000-7f6e9250d000 r--s 00053000 08:01 4723279                    /home/eidel/.m2/repository/org/eclipse/jetty/jetty-server/8.1.15.v20140411/jetty-server-8.1.15.v20140411.jar
7f6e9250d000-7f6e9250e000 r--s 00009000 08:01 4723278                    /home/eidel/.m2/repository/org/eclipse/jetty/jetty-jndi/8.1.15.v20140411/jetty-jndi-8.1.15.v20140411.jar
7f6e9250e000-7f6e92510000 r--s 00006000 08:01 4723277                    /home/eidel/.m2/repository/org/eclipse/jetty/orbit/javax.transaction/1.1.1.v201105210645/javax.transaction-1.1.1.v201105210645.jar
7f6e92510000-7f6e92512000 r--s 00013000 08:01 4723276                    /home/eidel/.m2/repository/org/eclipse/jetty/jetty-plus/8.1.15.v20140411/jetty-plus-8.1.15.v20140411.jar
7f6e92512000-7f6e92516000 r--s 0003a000 08:01 4720018                    /home/eidel/.m2/repository/net/sf/jtidy/jtidy/r938/jtidy-r938.jar
7f6e92516000-7f6e92518000 r--s 0000c000 08:01 4723273                    /home/eidel/.m2/repository/org/apache/maven/plugin-tools/maven-plugin-tools-api/2.9/maven-plugin-tools-api-2.9.jar
7f6e92518000-7f6e9251a000 r--s 00002000 08:01 4872925                    /home/eidel/.m2/repository/org/sonatype/plexus/plexus-cipher/1.4/plexus-cipher-1.4.jar
7f6e9251a000-7f6e9251b000 r--s 00006000 08:01 4872924                    /home/eidel/.m2/repository/org/sonatype/plexus/plexus-sec-dispatcher/1.3/plexus-sec-dispatcher-1.3.jar
7f6e9251b000-7f6e9251d000 r--s 00000000 08:01 4721675                    /home/eidel/.m2/repository/org/codehaus/plexus/plexus-component-annotations/1.5.5/plexus-component-annotations-1.5.5.jar
7f6e9251d000-7f6e9251f000 r--s 0000d000 08:01 4723269                    /home/eidel/.m2/repository/org/codehaus/plexus/plexus-interpolation/1.14/plexus-interpolation-1.14.jar
7f6e9251f000-7f6e92523000 r--s 0001a000 08:01 4723266                    /home/eidel/.m2/repository/org/sonatype/aether/aether-util/1.11/aether-util-1.11.jar
7f6e92523000-7f6e92527000 r--s 00033000 08:01 4723267                    /home/eidel/.m2/repository/org/codehaus/plexus/plexus-utils/2.0.6/plexus-utils-2.0.6.jar
7f6e92527000-7f6e92533000 r--s 0006b000 08:01 4723265                    /home/eidel/.m2/repository/org/sonatype/sisu/sisu-guice/2.9.4/sisu-guice-2.9.4-no_aop.jar
7f6e92533000-7f6e92539000 r--s 00033000 08:01 4723261                    /home/eidel/.m2/repository/org/sonatype/sisu/sisu-inject-bean/2.1.1/sisu-inject-bean-2.1.1.jar
7f6e92539000-7f6e9253b000 r--s 00014000 08:01 4723257                    /home/eidel/.m2/repository/org/eclipse/jetty/jetty-security/8.1.15.v20140411/jetty-security-8.1.15.v20140411.jar
7f6e9253b000-7f6e9253d000 r--s 00017000 08:01 4723258                    /home/eidel/.m2/repository/org/eclipse/jetty/jetty-servlet/8.1.15.v20140411/jetty-servlet-8.1.15.v20140411.jar
7f6e9253d000-7f6e9253e000 r--s 00009000 08:01 4723259                    /home/eidel/.m2/repository/org/eclipse/jetty/jetty-xml/8.1.15.v20140411/jetty-xml-8.1.15.v20140411.jar
7f6e9253e000-7f6e92540000 r--s 00019000 08:01 4723256                    /home/eidel/.m2/repository/org/eclipse/jetty/jetty-webapp/8.1.15.v20140411/jetty-webapp-8.1.15.v20140411.jar
7f6e92540000-7f6e92545000 r--s 00042000 08:01 4723255                    /home/eidel/.m2/repository/org/eclipse/jetty/jetty-util/8.1.15.v20140411/jetty-util-8.1.15.v20140411.jar
7f6e92545000-7f6e92547000 r--s 00011000 08:01 4722955                    /home/eidel/.m2/repository/org/mortbay/jetty/jetty-maven-plugin/8.1.15.v20140411/jetty-maven-plugin-8.1.15.v20140411.jar
7f6e92547000-7f6e92548000 r--s 00003000 08:01 4721638                    /home/eidel/.m2/repository/org/codehaus/plexus/plexus-compiler-javac/1.9.1/plexus-compiler-javac-1.9.1.jar
7f6e92548000-7f6e9254a000 r--s 00000000 08:01 4721652                    /home/eidel/.m2/repository/org/codehaus/plexus/plexus-compiler-manager/1.9.1/plexus-compiler-manager-1.9.1.jar
7f6e9254a000-7f6e9254c000 r--s 00004000 08:01 4721623                    /home/eidel/.m2/repository/org/codehaus/plexus/plexus-compiler-api/1.9.1/plexus-compiler-api-1.9.1.jar
7f6e9254c000-7f6e92550000 r--s 00034000 08:01 4721860                    /home/eidel/.m2/repository/org/codehaus/plexus/plexus-utils/3.0/plexus-utils-3.0.jar
7f6e92550000-7f6e92551000 r--s 00007000 08:01 4721191                    /home/eidel/.m2/repository/org/apache/maven/plugins/maven-compiler-plugin/2.5.1/maven-compiler-plugin-2.5.1.jar
7f6e92551000-7f6e92553000 r--s 0000d000 08:01 4721766                    /home/eidel/.m2/repository/org/codehaus/plexus/plexus-interpolation/1.13/plexus-interpolation-1.13.jar
7f6e92553000-7f6e92554000 r--s 00001000 08:01 4850457                    /home/eidel/.m2/repository/org/sonatype/plexus/plexus-build-api/0.0.4/plexus-build-api-0.0.4.jar
7f6e92554000-7f6e92556000 r--s 00009000 08:01 4721345                    /home/eidel/.m2/repository/org/apache/maven/shared/maven-filtering/1.1/maven-filtering-1.1.jar
7f6e92556000-7f6e9255a000 r--s 00033000 08:01 4721838                    /home/eidel/.m2/repository/org/codehaus/plexus/plexus-utils/2.0.5/plexus-utils-2.0.5.jar
7f6e9255a000-7f6e9255d000 r--s 0001b000 08:01 4591208                    /home/eidel/.m2/repository/junit/junit/3.8.1/junit-3.8.1.jar
7f6e9255d000-7f6e9255f000 r--s 00002000 08:01 4721741                    /home/eidel/.m2/repository/org/codehaus/plexus/plexus-interactivity-api/1.0-alpha-4/plexus-interactivity-api-1.0-alpha-4.jar
7f6e9255f000-7f6e92561000 r--s 00006000 08:01 4459542                    /home/eidel/.m2/repository/commons-cli/commons-cli/1.0/commons-cli-1.0.jar
7f6e92561000-7f6e92562000 r--s 00002000 08:01 4721292                    /home/eidel/.m2/repository/org/apache/maven/reporting/maven-reporting-api/2.0.6/maven-reporting-api-2.0.6.jar
7f6e92562000-7f6e92762000 rw-p 00000000 00:00 0 
7f6e92762000-7f6e92764000 r--s 00006000 08:01 4721256                    /home/eidel/.m2/repository/org/apache/maven/plugins/maven-resources-plugin/2.6/maven-resources-plugin-2.6.jar
7f6e92764000-7f6e92774000 r-xp 00000000 08:01 1317749                    /usr/lib/jvm/java-8-oracle/jre/lib/amd64/libnio.so
7f6e92774000-7f6e92974000 ---p 00010000 08:01 1317749                    /usr/lib/jvm/java-8-oracle/jre/lib/amd64/libnio.so
7f6e92974000-7f6e92975000 rw-p 00010000 08:01 1317749                    /usr/lib/jvm/java-8-oracle/jre/lib/amd64/libnio.so
7f6e92975000-7f6e9298b000 r-xp 00000000 08:01 1317764                    /usr/lib/jvm/java-8-oracle/jre/lib/amd64/libnet.so
7f6e9298b000-7f6e92b8a000 ---p 00016000 08:01 1317764                    /usr/lib/jvm/java-8-oracle/jre/lib/amd64/libnet.so
7f6e92b8a000-7f6e92b8b000 rw-p 00015000 08:01 1317764                    /usr/lib/jvm/java-8-oracle/jre/lib/amd64/libnet.so
7f6e92b8b000-7f6e92d8b000 rw-p 00000000 00:00 0 
7f6e92d8b000-7f6e92d90000 r--s 00092000 08:01 1317885                    /usr/lib/jvm/java-8-oracle/jre/lib/jsse.jar
7f6e92d90000-7f6e92f90000 rw-p 00000000 00:00 0 
7f6e92f90000-7f6e92f9b000 r--s 0021a000 08:01 1317839                    /usr/lib/jvm/java-8-oracle/jre/lib/ext/localedata.jar
7f6e92f9b000-7f6e92fb7000 r--s 00393000 08:01 1317837                    /usr/lib/jvm/java-8-oracle/jre/lib/ext/cldrdata.jar
7f6e92fb7000-7f6e92fb8000 r--s 00002000 08:01 3282153                    /opt/maven/lib/slf4j-simple-1.7.5.jar
7f6e92fb8000-7f6e92fba000 r--s 00007000 08:01 3282152                    /opt/maven/lib/aether-connector-wagon-0.9.0.M2.jar
7f6e92fba000-7f6e92fbe000 r--s 0001d000 08:01 3282137                    /opt/maven/lib/aether-api-0.9.0.M2.jar
7f6e92fbe000-7f6e92fc3000 r--s 00041000 08:01 3282149                    /opt/maven/lib/commons-lang-2.6.jar
7f6e92fc3000-7f6e92fc6000 r--s 00025000 08:01 3282118                    /opt/maven/lib/maven-model-3.2.2.jar
7f6e92fc6000-7f6e92fc8000 r--s 00000000 08:01 3282121                    /opt/maven/lib/plexus-component-annotations-1.5.5.jar
7f6e92fc8000-7f6e92fcc000 r--s 0003a000 08:01 3282116                    /opt/maven/lib/plexus-utils-3.0.17.jar
7f6e92fcc000-7f6e92fce000 r--s 00000000 08:01 3282133                    /opt/maven/lib/aopalliance-1.0.jar
7f6e92fce000-7f6e92fd1000 r--s 0000d000 08:01 3282120                    /opt/maven/lib/plexus-interpolation-1.19.jar
7f6e92fd1000-7f6e92fd4000 r--s 00008000 08:01 3282128                    /opt/maven/lib/cdi-api-1.0.jar
7f6e92fd4000-7f6e92fd5000 r--s 00001000 08:01 3282129                    /opt/maven/lib/jsr250-api-1.0.jar
7f6e92fd5000-7f6e92fdb000 r--s 00042000 08:01 3282148                    /opt/maven/lib/jsoup-1.7.2.jar
7f6e92fdb000-7f6e92fdd000 r--s 00003000 08:01 3282138                    /opt/maven/lib/aether-spi-0.9.0.M2.jar
7f6e92fdd000-7f6e92fe1000 r--s 00027000 08:01 3282150                    /opt/maven/lib/commons-io-2.2.jar
7f6e92fe1000-7f6e92fed000 r--s 00081000 08:01 3282117                    /opt/maven/lib/maven-core-3.2.2.jar
7f6e92fed000-7f6e9300c000 r--s 00134000 08:01 3282145                    /opt/maven/lib/wagon-http-2.6-shaded.jar
7f6e9300c000-7f6e93012000 r--s 0002a000 08:01 3282127                    /opt/maven/lib/org.eclipse.sisu.plexus-0.0.0.M5.jar
7f6e93012000-7f6e9303b000 r--s 001ee000 08:01 3282131                    /opt/maven/lib/guava-14.0.1.jar
7f6e9303b000-7f6e93043000 r--s 00050000 08:01 3282132                    /opt/maven/lib/sisu-guice-3.1.3-no_aop.jar
7f6e93043000-7f6e93046000 r--s 0000a000 08:01 3282113                    /opt/maven/boot/plexus-classworlds-2.5.1.jar
7f6e93046000-7f6e93047000 ---p 00000000 00:00 0 
7f6e93047000-7f6e93147000 rw-p 00000000 00:00 0 
7f6e93147000-7f6e9314a000 ---p 00000000 00:00 0 
7f6e9314a000-7f6e93248000 rw-p 00000000 00:00 0 
7f6e93248000-7f6e9324b000 ---p 00000000 00:00 0 
7f6e9324b000-7f6e93349000 rw-p 00000000 00:00 0 
7f6e93349000-7f6e9334c000 ---p 00000000 00:00 0 
7f6e9334c000-7f6e9344a000 rw-p 00000000 00:00 0 
7f6e9344a000-7f6e9344d000 ---p 00000000 00:00 0 
7f6e9344d000-7f6e9354b000 rw-p 00000000 00:00 0 
7f6e9354b000-7f6e936c2000 r--p 00000000 08:01 1048641                    /usr/lib/locale/locale-archive
7f6e936c2000-7f6e936c5000 ---p 00000000 00:00 0 
7f6e936c5000-7f6e937c3000 rw-p 00000000 00:00 0 
7f6e937c3000-7f6e937c6000 ---p 00000000 00:00 0 
7f6e937c6000-7f6e938c4000 rw-p 00000000 00:00 0 
7f6e938c4000-7f6e938c5000 ---p 00000000 00:00 0 
7f6e938c5000-7f6e9435f000 rw-p 00000000 00:00 0 
7f6e9435f000-7f6e94534000 r--s 03c4d000 08:01 1317886                    /usr/lib/jvm/java-8-oracle/jre/lib/rt.jar
7f6e94534000-7f6e96e12000 rw-p 00000000 00:00 0 
7f6e96e12000-7f6e96e13000 ---p 00000000 00:00 0 
7f6e96e13000-7f6e96f13000 rw-p 00000000 00:00 0 
7f6e96f13000-7f6e96f14000 ---p 00000000 00:00 0 
7f6e96f14000-7f6e9703f000 rw-p 00000000 00:00 0 
7f6e9703f000-7f6e9715a000 ---p 00000000 00:00 0 
7f6e9715a000-7f6e97185000 rw-p 00000000 00:00 0 
7f6e97185000-7f6e9729f000 ---p 00000000 00:00 0 
7f6e9729f000-7f6e97342000 rw-p 00000000 00:00 0 
7f6e97342000-7f6e9737b000 rw-p 00000000 00:00 0 
7f6e9737b000-7f6e97703000 ---p 00000000 00:00 0 
7f6e97703000-7f6e984f3000 rwxp 00000000 00:00 0 
7f6e984f3000-7f6ea6703000 ---p 00000000 00:00 0 
7f6ea6703000-7f6ea671f000 r-xp 00000000 08:01 1317732                    /usr/lib/jvm/java-8-oracle/jre/lib/amd64/libzip.so
7f6ea671f000-7f6ea691e000 ---p 0001c000 08:01 1317732                    /usr/lib/jvm/java-8-oracle/jre/lib/amd64/libzip.so
7f6ea691e000-7f6ea691f000 rw-p 0001b000 08:01 1317732                    /usr/lib/jvm/java-8-oracle/jre/lib/amd64/libzip.so
7f6ea691f000-7f6ea692a000 r-xp 00000000 08:01 4197618                    /lib/x86_64-linux-gnu/libnss_files-2.13.so
7f6ea692a000-7f6ea6b29000 ---p 0000b000 08:01 4197618                    /lib/x86_64-linux-gnu/libnss_files-2.13.so
7f6ea6b29000-7f6ea6b2a000 r--p 0000a000 08:01 4197618                    /lib/x86_64-linux-gnu/libnss_files-2.13.so
7f6ea6b2a000-7f6ea6b2b000 rw-p 0000b000 08:01 4197618                    /lib/x86_64-linux-gnu/libnss_files-2.13.so
7f6ea6b2b000-7f6ea6b35000 r-xp 00000000 08:01 4197620                    /lib/x86_64-linux-gnu/libnss_nis-2.13.so
7f6ea6b35000-7f6ea6d34000 ---p 0000a000 08:01 4197620                    /lib/x86_64-linux-gnu/libnss_nis-2.13.so
7f6ea6d34000-7f6ea6d35000 r--p 00009000 08:01 4197620                    /lib/x86_64-linux-gnu/libnss_nis-2.13.so
7f6ea6d35000-7f6ea6d36000 rw-p 0000a000 08:01 4197620                    /lib/x86_64-linux-gnu/libnss_nis-2.13.so
7f6ea6d36000-7f6ea6d4b000 r-xp 00000000 08:01 4197615                    /lib/x86_64-linux-gnu/libnsl-2.13.so
7f6ea6d4b000-7f6ea6f4a000 ---p 00015000 08:01 4197615                    /lib/x86_64-linux-gnu/libnsl-2.13.so
7f6ea6f4a000-7f6ea6f4b000 r--p 00014000 08:01 4197615                    /lib/x86_64-linux-gnu/libnsl-2.13.so
7f6ea6f4b000-7f6ea6f4c000 rw-p 00015000 08:01 4197615                    /lib/x86_64-linux-gnu/libnsl-2.13.so
7f6ea6f4c000-7f6ea6f4e000 rw-p 00000000 00:00 0 
7f6ea6f4e000-7f6ea6f55000 r-xp 00000000 08:01 4197616                    /lib/x86_64-linux-gnu/libnss_compat-2.13.so
7f6ea6f55000-7f6ea7154000 ---p 00007000 08:01 4197616                    /lib/x86_64-linux-gnu/libnss_compat-2.13.so
7f6ea7154000-7f6ea7155000 r--p 00006000 08:01 4197616                    /lib/x86_64-linux-gnu/libnss_compat-2.13.so
7f6ea7155000-7f6ea7156000 rw-p 00007000 08:01 4197616                    /lib/x86_64-linux-gnu/libnss_compat-2.13.so
7f6ea7156000-7f6ea7180000 r-xp 00000000 08:01 1317760                    /usr/lib/jvm/java-8-oracle/jre/lib/amd64/libjava.so
7f6ea7180000-7f6ea7380000 ---p 0002a000 08:01 1317760                    /usr/lib/jvm/java-8-oracle/jre/lib/amd64/libjava.so
7f6ea7380000-7f6ea7382000 rw-p 0002a000 08:01 1317760                    /usr/lib/jvm/java-8-oracle/jre/lib/amd64/libjava.so
7f6ea7382000-7f6ea738f000 r-xp 00000000 08:01 1317762                    /usr/lib/jvm/java-8-oracle/jre/lib/amd64/libverify.so
7f6ea738f000-7f6ea758f000 ---p 0000d000 08:01 1317762                    /usr/lib/jvm/java-8-oracle/jre/lib/amd64/libverify.so
7f6ea758f000-7f6ea7591000 rw-p 0000d000 08:01 1317762                    /usr/lib/jvm/java-8-oracle/jre/lib/amd64/libverify.so
7f6ea7591000-7f6ea7598000 r-xp 00000000 08:01 4197625                    /lib/x86_64-linux-gnu/librt-2.13.so
7f6ea7598000-7f6ea7797000 ---p 00007000 08:01 4197625                    /lib/x86_64-linux-gnu/librt-2.13.so
7f6ea7797000-7f6ea7798000 r--p 00006000 08:01 4197625                    /lib/x86_64-linux-gnu/librt-2.13.so
7f6ea7798000-7f6ea7799000 rw-p 00007000 08:01 4197625                    /lib/x86_64-linux-gnu/librt-2.13.so
7f6ea7799000-7f6ea781a000 r-xp 00000000 08:01 4197613                    /lib/x86_64-linux-gnu/libm-2.13.so
7f6ea781a000-7f6ea7a19000 ---p 00081000 08:01 4197613                    /lib/x86_64-linux-gnu/libm-2.13.so
7f6ea7a19000-7f6ea7a1a000 r--p 00080000 08:01 4197613                    /lib/x86_64-linux-gnu/libm-2.13.so
7f6ea7a1a000-7f6ea7a1b000 rw-p 00081000 08:01 4197613                    /lib/x86_64-linux-gnu/libm-2.13.so
7f6ea7a1b000-7f6ea8635000 r-xp 00000000 08:01 1317719                    /usr/lib/jvm/java-8-oracle/jre/lib/amd64/server/libjvm.so
7f6ea8635000-7f6ea8834000 ---p 00c1a000 08:01 1317719                    /usr/lib/jvm/java-8-oracle/jre/lib/amd64/server/libjvm.so
7f6ea8834000-7f6ea88fd000 rw-p 00c19000 08:01 1317719                    /usr/lib/jvm/java-8-oracle/jre/lib/amd64/server/libjvm.so
7f6ea88fd000-7f6ea893e000 rw-p 00000000 00:00 0 
7f6ea893e000-7f6ea8ac0000 r-xp 00000000 08:01 4197609                    /lib/x86_64-linux-gnu/libc-2.13.so
7f6ea8ac0000-7f6ea8cbf000 ---p 00182000 08:01 4197609                    /lib/x86_64-linux-gnu/libc-2.13.so
7f6ea8cbf000-7f6ea8cc3000 r--p 00181000 08:01 4197609                    /lib/x86_64-linux-gnu/libc-2.13.so
7f6ea8cc3000-7f6ea8cc4000 rw-p 00185000 08:01 4197609                    /lib/x86_64-linux-gnu/libc-2.13.so
7f6ea8cc4000-7f6ea8cc9000 rw-p 00000000 00:00 0 
7f6ea8cc9000-7f6ea8ccb000 r-xp 00000000 08:01 4197612                    /lib/x86_64-linux-gnu/libdl-2.13.so
7f6ea8ccb000-7f6ea8ecb000 ---p 00002000 08:01 4197612                    /lib/x86_64-linux-gnu/libdl-2.13.so
7f6ea8ecb000-7f6ea8ecc000 r--p 00002000 08:01 4197612                    /lib/x86_64-linux-gnu/libdl-2.13.so
7f6ea8ecc000-7f6ea8ecd000 rw-p 00003000 08:01 4197612                    /lib/x86_64-linux-gnu/libdl-2.13.so
7f6ea8ecd000-7f6ea8ee4000 r-xp 00000000 08:01 1318124                    /usr/lib/jvm/java-8-oracle/lib/amd64/jli/libjli.so
7f6ea8ee4000-7f6ea90e3000 ---p 00017000 08:01 1318124                    /usr/lib/jvm/java-8-oracle/lib/amd64/jli/libjli.so
7f6ea90e3000-7f6ea90e4000 rw-p 00016000 08:01 1318124                    /usr/lib/jvm/java-8-oracle/lib/amd64/jli/libjli.so
7f6ea90e4000-7f6ea90fb000 r-xp 00000000 08:01 4197623                    /lib/x86_64-linux-gnu/libpthread-2.13.so
7f6ea90fb000-7f6ea92fa000 ---p 00017000 08:01 4197623                    /lib/x86_64-linux-gnu/libpthread-2.13.so
7f6ea92fa000-7f6ea92fb000 r--p 00016000 08:01 4197623                    /lib/x86_64-linux-gnu/libpthread-2.13.so
7f6ea92fb000-7f6ea92fc000 rw-p 00017000 08:01 4197623                    /lib/x86_64-linux-gnu/libpthread-2.13.so
7f6ea92fc000-7f6ea9300000 rw-p 00000000 00:00 0 
7f6ea9300000-7f6ea9320000 r-xp 00000000 08:01 4197606                    /lib/x86_64-linux-gnu/ld-2.13.so
7f6ea9320000-7f6ea9321000 r--s 00001000 08:01 4720572                    /home/eidel/.m2/repository/org/apache/maven/doxia/doxia-sink-api/1.0-alpha-7/doxia-sink-api-1.0-alpha-7.jar
7f6ea9321000-7f6ea9323000 r--s 0000d000 08:01 3282114                    /opt/maven/lib/maven-embedder-3.2.2.jar
7f6ea9323000-7f6ea9327000 r--s 00020000 08:01 3282140                    /opt/maven/lib/aether-impl-0.9.0.M2.jar
7f6ea9327000-7f6ea9329000 r--s 00002000 08:01 3282123                    /opt/maven/lib/plexus-cipher-1.7.jar
7f6ea9329000-7f6ea932b000 r--s 00005000 08:01 3282143                    /opt/maven/lib/slf4j-api-1.7.5.jar
7f6ea932b000-7f6ea932c000 r--s 00002000 08:01 3282147                    /opt/maven/lib/wagon-http-shared-2.6.jar
7f6ea932c000-7f6ea932e000 r--s 0000e000 08:01 3282136                    /opt/maven/lib/maven-aether-provider-3.2.2.jar
7f6ea932e000-7f6ea9330000 r--s 0000a000 08:01 3282126                    /opt/maven/lib/maven-plugin-api-3.2.2.jar
7f6ea9330000-7f6ea9335000 r--s 00025000 08:01 3282135                    /opt/maven/lib/maven-model-builder-3.2.2.jar
7f6ea9335000-7f6ea933c000 r--s 0003f000 08:01 3282141                    /opt/maven/lib/maven-compat-3.2.2.jar
7f6ea933c000-7f6ea9342000 r--s 00042000 08:01 3282134                    /opt/maven/lib/org.eclipse.sisu.inject-0.0.0.M5.jar
7f6ea9342000-7f6ea9344000 r--s 00005000 08:01 3282124                    /opt/maven/lib/maven-repository-metadata-3.2.2.jar
7f6ea9344000-7f6ea9345000 r--s 00000000 08:01 3282130                    /opt/maven/lib/javax.inject-1.jar
7f6ea9345000-7f6ea9347000 r--s 0000b000 08:01 3282142                    /opt/maven/lib/wagon-provider-api-2.6.jar
7f6ea9347000-7f6ea9349000 r--s 00009000 08:01 3282115                    /opt/maven/lib/maven-settings-3.2.2.jar
7f6ea9349000-7f6ea934d000 r--s 0001d000 08:01 3282139                    /opt/maven/lib/aether-util-0.9.0.M2.jar
7f6ea934d000-7f6ea934f000 r--s 00009000 08:01 3282144                    /opt/maven/lib/commons-cli-1.2.jar
7f6ea934f000-7f6ea9350000 r--s 00002000 08:01 3282151                    /opt/maven/lib/wagon-file-2.6.jar
7f6ea9350000-7f6ea9351000 r--s 00006000 08:01 3282122                    /opt/maven/lib/plexus-sec-dispatcher-1.3.jar
7f6ea9351000-7f6ea9409000 rw-p 00000000 00:00 0 
7f6ea9409000-7f6ea940c000 ---p 00000000 00:00 0 
7f6ea940c000-7f6ea950e000 rw-p 00000000 00:00 0 
7f6ea950e000-7f6ea9511000 r--s 0000b000 08:01 3282125                    /opt/maven/lib/maven-artifact-3.2.2.jar
7f6ea9511000-7f6ea9513000 r--s 00009000 08:01 3282119                    /opt/maven/lib/maven-settings-builder-3.2.2.jar
7f6ea9513000-7f6ea951b000 rw-s 00000000 08:01 5510571                    /tmp/hsperfdata_eidel/31323
7f6ea951b000-7f6ea951c000 rw-p 00000000 00:00 0 
7f6ea951c000-7f6ea951d000 r--p 00000000 00:00 0 
7f6ea951d000-7f6ea951f000 rw-p 00000000 00:00 0 
7f6ea951f000-7f6ea9520000 r--p 0001f000 08:01 4197606                    /lib/x86_64-linux-gnu/ld-2.13.so
7f6ea9520000-7f6ea9521000 rw-p 00020000 08:01 4197606                    /lib/x86_64-linux-gnu/ld-2.13.so
7f6ea9521000-7f6ea9522000 rw-p 00000000 00:00 0 
7fff2ee78000-7fff2ee99000 rw-p 00000000 00:00 0                          [stack]
7fff2ef90000-7fff2ef91000 r-xp 00000000 00:00 0                          [vdso]
ffffffffff600000-ffffffffff601000 r-xp 00000000 00:00 0                  [vsyscall]

VM Arguments:
jvm_args: -Dclassworlds.conf=/opt/maven/bin/m2.conf -Dmaven.home=/opt/maven 
java_command: org.codehaus.plexus.classworlds.launcher.Launcher jetty:run
java_class_path (initial): /opt/maven/boot/plexus-classworlds-2.5.1.jar
Launcher Type: SUN_STANDARD

Environment Variables:
JAVA_HOME=/usr/lib/jvm/java-8-oracle
PATH=/home/eidel/lib/GF-master/build/bin:/usr/local/bin:/usr/bin:/bin:/usr/local/games:/usr/games
LD_LIBRARY_PATH=/opt/tomcat/shared/lib/
SHELL=/bin/bash
DISPLAY=:0

Signal Handlers:
SIGSEGV: [libjvm.so+0xa2fc90], sa_mask[0]=0x7ffbfeff, sa_flags=0x10000004
SIGBUS: [libjvm.so+0xa2fc90], sa_mask[0]=0x7ffbfeff, sa_flags=0x10000004
SIGFPE: [libjvm.so+0x89b4b0], sa_mask[0]=0x7ffbfeff, sa_flags=0x10000004
SIGPIPE: [libjvm.so+0x89b4b0], sa_mask[0]=0x7ffbfeff, sa_flags=0x10000004
SIGXFSZ: [libjvm.so+0x89b4b0], sa_mask[0]=0x7ffbfeff, sa_flags=0x10000004
SIGILL: [libjvm.so+0x89b4b0], sa_mask[0]=0x7ffbfeff, sa_flags=0x10000004
SIGUSR1: SIG_DFL, sa_mask[0]=0x00000000, sa_flags=0x00000000
SIGUSR2: [libjvm.so+0x89cc50], sa_mask[0]=0x00000000, sa_flags=0x10000004
SIGHUP: [libjvm.so+0x89df00], sa_mask[0]=0x7ffbfeff, sa_flags=0x10000004
SIGINT: [libjvm.so+0x89df00], sa_mask[0]=0x7ffbfeff, sa_flags=0x10000004
SIGTERM: [libjvm.so+0x89df00], sa_mask[0]=0x7ffbfeff, sa_flags=0x10000004
SIGQUIT: [libjvm.so+0x89df00], sa_mask[0]=0x7ffbfeff, sa_flags=0x10000004


---------------  S Y S T E M  ---------------

OS:PRETTY_NAME="Debian GNU/Linux 7 (wheezy)"
NAME="Debian GNU/Linux"
VERSION_ID="7"
VERSION="7 (wheezy)"
ID=debian
ANSI_COLOR="1;31"
HOME_URL="http://www.debian.org/"
SUPPORT_URL="http://www.debian.org/support/"
BUG_REPORT_URL="http://bugs.debian.org/"

uname:Linux 3.2.0-4-amd64 #1 SMP Debian 3.2.60-1+deb7u1 x86_64
libc:glibc 2.13 NPTL 2.13 
rlimit: STACK 8192k, CORE 0k, NPROC 31100, NOFILE 4096, AS infinity
load average:1.32 0.98 0.79

/proc/meminfo:
MemTotal:        3993020 kB
MemFree:          183520 kB
Buffers:           17388 kB
Cached:           669268 kB
SwapCached:       212976 kB
Active:          2549244 kB
Inactive:        1092408 kB
Active(anon):    2311216 kB
Inactive(anon):   775396 kB
Active(file):     238028 kB
Inactive(file):   317012 kB
Unevictable:           0 kB
Mlocked:               0 kB
SwapTotal:       1952764 kB
SwapFree:        1649168 kB
Dirty:                96 kB
Writeback:             0 kB
AnonPages:       2773948 kB
Mapped:           155924 kB
Shmem:            131528 kB
Slab:              93468 kB
SReclaimable:      66164 kB
SUnreclaim:        27304 kB
KernelStack:        3672 kB
PageTables:        32076 kB
NFS_Unstable:          0 kB
Bounce:                0 kB
WritebackTmp:          0 kB
CommitLimit:     3949272 kB
Committed_AS:    4698940 kB
VmallocTotal:   34359738367 kB
VmallocUsed:      407184 kB
VmallocChunk:   34359304948 kB
HardwareCorrupted:     0 kB
AnonHugePages:         0 kB
HugePages_Total:       0
HugePages_Free:        0
HugePages_Rsvd:        0
HugePages_Surp:        0
Hugepagesize:       2048 kB
DirectMap4k:       45056 kB
DirectMap2M:     4079616 kB


CPU:total 2 (2 cores per cpu, 1 threads per core) family 6 model 23 stepping 6, cmov, cx8, fxsr, mmx, sse, sse2, sse3, ssse3, sse4.1, tsc

/proc/cpuinfo:
processor	: 0
vendor_id	: GenuineIntel
cpu family	: 6
model		: 23
model name	: Intel(R) Core(TM)2 Duo CPU     P9500  @ 2.53GHz
stepping	: 6
microcode	: 0x60c
cpu MHz		: 2534.000
cache size	: 6144 KB
physical id	: 0
siblings	: 2
core id		: 0
cpu cores	: 2
apicid		: 0
initial apicid	: 0
fpu		: yes
fpu_exception	: yes
cpuid level	: 10
wp		: yes
flags		: fpu vme de pse tsc msr pae mce cx8 apic sep mtrr pge mca cmov pat pse36 clflush dts acpi mmx fxsr sse sse2 ss ht tm pbe syscall nx lm constant_tsc arch_perfmon pebs bts rep_good nopl aperfmperf pni dtes64 monitor ds_cpl vmx smx est tm2 ssse3 cx16 xtpr pdcm sse4_1 lahf_lm dtherm tpr_shadow vnmi flexpriority
bogomips	: 5053.88
clflush size	: 64
cache_alignment	: 64
address sizes	: 36 bits physical, 48 bits virtual
power management:

processor	: 1
vendor_id	: GenuineIntel
cpu family	: 6
model		: 23
model name	: Intel(R) Core(TM)2 Duo CPU     P9500  @ 2.53GHz
stepping	: 6
microcode	: 0x60c
cpu MHz		: 800.000
cache size	: 6144 KB
physical id	: 0
siblings	: 2
core id		: 1
cpu cores	: 2
apicid		: 1
initial apicid	: 1
fpu		: yes
fpu_exception	: yes
cpuid level	: 10
wp		: yes
flags		: fpu vme de pse tsc msr pae mce cx8 apic sep mtrr pge mca cmov pat pse36 clflush dts acpi mmx fxsr sse sse2 ss ht tm pbe syscall nx lm constant_tsc arch_perfmon pebs bts rep_good nopl aperfmperf pni dtes64 monitor ds_cpl vmx smx est tm2 ssse3 cx16 xtpr pdcm sse4_1 lahf_lm dtherm tpr_shadow vnmi flexpriority
bogomips	: 5053.89
clflush size	: 64
cache_alignment	: 64
address sizes	: 36 bits physical, 48 bits virtual
power management:



Memory: 4k page, physical 3993020k(183520k free), swap 1952764k(1649168k free)

vm_info: Java HotSpot(TM) 64-Bit Server VM (25.5-b02) for linux-amd64 JRE (1.8.0_05-b13), built on Mar 18 2014 00:29:27 by "java_re" with gcc 4.3.0 20080428 (Red Hat 4.3.0-8)

time: Mon Jul 14 18:49:23 2014
elapsed time: 88 seconds

