#
# A fatal error has been detected by the Java Runtime Environment:
#
#  SIGSEGV (0xb) at pc=0x00007ff3c91da87c, pid=29637, tid=140684581168896
#
# JRE version: Java(TM) SE Runtime Environment (8.0_05-b13) (build 1.8.0_05-b13)
# Java VM: Java HotSpot(TM) 64-Bit Server VM (25.5-b02 mixed mode linux-amd64 compressed oops)
# Problematic frame:
# V  [libjvm.so+0x67487c]  jni_GetObjectClass+0xbc
#
# Failed to write core dump. Core dumps have been disabled. To enable core dumping, try "ulimit -c unlimited" before starting Java again
#
# If you would like to submit a bug report, please visit:
#   http://bugreport.sun.com/bugreport/crash.jsp
#

---------------  T H R E A D  ---------------

Current thread (0x0000000001b79800):  JavaThread "qtp1256893889-14" [_thread_in_vm, id=29991, stack(0x00007ff3ae6c6000,0x00007ff3ae7c7000)]

siginfo:si_signo=SIGSEGV: si_errno=0, si_code=1 (SEGV_MAPERR), si_addr=0x0000000000000000

Registers:
RAX=0x00007ff3c9a50e79, RBX=0x0000000001b79800, RCX=0x0000000000000000, RDX=0x00007ff3c9a5ac90
RSP=0x00007ff3ae7c3620, RBP=0x00007ff3ae7c3680, RSI=0x0000000001b79800, RDI=0x00007ff3ae7c3620
R8 =0x00007ff3c9e0ffc8, R9 =0x000000000000001c, R10=0x0000000000000000, R11=0x00007ff3ad327df0
R12=0x00007ff3ae7c3620, R13=0x0000000001b799e0, R14=0x0000000000000000, R15=0x00007ff3c9a5f1e0
RIP=0x00007ff3c91da87c, EFLAGS=0x0000000000010246, CSGSFS=0x0000000000000033, ERR=0x0000000000000004
  TRAPNO=0x000000000000000e

Top of Stack: (sp=0x00007ff3ae7c3620)
0x00007ff3ae7c3620:   0000000001b79800 0000000000000000
0x00007ff3ae7c3630:   00000000012ab630 00007ff3ca45ea55
0x00007ff3ae7c3640:   0000000001b79800 0000000000000000
0x00007ff3ae7c3650:   0000000000000007 0000000001b799e0
0x00007ff3ae7c3660:   0000000000000000 00000000012ab630
0x00007ff3ae7c3670:   00007ff3ae7c37b8 0000000001b79800
0x00007ff3ae7c3680:   00007ff3ae7c36a0 00007ff3ad750426
0x00007ff3ae7c3690:   0000000001b79800 00007ff3ae7c36e0
0x00007ff3ae7c36a0:   00007ff3ae7c36a0 0000000000000000
0x00007ff3ae7c36b0:   0000000000000000 0080008000200001
0x00007ff3ae7c36c0:   0000000000000000 0000000000000000
0x00007ff3ae7c36d0:   0000000000000000 0000000000000000
0x00007ff3ae7c36e0:   0000000000000000 0000000000000000
0x00007ff3ae7c36f0:   0000000000000000 0000000000000000
0x00007ff3ae7c3700:   0000000000000000 0000000000000000
0x00007ff3ae7c3710:   0000000000000000 0000000000000000
0x00007ff3ae7c3720:   0000000001b79800 00007ff3ad95d7a0
0x00007ff3ae7c3730:   00007ff3ae7c37a8 0000000000000000
0x00007ff3ae7c3740:   00007ff3ad95d7a0 00007ff3ae7c37c8
0x00007ff3ae7c3750:   0000000001b79800 00007ff3b8860b0e
0x00007ff3ae7c3760:   00007ff3b886085c 00007ff3ae7c3768
0x00007ff3ae7c3770:   00007ff3ad95d7a0 00007ff3ae7c37c8
0x00007ff3ae7c3780:   00007ff3ad95de70 0000000000000000
0x00007ff3ae7c3790:   00007ff3ad95d7a0 0000000000000000
0x00007ff3ae7c37a0:   00007ff3ae7c37c8 00007ff3ae7c3818
0x00007ff3ae7c37b0:   00007ff3b8855210 00000000f5daa5e0
0x00007ff3ae7c37c0:   00007ff3b885cc1b 0000000000000000
0x00007ff3ae7c37d0:   00000000f5da4bd8 00007ff3ae7c37d8
0x00007ff3ae7c37e0:   00007ff3ad95aea1 00007ff3ae7c3838
0x00007ff3ae7c37f0:   00007ff3ad95c4c0 0000000000000000
0x00007ff3ae7c3800:   00007ff3ad95af20 00007ff3ae7c37c8
0x00007ff3ae7c3810:   00007ff3ae7c3838 00007ff3ae7c3888 

Instructions: (pc=0x00007ff3c91da87c)
0x00007ff3c91da85c:   c7 83 58 02 00 00 06 00 00 00 48 89 de 48 89 5d
0x00007ff3c91da86c:   c0 4c 89 e7 e8 db 0a 01 00 48 8b 05 14 ed 83 00
0x00007ff3c91da87c:   49 8b 16 80 38 00 0f 85 b0 00 00 00 48 8b 52 08
0x00007ff3c91da88c:   48 8b 72 68 4c 89 ef e8 e8 ae 02 00 48 83 7d a8 

Register to memory mapping:

RAX=0x00007ff3c9a50e79: <offset 0xeeae79> in /usr/lib/jvm/java-8-oracle/jre/lib/amd64/server/libjvm.so at 0x00007ff3c8b66000
RBX=0x0000000001b79800 is a thread
RCX=0x0000000000000000 is an unknown value
RDX=0x00007ff3c9a5ac90: <offset 0xef4c90> in /usr/lib/jvm/java-8-oracle/jre/lib/amd64/server/libjvm.so at 0x00007ff3c8b66000
RSP=0x00007ff3ae7c3620 is pointing into the stack for thread: 0x0000000001b79800
RBP=0x00007ff3ae7c3680 is pointing into the stack for thread: 0x0000000001b79800
RSI=0x0000000001b79800 is a thread
RDI=0x00007ff3ae7c3620 is pointing into the stack for thread: 0x0000000001b79800
R8 =0x00007ff3c9e0ffc8: <offset 0x386fc8> in /lib/x86_64-linux-gnu/libc.so.6 at 0x00007ff3c9a89000
R9 =0x000000000000001c is an unknown value
R10=0x0000000000000000 is an unknown value
R11=0x00007ff3ad327df0: gu_local_pool_+0 in /usr/local/lib/libgu.so.0 at 0x00007ff3ad31f000
R12=0x00007ff3ae7c3620 is pointing into the stack for thread: 0x0000000001b79800
R13=0x0000000001b799e0 is an unknown value
R14=0x0000000000000000 is an unknown value
R15=0x00007ff3c9a5f1e0: <offset 0xef91e0> in /usr/lib/jvm/java-8-oracle/jre/lib/amd64/server/libjvm.so at 0x00007ff3c8b66000


Stack: [0x00007ff3ae6c6000,0x00007ff3ae7c7000],  sp=0x00007ff3ae7c3620,  free space=1013k
Native frames: (J=compiled Java code, j=interpreted, Vv=VM code, C=native code)
V  [libjvm.so+0x67487c]  jni_GetObjectClass+0xbc
C  [libjpgf.so+0x3426]  Java_org_grammaticalframework_pgf_PGF_readPGF__Ljava_io_InputStream_2+0x66

Java frames: (J=compiled Java code, j=interpreted, Vv=VM code)
j  org.grammaticalframework.pgf.PGF.readPGF(Ljava/io/InputStream;)Lorg/grammaticalframework/pgf/PGF;+0
j  org.agfjord.grammar.Parser.<init>()V+49
j  org.agfjord.server.JSONService.parseQuestion(Ljava/lang/String;Ljava/lang/String;Ljava/lang/String;)Ljava/lang/String;+4
v  ~StubRoutines::call_stub
J 1990  sun.reflect.NativeMethodAccessorImpl.invoke0(Ljava/lang/reflect/Method;Ljava/lang/Object;[Ljava/lang/Object;)Ljava/lang/Object; (0 bytes) @ 0x00007ff3b8df0737 [0x00007ff3b8df06c0+0x77]
J 1989 C1 sun.reflect.NativeMethodAccessorImpl.invoke(Ljava/lang/Object;[Ljava/lang/Object;)Ljava/lang/Object; (104 bytes) @ 0x00007ff3b8defe74 [0x00007ff3b8defae0+0x394]
J 1721 C1 sun.reflect.DelegatingMethodAccessorImpl.invoke(Ljava/lang/Object;[Ljava/lang/Object;)Ljava/lang/Object; (10 bytes) @ 0x00007ff3b8d7412c [0x00007ff3b8d740c0+0x6c]
J 1720 C1 java.lang.reflect.Method.invoke(Ljava/lang/Object;[Ljava/lang/Object;)Ljava/lang/Object; (62 bytes) @ 0x00007ff3b8d73ca4 [0x00007ff3b8d73ba0+0x104]
j  org.glassfish.jersey.server.model.internal.ResourceMethodInvocationHandlerFactory$1.invoke(Ljava/lang/Object;Ljava/lang/reflect/Method;[Ljava/lang/Object;)Ljava/lang/Object;+3
j  org.glassfish.jersey.server.model.internal.AbstractJavaResourceMethodDispatcher$1.run()Ljava/lang/Object;+38
j  org.glassfish.jersey.server.model.internal.AbstractJavaResourceMethodDispatcher.invoke(Ljava/lang/Object;[Ljava/lang/Object;)Ljava/lang/Object;+89
j  org.glassfish.jersey.server.model.internal.JavaResourceMethodDispatcherProvider$TypeOutInvoker.doDispatch(Ljava/lang/Object;Ljavax/ws/rs/core/Request;)Ljavax/ws/rs/core/Response;+6
j  org.glassfish.jersey.server.model.internal.AbstractJavaResourceMethodDispatcher.dispatch(Ljava/lang/Object;Lorg/glassfish/jersey/server/ContainerRequest;)Ljavax/ws/rs/core/Response;+5
j  org.glassfish.jersey.server.model.ResourceMethodInvoker.invoke(Lorg/glassfish/jersey/server/ContainerRequest;Ljava/lang/Object;)Ljavax/ws/rs/core/Response;+38
j  org.glassfish.jersey.server.model.ResourceMethodInvoker.apply(Lorg/glassfish/jersey/server/ContainerRequest;)Lorg/glassfish/jersey/server/ContainerResponse;+116
j  org.glassfish.jersey.server.model.ResourceMethodInvoker.apply(Ljava/lang/Object;)Ljava/lang/Object;+5
j  org.glassfish.jersey.server.ServerRuntime$1.run()V+126
j  org.glassfish.jersey.internal.Errors$1.call()Ljava/lang/Void;+4
j  org.glassfish.jersey.internal.Errors$1.call()Ljava/lang/Object;+1
j  org.glassfish.jersey.internal.Errors.process(Ljava/util/concurrent/Callable;Z)Ljava/lang/Object;+36
j  org.glassfish.jersey.internal.Errors.process(Lorg/glassfish/jersey/internal/util/Producer;Z)Ljava/lang/Object;+2
j  org.glassfish.jersey.internal.Errors.process(Ljava/lang/Runnable;)V+9
j  org.glassfish.jersey.process.internal.RequestScope.runInScope(Ljava/lang/Runnable;)V+25
j  org.glassfish.jersey.server.ServerRuntime.process(Lorg/glassfish/jersey/server/ContainerRequest;)V+34
j  org.glassfish.jersey.server.ApplicationHandler.handle(Lorg/glassfish/jersey/server/ContainerRequest;)V+5
j  org.glassfish.jersey.servlet.WebComponent.service(Ljava/net/URI;Ljava/net/URI;Ljavax/servlet/http/HttpServletRequest;Ljavax/servlet/http/HttpServletResponse;)Lorg/glassfish/jersey/internal/util/collection/Value;+119
j  org.glassfish.jersey.servlet.ServletContainer.service(Ljava/net/URI;Ljava/net/URI;Ljavax/servlet/http/HttpServletRequest;Ljavax/servlet/http/HttpServletResponse;)Lorg/glassfish/jersey/internal/util/collection/Value;+9
j  org.glassfish.jersey.servlet.ServletContainer.service(Ljavax/servlet/http/HttpServletRequest;Ljavax/servlet/http/HttpServletResponse;)V+359
j  org.glassfish.jersey.servlet.ServletContainer.service(Ljavax/servlet/ServletRequest;Ljavax/servlet/ServletResponse;)V+39
j  org.eclipse.jetty.servlet.ServletHolder.handle(Lorg/eclipse/jetty/server/Request;Ljavax/servlet/ServletRequest;Ljavax/servlet/ServletResponse;)V+217
j  org.eclipse.jetty.servlet.ServletHandler.doHandle(Ljava/lang/String;Lorg/eclipse/jetty/server/Request;Ljavax/servlet/http/HttpServletRequest;Ljavax/servlet/http/HttpServletResponse;)V+215
j  org.eclipse.jetty.server.handler.ScopedHandler.handle(Ljava/lang/String;Lorg/eclipse/jetty/server/Request;Ljavax/servlet/http/HttpServletRequest;Ljavax/servlet/http/HttpServletResponse;)V+25
j  org.eclipse.jetty.security.SecurityHandler.handle(Ljava/lang/String;Lorg/eclipse/jetty/server/Request;Ljavax/servlet/http/HttpServletRequest;Ljavax/servlet/http/HttpServletResponse;)V+540
j  org.eclipse.jetty.server.session.SessionHandler.doHandle(Ljava/lang/String;Lorg/eclipse/jetty/server/Request;Ljavax/servlet/http/HttpServletRequest;Ljavax/servlet/http/HttpServletResponse;)V+68
j  org.eclipse.jetty.server.handler.ContextHandler.doHandle(Ljava/lang/String;Lorg/eclipse/jetty/server/Request;Ljavax/servlet/http/HttpServletRequest;Ljavax/servlet/http/HttpServletResponse;)V+206
j  org.eclipse.jetty.servlet.ServletHandler.doScope(Ljava/lang/String;Lorg/eclipse/jetty/server/Request;Ljavax/servlet/http/HttpServletRequest;Ljavax/servlet/http/HttpServletResponse;)V+277
j  org.eclipse.jetty.server.session.SessionHandler.doScope(Ljava/lang/String;Lorg/eclipse/jetty/server/Request;Ljavax/servlet/http/HttpServletRequest;Ljavax/servlet/http/HttpServletResponse;)V+233
j  org.eclipse.jetty.server.handler.ContextHandler.doScope(Ljava/lang/String;Lorg/eclipse/jetty/server/Request;Ljavax/servlet/http/HttpServletRequest;Ljavax/servlet/http/HttpServletResponse;)V+437
j  org.eclipse.jetty.server.handler.ScopedHandler.handle(Ljava/lang/String;Lorg/eclipse/jetty/server/Request;Ljavax/servlet/http/HttpServletRequest;Ljavax/servlet/http/HttpServletResponse;)V+13
j  org.eclipse.jetty.server.handler.ContextHandlerCollection.handle(Ljava/lang/String;Lorg/eclipse/jetty/server/Request;Ljavax/servlet/http/HttpServletRequest;Ljavax/servlet/http/HttpServletResponse;)V+399
j  org.eclipse.jetty.server.handler.HandlerCollection.handle(Ljava/lang/String;Lorg/eclipse/jetty/server/Request;Ljavax/servlet/http/HttpServletRequest;Ljavax/servlet/http/HttpServletResponse;)V+42
j  org.eclipse.jetty.server.handler.HandlerWrapper.handle(Ljava/lang/String;Lorg/eclipse/jetty/server/Request;Ljavax/servlet/http/HttpServletRequest;Ljavax/servlet/http/HttpServletResponse;)V+23
j  org.eclipse.jetty.server.Server.handle(Lorg/eclipse/jetty/server/AbstractHttpConnection;)V+146
j  org.eclipse.jetty.server.AbstractHttpConnection.handleRequest()V+328
j  org.eclipse.jetty.server.AbstractHttpConnection.headerComplete()V+472
j  org.eclipse.jetty.server.AbstractHttpConnection$RequestHandler.headerComplete()V+4
j  org.eclipse.jetty.http.HttpParser.parseNext()I+2162
j  org.eclipse.jetty.http.HttpParser.parseAvailable()Z+1
j  org.eclipse.jetty.server.AsyncHttpConnection.handle()Lorg/eclipse/jetty/io/Connection;+80
j  org.eclipse.jetty.io.nio.SelectChannelEndPoint.handle()V+10
j  org.eclipse.jetty.io.nio.SelectChannelEndPoint$1.run()V+4
j  org.eclipse.jetty.util.thread.QueuedThreadPool.runJob(Ljava/lang/Runnable;)V+1
j  org.eclipse.jetty.util.thread.QueuedThreadPool$3.run()V+47
j  java.lang.Thread.run()V+11
v  ~StubRoutines::call_stub

---------------  P R O C E S S  ---------------

Java Threads: ( => current thread )
  0x0000000001b83800 JavaThread "qtp1256893889-19" [_thread_blocked, id=29996, stack(0x00007ff3ae1c1000,0x00007ff3ae2c2000)]
  0x0000000001b81000 JavaThread "qtp1256893889-18" [_thread_blocked, id=29995, stack(0x00007ff3ae2c2000,0x00007ff3ae3c3000)]
  0x0000000001b7f000 JavaThread "qtp1256893889-17" [_thread_blocked, id=29994, stack(0x00007ff3ae3c3000,0x00007ff3ae4c4000)]
  0x0000000001b7d000 JavaThread "qtp1256893889-16" [_thread_blocked, id=29993, stack(0x00007ff3ae4c4000,0x00007ff3ae5c5000)]
  0x0000000001b7b000 JavaThread "qtp1256893889-15" [_thread_blocked, id=29992, stack(0x00007ff3ae5c5000,0x00007ff3ae6c6000)]
=>0x0000000001b79800 JavaThread "qtp1256893889-14" [_thread_in_vm, id=29991, stack(0x00007ff3ae6c6000,0x00007ff3ae7c7000)]
  0x00000000013ce000 JavaThread "qtp1256893889-13 Acceptor0 SelectChannelConnector@0.0.0.0:8080" [_thread_in_native, id=29990, stack(0x00007ff3ae7c7000,0x00007ff3ae8c8000)]
  0x00000000013cb800 JavaThread "qtp1256893889-12 Selector0" [_thread_in_native, id=29989, stack(0x00007ff3ae8c8000,0x00007ff3ae9c9000)]
  0x0000000001405800 JavaThread "HashSessionScavenger-0" daemon [_thread_blocked, id=29988, stack(0x00007ff3aedc9000,0x00007ff3aeeca000)]
  0x00007ff3b0053000 JavaThread "Service Thread" daemon [_thread_blocked, id=29661, stack(0x00007ff3b4292000,0x00007ff3b4393000)]
  0x00007ff3b003d000 JavaThread "C1 CompilerThread1" daemon [_thread_blocked, id=29660, stack(0x00007ff3b4393000,0x00007ff3b4494000)]
  0x00007ff3b003a000 JavaThread "C2 CompilerThread0" daemon [_thread_in_native, id=29659, stack(0x00007ff3b4494000,0x00007ff3b4595000)]
  0x00007ff3b0038000 JavaThread "Signal Dispatcher" daemon [_thread_blocked, id=29658, stack(0x00007ff3b4595000,0x00007ff3b4696000)]
  0x00007ff3b0008800 JavaThread "Finalizer" daemon [_thread_blocked, id=29657, stack(0x00007ff3b480d000,0x00007ff3b490e000)]
  0x00000000011db800 JavaThread "Reference Handler" daemon [_thread_blocked, id=29656, stack(0x00007ff3b490e000,0x00007ff3b4a0f000)]
  0x0000000001171800 JavaThread "main" [_thread_blocked, id=29652, stack(0x00007ff3ca554000,0x00007ff3ca655000)]

Other Threads:
  0x00000000011d6800 VMThread [stack: 0x00007ff3b4a0f000,0x00007ff3b4b10000] [id=29655]
  0x00007ff3b0055800 WatcherThread [stack: 0x00007ff3b4191000,0x00007ff3b4292000] [id=29662]

VM state:not at safepoint (normal execution)

VM Mutex/Monitor currently owned by a thread:  ([mutex/lock_event])
[0x000000000116cc50] CodeCache_lock - owner thread: 0x0000000000000000

Heap:
 PSYoungGen      total 277504K, used 217283K [0x00000000ebb00000, 0x0000000100000000, 0x0000000100000000)
  eden space 224256K, 74% used [0x00000000ebb00000,0x00000000f5f12468,0x00000000f9600000)
  from space 53248K, 92% used [0x00000000fcc00000,0x00000000ffc1e8a0,0x0000000100000000)
  to   space 54272K, 0% used [0x00000000f9600000,0x00000000f9600000,0x00000000fcb00000)
 ParOldGen       total 89600K, used 68874K [0x00000000c3000000, 0x00000000c8780000, 0x00000000ebb00000)
  object space 89600K, 76% used [0x00000000c3000000,0x00000000c73428f8,0x00000000c8780000)
 Metaspace       used 27603K, capacity 28078K, committed 28544K, reserved 1075200K
  class space    used 3415K, capacity 3596K, committed 3712K, reserved 1048576K

Card table byte_map: [0x00007ff3b82a5000,0x00007ff3b848e000] byte_map_base: 0x00007ff3b7c8d000

Marking Bits: (ParMarkBitMap*) 0x00007ff3c9a5ecc0
 Begin Bits: [0x00007ff3b60dd000, 0x00007ff3b701d000)
 End Bits:   [0x00007ff3b701d000, 0x00007ff3b7f5d000)

Polling page: 0x00007ff3ca667000

CodeCache: size=245760Kb used=13960Kb max_used=14135Kb free=231799Kb
 bounds [0x00007ff3b884e000, 0x00007ff3b965e000, 0x00007ff3c784e000]
 total_blobs=4538 nmethods=4154 adapters=299
 compilation: enabled

Compilation events (10 events):
Event: 76.355 Thread 0x00007ff3b003d000 4906   !   3       sun.security.x509.CertificateExtensions::parseExtension (286 bytes)
Event: 76.357 Thread 0x00007ff3b003d000 nmethod 4906 0x00007ff3b9304450 code [0x00007ff3b93047e0, 0x00007ff3b93064a8]
Event: 76.373 Thread 0x00007ff3b003a000 nmethod 4884 0x00007ff3b937db10 code [0x00007ff3b937dce0, 0x00007ff3b937ebf8]
Event: 76.373 Thread 0x00007ff3b003a000 4881       4       java.math.BigInteger::destructiveMulAdd (150 bytes)
Event: 76.376 Thread 0x00007ff3b003d000 4907   !   3       sun.net.www.protocol.jar.JarFileFactory::getCachedJarFile (145 bytes)
Event: 76.377 Thread 0x00007ff3b003d000 nmethod 4907 0x00007ff3b939f950 code [0x00007ff3b939fc20, 0x00007ff3b93a11f8]
Event: 76.379 Thread 0x00007ff3b003d000 4908       3       java.util.Collections$UnmodifiableCollection::toArray (11 bytes)
Event: 76.379 Thread 0x00007ff3b003d000 nmethod 4908 0x00007ff3b938e0d0 code [0x00007ff3b938e240, 0x00007ff3b938e468]
Event: 76.380 Thread 0x00007ff3b003a000 nmethod 4881 0x00007ff3b91cc910 code [0x00007ff3b91cca60, 0x00007ff3b91cccf8]
Event: 76.380 Thread 0x00007ff3b003a000 4876 %     4       sun.security.provider.SHA2::implCompress @ 142 (331 bytes)

GC Heap History (10 events):
Event: 66.382 GC heap before
{Heap before GC invocations=110 (full 13):
 PSYoungGen      total 287744K, used 44512K [0x00000000ebb00000, 0x0000000100000000, 0x0000000100000000)
  eden space 243200K, 0% used [0x00000000ebb00000,0x00000000ebb00000,0x00000000fa880000)
  from space 44544K, 99% used [0x00000000fa880000,0x00000000fd3f81a0,0x00000000fd400000)
  to   space 45056K, 0% used [0x00000000fd400000,0x00000000fd400000,0x0000000100000000)
 ParOldGen       total 82944K, used 82773K [0x00000000c3000000, 0x00000000c8100000, 0x00000000ebb00000)
  object space 82944K, 99% used [0x00000000c3000000,0x00000000c80d5598,0x00000000c8100000)
 Metaspace       used 19090K, capacity 19384K, committed 19584K, reserved 1067008K
  class space    used 2228K, capacity 2380K, committed 2432K, reserved 1048576K
Event: 66.637 GC heap after
Heap after GC invocations=110 (full 13):
 PSYoungGen      total 287744K, used 0K [0x00000000ebb00000, 0x0000000100000000, 0x0000000100000000)
  eden space 243200K, 0% used [0x00000000ebb00000,0x00000000ebb00000,0x00000000fa880000)
  from space 44544K, 0% used [0x00000000fa880000,0x00000000fa880000,0x00000000fd400000)
  to   space 45056K, 0% used [0x00000000fd400000,0x00000000fd400000,0x0000000100000000)
 ParOldGen       total 89600K, used 72107K [0x00000000c3000000, 0x00000000c8780000, 0x00000000ebb00000)
  object space 89600K, 80% used [0x00000000c3000000,0x00000000c766ac98,0x00000000c8780000)
 Metaspace       used 19090K, capacity 19384K, committed 19584K, reserved 1067008K
  class space    used 2228K, capacity 2380K, committed 2432K, reserved 1048576K
}
Event: 67.810 GC heap before
{Heap before GC invocations=111 (full 13):
 PSYoungGen      total 287744K, used 243200K [0x00000000ebb00000, 0x0000000100000000, 0x0000000100000000)
  eden space 243200K, 100% used [0x00000000ebb00000,0x00000000fa880000,0x00000000fa880000)
  from space 44544K, 0% used [0x00000000fa880000,0x00000000fa880000,0x00000000fd400000)
  to   space 45056K, 0% used [0x00000000fd400000,0x00000000fd400000,0x0000000100000000)
 ParOldGen       total 89600K, used 72107K [0x00000000c3000000, 0x00000000c8780000, 0x00000000ebb00000)
  object space 89600K, 80% used [0x00000000c3000000,0x00000000c766ac98,0x00000000c8780000)
 Metaspace       used 19099K, capacity 19448K, committed 19584K, reserved 1067008K
  class space    used 2229K, capacity 2380K, committed 2432K, reserved 1048576K
Event: 67.935 GC heap after
Heap after GC invocations=111 (full 13):
 PSYoungGen      total 272384K, used 45051K [0x00000000ebb00000, 0x0000000100000000, 0x0000000100000000)
  eden space 227328K, 0% used [0x00000000ebb00000,0x00000000ebb00000,0x00000000f9900000)
  from space 45056K, 99% used [0x00000000fd400000,0x00000000ffffeef8,0x0000000100000000)
  to   space 52736K, 0% used [0x00000000f9900000,0x00000000f9900000,0x00000000fcc80000)
 ParOldGen       total 89600K, used 82382K [0x00000000c3000000, 0x00000000c8780000, 0x00000000ebb00000)
  object space 89600K, 91% used [0x00000000c3000000,0x00000000c8073b18,0x00000000c8780000)
 Metaspace       used 19099K, capacity 19448K, committed 19584K, reserved 1067008K
  class space    used 2229K, capacity 2380K, committed 2432K, reserved 1048576K
}
Event: 67.935 GC heap before
{Heap before GC invocations=112 (full 14):
 PSYoungGen      total 272384K, used 45051K [0x00000000ebb00000, 0x0000000100000000, 0x0000000100000000)
  eden space 227328K, 0% used [0x00000000ebb00000,0x00000000ebb00000,0x00000000f9900000)
  from space 45056K, 99% used [0x00000000fd400000,0x00000000ffffeef8,0x0000000100000000)
  to   space 52736K, 0% used [0x00000000f9900000,0x00000000f9900000,0x00000000fcc80000)
 ParOldGen       total 89600K, used 82382K [0x00000000c3000000, 0x00000000c8780000, 0x00000000ebb00000)
  object space 89600K, 91% used [0x00000000c3000000,0x00000000c8073b18,0x00000000c8780000)
 Metaspace       used 19099K, capacity 19448K, committed 19584K, reserved 1067008K
  class space    used 2229K, capacity 2380K, committed 2432K, reserved 1048576K
Event: 68.183 GC heap after
Heap after GC invocations=112 (full 14):
 PSYoungGen      total 272384K, used 0K [0x00000000ebb00000, 0x0000000100000000, 0x0000000100000000)
  eden space 227328K, 0% used [0x00000000ebb00000,0x00000000ebb00000,0x00000000f9900000)
  from space 45056K, 0% used [0x00000000fd400000,0x00000000fd400000,0x0000000100000000)
  to   space 52736K, 0% used [0x00000000f9900000,0x00000000f9900000,0x00000000fcc80000)
 ParOldGen       total 89600K, used 67410K [0x00000000c3000000, 0x00000000c8780000, 0x00000000ebb00000)
  object space 89600K, 75% used [0x00000000c3000000,0x00000000c71d48f8,0x00000000c8780000)
 Metaspace       used 19099K, capacity 19448K, committed 19584K, reserved 1067008K
  class space    used 2229K, capacity 2380K, committed 2432K, reserved 1048576K
}
Event: 69.344 GC heap before
{Heap before GC invocations=113 (full 14):
 PSYoungGen      total 272384K, used 227328K [0x00000000ebb00000, 0x0000000100000000, 0x0000000100000000)
  eden space 227328K, 100% used [0x00000000ebb00000,0x00000000f9900000,0x00000000f9900000)
  from space 45056K, 0% used [0x00000000fd400000,0x00000000fd400000,0x0000000100000000)
  to   space 52736K, 0% used [0x00000000f9900000,0x00000000f9900000,0x00000000fcc80000)
 ParOldGen       total 89600K, used 67410K [0x00000000c3000000, 0x00000000c8780000, 0x00000000ebb00000)
  object space 89600K, 75% used [0x00000000c3000000,0x00000000c71d48f8,0x00000000c8780000)
 Metaspace       used 19100K, capacity 19448K, committed 19584K, reserved 1067008K
  class space    used 2229K, capacity 2380K, committed 2432K, reserved 1048576K
Event: 69.456 GC heap after
Heap after GC invocations=113 (full 14):
 PSYoungGen      total 276480K, used 48681K [0x00000000ebb00000, 0x0000000100000000, 0x0000000100000000)
  eden space 227328K, 0% used [0x00000000ebb00000,0x00000000ebb00000,0x00000000f9900000)
  from space 49152K, 99% used [0x00000000f9900000,0x00000000fc88a530,0x00000000fc900000)
  to   space 53248K, 0% used [0x00000000fcc00000,0x00000000fcc00000,0x0000000100000000)
 ParOldGen       total 89600K, used 67410K [0x00000000c3000000, 0x00000000c8780000, 0x00000000ebb00000)
  object space 89600K, 75% used [0x00000000c3000000,0x00000000c71d48f8,0x00000000c8780000)
 Metaspace       used 19100K, capacity 19448K, committed 19584K, reserved 1067008K
  class space    used 2229K, capacity 2380K, committed 2432K, reserved 1048576K
}
Event: 70.609 GC heap before
{Heap before GC invocations=114 (full 14):
 PSYoungGen      total 276480K, used 276009K [0x00000000ebb00000, 0x0000000100000000, 0x0000000100000000)
  eden space 227328K, 100% used [0x00000000ebb00000,0x00000000f9900000,0x00000000f9900000)
  from space 49152K, 99% used [0x00000000f9900000,0x00000000fc88a530,0x00000000fc900000)
  to   space 53248K, 0% used [0x00000000fcc00000,0x00000000fcc00000,0x0000000100000000)
 ParOldGen       total 89600K, used 67410K [0x00000000c3000000, 0x00000000c8780000, 0x00000000ebb00000)
  object space 89600K, 75% used [0x00000000c3000000,0x00000000c71d48f8,0x00000000c8780000)
 Metaspace       used 19105K, capacity 19448K, committed 19584K, reserved 1067008K
  class space    used 2230K, capacity 2380K, committed 2432K, reserved 1048576K
Event: 70.722 GC heap after
Heap after GC invocations=114 (full 14):
 PSYoungGen      total 277504K, used 49274K [0x00000000ebb00000, 0x0000000100000000, 0x0000000100000000)
  eden space 224256K, 0% used [0x00000000ebb00000,0x00000000ebb00000,0x00000000f9600000)
  from space 53248K, 92% used [0x00000000fcc00000,0x00000000ffc1e8a0,0x0000000100000000)
  to   space 54272K, 0% used [0x00000000f9600000,0x00000000f9600000,0x00000000fcb00000)
 ParOldGen       total 89600K, used 68874K [0x00000000c3000000, 0x00000000c8780000, 0x00000000ebb00000)
  object space 89600K, 76% used [0x00000000c3000000,0x00000000c73428f8,0x00000000c8780000)
 Metaspace       used 19105K, capacity 19448K, committed 19584K, reserved 1067008K
  class space    used 2230K, capacity 2380K, committed 2432K, reserved 1048576K
}

Deoptimization events (10 events):
Event: 76.315 Thread 0x0000000001b79800 Uncommon trap: reason=class_check action=maybe_recompile pc=0x00007ff3b9412ab8 method=java.security.MessageDigest$Delegate.engineDigest()[B @ 4
Event: 76.316 Thread 0x0000000001b79800 Uncommon trap: reason=class_check action=maybe_recompile pc=0x00007ff3b94a1670 method=java.security.MessageDigest$Delegate.engineReset()V @ 4
Event: 76.316 Thread 0x0000000001b79800 Uncommon trap: reason=class_check action=maybe_recompile pc=0x00007ff3b952a290 method=java.security.MessageDigest$Delegate.engineUpdate([BII)V @ 7
Event: 76.316 Thread 0x0000000001b79800 Uncommon trap: reason=class_check action=maybe_recompile pc=0x00007ff3b9412ab8 method=java.security.MessageDigest$Delegate.engineDigest()[B @ 4
Event: 76.317 Thread 0x0000000001b79800 Uncommon trap: reason=class_check action=maybe_recompile pc=0x00007ff3b94a1670 method=java.security.MessageDigest$Delegate.engineReset()V @ 4
Event: 76.317 Thread 0x0000000001b79800 Uncommon trap: reason=class_check action=maybe_recompile pc=0x00007ff3b9498f10 method=java.security.MessageDigest$Delegate.engineUpdate([BII)V @ 7
Event: 76.318 Thread 0x0000000001b79800 Uncommon trap: reason=class_check action=maybe_recompile pc=0x00007ff3b8a9837c method=java.security.MessageDigest$Delegate.engineReset()V @ 4
Event: 76.332 Thread 0x0000000001b79800 Uncommon trap: reason=unreached action=reinterpret pc=0x00007ff3b948362c method=sun.security.jca.ProviderList.getService(Ljava/lang/String;Ljava/lang/String;)Ljava/security/Provider$Service; @ 29
Event: 76.333 Thread 0x0000000001b79800 Uncommon trap: reason=predicate action=maybe_recompile pc=0x00007ff3b950e650 method=sun.misc.IOUtils.readFully(Ljava/io/InputStream;IZ)[B @ 21
Event: 76.334 Thread 0x0000000001b79800 Uncommon trap: reason=null_check action=make_not_entrant pc=0x00007ff3b9479780 method=sun.security.x509.X500Name.intern(Lsun/security/util/ObjectIdentifier;)Lsun/security/util/ObjectIdentifier; @ 9

Internal exceptions (10 events):
Event: 76.287 Thread 0x0000000001b79800 Exception <a 'java/security/PrivilegedActionException'> (0x00000000f57499d8) thrown at [/HUDSON/workspace/8-2-build-linux-amd64/jdk8u5/2488/hotspot/src/share/vm/prims/jvm.cpp, line 1248]
Event: 76.287 Thread 0x0000000001b79800 Exception <a 'java/security/PrivilegedActionException'> (0x00000000f574a8c8) thrown at [/HUDSON/workspace/8-2-build-linux-amd64/jdk8u5/2488/hotspot/src/share/vm/prims/jvm.cpp, line 1248]
Event: 76.287 Thread 0x0000000001b79800 Exception <a 'java/security/PrivilegedActionException'> (0x00000000f574b798) thrown at [/HUDSON/workspace/8-2-build-linux-amd64/jdk8u5/2488/hotspot/src/share/vm/prims/jvm.cpp, line 1248]
Event: 76.297 Thread 0x0000000001b79800 Implicit null exception at 0x00007ff3b8a76bb5 to 0x00007ff3b8a76ef5
Event: 76.309 Thread 0x0000000001b79800 Implicit null exception at 0x00007ff3b95068eb to 0x00007ff3b9506e07
Event: 76.309 Thread 0x0000000001b79800 Implicit null exception at 0x00007ff3b9545d6c to 0x00007ff3b954efdd
Event: 76.310 Thread 0x0000000001b79800 Implicit null exception at 0x00007ff3b9504bda to 0x00007ff3b9504dfd
Event: 76.310 Thread 0x0000000001b79800 Implicit null exception at 0x00007ff3b8993b92 to 0x00007ff3b8993ce5
Event: 76.310 Thread 0x0000000001b79800 Implicit null exception at 0x00007ff3b946d413 to 0x00007ff3b946d481
Event: 76.334 Thread 0x0000000001b79800 Implicit null exception at 0x00007ff3b9478edd to 0x00007ff3b947974d

Events (10 events):
Event: 76.362 loading class sun/security/provider/SecureRandom
Event: 76.362 loading class sun/security/provider/SecureRandom done
Event: 76.363 loading class sun/security/ssl/SSLSocketFactoryImpl
Event: 76.363 loading class sun/security/ssl/SSLSocketFactoryImpl done
Event: 76.383 Executing VM operation: RevokeBias
Event: 76.383 Executing VM operation: RevokeBias done
Event: 76.385 loading class sun/reflect/UnsafeStaticObjectFieldAccessorImpl
Event: 76.385 loading class sun/reflect/UnsafeStaticObjectFieldAccessorImpl done
Event: 76.386 loading class java/lang/ClassLoaderHelper
Event: 76.386 loading class java/lang/ClassLoaderHelper done


Dynamic libraries:
00400000-00401000 r-xp 00000000 08:01 1318028                            /usr/lib/jvm/java-8-oracle/bin/java
00600000-00601000 rw-p 00000000 08:01 1318028                            /usr/lib/jvm/java-8-oracle/bin/java
01166000-046ec000 rw-p 00000000 00:00 0                                  [heap]
c3000000-c8780000 rw-p 00000000 00:00 0 
c8780000-ebb00000 ---p 00000000 00:00 0 
ebb00000-100000000 rw-p 00000000 00:00 0 
100000000-1003a0000 rw-p 00000000 00:00 0 
1003a0000-140000000 ---p 00000000 00:00 0 
7ff3ad31f000-7ff3ad32f000 r-xp 00000000 08:01 1188030                    /usr/local/lib/libgu.so.0.0.0
7ff3ad32f000-7ff3ad52e000 ---p 00010000 08:01 1188030                    /usr/local/lib/libgu.so.0.0.0
7ff3ad52e000-7ff3ad52f000 rw-p 0000f000 08:01 1188030                    /usr/local/lib/libgu.so.0.0.0
7ff3ad52f000-7ff3ad54c000 r-xp 00000000 08:01 1188034                    /usr/local/lib/libpgf.so.0.0.0
7ff3ad54c000-7ff3ad74b000 ---p 0001d000 08:01 1188034                    /usr/local/lib/libpgf.so.0.0.0
7ff3ad74b000-7ff3ad74d000 rw-p 0001c000 08:01 1188034                    /usr/local/lib/libpgf.so.0.0.0
7ff3ad74d000-7ff3ad755000 r-xp 00000000 08:01 3282162                    /opt/tomcat/shared/lib/libjpgf.so
7ff3ad755000-7ff3ad954000 ---p 00008000 08:01 3282162                    /opt/tomcat/shared/lib/libjpgf.so
7ff3ad954000-7ff3ad955000 rw-p 00007000 08:01 3282162                    /opt/tomcat/shared/lib/libjpgf.so
7ff3ad955000-7ff3ad995000 rw-p 00000000 00:00 0 
7ff3ad995000-7ff3adb55000 ---p 00000000 00:00 0 
7ff3adb55000-7ff3adb6a000 r-xp 00000000 08:01 4194308                    /lib/x86_64-linux-gnu/libgcc_s.so.1
7ff3adb6a000-7ff3add6a000 ---p 00015000 08:01 4194308                    /lib/x86_64-linux-gnu/libgcc_s.so.1
7ff3add6a000-7ff3add6b000 rw-p 00015000 08:01 4194308                    /lib/x86_64-linux-gnu/libgcc_s.so.1
7ff3add7a000-7ff3addac000 r-xp 00000000 08:01 1317740                    /usr/lib/jvm/java-8-oracle/jre/lib/amd64/libsunec.so
7ff3addac000-7ff3adfab000 ---p 00032000 08:01 1317740                    /usr/lib/jvm/java-8-oracle/jre/lib/amd64/libsunec.so
7ff3adfab000-7ff3adfb1000 rw-p 00031000 08:01 1317740                    /usr/lib/jvm/java-8-oracle/jre/lib/amd64/libsunec.so
7ff3adfb1000-7ff3ae1c1000 rw-p 00000000 00:00 0 
7ff3ae1c1000-7ff3ae1c4000 ---p 00000000 00:00 0 
7ff3ae1c4000-7ff3ae2c2000 rw-p 00000000 00:00 0 
7ff3ae2c2000-7ff3ae2c5000 ---p 00000000 00:00 0 
7ff3ae2c5000-7ff3ae3c3000 rw-p 00000000 00:00 0 
7ff3ae3c3000-7ff3ae3c6000 ---p 00000000 00:00 0 
7ff3ae3c6000-7ff3ae4c4000 rw-p 00000000 00:00 0 
7ff3ae4c4000-7ff3ae4c7000 ---p 00000000 00:00 0 
7ff3ae4c7000-7ff3ae5c5000 rw-p 00000000 00:00 0 
7ff3ae5c5000-7ff3ae5c8000 ---p 00000000 00:00 0 
7ff3ae5c8000-7ff3ae6c6000 rw-p 00000000 00:00 0 
7ff3ae6c6000-7ff3ae6c9000 ---p 00000000 00:00 0 
7ff3ae6c9000-7ff3ae7c7000 rw-p 00000000 00:00 0 
7ff3ae7c7000-7ff3ae7ca000 ---p 00000000 00:00 0 
7ff3ae7ca000-7ff3ae8c8000 rw-p 00000000 00:00 0 
7ff3ae8c8000-7ff3ae8cb000 ---p 00000000 00:00 0 
7ff3ae8cb000-7ff3aebc9000 rw-p 00000000 00:00 0 
7ff3aebc9000-7ff3aedc9000 rw-p 00000000 00:00 0 
7ff3aedc9000-7ff3aedcc000 ---p 00000000 00:00 0 
7ff3aedcc000-7ff3aeeca000 rw-p 00000000 00:00 0 
7ff3aeeca000-7ff3aeecb000 r--s 0000b000 08:01 4850276                    /home/eidel/.m2/repository/org/neo4j/neo4j-jmx/2.1.2/neo4j-jmx-2.1.2.jar
7ff3aeecb000-7ff3aef3d000 r--s 0065a000 08:01 4850416                    /home/eidel/.m2/repository/org/scala-lang/scala-library/2.10.4/scala-library-2.10.4.jar
7ff3aef3d000-7ff3aef40000 r--s 0000b000 08:01 4719720                    /home/eidel/.m2/repository/com/googlecode/concurrentlinkedhashmap/concurrentlinkedhashmap-lru/1.3.1/concurrentlinkedhashmap-lru-1.3.1.jar
7ff3aef40000-7ff3aefd7000 r--s 0067f000 08:01 4850192                    /home/eidel/.m2/repository/org/neo4j/neo4j-cypher-compiler-2.1/2.1.2/neo4j-cypher-compiler-2.1-2.1.2.jar
7ff3aefd7000-7ff3aefd8000 r--s 00003000 08:01 4720023                    /home/eidel/.m2/repository/net/sf/opencsv/opencsv/2.0/opencsv-2.0.jar
7ff3aefd8000-7ff3aefdd000 r--s 00029000 08:01 4850395                    /home/eidel/.m2/repository/org/parboiled/parboiled-core/1.1.6/parboiled-core-1.1.6.jar
7ff3aefdd000-7ff3aefe2000 r--s 00036000 08:01 4850402                    /home/eidel/.m2/repository/org/parboiled/parboiled-scala_2.10/1.1.6/parboiled-scala_2.10-1.1.6.jar
7ff3aefe2000-7ff3af052000 r--s 004b8000 08:01 4850178                    /home/eidel/.m2/repository/org/neo4j/neo4j-cypher-compiler-2.0/2.0.3/neo4j-cypher-compiler-2.0-2.0.3.jar
7ff3af052000-7ff3af097000 r--s 002a1000 08:01 4850164                    /home/eidel/.m2/repository/org/neo4j/neo4j-cypher-compiler-1.9/2.0.3/neo4j-cypher-compiler-1.9-2.0.3.jar
7ff3af097000-7ff3af09c000 r--s 00030000 08:01 4850157                    /home/eidel/.m2/repository/org/neo4j/neo4j-cypher-commons/2.1.2/neo4j-cypher-commons-2.1.2.jar
7ff3af09c000-7ff3af0a0000 r--s 00029000 08:01 4850213                    /home/eidel/.m2/repository/org/neo4j/neo4j-cypher/2.1.2/neo4j-cypher-2.1.2.jar
7ff3af0a0000-7ff3af0a2000 r--s 0000c000 08:01 4850255                    /home/eidel/.m2/repository/org/neo4j/neo4j-graph-matching/2.1.2/neo4j-graph-matching-2.1.2.jar
7ff3af0a2000-7ff3af0a4000 r--s 00008000 08:01 4850346                    /home/eidel/.m2/repository/org/neo4j/neo4j-udc/2.1.2/neo4j-udc-2.1.2.jar
7ff3af0a4000-7ff3af0a8000 r--s 00025000 08:01 4850234                    /home/eidel/.m2/repository/org/neo4j/neo4j-graph-algo/2.1.2/neo4j-graph-algo-2.1.2.jar
7ff3af0a8000-7ff3af0c1000 r--s 0015f000 08:01 4720418                    /home/eidel/.m2/repository/org/apache/lucene/lucene-core/3.6.2/lucene-core-3.6.2.jar
7ff3af0c1000-7ff3af0c7000 r--s 00039000 08:01 4850318                    /home/eidel/.m2/repository/org/neo4j/neo4j-lucene-index/2.1.2/neo4j-lucene-index-2.1.2.jar
7ff3af0c7000-7ff3af0c8000 r--s 00003000 08:01 4720225                    /home/eidel/.m2/repository/org/apache/geronimo/specs/geronimo-jta_1.1_spec/1.1.1/geronimo-jta_1.1_spec-1.1.1.jar
7ff3af0c8000-7ff3af0cc000 r--s 00017000 08:01 4850325                    /home/eidel/.m2/repository/org/neo4j/neo4j-primitive-collections/2.1.2/neo4j-primitive-collections-2.1.2.jar
7ff3af0cc000-7ff3af104000 r--s 0023a000 08:01 4850297                    /home/eidel/.m2/repository/org/neo4j/neo4j-kernel/2.1.2/neo4j-kernel-2.1.2.jar
7ff3af104000-7ff3af105000 r--s 00005000 08:01 4850367                    /home/eidel/.m2/repository/org/neo4j/neo4j/2.1.2/neo4j-2.1.2.jar
7ff3af105000-7ff3af10a000 r--s 0002a000 08:01 4719703                    /home/eidel/.m2/repository/com/google/code/gson/gson/2.2.4/gson-2.2.4.jar
7ff3af10a000-7ff3af10c000 r--s 00004000 08:01 4850423                    /home/eidel/.m2/repository/org/slf4j/slf4j-api/1.5.6/slf4j-api-1.5.6.jar
7ff3af10c000-7ff3af10d000 r--s 00001000 08:01 4850434                    /home/eidel/.m2/repository/org/slf4j/slf4j-simple/1.5.6/slf4j-simple-1.5.6.jar
7ff3af10d000-7ff3af10f000 r--s 0000d000 08:01 4719885                    /home/eidel/.m2/repository/commons-logging/commons-logging/1.1.1/commons-logging-1.1.1.jar
7ff3af10f000-7ff3af110000 r--s 00005000 08:01 4850388                    /home/eidel/.m2/repository/org/noggit/noggit/0.5/noggit-0.5.jar
7ff3af110000-7ff3af117000 r--s 00079000 08:01 4849899                    /home/eidel/.m2/repository/org/codehaus/woodstox/wstx-asl/3.2.7/wstx-asl-3.2.7.jar
7ff3af117000-7ff3af123000 r--s 000b3000 08:01 4721553                    /home/eidel/.m2/repository/org/apache/zookeeper/zookeeper/3.4.5/zookeeper-3.4.5.jar
7ff3af123000-7ff3af125000 r--s 00008000 08:01 4720354                    /home/eidel/.m2/repository/org/apache/httpcomponents/httpmime/4.3.1/httpmime-4.3.1.jar
7ff3af125000-7ff3af12b000 r--s 0003f000 08:01 4720347                    /home/eidel/.m2/repository/org/apache/httpcomponents/httpcore/4.3/httpcore-4.3.jar
7ff3af12b000-7ff3af136000 r--s 00084000 08:01 4720280                    /home/eidel/.m2/repository/org/apache/httpcomponents/httpclient/4.3.1/httpclient-4.3.1.jar
7ff3af136000-7ff3af13f000 r--s 0006d000 08:01 4719993                    /home/eidel/.m2/repository/log4j/log4j/1.2.16/log4j-1.2.16.jar
7ff3af13f000-7ff3af142000 r--s 00025000 08:01 4719833                    /home/eidel/.m2/repository/commons-io/commons-io/2.1/commons-io-2.1.jar
7ff3af142000-7ff3af14a000 r--s 0005e000 08:01 4721410                    /home/eidel/.m2/repository/org/apache/solr/solr-solrj/4.7.0/solr-solrj-4.7.0.jar
7ff3af14a000-7ff3af14f000 r--s 0002a000 08:01 4849911                    /home/eidel/.m2/repository/org/eclipse/persistence/org.eclipse.persistence.antlr/2.5.0/org.eclipse.persistence.antlr-2.5.0.jar
7ff3af14f000-7ff3af156000 r--s 0003c000 08:01 4849918                    /home/eidel/.m2/repository/org/eclipse/persistence/org.eclipse.persistence.asm/2.5.0/org.eclipse.persistence.asm-2.5.0.jar
7ff3af156000-7ff3af194000 r--s 00482000 08:01 4849925                    /home/eidel/.m2/repository/org/eclipse/persistence/org.eclipse.persistence.core/2.5.0/org.eclipse.persistence.core-2.5.0.jar
7ff3af194000-7ff3af19b000 r--s 00071000 08:01 4849932                    /home/eidel/.m2/repository/org/eclipse/persistence/org.eclipse.persistence.moxy/2.5.0/org.eclipse.persistence.moxy-2.5.0.jar
7ff3af19b000-7ff3af19e000 r--s 0000e000 08:01 4850052                    /home/eidel/.m2/repository/org/glassfish/jersey/ext/jersey-entity-filtering/2.7/jersey-entity-filtering-2.7.jar
7ff3af19e000-7ff3af1a0000 r--s 00005000 08:01 4850067                    /home/eidel/.m2/repository/org/glassfish/jersey/media/jersey-media-moxy/2.7/jersey-media-moxy-2.7.jar
7ff3af1a0000-7ff3af1a4000 r--s 00018000 08:01 4719956                    /home/eidel/.m2/repository/javax/ws/rs/javax.ws.rs-api/2.0/javax.ws.rs-api-2.0.jar
7ff3af1a4000-7ff3af1bc000 r--s 000d4000 08:01 4850009                    /home/eidel/.m2/repository/org/glassfish/jersey/bundles/repackaged/jersey-guava/2.7/jersey-guava-2.7.jar
7ff3af1bc000-7ff3af1cb000 r--s 0009f000 08:01 4850038                    /home/eidel/.m2/repository/org/glassfish/jersey/core/jersey-common/2.7/jersey-common-2.7.jar
7ff3af1cb000-7ff3af1cf000 r--s 0000c000 08:01 4719945                    /home/eidel/.m2/repository/javax/validation/validation-api/1.1.0.Final/validation-api-1.1.0.Final.jar
7ff3af1cf000-7ff3af1d9000 r--s 000a5000 08:01 4850106                    /home/eidel/.m2/repository/org/javassist/javassist/3.18.1-GA/javassist-3.18.1-GA.jar
7ff3af1d9000-7ff3af3d9000 rw-p 00000000 00:00 0 
7ff3af3d9000-7ff3af5d9000 rw-p 00000000 00:00 0 
7ff3af5d9000-7ff3af7d9000 rw-p 00000000 00:00 0 
7ff3af7d9000-7ff3af7e9000 r-xp 00000000 08:01 1317749                    /usr/lib/jvm/java-8-oracle/jre/lib/amd64/libnio.so
7ff3af7e9000-7ff3af9e9000 ---p 00010000 08:01 1317749                    /usr/lib/jvm/java-8-oracle/jre/lib/amd64/libnio.so
7ff3af9e9000-7ff3af9ea000 rw-p 00010000 08:01 1317749                    /usr/lib/jvm/java-8-oracle/jre/lib/amd64/libnio.so
7ff3af9ea000-7ff3afa00000 r-xp 00000000 08:01 1317764                    /usr/lib/jvm/java-8-oracle/jre/lib/amd64/libnet.so
7ff3afa00000-7ff3afbff000 ---p 00016000 08:01 1317764                    /usr/lib/jvm/java-8-oracle/jre/lib/amd64/libnet.so
7ff3afbff000-7ff3afc00000 rw-p 00015000 08:01 1317764                    /usr/lib/jvm/java-8-oracle/jre/lib/amd64/libnet.so
7ff3afc00000-7ff3afe00000 rw-p 00000000 00:00 0 
7ff3afe00000-7ff3b0000000 rw-p 00000000 00:00 0 
7ff3b0000000-7ff3b3b90000 rw-p 00000000 00:00 0 
7ff3b3b90000-7ff3b4000000 ---p 00000000 00:00 0 
7ff3b4001000-7ff3b4002000 rw-p 00000000 00:00 0 
7ff3b4002000-7ff3b4003000 r--s 00009000 08:01 1317835                    /usr/lib/jvm/java-8-oracle/jre/lib/ext/sunec.jar
7ff3b4003000-7ff3b4004000 r--s 00004000 08:01 4849998                    /home/eidel/.m2/repository/org/glassfish/hk2/osgi-resource-locator/1.0.1/osgi-resource-locator-1.0.1.jar
7ff3b4004000-7ff3b4007000 r--s 00027000 08:01 4849976                    /home/eidel/.m2/repository/org/glassfish/hk2/hk2-locator/2.2.0/hk2-locator-2.2.0.jar
7ff3b4007000-7ff3b4009000 r--s 00002000 08:01 4849947                    /home/eidel/.m2/repository/org/glassfish/hk2/external/aopalliance-repackaged/2.2.0/aopalliance-repackaged-2.2.0.jar
7ff3b4009000-7ff3b400c000 r--s 0000e000 08:01 4849991                    /home/eidel/.m2/repository/org/glassfish/hk2/hk2-utils/2.2.0/hk2-utils-2.2.0.jar
7ff3b400c000-7ff3b4010000 r--s 0001f000 08:01 4849961                    /home/eidel/.m2/repository/org/glassfish/hk2/hk2-api/2.2.0/hk2-api-2.2.0.jar
7ff3b4010000-7ff3b4012000 r--s 00005000 08:01 4719922                    /home/eidel/.m2/repository/javax/annotation/javax.annotation-api/1.2/javax.annotation-api-1.2.jar
7ff3b4012000-7ff3b4016000 r--s 00022000 08:01 4850031                    /home/eidel/.m2/repository/org/glassfish/jersey/core/jersey-client/2.7/jersey-client-2.7.jar
7ff3b4016000-7ff3b402b000 r--s 000cd000 08:01 4850045                    /home/eidel/.m2/repository/org/glassfish/jersey/core/jersey-server/2.7/jersey-server-2.7.jar
7ff3b402b000-7ff3b402c000 r--s 00001000 08:01 4849954                    /home/eidel/.m2/repository/org/glassfish/hk2/external/javax.inject/2.2.0/javax.inject-2.2.0.jar
7ff3b402c000-7ff3b402f000 r--s 0000b000 08:01 4850020                    /home/eidel/.m2/repository/org/glassfish/jersey/containers/jersey-container-servlet-core/2.7/jersey-container-servlet-core-2.7.jar
7ff3b402f000-7ff3b4030000 r--p 00000000 08:01 1181997                    /usr/share/locale/en_GB/LC_MESSAGES/libc.mo
7ff3b4030000-7ff3b4033000 r--s 00019000 08:01 1318005                    /usr/lib/jvm/java-8-oracle/jre/lib/jce.jar
7ff3b4033000-7ff3b4042000 r--s 0019c000 08:01 4723318                    /home/eidel/.m2/repository/org/eclipse/jetty/orbit/org.eclipse.jdt.core/3.7.1/org.eclipse.jdt.core-3.7.1.jar
7ff3b4042000-7ff3b4045000 r--s 0001d000 08:01 4723315                    /home/eidel/.m2/repository/org/eclipse/jetty/orbit/com.sun.el/2.2.0.v201108011116/com.sun.el-2.2.0.v201108011116.jar
7ff3b4045000-7ff3b4047000 r--s 0000b000 08:01 4723313                    /home/eidel/.m2/repository/org/eclipse/jetty/orbit/javax.el/2.2.0.v201108011116/javax.el-2.2.0.v201108011116.jar
7ff3b4047000-7ff3b404f000 r--s 00061000 08:01 4723314                    /home/eidel/.m2/repository/org/eclipse/jetty/orbit/org.apache.taglibs.standard.glassfish/1.2.0.v201112081803/org.apache.taglibs.standard.glassfish-1.2.0.v201112081803.jar
7ff3b404f000-7ff3b4051000 r--s 0000b000 08:01 4723311                    /home/eidel/.m2/repository/org/eclipse/jetty/orbit/javax.servlet.jsp.jstl/1.2.0.v201105211821/javax.servlet.jsp.jstl-1.2.0.v201105211821.jar
7ff3b4051000-7ff3b4058000 r--s 0008a000 08:01 4723307                    /home/eidel/.m2/repository/org/eclipse/jetty/orbit/org.apache.jasper.glassfish/2.2.2.v201112011158/org.apache.jasper.glassfish-2.2.2.v201112011158.jar
7ff3b4058000-7ff3b405a000 r--s 00018000 08:01 4723306                    /home/eidel/.m2/repository/org/eclipse/jetty/orbit/javax.servlet.jsp/2.2.0.v201112011158/javax.servlet.jsp-2.2.0.v201112011158.jar
7ff3b405a000-7ff3b405b000 r--s 00000000 08:01 4723305                    /home/eidel/.m2/repository/org/eclipse/jetty/jetty-jsp/8.1.15.v20140411/jetty-jsp-8.1.15.v20140411.jar
7ff3b405b000-7ff3b405d000 r--s 00016000 08:01 4723302                    /home/eidel/.m2/repository/org/eclipse/jetty/jetty-http/8.1.15.v20140411/jetty-http-8.1.15.v20140411.jar
7ff3b405d000-7ff3b405f000 r--s 00018000 08:01 4723299                    /home/eidel/.m2/repository/org/eclipse/jetty/jetty-io/8.1.15.v20140411/jetty-io-8.1.15.v20140411.jar
7ff3b405f000-7ff3b4062000 r--s 0001d000 08:01 4723298                    /home/eidel/.m2/repository/org/eclipse/jetty/jetty-websocket/8.1.15.v20140411/jetty-websocket-8.1.15.v20140411.jar
7ff3b4062000-7ff3b4067000 r--s 00032000 08:01 4723297                    /home/eidel/.m2/repository/org/eclipse/jetty/orbit/org.objectweb.asm/3.1.0.v200803061910/org.objectweb.asm-3.1.0.v200803061910.jar
7ff3b4067000-7ff3b4069000 r--s 00005000 08:01 4723296                    /home/eidel/.m2/repository/org/eclipse/jetty/orbit/javax.annotation/1.1.0.v201108011116/javax.annotation-1.1.0.v201108011116.jar
7ff3b4069000-7ff3b406b000 r--s 00011000 08:01 4723291                    /home/eidel/.m2/repository/org/eclipse/jetty/jetty-annotations/8.1.15.v20140411/jetty-annotations-8.1.15.v20140411.jar
7ff3b406b000-7ff3b406d000 r--s 00005000 08:01 4723290                    /home/eidel/.m2/repository/org/eclipse/jetty/jetty-jmx/8.1.15.v20140411/jetty-jmx-8.1.15.v20140411.jar
7ff3b406d000-7ff3b406f000 r--s 0000c000 08:01 4723287                    /home/eidel/.m2/repository/org/eclipse/jetty/orbit/javax.activation/1.1.0.v201105071233/javax.activation-1.1.0.v201105071233.jar
7ff3b406f000-7ff3b4075000 r--s 00072000 08:01 4723286                    /home/eidel/.m2/repository/org/eclipse/jetty/orbit/javax.mail.glassfish/1.4.1.v201005082020/javax.mail.glassfish-1.4.1.v201005082020.jar
7ff3b4075000-7ff3b4077000 r--s 00004000 08:01 4723285                    /home/eidel/.m2/repository/org/eclipse/jetty/jetty-continuation/8.1.15.v20140411/jetty-continuation-8.1.15.v20140411.jar
7ff3b4077000-7ff3b407a000 r--s 0002e000 08:01 4723284                    /home/eidel/.m2/repository/org/eclipse/jetty/orbit/javax.servlet/3.0.0.v201112011016/javax.servlet-3.0.0.v201112011016.jar
7ff3b407a000-7ff3b407f000 r--s 00053000 08:01 4723279                    /home/eidel/.m2/repository/org/eclipse/jetty/jetty-server/8.1.15.v20140411/jetty-server-8.1.15.v20140411.jar
7ff3b407f000-7ff3b4080000 r--s 00009000 08:01 4723278                    /home/eidel/.m2/repository/org/eclipse/jetty/jetty-jndi/8.1.15.v20140411/jetty-jndi-8.1.15.v20140411.jar
7ff3b4080000-7ff3b4082000 r--s 00006000 08:01 4723277                    /home/eidel/.m2/repository/org/eclipse/jetty/orbit/javax.transaction/1.1.1.v201105210645/javax.transaction-1.1.1.v201105210645.jar
7ff3b4082000-7ff3b4084000 r--s 00013000 08:01 4723276                    /home/eidel/.m2/repository/org/eclipse/jetty/jetty-plus/8.1.15.v20140411/jetty-plus-8.1.15.v20140411.jar
7ff3b4084000-7ff3b4088000 r--s 0003a000 08:01 4720018                    /home/eidel/.m2/repository/net/sf/jtidy/jtidy/r938/jtidy-r938.jar
7ff3b4088000-7ff3b408a000 r--s 0000c000 08:01 4723273                    /home/eidel/.m2/repository/org/apache/maven/plugin-tools/maven-plugin-tools-api/2.9/maven-plugin-tools-api-2.9.jar
7ff3b408a000-7ff3b408c000 r--s 00002000 08:01 4872925                    /home/eidel/.m2/repository/org/sonatype/plexus/plexus-cipher/1.4/plexus-cipher-1.4.jar
7ff3b408c000-7ff3b408d000 r--s 00006000 08:01 4872924                    /home/eidel/.m2/repository/org/sonatype/plexus/plexus-sec-dispatcher/1.3/plexus-sec-dispatcher-1.3.jar
7ff3b408d000-7ff3b408f000 r--s 00000000 08:01 4721675                    /home/eidel/.m2/repository/org/codehaus/plexus/plexus-component-annotations/1.5.5/plexus-component-annotations-1.5.5.jar
7ff3b408f000-7ff3b4091000 r--s 0000d000 08:01 4723269                    /home/eidel/.m2/repository/org/codehaus/plexus/plexus-interpolation/1.14/plexus-interpolation-1.14.jar
7ff3b4091000-7ff3b4095000 r--s 0001a000 08:01 4723266                    /home/eidel/.m2/repository/org/sonatype/aether/aether-util/1.11/aether-util-1.11.jar
7ff3b4095000-7ff3b4099000 r--s 00033000 08:01 4723267                    /home/eidel/.m2/repository/org/codehaus/plexus/plexus-utils/2.0.6/plexus-utils-2.0.6.jar
7ff3b4099000-7ff3b40a5000 r--s 0006b000 08:01 4723265                    /home/eidel/.m2/repository/org/sonatype/sisu/sisu-guice/2.9.4/sisu-guice-2.9.4-no_aop.jar
7ff3b40a5000-7ff3b40ab000 r--s 00033000 08:01 4723261                    /home/eidel/.m2/repository/org/sonatype/sisu/sisu-inject-bean/2.1.1/sisu-inject-bean-2.1.1.jar
7ff3b40ab000-7ff3b40ad000 r--s 00014000 08:01 4723257                    /home/eidel/.m2/repository/org/eclipse/jetty/jetty-security/8.1.15.v20140411/jetty-security-8.1.15.v20140411.jar
7ff3b40ad000-7ff3b40af000 r--s 00017000 08:01 4723258                    /home/eidel/.m2/repository/org/eclipse/jetty/jetty-servlet/8.1.15.v20140411/jetty-servlet-8.1.15.v20140411.jar
7ff3b40af000-7ff3b40b0000 r--s 00009000 08:01 4723259                    /home/eidel/.m2/repository/org/eclipse/jetty/jetty-xml/8.1.15.v20140411/jetty-xml-8.1.15.v20140411.jar
7ff3b40b0000-7ff3b40b2000 r--s 00019000 08:01 4723256                    /home/eidel/.m2/repository/org/eclipse/jetty/jetty-webapp/8.1.15.v20140411/jetty-webapp-8.1.15.v20140411.jar
7ff3b40b2000-7ff3b40b7000 r--s 00042000 08:01 4723255                    /home/eidel/.m2/repository/org/eclipse/jetty/jetty-util/8.1.15.v20140411/jetty-util-8.1.15.v20140411.jar
7ff3b40b7000-7ff3b40b9000 r--s 00011000 08:01 4722955                    /home/eidel/.m2/repository/org/mortbay/jetty/jetty-maven-plugin/8.1.15.v20140411/jetty-maven-plugin-8.1.15.v20140411.jar
7ff3b40b9000-7ff3b40ba000 r--s 00003000 08:01 4721638                    /home/eidel/.m2/repository/org/codehaus/plexus/plexus-compiler-javac/1.9.1/plexus-compiler-javac-1.9.1.jar
7ff3b40ba000-7ff3b40bc000 r--s 00000000 08:01 4721652                    /home/eidel/.m2/repository/org/codehaus/plexus/plexus-compiler-manager/1.9.1/plexus-compiler-manager-1.9.1.jar
7ff3b40bc000-7ff3b40be000 r--s 00004000 08:01 4721623                    /home/eidel/.m2/repository/org/codehaus/plexus/plexus-compiler-api/1.9.1/plexus-compiler-api-1.9.1.jar
7ff3b40be000-7ff3b40c2000 r--s 00034000 08:01 4721860                    /home/eidel/.m2/repository/org/codehaus/plexus/plexus-utils/3.0/plexus-utils-3.0.jar
7ff3b40c2000-7ff3b40c3000 r--s 00007000 08:01 4721191                    /home/eidel/.m2/repository/org/apache/maven/plugins/maven-compiler-plugin/2.5.1/maven-compiler-plugin-2.5.1.jar
7ff3b40c3000-7ff3b40c5000 r--s 0000d000 08:01 4721766                    /home/eidel/.m2/repository/org/codehaus/plexus/plexus-interpolation/1.13/plexus-interpolation-1.13.jar
7ff3b40c5000-7ff3b40c6000 r--s 00001000 08:01 4850457                    /home/eidel/.m2/repository/org/sonatype/plexus/plexus-build-api/0.0.4/plexus-build-api-0.0.4.jar
7ff3b40c6000-7ff3b40c8000 r--s 00009000 08:01 4721345                    /home/eidel/.m2/repository/org/apache/maven/shared/maven-filtering/1.1/maven-filtering-1.1.jar
7ff3b40c8000-7ff3b40cc000 r--s 00033000 08:01 4721838                    /home/eidel/.m2/repository/org/codehaus/plexus/plexus-utils/2.0.5/plexus-utils-2.0.5.jar
7ff3b40cc000-7ff3b40cf000 r--s 0001b000 08:01 4591208                    /home/eidel/.m2/repository/junit/junit/3.8.1/junit-3.8.1.jar
7ff3b40cf000-7ff3b40d1000 r--s 00002000 08:01 4721741                    /home/eidel/.m2/repository/org/codehaus/plexus/plexus-interactivity-api/1.0-alpha-4/plexus-interactivity-api-1.0-alpha-4.jar
7ff3b40d1000-7ff3b40d3000 r--s 00006000 08:01 4459542                    /home/eidel/.m2/repository/commons-cli/commons-cli/1.0/commons-cli-1.0.jar
7ff3b40d3000-7ff3b40d4000 r--s 00001000 08:01 4720572                    /home/eidel/.m2/repository/org/apache/maven/doxia/doxia-sink-api/1.0-alpha-7/doxia-sink-api-1.0-alpha-7.jar
7ff3b40d4000-7ff3b40d5000 r--s 00002000 08:01 4721292                    /home/eidel/.m2/repository/org/apache/maven/reporting/maven-reporting-api/2.0.6/maven-reporting-api-2.0.6.jar
7ff3b40d5000-7ff3b40d7000 r--s 00006000 08:01 4721256                    /home/eidel/.m2/repository/org/apache/maven/plugins/maven-resources-plugin/2.6/maven-resources-plugin-2.6.jar
7ff3b40d7000-7ff3b40dc000 r--s 00092000 08:01 1317885                    /usr/lib/jvm/java-8-oracle/jre/lib/jsse.jar
7ff3b40dc000-7ff3b40e7000 r--s 0021a000 08:01 1317839                    /usr/lib/jvm/java-8-oracle/jre/lib/ext/localedata.jar
7ff3b40e7000-7ff3b4103000 r--s 00393000 08:01 1317837                    /usr/lib/jvm/java-8-oracle/jre/lib/ext/cldrdata.jar
7ff3b4103000-7ff3b4104000 r--s 00002000 08:01 3282153                    /opt/maven/lib/slf4j-simple-1.7.5.jar
7ff3b4104000-7ff3b4106000 r--s 00007000 08:01 3282152                    /opt/maven/lib/aether-connector-wagon-0.9.0.M2.jar
7ff3b4106000-7ff3b410a000 r--s 0001d000 08:01 3282137                    /opt/maven/lib/aether-api-0.9.0.M2.jar
7ff3b410a000-7ff3b410f000 r--s 00041000 08:01 3282149                    /opt/maven/lib/commons-lang-2.6.jar
7ff3b410f000-7ff3b4112000 r--s 00025000 08:01 3282118                    /opt/maven/lib/maven-model-3.2.2.jar
7ff3b4112000-7ff3b4114000 r--s 00000000 08:01 3282121                    /opt/maven/lib/plexus-component-annotations-1.5.5.jar
7ff3b4114000-7ff3b4118000 r--s 0003a000 08:01 3282116                    /opt/maven/lib/plexus-utils-3.0.17.jar
7ff3b4118000-7ff3b411a000 r--s 00000000 08:01 3282133                    /opt/maven/lib/aopalliance-1.0.jar
7ff3b411a000-7ff3b411d000 r--s 0000d000 08:01 3282120                    /opt/maven/lib/plexus-interpolation-1.19.jar
7ff3b411d000-7ff3b4120000 r--s 00008000 08:01 3282128                    /opt/maven/lib/cdi-api-1.0.jar
7ff3b4120000-7ff3b4121000 r--s 00001000 08:01 3282129                    /opt/maven/lib/jsr250-api-1.0.jar
7ff3b4121000-7ff3b4127000 r--s 00042000 08:01 3282148                    /opt/maven/lib/jsoup-1.7.2.jar
7ff3b4127000-7ff3b4129000 r--s 00003000 08:01 3282138                    /opt/maven/lib/aether-spi-0.9.0.M2.jar
7ff3b4129000-7ff3b412d000 r--s 00027000 08:01 3282150                    /opt/maven/lib/commons-io-2.2.jar
7ff3b412d000-7ff3b4139000 r--s 00081000 08:01 3282117                    /opt/maven/lib/maven-core-3.2.2.jar
7ff3b4139000-7ff3b4158000 r--s 00134000 08:01 3282145                    /opt/maven/lib/wagon-http-2.6-shaded.jar
7ff3b4158000-7ff3b415e000 r--s 0002a000 08:01 3282127                    /opt/maven/lib/org.eclipse.sisu.plexus-0.0.0.M5.jar
7ff3b415e000-7ff3b4160000 r--s 0000d000 08:01 3282114                    /opt/maven/lib/maven-embedder-3.2.2.jar
7ff3b4160000-7ff3b4189000 r--s 001ee000 08:01 3282131                    /opt/maven/lib/guava-14.0.1.jar
7ff3b4189000-7ff3b4191000 r--s 00050000 08:01 3282132                    /opt/maven/lib/sisu-guice-3.1.3-no_aop.jar
7ff3b4191000-7ff3b4192000 ---p 00000000 00:00 0 
7ff3b4192000-7ff3b4292000 rw-p 00000000 00:00 0 
7ff3b4292000-7ff3b4295000 ---p 00000000 00:00 0 
7ff3b4295000-7ff3b4393000 rw-p 00000000 00:00 0 
7ff3b4393000-7ff3b4396000 ---p 00000000 00:00 0 
7ff3b4396000-7ff3b4494000 rw-p 00000000 00:00 0 
7ff3b4494000-7ff3b4497000 ---p 00000000 00:00 0 
7ff3b4497000-7ff3b4595000 rw-p 00000000 00:00 0 
7ff3b4595000-7ff3b4598000 ---p 00000000 00:00 0 
7ff3b4598000-7ff3b4696000 rw-p 00000000 00:00 0 
7ff3b4696000-7ff3b480d000 r--p 00000000 08:01 1048641                    /usr/lib/locale/locale-archive
7ff3b480d000-7ff3b4810000 ---p 00000000 00:00 0 
7ff3b4810000-7ff3b490e000 rw-p 00000000 00:00 0 
7ff3b490e000-7ff3b4911000 ---p 00000000 00:00 0 
7ff3b4911000-7ff3b4a0f000 rw-p 00000000 00:00 0 
7ff3b4a0f000-7ff3b4a10000 ---p 00000000 00:00 0 
7ff3b4a10000-7ff3b54aa000 rw-p 00000000 00:00 0 
7ff3b54aa000-7ff3b567f000 r--s 03c4d000 08:01 1317886                    /usr/lib/jvm/java-8-oracle/jre/lib/rt.jar
7ff3b567f000-7ff3b7f5d000 rw-p 00000000 00:00 0 
7ff3b7f5d000-7ff3b7f5e000 ---p 00000000 00:00 0 
7ff3b7f5e000-7ff3b805e000 rw-p 00000000 00:00 0 
7ff3b805e000-7ff3b805f000 ---p 00000000 00:00 0 
7ff3b805f000-7ff3b818b000 rw-p 00000000 00:00 0 
7ff3b818b000-7ff3b82a5000 ---p 00000000 00:00 0 
7ff3b82a5000-7ff3b82d1000 rw-p 00000000 00:00 0 
7ff3b82d1000-7ff3b83ea000 ---p 00000000 00:00 0 
7ff3b83ea000-7ff3b848d000 rw-p 00000000 00:00 0 
7ff3b848d000-7ff3b84c7000 rw-p 00000000 00:00 0 
7ff3b84c7000-7ff3b884e000 ---p 00000000 00:00 0 
7ff3b884e000-7ff3b965e000 rwxp 00000000 00:00 0 
7ff3b965e000-7ff3c784e000 ---p 00000000 00:00 0 
7ff3c784e000-7ff3c786a000 r-xp 00000000 08:01 1317732                    /usr/lib/jvm/java-8-oracle/jre/lib/amd64/libzip.so
7ff3c786a000-7ff3c7a69000 ---p 0001c000 08:01 1317732                    /usr/lib/jvm/java-8-oracle/jre/lib/amd64/libzip.so
7ff3c7a69000-7ff3c7a6a000 rw-p 0001b000 08:01 1317732                    /usr/lib/jvm/java-8-oracle/jre/lib/amd64/libzip.so
7ff3c7a6a000-7ff3c7a75000 r-xp 00000000 08:01 4197618                    /lib/x86_64-linux-gnu/libnss_files-2.13.so
7ff3c7a75000-7ff3c7c74000 ---p 0000b000 08:01 4197618                    /lib/x86_64-linux-gnu/libnss_files-2.13.so
7ff3c7c74000-7ff3c7c75000 r--p 0000a000 08:01 4197618                    /lib/x86_64-linux-gnu/libnss_files-2.13.so
7ff3c7c75000-7ff3c7c76000 rw-p 0000b000 08:01 4197618                    /lib/x86_64-linux-gnu/libnss_files-2.13.so
7ff3c7c76000-7ff3c7c80000 r-xp 00000000 08:01 4197620                    /lib/x86_64-linux-gnu/libnss_nis-2.13.so
7ff3c7c80000-7ff3c7e7f000 ---p 0000a000 08:01 4197620                    /lib/x86_64-linux-gnu/libnss_nis-2.13.so
7ff3c7e7f000-7ff3c7e80000 r--p 00009000 08:01 4197620                    /lib/x86_64-linux-gnu/libnss_nis-2.13.so
7ff3c7e80000-7ff3c7e81000 rw-p 0000a000 08:01 4197620                    /lib/x86_64-linux-gnu/libnss_nis-2.13.so
7ff3c7e81000-7ff3c7e96000 r-xp 00000000 08:01 4197615                    /lib/x86_64-linux-gnu/libnsl-2.13.so
7ff3c7e96000-7ff3c8095000 ---p 00015000 08:01 4197615                    /lib/x86_64-linux-gnu/libnsl-2.13.so
7ff3c8095000-7ff3c8096000 r--p 00014000 08:01 4197615                    /lib/x86_64-linux-gnu/libnsl-2.13.so
7ff3c8096000-7ff3c8097000 rw-p 00015000 08:01 4197615                    /lib/x86_64-linux-gnu/libnsl-2.13.so
7ff3c8097000-7ff3c8099000 rw-p 00000000 00:00 0 
7ff3c8099000-7ff3c80a0000 r-xp 00000000 08:01 4197616                    /lib/x86_64-linux-gnu/libnss_compat-2.13.so
7ff3c80a0000-7ff3c829f000 ---p 00007000 08:01 4197616                    /lib/x86_64-linux-gnu/libnss_compat-2.13.so
7ff3c829f000-7ff3c82a0000 r--p 00006000 08:01 4197616                    /lib/x86_64-linux-gnu/libnss_compat-2.13.so
7ff3c82a0000-7ff3c82a1000 rw-p 00007000 08:01 4197616                    /lib/x86_64-linux-gnu/libnss_compat-2.13.so
7ff3c82a1000-7ff3c82cb000 r-xp 00000000 08:01 1317760                    /usr/lib/jvm/java-8-oracle/jre/lib/amd64/libjava.so
7ff3c82cb000-7ff3c84cb000 ---p 0002a000 08:01 1317760                    /usr/lib/jvm/java-8-oracle/jre/lib/amd64/libjava.so
7ff3c84cb000-7ff3c84cd000 rw-p 0002a000 08:01 1317760                    /usr/lib/jvm/java-8-oracle/jre/lib/amd64/libjava.so
7ff3c84cd000-7ff3c84da000 r-xp 00000000 08:01 1317762                    /usr/lib/jvm/java-8-oracle/jre/lib/amd64/libverify.so
7ff3c84da000-7ff3c86da000 ---p 0000d000 08:01 1317762                    /usr/lib/jvm/java-8-oracle/jre/lib/amd64/libverify.so
7ff3c86da000-7ff3c86dc000 rw-p 0000d000 08:01 1317762                    /usr/lib/jvm/java-8-oracle/jre/lib/amd64/libverify.so
7ff3c86dc000-7ff3c86e3000 r-xp 00000000 08:01 4197625                    /lib/x86_64-linux-gnu/librt-2.13.so
7ff3c86e3000-7ff3c88e2000 ---p 00007000 08:01 4197625                    /lib/x86_64-linux-gnu/librt-2.13.so
7ff3c88e2000-7ff3c88e3000 r--p 00006000 08:01 4197625                    /lib/x86_64-linux-gnu/librt-2.13.so
7ff3c88e3000-7ff3c88e4000 rw-p 00007000 08:01 4197625                    /lib/x86_64-linux-gnu/librt-2.13.so
7ff3c88e4000-7ff3c8965000 r-xp 00000000 08:01 4197613                    /lib/x86_64-linux-gnu/libm-2.13.so
7ff3c8965000-7ff3c8b64000 ---p 00081000 08:01 4197613                    /lib/x86_64-linux-gnu/libm-2.13.so
7ff3c8b64000-7ff3c8b65000 r--p 00080000 08:01 4197613                    /lib/x86_64-linux-gnu/libm-2.13.so
7ff3c8b65000-7ff3c8b66000 rw-p 00081000 08:01 4197613                    /lib/x86_64-linux-gnu/libm-2.13.so
7ff3c8b66000-7ff3c9780000 r-xp 00000000 08:01 1317719                    /usr/lib/jvm/java-8-oracle/jre/lib/amd64/server/libjvm.so
7ff3c9780000-7ff3c997f000 ---p 00c1a000 08:01 1317719                    /usr/lib/jvm/java-8-oracle/jre/lib/amd64/server/libjvm.so
7ff3c997f000-7ff3c9a48000 rw-p 00c19000 08:01 1317719                    /usr/lib/jvm/java-8-oracle/jre/lib/amd64/server/libjvm.so
7ff3c9a48000-7ff3c9a89000 rw-p 00000000 00:00 0 
7ff3c9a89000-7ff3c9c0b000 r-xp 00000000 08:01 4197609                    /lib/x86_64-linux-gnu/libc-2.13.so
7ff3c9c0b000-7ff3c9e0a000 ---p 00182000 08:01 4197609                    /lib/x86_64-linux-gnu/libc-2.13.so
7ff3c9e0a000-7ff3c9e0e000 r--p 00181000 08:01 4197609                    /lib/x86_64-linux-gnu/libc-2.13.so
7ff3c9e0e000-7ff3c9e0f000 rw-p 00185000 08:01 4197609                    /lib/x86_64-linux-gnu/libc-2.13.so
7ff3c9e0f000-7ff3c9e14000 rw-p 00000000 00:00 0 
7ff3c9e14000-7ff3c9e16000 r-xp 00000000 08:01 4197612                    /lib/x86_64-linux-gnu/libdl-2.13.so
7ff3c9e16000-7ff3ca016000 ---p 00002000 08:01 4197612                    /lib/x86_64-linux-gnu/libdl-2.13.so
7ff3ca016000-7ff3ca017000 r--p 00002000 08:01 4197612                    /lib/x86_64-linux-gnu/libdl-2.13.so
7ff3ca017000-7ff3ca018000 rw-p 00003000 08:01 4197612                    /lib/x86_64-linux-gnu/libdl-2.13.so
7ff3ca018000-7ff3ca02f000 r-xp 00000000 08:01 1318124                    /usr/lib/jvm/java-8-oracle/lib/amd64/jli/libjli.so
7ff3ca02f000-7ff3ca22e000 ---p 00017000 08:01 1318124                    /usr/lib/jvm/java-8-oracle/lib/amd64/jli/libjli.so
7ff3ca22e000-7ff3ca22f000 rw-p 00016000 08:01 1318124                    /usr/lib/jvm/java-8-oracle/lib/amd64/jli/libjli.so
7ff3ca22f000-7ff3ca246000 r-xp 00000000 08:01 4197623                    /lib/x86_64-linux-gnu/libpthread-2.13.so
7ff3ca246000-7ff3ca445000 ---p 00017000 08:01 4197623                    /lib/x86_64-linux-gnu/libpthread-2.13.so
7ff3ca445000-7ff3ca446000 r--p 00016000 08:01 4197623                    /lib/x86_64-linux-gnu/libpthread-2.13.so
7ff3ca446000-7ff3ca447000 rw-p 00017000 08:01 4197623                    /lib/x86_64-linux-gnu/libpthread-2.13.so
7ff3ca447000-7ff3ca44b000 rw-p 00000000 00:00 0 
7ff3ca44b000-7ff3ca46b000 r-xp 00000000 08:01 4197606                    /lib/x86_64-linux-gnu/ld-2.13.so
7ff3ca46b000-7ff3ca46f000 r--s 00020000 08:01 3282140                    /opt/maven/lib/aether-impl-0.9.0.M2.jar
7ff3ca46f000-7ff3ca471000 r--s 00002000 08:01 3282123                    /opt/maven/lib/plexus-cipher-1.7.jar
7ff3ca471000-7ff3ca473000 r--s 00005000 08:01 3282143                    /opt/maven/lib/slf4j-api-1.7.5.jar
7ff3ca473000-7ff3ca474000 r--s 00002000 08:01 3282147                    /opt/maven/lib/wagon-http-shared-2.6.jar
7ff3ca474000-7ff3ca476000 r--s 0000e000 08:01 3282136                    /opt/maven/lib/maven-aether-provider-3.2.2.jar
7ff3ca476000-7ff3ca478000 r--s 0000a000 08:01 3282126                    /opt/maven/lib/maven-plugin-api-3.2.2.jar
7ff3ca478000-7ff3ca47d000 r--s 00025000 08:01 3282135                    /opt/maven/lib/maven-model-builder-3.2.2.jar
7ff3ca47d000-7ff3ca484000 r--s 0003f000 08:01 3282141                    /opt/maven/lib/maven-compat-3.2.2.jar
7ff3ca484000-7ff3ca48a000 r--s 00042000 08:01 3282134                    /opt/maven/lib/org.eclipse.sisu.inject-0.0.0.M5.jar
7ff3ca48a000-7ff3ca48c000 r--s 00005000 08:01 3282124                    /opt/maven/lib/maven-repository-metadata-3.2.2.jar
7ff3ca48c000-7ff3ca48d000 r--s 00000000 08:01 3282130                    /opt/maven/lib/javax.inject-1.jar
7ff3ca48d000-7ff3ca48f000 r--s 0000b000 08:01 3282142                    /opt/maven/lib/wagon-provider-api-2.6.jar
7ff3ca48f000-7ff3ca491000 r--s 00009000 08:01 3282115                    /opt/maven/lib/maven-settings-3.2.2.jar
7ff3ca491000-7ff3ca495000 r--s 0001d000 08:01 3282139                    /opt/maven/lib/aether-util-0.9.0.M2.jar
7ff3ca495000-7ff3ca497000 r--s 00009000 08:01 3282144                    /opt/maven/lib/commons-cli-1.2.jar
7ff3ca497000-7ff3ca498000 r--s 00002000 08:01 3282151                    /opt/maven/lib/wagon-file-2.6.jar
7ff3ca498000-7ff3ca499000 r--s 00006000 08:01 3282122                    /opt/maven/lib/plexus-sec-dispatcher-1.3.jar
7ff3ca499000-7ff3ca49c000 r--s 0000b000 08:01 3282125                    /opt/maven/lib/maven-artifact-3.2.2.jar
7ff3ca49c000-7ff3ca554000 rw-p 00000000 00:00 0 
7ff3ca554000-7ff3ca557000 ---p 00000000 00:00 0 
7ff3ca557000-7ff3ca659000 rw-p 00000000 00:00 0 
7ff3ca659000-7ff3ca65b000 r--s 00009000 08:01 3282119                    /opt/maven/lib/maven-settings-builder-3.2.2.jar
7ff3ca65b000-7ff3ca65e000 r--s 0000a000 08:01 3282113                    /opt/maven/boot/plexus-classworlds-2.5.1.jar
7ff3ca65e000-7ff3ca666000 rw-s 00000000 08:01 5510252                    /tmp/hsperfdata_eidel/29637
7ff3ca666000-7ff3ca667000 rw-p 00000000 00:00 0 
7ff3ca667000-7ff3ca668000 r--p 00000000 00:00 0 
7ff3ca668000-7ff3ca66a000 rw-p 00000000 00:00 0 
7ff3ca66a000-7ff3ca66b000 r--p 0001f000 08:01 4197606                    /lib/x86_64-linux-gnu/ld-2.13.so
7ff3ca66b000-7ff3ca66c000 rw-p 00020000 08:01 4197606                    /lib/x86_64-linux-gnu/ld-2.13.so
7ff3ca66c000-7ff3ca66d000 rw-p 00000000 00:00 0 
7fff9a7d9000-7fff9a7fa000 rw-p 00000000 00:00 0                          [stack]
7fff9a7ff000-7fff9a800000 r-xp 00000000 00:00 0                          [vdso]
ffffffffff600000-ffffffffff601000 r-xp 00000000 00:00 0                  [vsyscall]

VM Arguments:
jvm_args: -Dclassworlds.conf=/opt/maven/bin/m2.conf -Dmaven.home=/opt/maven 
java_command: org.codehaus.plexus.classworlds.launcher.Launcher jetty:run
java_class_path (initial): /opt/maven/boot/plexus-classworlds-2.5.1.jar
Launcher Type: SUN_STANDARD

Environment Variables:
JAVA_HOME=/usr/lib/jvm/java-8-oracle
PATH=/home/eidel/lib/GF-master/build/bin:/usr/local/bin:/usr/bin:/bin:/usr/local/games:/usr/games
SHELL=/bin/bash
DISPLAY=:0

Signal Handlers:
SIGSEGV: [libjvm.so+0xa2fc90], sa_mask[0]=0x7ffbfeff, sa_flags=0x10000004
SIGBUS: [libjvm.so+0xa2fc90], sa_mask[0]=0x7ffbfeff, sa_flags=0x10000004
SIGFPE: [libjvm.so+0x89b4b0], sa_mask[0]=0x7ffbfeff, sa_flags=0x10000004
SIGPIPE: [libjvm.so+0x89b4b0], sa_mask[0]=0x7ffbfeff, sa_flags=0x10000004
SIGXFSZ: [libjvm.so+0x89b4b0], sa_mask[0]=0x7ffbfeff, sa_flags=0x10000004
SIGILL: [libjvm.so+0x89b4b0], sa_mask[0]=0x7ffbfeff, sa_flags=0x10000004
SIGUSR1: SIG_DFL, sa_mask[0]=0x00000000, sa_flags=0x00000000
SIGUSR2: [libjvm.so+0x89cc50], sa_mask[0]=0x00000000, sa_flags=0x10000004
SIGHUP: [libjvm.so+0x89df00], sa_mask[0]=0x7ffbfeff, sa_flags=0x10000004
SIGINT: [libjvm.so+0x89df00], sa_mask[0]=0x7ffbfeff, sa_flags=0x10000004
SIGTERM: [libjvm.so+0x89df00], sa_mask[0]=0x7ffbfeff, sa_flags=0x10000004
SIGQUIT: [libjvm.so+0x89df00], sa_mask[0]=0x7ffbfeff, sa_flags=0x10000004


---------------  S Y S T E M  ---------------

OS:PRETTY_NAME="Debian GNU/Linux 7 (wheezy)"
NAME="Debian GNU/Linux"
VERSION_ID="7"
VERSION="7 (wheezy)"
ID=debian
ANSI_COLOR="1;31"
HOME_URL="http://www.debian.org/"
SUPPORT_URL="http://www.debian.org/support/"
BUG_REPORT_URL="http://bugs.debian.org/"

uname:Linux 3.2.0-4-amd64 #1 SMP Debian 3.2.60-1+deb7u1 x86_64
libc:glibc 2.13 NPTL 2.13 
rlimit: STACK 8192k, CORE 0k, NPROC 31100, NOFILE 4096, AS infinity
load average:1.75 1.13 0.77

/proc/meminfo:
MemTotal:        3993020 kB
MemFree:          383444 kB
Buffers:           15560 kB
Cached:           659380 kB
SwapCached:       213812 kB
Active:          2475520 kB
Inactive:         967176 kB
Active(anon):    2243608 kB
Inactive(anon):   657248 kB
Active(file):     231912 kB
Inactive(file):   309928 kB
Unevictable:           0 kB
Mlocked:               0 kB
SwapTotal:       1952764 kB
SwapFree:        1648456 kB
Dirty:                52 kB
Writeback:             0 kB
AnonPages:       2586412 kB
Mapped:           154344 kB
Shmem:            133048 kB
Slab:              94984 kB
SReclaimable:      66916 kB
SUnreclaim:        28068 kB
KernelStack:        3624 kB
PageTables:        30616 kB
NFS_Unstable:          0 kB
Bounce:                0 kB
WritebackTmp:          0 kB
CommitLimit:     3949272 kB
Committed_AS:    4528008 kB
VmallocTotal:   34359738367 kB
VmallocUsed:      407184 kB
VmallocChunk:   34359305484 kB
HardwareCorrupted:     0 kB
AnonHugePages:         0 kB
HugePages_Total:       0
HugePages_Free:        0
HugePages_Rsvd:        0
HugePages_Surp:        0
Hugepagesize:       2048 kB
DirectMap4k:       45056 kB
DirectMap2M:     4079616 kB


CPU:total 2 (2 cores per cpu, 1 threads per core) family 6 model 23 stepping 6, cmov, cx8, fxsr, mmx, sse, sse2, sse3, ssse3, sse4.1, tsc

/proc/cpuinfo:
processor	: 0
vendor_id	: GenuineIntel
cpu family	: 6
model		: 23
model name	: Intel(R) Core(TM)2 Duo CPU     P9500  @ 2.53GHz
stepping	: 6
microcode	: 0x60c
cpu MHz		: 2534.000
cache size	: 6144 KB
physical id	: 0
siblings	: 2
core id		: 0
cpu cores	: 2
apicid		: 0
initial apicid	: 0
fpu		: yes
fpu_exception	: yes
cpuid level	: 10
wp		: yes
flags		: fpu vme de pse tsc msr pae mce cx8 apic sep mtrr pge mca cmov pat pse36 clflush dts acpi mmx fxsr sse sse2 ss ht tm pbe syscall nx lm constant_tsc arch_perfmon pebs bts rep_good nopl aperfmperf pni dtes64 monitor ds_cpl vmx smx est tm2 ssse3 cx16 xtpr pdcm sse4_1 lahf_lm dtherm tpr_shadow vnmi flexpriority
bogomips	: 5053.88
clflush size	: 64
cache_alignment	: 64
address sizes	: 36 bits physical, 48 bits virtual
power management:

processor	: 1
vendor_id	: GenuineIntel
cpu family	: 6
model		: 23
model name	: Intel(R) Core(TM)2 Duo CPU     P9500  @ 2.53GHz
stepping	: 6
microcode	: 0x60c
cpu MHz		: 2534.000
cache size	: 6144 KB
physical id	: 0
siblings	: 2
core id		: 1
cpu cores	: 2
apicid		: 1
initial apicid	: 1
fpu		: yes
fpu_exception	: yes
cpuid level	: 10
wp		: yes
flags		: fpu vme de pse tsc msr pae mce cx8 apic sep mtrr pge mca cmov pat pse36 clflush dts acpi mmx fxsr sse sse2 ss ht tm pbe syscall nx lm constant_tsc arch_perfmon pebs bts rep_good nopl aperfmperf pni dtes64 monitor ds_cpl vmx smx est tm2 ssse3 cx16 xtpr pdcm sse4_1 lahf_lm dtherm tpr_shadow vnmi flexpriority
bogomips	: 5053.89
clflush size	: 64
cache_alignment	: 64
address sizes	: 36 bits physical, 48 bits virtual
power management:



Memory: 4k page, physical 3993020k(383444k free), swap 1952764k(1648456k free)

vm_info: Java HotSpot(TM) 64-Bit Server VM (25.5-b02) for linux-amd64 JRE (1.8.0_05-b13), built on Mar 18 2014 00:29:27 by "java_re" with gcc 4.3.0 20080428 (Red Hat 4.3.0-8)

time: Mon Jul 14 18:42:51 2014
elapsed time: 76 seconds

