#
# A fatal error has been detected by the Java Runtime Environment:
#
#  SIGSEGV (0xb) at pc=0x00007f6a01aa187c, pid=367, tid=140092823369472
#
# JRE version: Java(TM) SE Runtime Environment (8.0_05-b13) (build 1.8.0_05-b13)
# Java VM: Java HotSpot(TM) 64-Bit Server VM (25.5-b02 mixed mode linux-amd64 compressed oops)
# Problematic frame:
# V  [libjvm.so+0x67487c]  jni_GetObjectClass+0xbc
#
# Failed to write core dump. Core dumps have been disabled. To enable core dumping, try "ulimit -c unlimited" before starting Java again
#
# If you would like to submit a bug report, please visit:
#   http://bugreport.sun.com/bugreport/crash.jsp
#

---------------  T H R E A D  ---------------

Current thread (0x00007f69e9c3f000):  JavaThread "qtp641030345-15" [_thread_in_vm, id=681, stack(0x00007f69e6e8f000,0x00007f69e6f90000)]

siginfo:si_signo=SIGSEGV: si_errno=0, si_code=1 (SEGV_MAPERR), si_addr=0x0000000000000000

Registers:
RAX=0x00007f6a02317e79, RBX=0x00007f69e9c3f000, RCX=0x0000000000000000, RDX=0x00007f6a02321c90
RSP=0x00007f69e6f8c5a0, RBP=0x00007f69e6f8c600, RSI=0x00007f69e9c3f000, RDI=0x00007f69e6f8c5a0
R8 =0x00007f69e8000168, R9 =0x000000000000001c, R10=0x0000000000000000, R11=0x00007f69e5bf0df0
R12=0x00007f69e6f8c5a0, R13=0x00007f69e9c3f1e0, R14=0x0000000000000000, R15=0x00007f6a023261e0
RIP=0x00007f6a01aa187c, EFLAGS=0x0000000000010246, CSGSFS=0x0000000000000033, ERR=0x0000000000000004
  TRAPNO=0x000000000000000e

Top of Stack: (sp=0x00007f69e6f8c5a0)
0x00007f69e6f8c5a0:   00007f69e9c3f000 0000000000000000
0x00007f69e6f8c5b0:   00007f69e8439160 00007f6a02d25a55
0x00007f69e6f8c5c0:   00007f69e9c3f000 0000000000000000
0x00007f69e6f8c5d0:   0000000000000007 00007f69e9c3f1e0
0x00007f69e6f8c5e0:   0000000000000000 00007f69e8439160
0x00007f69e6f8c5f0:   00007f69e6f8c738 00007f69e9c3f000
0x00007f69e6f8c600:   00007f69e6f8c620 00007f69e6019426
0x00007f69e6f8c610:   00007f69e9c3f000 00007f69e6f8c660
0x00007f69e6f8c620:   00007f69e6f8c620 0000000000000000
0x00007f69e6f8c630:   0000000000000000 0080008000200001
0x00007f69e6f8c640:   0000000000000000 0000000000000000
0x00007f69e6f8c650:   0000000000000000 0000000000000000
0x00007f69e6f8c660:   0000000000000000 0000000000000000
0x00007f69e6f8c670:   0000000000000000 0000000000000000
0x00007f69e6f8c680:   0000000000000000 0000000000000000
0x00007f69e6f8c690:   0000000000000000 0000000000000000
0x00007f69e6f8c6a0:   00007f69e9c3f000 00007f69e6236488
0x00007f69e6f8c6b0:   00007f69e6f8c728 0000000000000000
0x00007f69e6f8c6c0:   00007f69e6236488 00007f69e6f8c748
0x00007f69e6f8c6d0:   00007f69e9c3f000 00007f69f1127b0e
0x00007f69e6f8c6e0:   00007f69f112785c 00007f69e6f8c6e8
0x00007f69e6f8c6f0:   00007f69e6236488 00007f69e6f8c748
0x00007f69e6f8c700:   00007f69e6236b58 0000000000000000
0x00007f69e6f8c710:   00007f69e6236488 0000000000000000
0x00007f69e6f8c720:   00007f69e6f8c748 00007f69e6f8c798
0x00007f69e6f8c730:   00007f69f111c210 00000000f49dad08
0x00007f69e6f8c740:   00007f69f1123c1b 0000000000000000
0x00007f69e6f8c750:   00000000f49d56b8 00007f69e6f8c758
0x00007f69e6f8c760:   00007f69e6233df9 00007f69e6f8c7b8
0x00007f69e6f8c770:   00007f69e6235418 0000000000000000
0x00007f69e6f8c780:   00007f69e6233e78 00007f69e6f8c748
0x00007f69e6f8c790:   00007f69e6f8c7b8 00007f69e6f8c808 

Instructions: (pc=0x00007f6a01aa187c)
0x00007f6a01aa185c:   c7 83 58 02 00 00 06 00 00 00 48 89 de 48 89 5d
0x00007f6a01aa186c:   c0 4c 89 e7 e8 db 0a 01 00 48 8b 05 14 ed 83 00
0x00007f6a01aa187c:   49 8b 16 80 38 00 0f 85 b0 00 00 00 48 8b 52 08
0x00007f6a01aa188c:   48 8b 72 68 4c 89 ef e8 e8 ae 02 00 48 83 7d a8 

Register to memory mapping:

RAX=0x00007f6a02317e79: <offset 0xeeae79> in /usr/lib/jvm/java-8-oracle/jre/lib/amd64/server/libjvm.so at 0x00007f6a0142d000
RBX=0x00007f69e9c3f000 is a thread
RCX=0x0000000000000000 is an unknown value
RDX=0x00007f6a02321c90: <offset 0xef4c90> in /usr/lib/jvm/java-8-oracle/jre/lib/amd64/server/libjvm.so at 0x00007f6a0142d000
RSP=0x00007f69e6f8c5a0 is pointing into the stack for thread: 0x00007f69e9c3f000
RBP=0x00007f69e6f8c600 is pointing into the stack for thread: 0x00007f69e9c3f000
RSI=0x00007f69e9c3f000 is a thread
RDI=0x00007f69e6f8c5a0 is pointing into the stack for thread: 0x00007f69e9c3f000
R8 =0x00007f69e8000168 is an unknown value
R9 =0x000000000000001c is an unknown value
R10=0x0000000000000000 is an unknown value
R11=0x00007f69e5bf0df0: gu_local_pool_+0 in /opt/tomcat/shared/lib/libgu.so.0 at 0x00007f69e5be8000
R12=0x00007f69e6f8c5a0 is pointing into the stack for thread: 0x00007f69e9c3f000
R13=0x00007f69e9c3f1e0 is an unknown value
R14=0x0000000000000000 is an unknown value
R15=0x00007f6a023261e0: <offset 0xef91e0> in /usr/lib/jvm/java-8-oracle/jre/lib/amd64/server/libjvm.so at 0x00007f6a0142d000


Stack: [0x00007f69e6e8f000,0x00007f69e6f90000],  sp=0x00007f69e6f8c5a0,  free space=1013k
Native frames: (J=compiled Java code, j=interpreted, Vv=VM code, C=native code)
V  [libjvm.so+0x67487c]  jni_GetObjectClass+0xbc
C  [libjpgf.so+0x3426]  Java_org_grammaticalframework_pgf_PGF_readPGF__Ljava_io_InputStream_2+0x66

Java frames: (J=compiled Java code, j=interpreted, Vv=VM code)
j  org.grammaticalframework.pgf.PGF.readPGF(Ljava/io/InputStream;)Lorg/grammaticalframework/pgf/PGF;+0
j  org.agfjord.grammar.Parser.<init>()V+49
j  org.agfjord.server.JSONService.parseQuestion(Ljava/lang/String;Ljava/lang/String;Ljava/lang/String;)Ljava/lang/String;+4
v  ~StubRoutines::call_stub
J 2007  sun.reflect.NativeMethodAccessorImpl.invoke0(Ljava/lang/reflect/Method;Ljava/lang/Object;[Ljava/lang/Object;)Ljava/lang/Object; (0 bytes) @ 0x00007f69f16cbfb7 [0x00007f69f16cbf40+0x77]
J 2006 C1 sun.reflect.NativeMethodAccessorImpl.invoke(Ljava/lang/Object;[Ljava/lang/Object;)Ljava/lang/Object; (104 bytes) @ 0x00007f69f16cb6f4 [0x00007f69f16cb360+0x394]
J 1736 C1 sun.reflect.DelegatingMethodAccessorImpl.invoke(Ljava/lang/Object;[Ljava/lang/Object;)Ljava/lang/Object; (10 bytes) @ 0x00007f69f16473ec [0x00007f69f1647380+0x6c]
J 1745 C1 java.lang.reflect.Method.invoke(Ljava/lang/Object;[Ljava/lang/Object;)Ljava/lang/Object; (62 bytes) @ 0x00007f69f1647824 [0x00007f69f1647720+0x104]
j  org.glassfish.jersey.server.model.internal.ResourceMethodInvocationHandlerFactory$1.invoke(Ljava/lang/Object;Ljava/lang/reflect/Method;[Ljava/lang/Object;)Ljava/lang/Object;+3
j  org.glassfish.jersey.server.model.internal.AbstractJavaResourceMethodDispatcher$1.run()Ljava/lang/Object;+38
j  org.glassfish.jersey.server.model.internal.AbstractJavaResourceMethodDispatcher.invoke(Ljava/lang/Object;[Ljava/lang/Object;)Ljava/lang/Object;+89
j  org.glassfish.jersey.server.model.internal.JavaResourceMethodDispatcherProvider$TypeOutInvoker.doDispatch(Ljava/lang/Object;Ljavax/ws/rs/core/Request;)Ljavax/ws/rs/core/Response;+6
j  org.glassfish.jersey.server.model.internal.AbstractJavaResourceMethodDispatcher.dispatch(Ljava/lang/Object;Lorg/glassfish/jersey/server/ContainerRequest;)Ljavax/ws/rs/core/Response;+5
j  org.glassfish.jersey.server.model.ResourceMethodInvoker.invoke(Lorg/glassfish/jersey/server/ContainerRequest;Ljava/lang/Object;)Ljavax/ws/rs/core/Response;+38
j  org.glassfish.jersey.server.model.ResourceMethodInvoker.apply(Lorg/glassfish/jersey/server/ContainerRequest;)Lorg/glassfish/jersey/server/ContainerResponse;+116
j  org.glassfish.jersey.server.model.ResourceMethodInvoker.apply(Ljava/lang/Object;)Ljava/lang/Object;+5
j  org.glassfish.jersey.server.ServerRuntime$1.run()V+126
j  org.glassfish.jersey.internal.Errors$1.call()Ljava/lang/Void;+4
j  org.glassfish.jersey.internal.Errors$1.call()Ljava/lang/Object;+1
j  org.glassfish.jersey.internal.Errors.process(Ljava/util/concurrent/Callable;Z)Ljava/lang/Object;+36
j  org.glassfish.jersey.internal.Errors.process(Lorg/glassfish/jersey/internal/util/Producer;Z)Ljava/lang/Object;+2
j  org.glassfish.jersey.internal.Errors.process(Ljava/lang/Runnable;)V+9
j  org.glassfish.jersey.process.internal.RequestScope.runInScope(Ljava/lang/Runnable;)V+25
j  org.glassfish.jersey.server.ServerRuntime.process(Lorg/glassfish/jersey/server/ContainerRequest;)V+34
j  org.glassfish.jersey.server.ApplicationHandler.handle(Lorg/glassfish/jersey/server/ContainerRequest;)V+5
j  org.glassfish.jersey.servlet.WebComponent.service(Ljava/net/URI;Ljava/net/URI;Ljavax/servlet/http/HttpServletRequest;Ljavax/servlet/http/HttpServletResponse;)Lorg/glassfish/jersey/internal/util/collection/Value;+119
j  org.glassfish.jersey.servlet.ServletContainer.service(Ljava/net/URI;Ljava/net/URI;Ljavax/servlet/http/HttpServletRequest;Ljavax/servlet/http/HttpServletResponse;)Lorg/glassfish/jersey/internal/util/collection/Value;+9
j  org.glassfish.jersey.servlet.ServletContainer.service(Ljavax/servlet/http/HttpServletRequest;Ljavax/servlet/http/HttpServletResponse;)V+359
j  org.glassfish.jersey.servlet.ServletContainer.service(Ljavax/servlet/ServletRequest;Ljavax/servlet/ServletResponse;)V+39
j  org.eclipse.jetty.servlet.ServletHolder.handle(Lorg/eclipse/jetty/server/Request;Ljavax/servlet/ServletRequest;Ljavax/servlet/ServletResponse;)V+217
j  org.eclipse.jetty.servlet.ServletHandler.doHandle(Ljava/lang/String;Lorg/eclipse/jetty/server/Request;Ljavax/servlet/http/HttpServletRequest;Ljavax/servlet/http/HttpServletResponse;)V+215
j  org.eclipse.jetty.server.handler.ScopedHandler.handle(Ljava/lang/String;Lorg/eclipse/jetty/server/Request;Ljavax/servlet/http/HttpServletRequest;Ljavax/servlet/http/HttpServletResponse;)V+25
j  org.eclipse.jetty.security.SecurityHandler.handle(Ljava/lang/String;Lorg/eclipse/jetty/server/Request;Ljavax/servlet/http/HttpServletRequest;Ljavax/servlet/http/HttpServletResponse;)V+540
j  org.eclipse.jetty.server.session.SessionHandler.doHandle(Ljava/lang/String;Lorg/eclipse/jetty/server/Request;Ljavax/servlet/http/HttpServletRequest;Ljavax/servlet/http/HttpServletResponse;)V+68
j  org.eclipse.jetty.server.handler.ContextHandler.doHandle(Ljava/lang/String;Lorg/eclipse/jetty/server/Request;Ljavax/servlet/http/HttpServletRequest;Ljavax/servlet/http/HttpServletResponse;)V+206
j  org.eclipse.jetty.servlet.ServletHandler.doScope(Ljava/lang/String;Lorg/eclipse/jetty/server/Request;Ljavax/servlet/http/HttpServletRequest;Ljavax/servlet/http/HttpServletResponse;)V+277
j  org.eclipse.jetty.server.session.SessionHandler.doScope(Ljava/lang/String;Lorg/eclipse/jetty/server/Request;Ljavax/servlet/http/HttpServletRequest;Ljavax/servlet/http/HttpServletResponse;)V+233
j  org.eclipse.jetty.server.handler.ContextHandler.doScope(Ljava/lang/String;Lorg/eclipse/jetty/server/Request;Ljavax/servlet/http/HttpServletRequest;Ljavax/servlet/http/HttpServletResponse;)V+437
j  org.eclipse.jetty.server.handler.ScopedHandler.handle(Ljava/lang/String;Lorg/eclipse/jetty/server/Request;Ljavax/servlet/http/HttpServletRequest;Ljavax/servlet/http/HttpServletResponse;)V+13
j  org.eclipse.jetty.server.handler.ContextHandlerCollection.handle(Ljava/lang/String;Lorg/eclipse/jetty/server/Request;Ljavax/servlet/http/HttpServletRequest;Ljavax/servlet/http/HttpServletResponse;)V+399
j  org.eclipse.jetty.server.handler.HandlerCollection.handle(Ljava/lang/String;Lorg/eclipse/jetty/server/Request;Ljavax/servlet/http/HttpServletRequest;Ljavax/servlet/http/HttpServletResponse;)V+42
j  org.eclipse.jetty.server.handler.HandlerWrapper.handle(Ljava/lang/String;Lorg/eclipse/jetty/server/Request;Ljavax/servlet/http/HttpServletRequest;Ljavax/servlet/http/HttpServletResponse;)V+23
j  org.eclipse.jetty.server.Server.handle(Lorg/eclipse/jetty/server/AbstractHttpConnection;)V+146
j  org.eclipse.jetty.server.AbstractHttpConnection.handleRequest()V+328
j  org.eclipse.jetty.server.AbstractHttpConnection.headerComplete()V+472
j  org.eclipse.jetty.server.AbstractHttpConnection$RequestHandler.headerComplete()V+4
j  org.eclipse.jetty.http.HttpParser.parseNext()I+2162
j  org.eclipse.jetty.http.HttpParser.parseAvailable()Z+1
j  org.eclipse.jetty.server.AsyncHttpConnection.handle()Lorg/eclipse/jetty/io/Connection;+80
j  org.eclipse.jetty.io.nio.SelectChannelEndPoint.handle()V+10
j  org.eclipse.jetty.io.nio.SelectChannelEndPoint$1.run()V+4
j  org.eclipse.jetty.util.thread.QueuedThreadPool.runJob(Ljava/lang/Runnable;)V+1
j  org.eclipse.jetty.util.thread.QueuedThreadPool$3.run()V+47
j  java.lang.Thread.run()V+11
v  ~StubRoutines::call_stub

---------------  P R O C E S S  ---------------

Java Threads: ( => current thread )
  0x00007f69e9c46800 JavaThread "qtp641030345-19" [_thread_blocked, id=685, stack(0x00007f69e6a8b000,0x00007f69e6b8c000)]
  0x00007f69e9c44800 JavaThread "qtp641030345-18" [_thread_blocked, id=684, stack(0x00007f69e6b8c000,0x00007f69e6c8d000)]
  0x00007f69e9c43000 JavaThread "qtp641030345-17" [_thread_blocked, id=683, stack(0x00007f69e6c8d000,0x00007f69e6d8e000)]
  0x00007f69e9c41000 JavaThread "qtp641030345-16" [_thread_blocked, id=682, stack(0x00007f69e6d8e000,0x00007f69e6e8f000)]
=>0x00007f69e9c3f000 JavaThread "qtp641030345-15" [_thread_in_vm, id=681, stack(0x00007f69e6e8f000,0x00007f69e6f90000)]
  0x00007f69eb8c0800 JavaThread "qtp641030345-14" [_thread_blocked, id=680, stack(0x00007f69e6f90000,0x00007f69e7091000)]
  0x00007f69eb8bf000 JavaThread "qtp641030345-13 Acceptor0 SelectChannelConnector@0.0.0.0:8080" [_thread_in_native, id=679, stack(0x00007f69e7091000,0x00007f69e7192000)]
  0x00007f69eb8bd000 JavaThread "qtp641030345-12 Selector0" [_thread_in_native, id=678, stack(0x00007f69e7192000,0x00007f69e7293000)]
  0x00007f69e8922800 JavaThread "HashSessionScavenger-0" daemon [_thread_blocked, id=677, stack(0x00007f69e7693000,0x00007f69e7794000)]
  0x00007f69e804b800 JavaThread "Service Thread" daemon [_thread_blocked, id=391, stack(0x00007f69ecb59000,0x00007f69ecc5a000)]
  0x00007f69e8035800 JavaThread "C1 CompilerThread1" daemon [_thread_blocked, id=390, stack(0x00007f69ecc5a000,0x00007f69ecd5b000)]
  0x00007f69e8032800 JavaThread "C2 CompilerThread0" daemon [_thread_in_native, id=389, stack(0x00007f69ecd5b000,0x00007f69ece5c000)]
  0x00007f69e8030800 JavaThread "Signal Dispatcher" daemon [_thread_blocked, id=388, stack(0x00007f69ece5c000,0x00007f69ecf5d000)]
  0x00007f69e8001000 JavaThread "Finalizer" daemon [_thread_blocked, id=387, stack(0x00007f69ed0d4000,0x00007f69ed1d5000)]
  0x000000000220f800 JavaThread "Reference Handler" daemon [_thread_blocked, id=386, stack(0x00007f69ed1d5000,0x00007f69ed2d6000)]
  0x00000000021a5800 JavaThread "main" [_thread_blocked, id=382, stack(0x00007f6a02e1b000,0x00007f6a02f1c000)]

Other Threads:
  0x000000000220a800 VMThread [stack: 0x00007f69ed2d6000,0x00007f69ed3d7000] [id=385]
  0x00007f69e804e000 WatcherThread [stack: 0x00007f69eca58000,0x00007f69ecb59000] [id=392]

VM state:not at safepoint (normal execution)

VM Mutex/Monitor currently owned by a thread: None

Heap:
 PSYoungGen      total 276480K, used 198878K [0x00000000ebb00000, 0x0000000100000000, 0x0000000100000000)
  eden space 223232K, 66% used [0x00000000ebb00000,0x00000000f4b30050,0x00000000f9500000)
  from space 53248K, 96% used [0x00000000fcc00000,0x00000000ffe07a90,0x0000000100000000)
  to   space 54784K, 0% used [0x00000000f9500000,0x00000000f9500000,0x00000000fca80000)
 ParOldGen       total 89600K, used 70446K [0x00000000c3000000, 0x00000000c8780000, 0x00000000ebb00000)
  object space 89600K, 78% used [0x00000000c3000000,0x00000000c74cba90,0x00000000c8780000)
 Metaspace       used 27617K, capacity 28110K, committed 28416K, reserved 1075200K
  class space    used 3415K, capacity 3564K, committed 3584K, reserved 1048576K

Card table byte_map: [0x00007f69f0b6c000,0x00007f69f0d55000] byte_map_base: 0x00007f69f0554000

Marking Bits: (ParMarkBitMap*) 0x00007f6a02325cc0
 Begin Bits: [0x00007f69ee9a4000, 0x00007f69ef8e4000)
 End Bits:   [0x00007f69ef8e4000, 0x00007f69f0824000)

Polling page: 0x00007f6a02f2e000

CodeCache: size=245760Kb used=12063Kb max_used=12947Kb free=233696Kb
 bounds [0x00007f69f1115000, 0x00007f69f1e75000, 0x00007f6a00115000]
 total_blobs=4417 nmethods=4030 adapters=299
 compilation: enabled

Compilation events (10 events):
Event: 90.362 Thread 0x00007f69e8035800 5031       3       sun.security.x509.Extension::<init> (83 bytes)
Event: 90.363 Thread 0x00007f69e8035800 nmethod 5031 0x00007f69f1b86f90 code [0x00007f69f1b87180, 0x00007f69f1b87848]
Event: 90.363 Thread 0x00007f69e8035800 5032   !   3       sun.security.x509.CertificateExtensions::parseExtension (286 bytes)
Event: 90.365 Thread 0x00007f69e8035800 nmethod 5032 0x00007f69f1c1e310 code [0x00007f69f1c1e6a0, 0x00007f69f1c20368]
Event: 90.379 Thread 0x00007f69e8035800 5033   !   3       sun.net.www.protocol.jar.JarFileFactory::getCachedJarFile (145 bytes)
Event: 90.381 Thread 0x00007f69e8035800 nmethod 5033 0x00007f69f1bfd790 code [0x00007f69f1bfda60, 0x00007f69f1bff038]
Event: 90.381 Thread 0x00007f69e8035800 5035       2       java.util.Collections$UnmodifiableCollection::toArray (11 bytes)
Event: 90.381 Thread 0x00007f69e8035800 nmethod 5035 0x00007f69f1ccd190 code [0x00007f69f1ccd300, 0x00007f69f1ccd488]
Event: 90.387 Thread 0x00007f69e8032800 nmethod 5007 0x00007f69f1d7c350 code [0x00007f69f1d7c520, 0x00007f69f1d7d438]
Event: 90.387 Thread 0x00007f69e8032800 5006       4       java.util.Hashtable::addEntry (87 bytes)

GC Heap History (10 events):
Event: 58.187 GC heap before
{Heap before GC invocations=109 (full 12):
 PSYoungGen      total 287744K, used 242688K [0x00000000ebb00000, 0x0000000100000000, 0x0000000100000000)
  eden space 242688K, 100% used [0x00000000ebb00000,0x00000000fa800000,0x00000000fa800000)
  from space 45056K, 0% used [0x00000000fd400000,0x00000000fd400000,0x0000000100000000)
  to   space 45056K, 0% used [0x00000000fa800000,0x00000000fa800000,0x00000000fd400000)
 ParOldGen       total 84992K, used 70184K [0x00000000c3000000, 0x00000000c8300000, 0x00000000ebb00000)
  object space 84992K, 82% used [0x00000000c3000000,0x00000000c748a248,0x00000000c8300000)
 Metaspace       used 19118K, capacity 19448K, committed 19584K, reserved 1067008K
  class space    used 2230K, capacity 2380K, committed 2432K, reserved 1048576K
Event: 58.294 GC heap after
Heap after GC invocations=109 (full 12):
 PSYoungGen      total 287744K, used 45054K [0x00000000ebb00000, 0x0000000100000000, 0x0000000100000000)
  eden space 242688K, 0% used [0x00000000ebb00000,0x00000000ebb00000,0x00000000fa800000)
  from space 45056K, 99% used [0x00000000fa800000,0x00000000fd3ff8f0,0x00000000fd400000)
  to   space 45056K, 0% used [0x00000000fd400000,0x00000000fd400000,0x0000000100000000)
 ParOldGen       total 84992K, used 76661K [0x00000000c3000000, 0x00000000c8300000, 0x00000000ebb00000)
  object space 84992K, 90% used [0x00000000c3000000,0x00000000c7add678,0x00000000c8300000)
 Metaspace       used 19118K, capacity 19448K, committed 19584K, reserved 1067008K
  class space    used 2230K, capacity 2380K, committed 2432K, reserved 1048576K
}
Event: 60.770 GC heap before
{Heap before GC invocations=110 (full 12):
 PSYoungGen      total 287744K, used 287742K [0x00000000ebb00000, 0x0000000100000000, 0x0000000100000000)
  eden space 242688K, 100% used [0x00000000ebb00000,0x00000000fa800000,0x00000000fa800000)
  from space 45056K, 99% used [0x00000000fa800000,0x00000000fd3ff8f0,0x00000000fd400000)
  to   space 45056K, 0% used [0x00000000fd400000,0x00000000fd400000,0x0000000100000000)
 ParOldGen       total 84992K, used 76661K [0x00000000c3000000, 0x00000000c8300000, 0x00000000ebb00000)
  object space 84992K, 90% used [0x00000000c3000000,0x00000000c7add678,0x00000000c8300000)
 Metaspace       used 19127K, capacity 19512K, committed 19840K, reserved 1067008K
  class space    used 2231K, capacity 2380K, committed 2432K, reserved 1048576K
Event: 61.003 GC heap after
Heap after GC invocations=110 (full 12):
 PSYoungGen      total 273408K, used 45024K [0x00000000ebb00000, 0x0000000100000000, 0x0000000100000000)
  eden space 228352K, 0% used [0x00000000ebb00000,0x00000000ebb00000,0x00000000f9a00000)
  from space 45056K, 99% used [0x00000000fd400000,0x00000000ffff8110,0x0000000100000000)
  to   space 52224K, 0% used [0x00000000f9a00000,0x00000000f9a00000,0x00000000fcd00000)
 ParOldGen       total 88064K, used 87791K [0x00000000c3000000, 0x00000000c8600000, 0x00000000ebb00000)
  object space 88064K, 99% used [0x00000000c3000000,0x00000000c85bbdf0,0x00000000c8600000)
 Metaspace       used 19127K, capacity 19512K, committed 19840K, reserved 1067008K
  class space    used 2231K, capacity 2380K, committed 2432K, reserved 1048576K
}
Event: 61.003 GC heap before
{Heap before GC invocations=111 (full 13):
 PSYoungGen      total 273408K, used 45024K [0x00000000ebb00000, 0x0000000100000000, 0x0000000100000000)
  eden space 228352K, 0% used [0x00000000ebb00000,0x00000000ebb00000,0x00000000f9a00000)
  from space 45056K, 99% used [0x00000000fd400000,0x00000000ffff8110,0x0000000100000000)
  to   space 52224K, 0% used [0x00000000f9a00000,0x00000000f9a00000,0x00000000fcd00000)
 ParOldGen       total 88064K, used 87791K [0x00000000c3000000, 0x00000000c8600000, 0x00000000ebb00000)
  object space 88064K, 99% used [0x00000000c3000000,0x00000000c85bbdf0,0x00000000c8600000)
 Metaspace       used 19127K, capacity 19512K, committed 19840K, reserved 1067008K
  class space    used 2231K, capacity 2380K, committed 2432K, reserved 1048576K
Event: 61.418 GC heap after
Heap after GC invocations=111 (full 13):
 PSYoungGen      total 273408K, used 0K [0x00000000ebb00000, 0x0000000100000000, 0x0000000100000000)
  eden space 228352K, 0% used [0x00000000ebb00000,0x00000000ebb00000,0x00000000f9a00000)
  from space 45056K, 0% used [0x00000000fd400000,0x00000000fd400000,0x0000000100000000)
  to   space 52224K, 0% used [0x00000000f9a00000,0x00000000f9a00000,0x00000000fcd00000)
 ParOldGen       total 89600K, used 69022K [0x00000000c3000000, 0x00000000c8780000, 0x00000000ebb00000)
  object space 89600K, 77% used [0x00000000c3000000,0x00000000c7367a90,0x00000000c8780000)
 Metaspace       used 19127K, capacity 19512K, committed 19840K, reserved 1067008K
  class space    used 2231K, capacity 2380K, committed 2432K, reserved 1048576K
}
Event: 63.287 GC heap before
{Heap before GC invocations=112 (full 13):
 PSYoungGen      total 273408K, used 228352K [0x00000000ebb00000, 0x0000000100000000, 0x0000000100000000)
  eden space 228352K, 100% used [0x00000000ebb00000,0x00000000f9a00000,0x00000000f9a00000)
  from space 45056K, 0% used [0x00000000fd400000,0x00000000fd400000,0x0000000100000000)
  to   space 52224K, 0% used [0x00000000f9a00000,0x00000000f9a00000,0x00000000fcd00000)
 ParOldGen       total 89600K, used 69022K [0x00000000c3000000, 0x00000000c8780000, 0x00000000ebb00000)
  object space 89600K, 77% used [0x00000000c3000000,0x00000000c7367a90,0x00000000c8780000)
 Metaspace       used 19132K, capacity 19512K, committed 19840K, reserved 1067008K
  class space    used 2232K, capacity 2380K, committed 2432K, reserved 1048576K
Event: 63.424 GC heap after
Heap after GC invocations=112 (full 13):
 PSYoungGen      total 276992K, used 48639K [0x00000000ebb00000, 0x0000000100000000, 0x0000000100000000)
  eden space 228352K, 0% used [0x00000000ebb00000,0x00000000ebb00000,0x00000000f9a00000)
  from space 48640K, 99% used [0x00000000f9a00000,0x00000000fc97fcb8,0x00000000fc980000)
  to   space 53248K, 0% used [0x00000000fcc00000,0x00000000fcc00000,0x0000000100000000)
 ParOldGen       total 89600K, used 69022K [0x00000000c3000000, 0x00000000c8780000, 0x00000000ebb00000)
  object space 89600K, 77% used [0x00000000c3000000,0x00000000c7367a90,0x00000000c8780000)
 Metaspace       used 19132K, capacity 19512K, committed 19840K, reserved 1067008K
  class space    used 2232K, capacity 2380K, committed 2432K, reserved 1048576K
}
Event: 65.662 GC heap before
{Heap before GC invocations=113 (full 13):
 PSYoungGen      total 276992K, used 276991K [0x00000000ebb00000, 0x0000000100000000, 0x0000000100000000)
  eden space 228352K, 100% used [0x00000000ebb00000,0x00000000f9a00000,0x00000000f9a00000)
  from space 48640K, 99% used [0x00000000f9a00000,0x00000000fc97fcb8,0x00000000fc980000)
  to   space 53248K, 0% used [0x00000000fcc00000,0x00000000fcc00000,0x0000000100000000)
 ParOldGen       total 89600K, used 69022K [0x00000000c3000000, 0x00000000c8780000, 0x00000000ebb00000)
  object space 89600K, 77% used [0x00000000c3000000,0x00000000c7367a90,0x00000000c8780000)
 Metaspace       used 19132K, capacity 19512K, committed 19840K, reserved 1067008K
  class space    used 2232K, capacity 2380K, committed 2432K, reserved 1048576K
Event: 65.867 GC heap after
Heap after GC invocations=113 (full 13):
 PSYoungGen      total 276480K, used 51230K [0x00000000ebb00000, 0x0000000100000000, 0x0000000100000000)
  eden space 223232K, 0% used [0x00000000ebb00000,0x00000000ebb00000,0x00000000f9500000)
  from space 53248K, 96% used [0x00000000fcc00000,0x00000000ffe07a90,0x0000000100000000)
  to   space 54784K, 0% used [0x00000000f9500000,0x00000000f9500000,0x00000000fca80000)
 ParOldGen       total 89600K, used 70446K [0x00000000c3000000, 0x00000000c8780000, 0x00000000ebb00000)
  object space 89600K, 78% used [0x00000000c3000000,0x00000000c74cba90,0x00000000c8780000)
 Metaspace       used 19132K, capacity 19512K, committed 19840K, reserved 1067008K
  class space    used 2232K, capacity 2380K, committed 2432K, reserved 1048576K
}

Deoptimization events (10 events):
Event: 90.317 Thread 0x00007f69e9c3f000 Uncommon trap: reason=class_check action=maybe_recompile pc=0x00007f69f123b0bc method=java.security.MessageDigest$Delegate.engineReset()V @ 4
Event: 90.317 Thread 0x00007f69e9c3f000 Uncommon trap: reason=class_check action=maybe_recompile pc=0x00007f69f1d9c690 method=java.security.MessageDigest$Delegate.engineUpdate([BII)V @ 7
Event: 90.319 Thread 0x00007f69e9c3f000 Uncommon trap: reason=class_check action=maybe_recompile pc=0x00007f69f1257a90 method=java.security.MessageDigest$Delegate.engineUpdate([BII)V @ 7
Event: 90.319 Thread 0x00007f69e9c3f000 Uncommon trap: reason=class_check action=maybe_recompile pc=0x00007f69f123b0bc method=java.security.MessageDigest$Delegate.engineReset()V @ 4
Event: 90.340 Thread 0x00007f69e9c3f000 Uncommon trap: reason=unreached action=reinterpret pc=0x00007f69f1d8f02c method=sun.security.jca.ProviderList.getService(Ljava/lang/String;Ljava/lang/String;)Ljava/security/Provider$Service; @ 29
Event: 90.342 Thread 0x00007f69e9c3f000 Uncommon trap: reason=predicate action=maybe_recompile pc=0x00007f69f1588f50 method=sun.misc.IOUtils.readFully(Ljava/io/InputStream;IZ)[B @ 21
Event: 90.342 Thread 0x00007f69e9c3f000 Uncommon trap: reason=null_check action=make_not_entrant pc=0x00007f69f1d79550 method=sun.security.x509.X500Name.intern(Lsun/security/util/ObjectIdentifier;)Lsun/security/util/ObjectIdentifier; @ 9
Event: 90.349 Thread 0x00007f69e9c3f000 Uncommon trap: reason=bimorphic action=maybe_recompile pc=0x00007f69f128572c method=sun.security.jca.ProviderList$ServiceList.tryGet(I)Ljava/security/Provider$Service; @ 102
Event: 90.354 Thread 0x00007f69e9c3f000 Uncommon trap: reason=bimorphic action=maybe_recompile pc=0x00007f69f128572c method=sun.security.jca.ProviderList$ServiceList.tryGet(I)Ljava/security/Provider$Service; @ 102
Event: 90.361 Thread 0x00007f69e9c3f000 Uncommon trap: reason=bimorphic action=maybe_recompile pc=0x00007f69f128572c method=sun.security.jca.ProviderList$ServiceList.tryGet(I)Ljava/security/Provider$Service; @ 102

Internal exceptions (10 events):
Event: 90.249 Thread 0x00007f69e9c3f000 Exception <a 'java/security/PrivilegedActionException'> (0x00000000f436c150) thrown at [/HUDSON/workspace/8-2-build-linux-amd64/jdk8u5/2488/hotspot/src/share/vm/prims/jvm.cpp, line 1248]
Event: 90.249 Thread 0x00007f69e9c3f000 Exception <a 'java/security/PrivilegedActionException'> (0x00000000f436cd90) thrown at [/HUDSON/workspace/8-2-build-linux-amd64/jdk8u5/2488/hotspot/src/share/vm/prims/jvm.cpp, line 1248]
Event: 90.250 Thread 0x00007f69e9c3f000 Exception <a 'java/security/PrivilegedActionException'> (0x00000000f43770b0) thrown at [/HUDSON/workspace/8-2-build-linux-amd64/jdk8u5/2488/hotspot/src/share/vm/prims/jvm.cpp, line 1248]
Event: 90.250 Thread 0x00007f69e9c3f000 Exception <a 'java/security/PrivilegedActionException'> (0x00000000f437b1f0) thrown at [/HUDSON/workspace/8-2-build-linux-amd64/jdk8u5/2488/hotspot/src/share/vm/prims/jvm.cpp, line 1248]
Event: 90.250 Thread 0x00007f69e9c3f000 Exception <a 'java/security/PrivilegedActionException'> (0x00000000f437c0e0) thrown at [/HUDSON/workspace/8-2-build-linux-amd64/jdk8u5/2488/hotspot/src/share/vm/prims/jvm.cpp, line 1248]
Event: 90.250 Thread 0x00007f69e9c3f000 Exception <a 'java/security/PrivilegedActionException'> (0x00000000f437cfb0) thrown at [/HUDSON/workspace/8-2-build-linux-amd64/jdk8u5/2488/hotspot/src/share/vm/prims/jvm.cpp, line 1248]
Event: 90.266 Thread 0x00007f69e9c3f000 Implicit null exception at 0x00007f69f133be75 to 0x00007f69f133c1b5
Event: 90.282 Thread 0x00007f69e9c3f000 Implicit null exception at 0x00007f69f14b25f5 to 0x00007f69f14b2db7
Event: 90.283 Thread 0x00007f69e9c3f000 Implicit null exception at 0x00007f69f121c012 to 0x00007f69f121c165
Event: 90.342 Thread 0x00007f69e9c3f000 Implicit null exception at 0x00007f69f1d78c9d to 0x00007f69f1d7951d

Events (10 events):
Event: 90.365 loading class sun/security/provider/SecureRandom
Event: 90.366 loading class sun/security/provider/SecureRandom done
Event: 90.366 loading class sun/security/ssl/SSLSocketFactoryImpl
Event: 90.366 loading class sun/security/ssl/SSLSocketFactoryImpl done
Event: 90.379 Thread 0x00007f69e9c3f000 DEOPT PACKING pc=0x00007f69f1704b62 sp=0x00007f69e6f8b340
Event: 90.379 Thread 0x00007f69e9c3f000 DEOPT UNPACKING pc=0x00007f69f115c01a sp=0x00007f69e6f8b0c8 mode 0
Event: 90.386 Executing VM operation: RevokeBias
Event: 90.386 Executing VM operation: RevokeBias done
Event: 90.389 loading class java/lang/ClassLoaderHelper
Event: 90.389 loading class java/lang/ClassLoaderHelper done


Dynamic libraries:
00400000-00401000 r-xp 00000000 08:01 1318028                            /usr/lib/jvm/java-8-oracle/bin/java
00600000-00601000 rw-p 00000000 08:01 1318028                            /usr/lib/jvm/java-8-oracle/bin/java
0219a000-04b04000 rw-p 00000000 00:00 0                                  [heap]
c3000000-c8780000 rw-p 00000000 00:00 0 
c8780000-ebb00000 ---p 00000000 00:00 0 
ebb00000-100000000 rw-p 00000000 00:00 0 
100000000-100380000 rw-p 00000000 00:00 0 
100380000-140000000 ---p 00000000 00:00 0 
7f69e5be8000-7f69e5bf8000 r-xp 00000000 08:01 3282161                    /opt/tomcat/shared/lib/libgu.so.0.0.0
7f69e5bf8000-7f69e5df7000 ---p 00010000 08:01 3282161                    /opt/tomcat/shared/lib/libgu.so.0.0.0
7f69e5df7000-7f69e5df8000 rw-p 0000f000 08:01 3282161                    /opt/tomcat/shared/lib/libgu.so.0.0.0
7f69e5df8000-7f69e5e15000 r-xp 00000000 08:01 3282167                    /opt/tomcat/shared/lib/libpgf.so.0.0.0
7f69e5e15000-7f69e6014000 ---p 0001d000 08:01 3282167                    /opt/tomcat/shared/lib/libpgf.so.0.0.0
7f69e6014000-7f69e6016000 rw-p 0001c000 08:01 3282167                    /opt/tomcat/shared/lib/libpgf.so.0.0.0
7f69e6016000-7f69e601e000 r-xp 00000000 08:01 3282162                    /opt/tomcat/shared/lib/libjpgf.so
7f69e601e000-7f69e621d000 ---p 00008000 08:01 3282162                    /opt/tomcat/shared/lib/libjpgf.so
7f69e621d000-7f69e621e000 rw-p 00007000 08:01 3282162                    /opt/tomcat/shared/lib/libjpgf.so
7f69e621e000-7f69e625e000 rw-p 00000000 00:00 0 
7f69e625e000-7f69e641e000 ---p 00000000 00:00 0 
7f69e641e000-7f69e6433000 r-xp 00000000 08:01 4194308                    /lib/x86_64-linux-gnu/libgcc_s.so.1
7f69e6433000-7f69e6633000 ---p 00015000 08:01 4194308                    /lib/x86_64-linux-gnu/libgcc_s.so.1
7f69e6633000-7f69e6634000 rw-p 00015000 08:01 4194308                    /lib/x86_64-linux-gnu/libgcc_s.so.1
7f69e6642000-7f69e6643000 rw-p 00000000 00:00 0 
7f69e6643000-7f69e6675000 r-xp 00000000 08:01 1317740                    /usr/lib/jvm/java-8-oracle/jre/lib/amd64/libsunec.so
7f69e6675000-7f69e6874000 ---p 00032000 08:01 1317740                    /usr/lib/jvm/java-8-oracle/jre/lib/amd64/libsunec.so
7f69e6874000-7f69e687a000 rw-p 00031000 08:01 1317740                    /usr/lib/jvm/java-8-oracle/jre/lib/amd64/libsunec.so
7f69e687a000-7f69e688a000 rw-p 00000000 00:00 0 
7f69e688a000-7f69e688b000 r--s 00009000 08:01 1317835                    /usr/lib/jvm/java-8-oracle/jre/lib/ext/sunec.jar
7f69e688b000-7f69e6a8b000 rw-p 00000000 00:00 0 
7f69e6a8b000-7f69e6a8e000 ---p 00000000 00:00 0 
7f69e6a8e000-7f69e6b8c000 rw-p 00000000 00:00 0 
7f69e6b8c000-7f69e6b8f000 ---p 00000000 00:00 0 
7f69e6b8f000-7f69e6c8d000 rw-p 00000000 00:00 0 
7f69e6c8d000-7f69e6c90000 ---p 00000000 00:00 0 
7f69e6c90000-7f69e6d8e000 rw-p 00000000 00:00 0 
7f69e6d8e000-7f69e6d91000 ---p 00000000 00:00 0 
7f69e6d91000-7f69e6e8f000 rw-p 00000000 00:00 0 
7f69e6e8f000-7f69e6e92000 ---p 00000000 00:00 0 
7f69e6e92000-7f69e6f90000 rw-p 00000000 00:00 0 
7f69e6f90000-7f69e6f93000 ---p 00000000 00:00 0 
7f69e6f93000-7f69e7091000 rw-p 00000000 00:00 0 
7f69e7091000-7f69e7094000 ---p 00000000 00:00 0 
7f69e7094000-7f69e7192000 rw-p 00000000 00:00 0 
7f69e7192000-7f69e7195000 ---p 00000000 00:00 0 
7f69e7195000-7f69e7493000 rw-p 00000000 00:00 0 
7f69e7493000-7f69e7693000 rw-p 00000000 00:00 0 
7f69e7693000-7f69e7696000 ---p 00000000 00:00 0 
7f69e7696000-7f69e7794000 rw-p 00000000 00:00 0 
7f69e7794000-7f69e7795000 r--s 0000b000 08:01 4850276                    /home/eidel/.m2/repository/org/neo4j/neo4j-jmx/2.1.2/neo4j-jmx-2.1.2.jar
7f69e7795000-7f69e7807000 r--s 0065a000 08:01 4850416                    /home/eidel/.m2/repository/org/scala-lang/scala-library/2.10.4/scala-library-2.10.4.jar
7f69e7807000-7f69e780a000 r--s 0000b000 08:01 4719720                    /home/eidel/.m2/repository/com/googlecode/concurrentlinkedhashmap/concurrentlinkedhashmap-lru/1.3.1/concurrentlinkedhashmap-lru-1.3.1.jar
7f69e780a000-7f69e78a1000 r--s 0067f000 08:01 4850192                    /home/eidel/.m2/repository/org/neo4j/neo4j-cypher-compiler-2.1/2.1.2/neo4j-cypher-compiler-2.1-2.1.2.jar
7f69e78a1000-7f69e78a2000 r--s 00003000 08:01 4720023                    /home/eidel/.m2/repository/net/sf/opencsv/opencsv/2.0/opencsv-2.0.jar
7f69e78a2000-7f69e78a7000 r--s 00029000 08:01 4850395                    /home/eidel/.m2/repository/org/parboiled/parboiled-core/1.1.6/parboiled-core-1.1.6.jar
7f69e78a7000-7f69e78ac000 r--s 00036000 08:01 4850402                    /home/eidel/.m2/repository/org/parboiled/parboiled-scala_2.10/1.1.6/parboiled-scala_2.10-1.1.6.jar
7f69e78ac000-7f69e791c000 r--s 004b8000 08:01 4850178                    /home/eidel/.m2/repository/org/neo4j/neo4j-cypher-compiler-2.0/2.0.3/neo4j-cypher-compiler-2.0-2.0.3.jar
7f69e791c000-7f69e7961000 r--s 002a1000 08:01 4850164                    /home/eidel/.m2/repository/org/neo4j/neo4j-cypher-compiler-1.9/2.0.3/neo4j-cypher-compiler-1.9-2.0.3.jar
7f69e7961000-7f69e7966000 r--s 00030000 08:01 4850157                    /home/eidel/.m2/repository/org/neo4j/neo4j-cypher-commons/2.1.2/neo4j-cypher-commons-2.1.2.jar
7f69e7966000-7f69e796a000 r--s 00029000 08:01 4850213                    /home/eidel/.m2/repository/org/neo4j/neo4j-cypher/2.1.2/neo4j-cypher-2.1.2.jar
7f69e796a000-7f69e796c000 r--s 0000c000 08:01 4850255                    /home/eidel/.m2/repository/org/neo4j/neo4j-graph-matching/2.1.2/neo4j-graph-matching-2.1.2.jar
7f69e796c000-7f69e796e000 r--s 00008000 08:01 4850346                    /home/eidel/.m2/repository/org/neo4j/neo4j-udc/2.1.2/neo4j-udc-2.1.2.jar
7f69e796e000-7f69e7972000 r--s 00025000 08:01 4850234                    /home/eidel/.m2/repository/org/neo4j/neo4j-graph-algo/2.1.2/neo4j-graph-algo-2.1.2.jar
7f69e7972000-7f69e798b000 r--s 0015f000 08:01 4720418                    /home/eidel/.m2/repository/org/apache/lucene/lucene-core/3.6.2/lucene-core-3.6.2.jar
7f69e798b000-7f69e7991000 r--s 00039000 08:01 4850318                    /home/eidel/.m2/repository/org/neo4j/neo4j-lucene-index/2.1.2/neo4j-lucene-index-2.1.2.jar
7f69e7991000-7f69e7992000 r--s 00003000 08:01 4720225                    /home/eidel/.m2/repository/org/apache/geronimo/specs/geronimo-jta_1.1_spec/1.1.1/geronimo-jta_1.1_spec-1.1.1.jar
7f69e7992000-7f69e7996000 r--s 00017000 08:01 4850325                    /home/eidel/.m2/repository/org/neo4j/neo4j-primitive-collections/2.1.2/neo4j-primitive-collections-2.1.2.jar
7f69e7996000-7f69e79ce000 r--s 0023a000 08:01 4850297                    /home/eidel/.m2/repository/org/neo4j/neo4j-kernel/2.1.2/neo4j-kernel-2.1.2.jar
7f69e79ce000-7f69e79cf000 r--s 00005000 08:01 4850367                    /home/eidel/.m2/repository/org/neo4j/neo4j/2.1.2/neo4j-2.1.2.jar
7f69e79cf000-7f69e79d4000 r--s 0002a000 08:01 4719703                    /home/eidel/.m2/repository/com/google/code/gson/gson/2.2.4/gson-2.2.4.jar
7f69e79d4000-7f69e79d6000 r--s 00004000 08:01 4850423                    /home/eidel/.m2/repository/org/slf4j/slf4j-api/1.5.6/slf4j-api-1.5.6.jar
7f69e79d6000-7f69e79d7000 r--s 00001000 08:01 4850434                    /home/eidel/.m2/repository/org/slf4j/slf4j-simple/1.5.6/slf4j-simple-1.5.6.jar
7f69e79d7000-7f69e79d9000 r--s 0000d000 08:01 4719885                    /home/eidel/.m2/repository/commons-logging/commons-logging/1.1.1/commons-logging-1.1.1.jar
7f69e79d9000-7f69e79da000 r--s 00005000 08:01 4850388                    /home/eidel/.m2/repository/org/noggit/noggit/0.5/noggit-0.5.jar
7f69e79da000-7f69e79e1000 r--s 00079000 08:01 4849899                    /home/eidel/.m2/repository/org/codehaus/woodstox/wstx-asl/3.2.7/wstx-asl-3.2.7.jar
7f69e79e1000-7f69e79ed000 r--s 000b3000 08:01 4721553                    /home/eidel/.m2/repository/org/apache/zookeeper/zookeeper/3.4.5/zookeeper-3.4.5.jar
7f69e79ed000-7f69e79ef000 r--s 00008000 08:01 4720354                    /home/eidel/.m2/repository/org/apache/httpcomponents/httpmime/4.3.1/httpmime-4.3.1.jar
7f69e79ef000-7f69e79f5000 r--s 0003f000 08:01 4720347                    /home/eidel/.m2/repository/org/apache/httpcomponents/httpcore/4.3/httpcore-4.3.jar
7f69e79f5000-7f69e7a00000 r--s 00084000 08:01 4720280                    /home/eidel/.m2/repository/org/apache/httpcomponents/httpclient/4.3.1/httpclient-4.3.1.jar
7f69e7a00000-7f69e7c00000 rw-p 00000000 00:00 0 
7f69e7c00000-7f69e7e00000 rw-p 00000000 00:00 0 
7f69e7e00000-7f69e8000000 rw-p 00000000 00:00 0 
7f69e8000000-7f69ebc43000 rw-p 00000000 00:00 0 
7f69ebc43000-7f69ec000000 ---p 00000000 00:00 0 
7f69ec000000-7f69ec009000 r--s 0006d000 08:01 4719993                    /home/eidel/.m2/repository/log4j/log4j/1.2.16/log4j-1.2.16.jar
7f69ec009000-7f69ec00c000 r--s 00025000 08:01 4719833                    /home/eidel/.m2/repository/commons-io/commons-io/2.1/commons-io-2.1.jar
7f69ec00c000-7f69ec014000 r--s 0005e000 08:01 4721410                    /home/eidel/.m2/repository/org/apache/solr/solr-solrj/4.7.0/solr-solrj-4.7.0.jar
7f69ec014000-7f69ec019000 r--s 0002a000 08:01 4849911                    /home/eidel/.m2/repository/org/eclipse/persistence/org.eclipse.persistence.antlr/2.5.0/org.eclipse.persistence.antlr-2.5.0.jar
7f69ec019000-7f69ec020000 r--s 0003c000 08:01 4849918                    /home/eidel/.m2/repository/org/eclipse/persistence/org.eclipse.persistence.asm/2.5.0/org.eclipse.persistence.asm-2.5.0.jar
7f69ec020000-7f69ec05e000 r--s 00482000 08:01 4849925                    /home/eidel/.m2/repository/org/eclipse/persistence/org.eclipse.persistence.core/2.5.0/org.eclipse.persistence.core-2.5.0.jar
7f69ec05e000-7f69ec065000 r--s 00071000 08:01 4849932                    /home/eidel/.m2/repository/org/eclipse/persistence/org.eclipse.persistence.moxy/2.5.0/org.eclipse.persistence.moxy-2.5.0.jar
7f69ec065000-7f69ec068000 r--s 0000e000 08:01 4850052                    /home/eidel/.m2/repository/org/glassfish/jersey/ext/jersey-entity-filtering/2.7/jersey-entity-filtering-2.7.jar
7f69ec068000-7f69ec06a000 r--s 00005000 08:01 4850067                    /home/eidel/.m2/repository/org/glassfish/jersey/media/jersey-media-moxy/2.7/jersey-media-moxy-2.7.jar
7f69ec06a000-7f69ec06e000 r--s 00018000 08:01 4719956                    /home/eidel/.m2/repository/javax/ws/rs/javax.ws.rs-api/2.0/javax.ws.rs-api-2.0.jar
7f69ec06e000-7f69ec06f000 r--s 00004000 08:01 4849998                    /home/eidel/.m2/repository/org/glassfish/hk2/osgi-resource-locator/1.0.1/osgi-resource-locator-1.0.1.jar
7f69ec06f000-7f69ec087000 r--s 000d4000 08:01 4850009                    /home/eidel/.m2/repository/org/glassfish/jersey/bundles/repackaged/jersey-guava/2.7/jersey-guava-2.7.jar
7f69ec087000-7f69ec096000 r--s 0009f000 08:01 4850038                    /home/eidel/.m2/repository/org/glassfish/jersey/core/jersey-common/2.7/jersey-common-2.7.jar
7f69ec096000-7f69ec09a000 r--s 0000c000 08:01 4719945                    /home/eidel/.m2/repository/javax/validation/validation-api/1.1.0.Final/validation-api-1.1.0.Final.jar
7f69ec09a000-7f69ec0a4000 r--s 000a5000 08:01 4850106                    /home/eidel/.m2/repository/org/javassist/javassist/3.18.1-GA/javassist-3.18.1-GA.jar
7f69ec0a4000-7f69ec0a7000 r--s 00027000 08:01 4849976                    /home/eidel/.m2/repository/org/glassfish/hk2/hk2-locator/2.2.0/hk2-locator-2.2.0.jar
7f69ec0a7000-7f69ec0a9000 r--s 00002000 08:01 4849947                    /home/eidel/.m2/repository/org/glassfish/hk2/external/aopalliance-repackaged/2.2.0/aopalliance-repackaged-2.2.0.jar
7f69ec0a9000-7f69ec0ac000 r--s 0000e000 08:01 4849991                    /home/eidel/.m2/repository/org/glassfish/hk2/hk2-utils/2.2.0/hk2-utils-2.2.0.jar
7f69ec0ac000-7f69ec0b0000 r--s 0001f000 08:01 4849961                    /home/eidel/.m2/repository/org/glassfish/hk2/hk2-api/2.2.0/hk2-api-2.2.0.jar
7f69ec0b0000-7f69ec0b2000 r--s 00005000 08:01 4719922                    /home/eidel/.m2/repository/javax/annotation/javax.annotation-api/1.2/javax.annotation-api-1.2.jar
7f69ec0b2000-7f69ec0b6000 r--s 00022000 08:01 4850031                    /home/eidel/.m2/repository/org/glassfish/jersey/core/jersey-client/2.7/jersey-client-2.7.jar
7f69ec0b6000-7f69ec0cb000 r--s 000cd000 08:01 4850045                    /home/eidel/.m2/repository/org/glassfish/jersey/core/jersey-server/2.7/jersey-server-2.7.jar
7f69ec0cb000-7f69ec0cc000 r--s 00001000 08:01 4849954                    /home/eidel/.m2/repository/org/glassfish/hk2/external/javax.inject/2.2.0/javax.inject-2.2.0.jar
7f69ec0cc000-7f69ec0cf000 r--s 0000b000 08:01 4850020                    /home/eidel/.m2/repository/org/glassfish/jersey/containers/jersey-container-servlet-core/2.7/jersey-container-servlet-core-2.7.jar
7f69ec0cf000-7f69ec0d0000 r--p 00000000 08:01 1181997                    /usr/share/locale/en_GB/LC_MESSAGES/libc.mo
7f69ec0d0000-7f69ec0d3000 r--s 00019000 08:01 1318005                    /usr/lib/jvm/java-8-oracle/jre/lib/jce.jar
7f69ec0d3000-7f69ec0e2000 r--s 0019c000 08:01 4723318                    /home/eidel/.m2/repository/org/eclipse/jetty/orbit/org.eclipse.jdt.core/3.7.1/org.eclipse.jdt.core-3.7.1.jar
7f69ec0e2000-7f69ec0e5000 r--s 0001d000 08:01 4723315                    /home/eidel/.m2/repository/org/eclipse/jetty/orbit/com.sun.el/2.2.0.v201108011116/com.sun.el-2.2.0.v201108011116.jar
7f69ec0e5000-7f69ec0e7000 r--s 0000b000 08:01 4723313                    /home/eidel/.m2/repository/org/eclipse/jetty/orbit/javax.el/2.2.0.v201108011116/javax.el-2.2.0.v201108011116.jar
7f69ec0e7000-7f69ec0ef000 r--s 00061000 08:01 4723314                    /home/eidel/.m2/repository/org/eclipse/jetty/orbit/org.apache.taglibs.standard.glassfish/1.2.0.v201112081803/org.apache.taglibs.standard.glassfish-1.2.0.v201112081803.jar
7f69ec0ef000-7f69ec0f1000 r--s 0000b000 08:01 4723311                    /home/eidel/.m2/repository/org/eclipse/jetty/orbit/javax.servlet.jsp.jstl/1.2.0.v201105211821/javax.servlet.jsp.jstl-1.2.0.v201105211821.jar
7f69ec0f1000-7f69ec0f8000 r--s 0008a000 08:01 4723307                    /home/eidel/.m2/repository/org/eclipse/jetty/orbit/org.apache.jasper.glassfish/2.2.2.v201112011158/org.apache.jasper.glassfish-2.2.2.v201112011158.jar
7f69ec0f8000-7f69ec0fa000 r--s 00018000 08:01 4723306                    /home/eidel/.m2/repository/org/eclipse/jetty/orbit/javax.servlet.jsp/2.2.0.v201112011158/javax.servlet.jsp-2.2.0.v201112011158.jar
7f69ec0fa000-7f69ec0fb000 r--s 00000000 08:01 4723305                    /home/eidel/.m2/repository/org/eclipse/jetty/jetty-jsp/8.1.15.v20140411/jetty-jsp-8.1.15.v20140411.jar
7f69ec0fb000-7f69ec0fd000 r--s 00016000 08:01 4723302                    /home/eidel/.m2/repository/org/eclipse/jetty/jetty-http/8.1.15.v20140411/jetty-http-8.1.15.v20140411.jar
7f69ec0fd000-7f69ec0ff000 r--s 00018000 08:01 4723299                    /home/eidel/.m2/repository/org/eclipse/jetty/jetty-io/8.1.15.v20140411/jetty-io-8.1.15.v20140411.jar
7f69ec0ff000-7f69ec102000 r--s 0001d000 08:01 4723298                    /home/eidel/.m2/repository/org/eclipse/jetty/jetty-websocket/8.1.15.v20140411/jetty-websocket-8.1.15.v20140411.jar
7f69ec102000-7f69ec107000 r--s 00032000 08:01 4723297                    /home/eidel/.m2/repository/org/eclipse/jetty/orbit/org.objectweb.asm/3.1.0.v200803061910/org.objectweb.asm-3.1.0.v200803061910.jar
7f69ec107000-7f69ec109000 r--s 00005000 08:01 4723296                    /home/eidel/.m2/repository/org/eclipse/jetty/orbit/javax.annotation/1.1.0.v201108011116/javax.annotation-1.1.0.v201108011116.jar
7f69ec109000-7f69ec10b000 r--s 00011000 08:01 4723291                    /home/eidel/.m2/repository/org/eclipse/jetty/jetty-annotations/8.1.15.v20140411/jetty-annotations-8.1.15.v20140411.jar
7f69ec10b000-7f69ec10d000 r--s 00005000 08:01 4723290                    /home/eidel/.m2/repository/org/eclipse/jetty/jetty-jmx/8.1.15.v20140411/jetty-jmx-8.1.15.v20140411.jar
7f69ec10d000-7f69ec10f000 r--s 0000c000 08:01 4723287                    /home/eidel/.m2/repository/org/eclipse/jetty/orbit/javax.activation/1.1.0.v201105071233/javax.activation-1.1.0.v201105071233.jar
7f69ec10f000-7f69ec115000 r--s 00072000 08:01 4723286                    /home/eidel/.m2/repository/org/eclipse/jetty/orbit/javax.mail.glassfish/1.4.1.v201005082020/javax.mail.glassfish-1.4.1.v201005082020.jar
7f69ec115000-7f69ec117000 r--s 00004000 08:01 4723285                    /home/eidel/.m2/repository/org/eclipse/jetty/jetty-continuation/8.1.15.v20140411/jetty-continuation-8.1.15.v20140411.jar
7f69ec117000-7f69ec11a000 r--s 0002e000 08:01 4723284                    /home/eidel/.m2/repository/org/eclipse/jetty/orbit/javax.servlet/3.0.0.v201112011016/javax.servlet-3.0.0.v201112011016.jar
7f69ec11a000-7f69ec11f000 r--s 00053000 08:01 4723279                    /home/eidel/.m2/repository/org/eclipse/jetty/jetty-server/8.1.15.v20140411/jetty-server-8.1.15.v20140411.jar
7f69ec11f000-7f69ec120000 r--s 00009000 08:01 4723278                    /home/eidel/.m2/repository/org/eclipse/jetty/jetty-jndi/8.1.15.v20140411/jetty-jndi-8.1.15.v20140411.jar
7f69ec120000-7f69ec122000 r--s 00006000 08:01 4723277                    /home/eidel/.m2/repository/org/eclipse/jetty/orbit/javax.transaction/1.1.1.v201105210645/javax.transaction-1.1.1.v201105210645.jar
7f69ec122000-7f69ec124000 r--s 00013000 08:01 4723276                    /home/eidel/.m2/repository/org/eclipse/jetty/jetty-plus/8.1.15.v20140411/jetty-plus-8.1.15.v20140411.jar
7f69ec124000-7f69ec128000 r--s 0003a000 08:01 4720018                    /home/eidel/.m2/repository/net/sf/jtidy/jtidy/r938/jtidy-r938.jar
7f69ec128000-7f69ec12a000 r--s 0000c000 08:01 4723273                    /home/eidel/.m2/repository/org/apache/maven/plugin-tools/maven-plugin-tools-api/2.9/maven-plugin-tools-api-2.9.jar
7f69ec12a000-7f69ec12c000 r--s 00002000 08:01 4872925                    /home/eidel/.m2/repository/org/sonatype/plexus/plexus-cipher/1.4/plexus-cipher-1.4.jar
7f69ec12c000-7f69ec12d000 r--s 00006000 08:01 4872924                    /home/eidel/.m2/repository/org/sonatype/plexus/plexus-sec-dispatcher/1.3/plexus-sec-dispatcher-1.3.jar
7f69ec12d000-7f69ec12f000 r--s 00000000 08:01 4721675                    /home/eidel/.m2/repository/org/codehaus/plexus/plexus-component-annotations/1.5.5/plexus-component-annotations-1.5.5.jar
7f69ec12f000-7f69ec131000 r--s 0000d000 08:01 4723269                    /home/eidel/.m2/repository/org/codehaus/plexus/plexus-interpolation/1.14/plexus-interpolation-1.14.jar
7f69ec131000-7f69ec135000 r--s 0001a000 08:01 4723266                    /home/eidel/.m2/repository/org/sonatype/aether/aether-util/1.11/aether-util-1.11.jar
7f69ec135000-7f69ec139000 r--s 00033000 08:01 4723267                    /home/eidel/.m2/repository/org/codehaus/plexus/plexus-utils/2.0.6/plexus-utils-2.0.6.jar
7f69ec139000-7f69ec145000 r--s 0006b000 08:01 4723265                    /home/eidel/.m2/repository/org/sonatype/sisu/sisu-guice/2.9.4/sisu-guice-2.9.4-no_aop.jar
7f69ec145000-7f69ec14b000 r--s 00033000 08:01 4723261                    /home/eidel/.m2/repository/org/sonatype/sisu/sisu-inject-bean/2.1.1/sisu-inject-bean-2.1.1.jar
7f69ec14b000-7f69ec14d000 r--s 00014000 08:01 4723257                    /home/eidel/.m2/repository/org/eclipse/jetty/jetty-security/8.1.15.v20140411/jetty-security-8.1.15.v20140411.jar
7f69ec14d000-7f69ec14f000 r--s 00017000 08:01 4723258                    /home/eidel/.m2/repository/org/eclipse/jetty/jetty-servlet/8.1.15.v20140411/jetty-servlet-8.1.15.v20140411.jar
7f69ec14f000-7f69ec150000 r--s 00009000 08:01 4723259                    /home/eidel/.m2/repository/org/eclipse/jetty/jetty-xml/8.1.15.v20140411/jetty-xml-8.1.15.v20140411.jar
7f69ec150000-7f69ec152000 r--s 00019000 08:01 4723256                    /home/eidel/.m2/repository/org/eclipse/jetty/jetty-webapp/8.1.15.v20140411/jetty-webapp-8.1.15.v20140411.jar
7f69ec152000-7f69ec157000 r--s 00042000 08:01 4723255                    /home/eidel/.m2/repository/org/eclipse/jetty/jetty-util/8.1.15.v20140411/jetty-util-8.1.15.v20140411.jar
7f69ec157000-7f69ec159000 r--s 00011000 08:01 4722955                    /home/eidel/.m2/repository/org/mortbay/jetty/jetty-maven-plugin/8.1.15.v20140411/jetty-maven-plugin-8.1.15.v20140411.jar
7f69ec159000-7f69ec15a000 r--s 00003000 08:01 4721638                    /home/eidel/.m2/repository/org/codehaus/plexus/plexus-compiler-javac/1.9.1/plexus-compiler-javac-1.9.1.jar
7f69ec15a000-7f69ec15c000 r--s 00000000 08:01 4721652                    /home/eidel/.m2/repository/org/codehaus/plexus/plexus-compiler-manager/1.9.1/plexus-compiler-manager-1.9.1.jar
7f69ec15c000-7f69ec15e000 r--s 00004000 08:01 4721623                    /home/eidel/.m2/repository/org/codehaus/plexus/plexus-compiler-api/1.9.1/plexus-compiler-api-1.9.1.jar
7f69ec15e000-7f69ec162000 r--s 00034000 08:01 4721860                    /home/eidel/.m2/repository/org/codehaus/plexus/plexus-utils/3.0/plexus-utils-3.0.jar
7f69ec162000-7f69ec164000 r--s 0000d000 08:01 4721766                    /home/eidel/.m2/repository/org/codehaus/plexus/plexus-interpolation/1.13/plexus-interpolation-1.13.jar
7f69ec164000-7f69ec165000 r--s 00001000 08:01 4850457                    /home/eidel/.m2/repository/org/sonatype/plexus/plexus-build-api/0.0.4/plexus-build-api-0.0.4.jar
7f69ec165000-7f69ec167000 r--s 00009000 08:01 4721345                    /home/eidel/.m2/repository/org/apache/maven/shared/maven-filtering/1.1/maven-filtering-1.1.jar
7f69ec167000-7f69ec16b000 r--s 00033000 08:01 4721838                    /home/eidel/.m2/repository/org/codehaus/plexus/plexus-utils/2.0.5/plexus-utils-2.0.5.jar
7f69ec16b000-7f69ec16e000 r--s 0001b000 08:01 4591208                    /home/eidel/.m2/repository/junit/junit/3.8.1/junit-3.8.1.jar
7f69ec16e000-7f69ec170000 r--s 00002000 08:01 4721741                    /home/eidel/.m2/repository/org/codehaus/plexus/plexus-interactivity-api/1.0-alpha-4/plexus-interactivity-api-1.0-alpha-4.jar
7f69ec170000-7f69ec172000 r--s 00006000 08:01 4459542                    /home/eidel/.m2/repository/commons-cli/commons-cli/1.0/commons-cli-1.0.jar
7f69ec172000-7f69ec173000 r--s 00001000 08:01 4720572                    /home/eidel/.m2/repository/org/apache/maven/doxia/doxia-sink-api/1.0-alpha-7/doxia-sink-api-1.0-alpha-7.jar
7f69ec173000-7f69ec174000 r--s 00002000 08:01 4721292                    /home/eidel/.m2/repository/org/apache/maven/reporting/maven-reporting-api/2.0.6/maven-reporting-api-2.0.6.jar
7f69ec174000-7f69ec176000 r--s 00006000 08:01 4721256                    /home/eidel/.m2/repository/org/apache/maven/plugins/maven-resources-plugin/2.6/maven-resources-plugin-2.6.jar
7f69ec176000-7f69ec186000 r-xp 00000000 08:01 1317749                    /usr/lib/jvm/java-8-oracle/jre/lib/amd64/libnio.so
7f69ec186000-7f69ec386000 ---p 00010000 08:01 1317749                    /usr/lib/jvm/java-8-oracle/jre/lib/amd64/libnio.so
7f69ec386000-7f69ec387000 rw-p 00010000 08:01 1317749                    /usr/lib/jvm/java-8-oracle/jre/lib/amd64/libnio.so
7f69ec387000-7f69ec39d000 r-xp 00000000 08:01 1317764                    /usr/lib/jvm/java-8-oracle/jre/lib/amd64/libnet.so
7f69ec39d000-7f69ec59c000 ---p 00016000 08:01 1317764                    /usr/lib/jvm/java-8-oracle/jre/lib/amd64/libnet.so
7f69ec59c000-7f69ec59d000 rw-p 00015000 08:01 1317764                    /usr/lib/jvm/java-8-oracle/jre/lib/amd64/libnet.so
7f69ec59d000-7f69ec79d000 rw-p 00000000 00:00 0 
7f69ec79d000-7f69ec7a2000 r--s 00092000 08:01 1317885                    /usr/lib/jvm/java-8-oracle/jre/lib/jsse.jar
7f69ec7a2000-7f69ec9a2000 rw-p 00000000 00:00 0 
7f69ec9a2000-7f69ec9ad000 r--s 0021a000 08:01 1317839                    /usr/lib/jvm/java-8-oracle/jre/lib/ext/localedata.jar
7f69ec9ad000-7f69ec9c9000 r--s 00393000 08:01 1317837                    /usr/lib/jvm/java-8-oracle/jre/lib/ext/cldrdata.jar
7f69ec9c9000-7f69ec9ca000 r--s 00002000 08:01 3282153                    /opt/maven/lib/slf4j-simple-1.7.5.jar
7f69ec9ca000-7f69ec9cc000 r--s 00007000 08:01 3282152                    /opt/maven/lib/aether-connector-wagon-0.9.0.M2.jar
7f69ec9cc000-7f69ec9d0000 r--s 0001d000 08:01 3282137                    /opt/maven/lib/aether-api-0.9.0.M2.jar
7f69ec9d0000-7f69ec9d5000 r--s 00041000 08:01 3282149                    /opt/maven/lib/commons-lang-2.6.jar
7f69ec9d5000-7f69ec9d8000 r--s 00025000 08:01 3282118                    /opt/maven/lib/maven-model-3.2.2.jar
7f69ec9d8000-7f69ec9da000 r--s 00000000 08:01 3282121                    /opt/maven/lib/plexus-component-annotations-1.5.5.jar
7f69ec9da000-7f69ec9de000 r--s 0003a000 08:01 3282116                    /opt/maven/lib/plexus-utils-3.0.17.jar
7f69ec9de000-7f69ec9e0000 r--s 00000000 08:01 3282133                    /opt/maven/lib/aopalliance-1.0.jar
7f69ec9e0000-7f69ec9e3000 r--s 0000d000 08:01 3282120                    /opt/maven/lib/plexus-interpolation-1.19.jar
7f69ec9e3000-7f69ec9e6000 r--s 00008000 08:01 3282128                    /opt/maven/lib/cdi-api-1.0.jar
7f69ec9e6000-7f69ec9e7000 r--s 00001000 08:01 3282129                    /opt/maven/lib/jsr250-api-1.0.jar
7f69ec9e7000-7f69ec9ed000 r--s 00042000 08:01 3282148                    /opt/maven/lib/jsoup-1.7.2.jar
7f69ec9ed000-7f69ec9ef000 r--s 00003000 08:01 3282138                    /opt/maven/lib/aether-spi-0.9.0.M2.jar
7f69ec9ef000-7f69ec9f3000 r--s 00027000 08:01 3282150                    /opt/maven/lib/commons-io-2.2.jar
7f69ec9f3000-7f69ec9ff000 r--s 00081000 08:01 3282117                    /opt/maven/lib/maven-core-3.2.2.jar
7f69ec9ff000-7f69eca1e000 r--s 00134000 08:01 3282145                    /opt/maven/lib/wagon-http-2.6-shaded.jar
7f69eca1e000-7f69eca24000 r--s 0002a000 08:01 3282127                    /opt/maven/lib/org.eclipse.sisu.plexus-0.0.0.M5.jar
7f69eca24000-7f69eca4d000 r--s 001ee000 08:01 3282131                    /opt/maven/lib/guava-14.0.1.jar
7f69eca4d000-7f69eca55000 r--s 00050000 08:01 3282132                    /opt/maven/lib/sisu-guice-3.1.3-no_aop.jar
7f69eca55000-7f69eca58000 r--s 0000a000 08:01 3282113                    /opt/maven/boot/plexus-classworlds-2.5.1.jar
7f69eca58000-7f69eca59000 ---p 00000000 00:00 0 
7f69eca59000-7f69ecb59000 rw-p 00000000 00:00 0 
7f69ecb59000-7f69ecb5c000 ---p 00000000 00:00 0 
7f69ecb5c000-7f69ecc5a000 rw-p 00000000 00:00 0 
7f69ecc5a000-7f69ecc5d000 ---p 00000000 00:00 0 
7f69ecc5d000-7f69ecd5b000 rw-p 00000000 00:00 0 
7f69ecd5b000-7f69ecd5e000 ---p 00000000 00:00 0 
7f69ecd5e000-7f69ece5c000 rw-p 00000000 00:00 0 
7f69ece5c000-7f69ece5f000 ---p 00000000 00:00 0 
7f69ece5f000-7f69ecf5d000 rw-p 00000000 00:00 0 
7f69ecf5d000-7f69ed0d4000 r--p 00000000 08:01 1048641                    /usr/lib/locale/locale-archive
7f69ed0d4000-7f69ed0d7000 ---p 00000000 00:00 0 
7f69ed0d7000-7f69ed1d5000 rw-p 00000000 00:00 0 
7f69ed1d5000-7f69ed1d8000 ---p 00000000 00:00 0 
7f69ed1d8000-7f69ed2d6000 rw-p 00000000 00:00 0 
7f69ed2d6000-7f69ed2d7000 ---p 00000000 00:00 0 
7f69ed2d7000-7f69edd71000 rw-p 00000000 00:00 0 
7f69edd71000-7f69edf46000 r--s 03c4d000 08:01 1317886                    /usr/lib/jvm/java-8-oracle/jre/lib/rt.jar
7f69edf46000-7f69f0824000 rw-p 00000000 00:00 0 
7f69f0824000-7f69f0825000 ---p 00000000 00:00 0 
7f69f0825000-7f69f0925000 rw-p 00000000 00:00 0 
7f69f0925000-7f69f0926000 ---p 00000000 00:00 0 
7f69f0926000-7f69f0a52000 rw-p 00000000 00:00 0 
7f69f0a52000-7f69f0b6c000 ---p 00000000 00:00 0 
7f69f0b6c000-7f69f0b98000 rw-p 00000000 00:00 0 
7f69f0b98000-7f69f0cb1000 ---p 00000000 00:00 0 
7f69f0cb1000-7f69f0d54000 rw-p 00000000 00:00 0 
7f69f0d54000-7f69f0d8b000 rw-p 00000000 00:00 0 
7f69f0d8b000-7f69f1115000 ---p 00000000 00:00 0 
7f69f1115000-7f69f1e75000 rwxp 00000000 00:00 0 
7f69f1e75000-7f6a00115000 ---p 00000000 00:00 0 
7f6a00115000-7f6a00131000 r-xp 00000000 08:01 1317732                    /usr/lib/jvm/java-8-oracle/jre/lib/amd64/libzip.so
7f6a00131000-7f6a00330000 ---p 0001c000 08:01 1317732                    /usr/lib/jvm/java-8-oracle/jre/lib/amd64/libzip.so
7f6a00330000-7f6a00331000 rw-p 0001b000 08:01 1317732                    /usr/lib/jvm/java-8-oracle/jre/lib/amd64/libzip.so
7f6a00331000-7f6a0033c000 r-xp 00000000 08:01 4197618                    /lib/x86_64-linux-gnu/libnss_files-2.13.so
7f6a0033c000-7f6a0053b000 ---p 0000b000 08:01 4197618                    /lib/x86_64-linux-gnu/libnss_files-2.13.so
7f6a0053b000-7f6a0053c000 r--p 0000a000 08:01 4197618                    /lib/x86_64-linux-gnu/libnss_files-2.13.so
7f6a0053c000-7f6a0053d000 rw-p 0000b000 08:01 4197618                    /lib/x86_64-linux-gnu/libnss_files-2.13.so
7f6a0053d000-7f6a00547000 r-xp 00000000 08:01 4197620                    /lib/x86_64-linux-gnu/libnss_nis-2.13.so
7f6a00547000-7f6a00746000 ---p 0000a000 08:01 4197620                    /lib/x86_64-linux-gnu/libnss_nis-2.13.so
7f6a00746000-7f6a00747000 r--p 00009000 08:01 4197620                    /lib/x86_64-linux-gnu/libnss_nis-2.13.so
7f6a00747000-7f6a00748000 rw-p 0000a000 08:01 4197620                    /lib/x86_64-linux-gnu/libnss_nis-2.13.so
7f6a00748000-7f6a0075d000 r-xp 00000000 08:01 4197615                    /lib/x86_64-linux-gnu/libnsl-2.13.so
7f6a0075d000-7f6a0095c000 ---p 00015000 08:01 4197615                    /lib/x86_64-linux-gnu/libnsl-2.13.so
7f6a0095c000-7f6a0095d000 r--p 00014000 08:01 4197615                    /lib/x86_64-linux-gnu/libnsl-2.13.so
7f6a0095d000-7f6a0095e000 rw-p 00015000 08:01 4197615                    /lib/x86_64-linux-gnu/libnsl-2.13.so
7f6a0095e000-7f6a00960000 rw-p 00000000 00:00 0 
7f6a00960000-7f6a00967000 r-xp 00000000 08:01 4197616                    /lib/x86_64-linux-gnu/libnss_compat-2.13.so
7f6a00967000-7f6a00b66000 ---p 00007000 08:01 4197616                    /lib/x86_64-linux-gnu/libnss_compat-2.13.so
7f6a00b66000-7f6a00b67000 r--p 00006000 08:01 4197616                    /lib/x86_64-linux-gnu/libnss_compat-2.13.so
7f6a00b67000-7f6a00b68000 rw-p 00007000 08:01 4197616                    /lib/x86_64-linux-gnu/libnss_compat-2.13.so
7f6a00b68000-7f6a00b92000 r-xp 00000000 08:01 1317760                    /usr/lib/jvm/java-8-oracle/jre/lib/amd64/libjava.so
7f6a00b92000-7f6a00d92000 ---p 0002a000 08:01 1317760                    /usr/lib/jvm/java-8-oracle/jre/lib/amd64/libjava.so
7f6a00d92000-7f6a00d94000 rw-p 0002a000 08:01 1317760                    /usr/lib/jvm/java-8-oracle/jre/lib/amd64/libjava.so
7f6a00d94000-7f6a00da1000 r-xp 00000000 08:01 1317762                    /usr/lib/jvm/java-8-oracle/jre/lib/amd64/libverify.so
7f6a00da1000-7f6a00fa1000 ---p 0000d000 08:01 1317762                    /usr/lib/jvm/java-8-oracle/jre/lib/amd64/libverify.so
7f6a00fa1000-7f6a00fa3000 rw-p 0000d000 08:01 1317762                    /usr/lib/jvm/java-8-oracle/jre/lib/amd64/libverify.so
7f6a00fa3000-7f6a00faa000 r-xp 00000000 08:01 4197625                    /lib/x86_64-linux-gnu/librt-2.13.so
7f6a00faa000-7f6a011a9000 ---p 00007000 08:01 4197625                    /lib/x86_64-linux-gnu/librt-2.13.so
7f6a011a9000-7f6a011aa000 r--p 00006000 08:01 4197625                    /lib/x86_64-linux-gnu/librt-2.13.so
7f6a011aa000-7f6a011ab000 rw-p 00007000 08:01 4197625                    /lib/x86_64-linux-gnu/librt-2.13.so
7f6a011ab000-7f6a0122c000 r-xp 00000000 08:01 4197613                    /lib/x86_64-linux-gnu/libm-2.13.so
7f6a0122c000-7f6a0142b000 ---p 00081000 08:01 4197613                    /lib/x86_64-linux-gnu/libm-2.13.so
7f6a0142b000-7f6a0142c000 r--p 00080000 08:01 4197613                    /lib/x86_64-linux-gnu/libm-2.13.so
7f6a0142c000-7f6a0142d000 rw-p 00081000 08:01 4197613                    /lib/x86_64-linux-gnu/libm-2.13.so
7f6a0142d000-7f6a02047000 r-xp 00000000 08:01 1317719                    /usr/lib/jvm/java-8-oracle/jre/lib/amd64/server/libjvm.so
7f6a02047000-7f6a02246000 ---p 00c1a000 08:01 1317719                    /usr/lib/jvm/java-8-oracle/jre/lib/amd64/server/libjvm.so
7f6a02246000-7f6a0230f000 rw-p 00c19000 08:01 1317719                    /usr/lib/jvm/java-8-oracle/jre/lib/amd64/server/libjvm.so
7f6a0230f000-7f6a02350000 rw-p 00000000 00:00 0 
7f6a02350000-7f6a024d2000 r-xp 00000000 08:01 4197609                    /lib/x86_64-linux-gnu/libc-2.13.so
7f6a024d2000-7f6a026d1000 ---p 00182000 08:01 4197609                    /lib/x86_64-linux-gnu/libc-2.13.so
7f6a026d1000-7f6a026d5000 r--p 00181000 08:01 4197609                    /lib/x86_64-linux-gnu/libc-2.13.so
7f6a026d5000-7f6a026d6000 rw-p 00185000 08:01 4197609                    /lib/x86_64-linux-gnu/libc-2.13.so
7f6a026d6000-7f6a026db000 rw-p 00000000 00:00 0 
7f6a026db000-7f6a026dd000 r-xp 00000000 08:01 4197612                    /lib/x86_64-linux-gnu/libdl-2.13.so
7f6a026dd000-7f6a028dd000 ---p 00002000 08:01 4197612                    /lib/x86_64-linux-gnu/libdl-2.13.so
7f6a028dd000-7f6a028de000 r--p 00002000 08:01 4197612                    /lib/x86_64-linux-gnu/libdl-2.13.so
7f6a028de000-7f6a028df000 rw-p 00003000 08:01 4197612                    /lib/x86_64-linux-gnu/libdl-2.13.so
7f6a028df000-7f6a028f6000 r-xp 00000000 08:01 1318124                    /usr/lib/jvm/java-8-oracle/lib/amd64/jli/libjli.so
7f6a028f6000-7f6a02af5000 ---p 00017000 08:01 1318124                    /usr/lib/jvm/java-8-oracle/lib/amd64/jli/libjli.so
7f6a02af5000-7f6a02af6000 rw-p 00016000 08:01 1318124                    /usr/lib/jvm/java-8-oracle/lib/amd64/jli/libjli.so
7f6a02af6000-7f6a02b0d000 r-xp 00000000 08:01 4197623                    /lib/x86_64-linux-gnu/libpthread-2.13.so
7f6a02b0d000-7f6a02d0c000 ---p 00017000 08:01 4197623                    /lib/x86_64-linux-gnu/libpthread-2.13.so
7f6a02d0c000-7f6a02d0d000 r--p 00016000 08:01 4197623                    /lib/x86_64-linux-gnu/libpthread-2.13.so
7f6a02d0d000-7f6a02d0e000 rw-p 00017000 08:01 4197623                    /lib/x86_64-linux-gnu/libpthread-2.13.so
7f6a02d0e000-7f6a02d12000 rw-p 00000000 00:00 0 
7f6a02d12000-7f6a02d32000 r-xp 00000000 08:01 4197606                    /lib/x86_64-linux-gnu/ld-2.13.so
7f6a02d32000-7f6a02d33000 r--s 00007000 08:01 4721191                    /home/eidel/.m2/repository/org/apache/maven/plugins/maven-compiler-plugin/2.5.1/maven-compiler-plugin-2.5.1.jar
7f6a02d33000-7f6a02d35000 r--s 0000d000 08:01 3282114                    /opt/maven/lib/maven-embedder-3.2.2.jar
7f6a02d35000-7f6a02d39000 r--s 00020000 08:01 3282140                    /opt/maven/lib/aether-impl-0.9.0.M2.jar
7f6a02d39000-7f6a02d3b000 r--s 00002000 08:01 3282123                    /opt/maven/lib/plexus-cipher-1.7.jar
7f6a02d3b000-7f6a02d3d000 r--s 00005000 08:01 3282143                    /opt/maven/lib/slf4j-api-1.7.5.jar
7f6a02d3d000-7f6a02d3e000 r--s 00002000 08:01 3282147                    /opt/maven/lib/wagon-http-shared-2.6.jar
7f6a02d3e000-7f6a02d40000 r--s 0000e000 08:01 3282136                    /opt/maven/lib/maven-aether-provider-3.2.2.jar
7f6a02d40000-7f6a02d42000 r--s 0000a000 08:01 3282126                    /opt/maven/lib/maven-plugin-api-3.2.2.jar
7f6a02d42000-7f6a02d47000 r--s 00025000 08:01 3282135                    /opt/maven/lib/maven-model-builder-3.2.2.jar
7f6a02d47000-7f6a02d4e000 r--s 0003f000 08:01 3282141                    /opt/maven/lib/maven-compat-3.2.2.jar
7f6a02d4e000-7f6a02d54000 r--s 00042000 08:01 3282134                    /opt/maven/lib/org.eclipse.sisu.inject-0.0.0.M5.jar
7f6a02d54000-7f6a02d56000 r--s 00005000 08:01 3282124                    /opt/maven/lib/maven-repository-metadata-3.2.2.jar
7f6a02d56000-7f6a02d57000 r--s 00000000 08:01 3282130                    /opt/maven/lib/javax.inject-1.jar
7f6a02d57000-7f6a02d59000 r--s 0000b000 08:01 3282142                    /opt/maven/lib/wagon-provider-api-2.6.jar
7f6a02d59000-7f6a02d5b000 r--s 00009000 08:01 3282115                    /opt/maven/lib/maven-settings-3.2.2.jar
7f6a02d5b000-7f6a02d5f000 r--s 0001d000 08:01 3282139                    /opt/maven/lib/aether-util-0.9.0.M2.jar
7f6a02d5f000-7f6a02d61000 r--s 00009000 08:01 3282144                    /opt/maven/lib/commons-cli-1.2.jar
7f6a02d61000-7f6a02d62000 r--s 00002000 08:01 3282151                    /opt/maven/lib/wagon-file-2.6.jar
7f6a02d62000-7f6a02d63000 r--s 00006000 08:01 3282122                    /opt/maven/lib/plexus-sec-dispatcher-1.3.jar
7f6a02d63000-7f6a02e1b000 rw-p 00000000 00:00 0 
7f6a02e1b000-7f6a02e1e000 ---p 00000000 00:00 0 
7f6a02e1e000-7f6a02f20000 rw-p 00000000 00:00 0 
7f6a02f20000-7f6a02f23000 r--s 0000b000 08:01 3282125                    /opt/maven/lib/maven-artifact-3.2.2.jar
7f6a02f23000-7f6a02f25000 r--s 00009000 08:01 3282119                    /opt/maven/lib/maven-settings-builder-3.2.2.jar
7f6a02f25000-7f6a02f2d000 rw-s 00000000 08:01 5510571                    /tmp/hsperfdata_eidel/367
7f6a02f2d000-7f6a02f2e000 rw-p 00000000 00:00 0 
7f6a02f2e000-7f6a02f2f000 r--p 00000000 00:00 0 
7f6a02f2f000-7f6a02f31000 rw-p 00000000 00:00 0 
7f6a02f31000-7f6a02f32000 r--p 0001f000 08:01 4197606                    /lib/x86_64-linux-gnu/ld-2.13.so
7f6a02f32000-7f6a02f33000 rw-p 00020000 08:01 4197606                    /lib/x86_64-linux-gnu/ld-2.13.so
7f6a02f33000-7f6a02f34000 rw-p 00000000 00:00 0 
7fff33c3a000-7fff33c5b000 rw-p 00000000 00:00 0                          [stack]
7fff33cf6000-7fff33cf7000 r-xp 00000000 00:00 0                          [vdso]
ffffffffff600000-ffffffffff601000 r-xp 00000000 00:00 0                  [vsyscall]

VM Arguments:
jvm_args: -Djava.library.path=/opt/tomcat/shared/lib -Dclassworlds.conf=/opt/maven/bin/m2.conf -Dmaven.home=/opt/maven 
java_command: org.codehaus.plexus.classworlds.launcher.Launcher jetty:run
java_class_path (initial): /opt/maven/boot/plexus-classworlds-2.5.1.jar
Launcher Type: SUN_STANDARD

Environment Variables:
JAVA_HOME=/usr/lib/jvm/java-8-oracle
PATH=/home/eidel/lib/GF-master/build/bin:/usr/local/bin:/usr/bin:/bin:/usr/local/games:/usr/games
LD_LIBRARY_PATH=/opt/tomcat/shared/lib/
SHELL=/bin/bash
DISPLAY=:0

Signal Handlers:
SIGSEGV: [libjvm.so+0xa2fc90], sa_mask[0]=0x7ffbfeff, sa_flags=0x10000004
SIGBUS: [libjvm.so+0xa2fc90], sa_mask[0]=0x7ffbfeff, sa_flags=0x10000004
SIGFPE: [libjvm.so+0x89b4b0], sa_mask[0]=0x7ffbfeff, sa_flags=0x10000004
SIGPIPE: [libjvm.so+0x89b4b0], sa_mask[0]=0x7ffbfeff, sa_flags=0x10000004
SIGXFSZ: [libjvm.so+0x89b4b0], sa_mask[0]=0x7ffbfeff, sa_flags=0x10000004
SIGILL: [libjvm.so+0x89b4b0], sa_mask[0]=0x7ffbfeff, sa_flags=0x10000004
SIGUSR1: SIG_DFL, sa_mask[0]=0x00000000, sa_flags=0x00000000
SIGUSR2: [libjvm.so+0x89cc50], sa_mask[0]=0x00000000, sa_flags=0x10000004
SIGHUP: [libjvm.so+0x89df00], sa_mask[0]=0x7ffbfeff, sa_flags=0x10000004
SIGINT: [libjvm.so+0x89df00], sa_mask[0]=0x7ffbfeff, sa_flags=0x10000004
SIGTERM: [libjvm.so+0x89df00], sa_mask[0]=0x7ffbfeff, sa_flags=0x10000004
SIGQUIT: [libjvm.so+0x89df00], sa_mask[0]=0x7ffbfeff, sa_flags=0x10000004


---------------  S Y S T E M  ---------------

OS:PRETTY_NAME="Debian GNU/Linux 7 (wheezy)"
NAME="Debian GNU/Linux"
VERSION_ID="7"
VERSION="7 (wheezy)"
ID=debian
ANSI_COLOR="1;31"
HOME_URL="http://www.debian.org/"
SUPPORT_URL="http://www.debian.org/support/"
BUG_REPORT_URL="http://bugs.debian.org/"

uname:Linux 3.2.0-4-amd64 #1 SMP Debian 3.2.60-1+deb7u1 x86_64
libc:glibc 2.13 NPTL 2.13 
rlimit: STACK 8192k, CORE 0k, NPROC 31100, NOFILE 4096, AS infinity
load average:2.55 1.24 0.91

/proc/meminfo:
MemTotal:        3993020 kB
MemFree:          159444 kB
Buffers:            7644 kB
Cached:           399280 kB
SwapCached:       219832 kB
Active:          2621496 kB
Inactive:        1041600 kB
Active(anon):    2480144 kB
Inactive(anon):   907192 kB
Active(file):     141352 kB
Inactive(file):   134408 kB
Unevictable:           0 kB
Mlocked:               0 kB
SwapTotal:       1952764 kB
SwapFree:        1640320 kB
Dirty:               268 kB
Writeback:             0 kB
AnonPages:       3067716 kB
Mapped:           156316 kB
Shmem:            131176 kB
Slab:              92132 kB
SReclaimable:      64432 kB
SUnreclaim:        27700 kB
KernelStack:        3840 kB
PageTables:        35164 kB
NFS_Unstable:          0 kB
Bounce:                0 kB
WritebackTmp:          0 kB
CommitLimit:     3949272 kB
Committed_AS:    5222392 kB
VmallocTotal:   34359738367 kB
VmallocUsed:      407184 kB
VmallocChunk:   34359304948 kB
HardwareCorrupted:     0 kB
AnonHugePages:         0 kB
HugePages_Total:       0
HugePages_Free:        0
HugePages_Rsvd:        0
HugePages_Surp:        0
Hugepagesize:       2048 kB
DirectMap4k:       45056 kB
DirectMap2M:     4079616 kB


CPU:total 2 (2 cores per cpu, 1 threads per core) family 6 model 23 stepping 6, cmov, cx8, fxsr, mmx, sse, sse2, sse3, ssse3, sse4.1, tsc

/proc/cpuinfo:
processor	: 0
vendor_id	: GenuineIntel
cpu family	: 6
model		: 23
model name	: Intel(R) Core(TM)2 Duo CPU     P9500  @ 2.53GHz
stepping	: 6
microcode	: 0x60c
cpu MHz		: 2534.000
cache size	: 6144 KB
physical id	: 0
siblings	: 2
core id		: 0
cpu cores	: 2
apicid		: 0
initial apicid	: 0
fpu		: yes
fpu_exception	: yes
cpuid level	: 10
wp		: yes
flags		: fpu vme de pse tsc msr pae mce cx8 apic sep mtrr pge mca cmov pat pse36 clflush dts acpi mmx fxsr sse sse2 ss ht tm pbe syscall nx lm constant_tsc arch_perfmon pebs bts rep_good nopl aperfmperf pni dtes64 monitor ds_cpl vmx smx est tm2 ssse3 cx16 xtpr pdcm sse4_1 lahf_lm dtherm tpr_shadow vnmi flexpriority
bogomips	: 5053.88
clflush size	: 64
cache_alignment	: 64
address sizes	: 36 bits physical, 48 bits virtual
power management:

processor	: 1
vendor_id	: GenuineIntel
cpu family	: 6
model		: 23
model name	: Intel(R) Core(TM)2 Duo CPU     P9500  @ 2.53GHz
stepping	: 6
microcode	: 0x60c
cpu MHz		: 2534.000
cache size	: 6144 KB
physical id	: 0
siblings	: 2
core id		: 1
cpu cores	: 2
apicid		: 1
initial apicid	: 1
fpu		: yes
fpu_exception	: yes
cpuid level	: 10
wp		: yes
flags		: fpu vme de pse tsc msr pae mce cx8 apic sep mtrr pge mca cmov pat pse36 clflush dts acpi mmx fxsr sse sse2 ss ht tm pbe syscall nx lm constant_tsc arch_perfmon pebs bts rep_good nopl aperfmperf pni dtes64 monitor ds_cpl vmx smx est tm2 ssse3 cx16 xtpr pdcm sse4_1 lahf_lm dtherm tpr_shadow vnmi flexpriority
bogomips	: 5053.89
clflush size	: 64
cache_alignment	: 64
address sizes	: 36 bits physical, 48 bits virtual
power management:



Memory: 4k page, physical 3993020k(159444k free), swap 1952764k(1640320k free)

vm_info: Java HotSpot(TM) 64-Bit Server VM (25.5-b02) for linux-amd64 JRE (1.8.0_05-b13), built on Mar 18 2014 00:29:27 by "java_re" with gcc 4.3.0 20080428 (Red Hat 4.3.0-8)

time: Mon Jul 14 18:55:28 2014
elapsed time: 90 seconds

