#
# A fatal error has been detected by the Java Runtime Environment:
#
#  SIGSEGV (0xb) at pc=0x00007fdcd76de51b, pid=25263, tid=140585149126400
#
# JRE version: Java(TM) SE Runtime Environment (8.0_20-b20) (build 1.8.0_20-ea-b20)
# Java VM: Java HotSpot(TM) 64-Bit Server VM (25.20-b20 mixed mode linux-amd64 compressed oops)
# Problematic frame:
# V  [libjvm.so+0x6a251b]
#
# Failed to write core dump. Core dumps have been disabled. To enable core dumping, try "ulimit -c unlimited" before starting Java again
#
# If you would like to submit a bug report, please visit:
#   http://bugreport.sun.com/bugreport/crash.jsp
#

---------------  T H R E A D  ---------------

Current thread (0x00007fdc8800d000):  JavaThread "http-nio-8080-exec-9" daemon [_thread_in_vm, id=25448, stack(0x00007fdc87cfd000,0x00007fdc87dfe000)]

siginfo: si_signo: 11 (SIGSEGV), si_code: 1 (SEGV_MAPERR), si_addr: 0x0000000000000000

Registers:
RAX=0x00007fdcd7f85c59, RBX=0x00007fdc8800d000, RCX=0x0000000000000000, RDX=0x00007fdcd7f8fbf0
RSP=0x00007fdc87dfa990, RBP=0x00007fdc87dfa9f0, RSI=0x00007fdc8800d000, RDI=0x00007fdc87dfa990
R8 =0x00007fdcd04d4d30, R9 =0x000000000000000b, R10=0x00007fdc87dfa7d0, R11=0x00007fdc870ce220
R12=0x00007fdc87dfa990, R13=0x00007fdc8800d1e8, R14=0x0000000000000000, R15=0x00007fdc8800d000
RIP=0x00007fdcd76de51b, EFLAGS=0x0000000000010246, CSGSFS=0x0000000000000033, ERR=0x0000000000000004
  TRAPNO=0x000000000000000e

Top of Stack: (sp=0x00007fdc87dfa990)
0x00007fdc87dfa990:   00007fdc8800d000 0000000000000000
0x00007fdc87dfa9a0:   0000000000000000 00007fdcd89b7c05
0x00007fdc87dfa9b0:   00007fdc8800d000 0000000000000000
0x00007fdc87dfa9c0:   00007fdc8800d000 00007fdc870cdf86
0x00007fdc87dfa9d0:   00007fdc8800d1e8 0000000000000000
0x00007fdc87dfa9e0:   00007fdcd04d4c40 00007fdc87dfab28
0x00007fdc87dfa9f0:   00007fdc87dfaa10 00007fdc874f7022
0x00007fdc87dfaa00:   00007fdc8800d000 00007fdc87dfaa50
0x00007fdc87dfaa10:   00007fdc87dfaa10 0000000000000000
0x00007fdc87dfaa20:   0000000000000000 0080008000200001
0x00007fdc87dfaa30:   0000000000000000 0000000000000000
0x00007fdc87dfaa40:   0000000000000000 0000000000000000
0x00007fdc87dfaa50:   0000000000000000 0000000000000000
0x00007fdc87dfaa60:   0000000000000000 0000000000000000
0x00007fdc87dfaa70:   0000000000000000 0000000000000000
0x00007fdc87dfaa80:   0000000000000000 0000000000000000
0x00007fdc87dfaa90:   00007fdc8800d000 00007fdc877ec0e8
0x00007fdc87dfaaa0:   00007fdc87dfab18 0000000000000000
0x00007fdc87dfaab0:   00007fdc877ec0e8 00007fdc87dfab38
0x00007fdc87dfaac0:   00007fdc8800d000 00007fdcc10134d4
0x00007fdc87dfaad0:   00007fdcc1013222 00007fdc87dfaad8
0x00007fdc87dfaae0:   00007fdc877ec0e8 00007fdc87dfab38
0x00007fdc87dfaaf0:   00007fdc877ecc28 0000000000000000
0x00007fdc87dfab00:   00007fdc877ec0e8 0000000000000000
0x00007fdc87dfab10:   00007fdc87dfab38 00007fdc87dfab88
0x00007fdc87dfab20:   00007fdcc1007710 00000000effcadb0
0x00007fdc87dfab30:   00007fdcc100f2bb 0000000000000000
0x00007fdc87dfab40:   00000000effc4120 00007fdc87dfab48
0x00007fdc87dfab50:   00007fdc877e99d1 00007fdc87dfaba8
0x00007fdc87dfab60:   00007fdc877eb030 0000000000000000
0x00007fdc87dfab70:   00007fdc877e9a90 00007fdc87dfab38
0x00007fdc87dfab80:   00007fdc87dfaba8 00007fdc87dfabf8 

Instructions: (pc=0x00007fdcd76de51b)
0x00007fdcd76de4fb:   c7 83 60 02 00 00 06 00 00 00 48 89 de 48 89 5d
0x00007fdcd76de50b:   c0 4c 89 e7 e8 5c fe 01 00 48 8b 05 15 d9 86 00
0x00007fdcd76de51b:   49 8b 16 80 38 00 75 5d 48 8b 52 08 48 8b 72 68
0x00007fdcd76de52b:   4c 89 ef e8 3d a8 03 00 48 83 7d a8 00 48 89 c3 

Register to memory mapping:

RAX=0x00007fdcd7f85c59: <offset 0xf49c59> in /opt/java/jre/lib/amd64/server/libjvm.so at 0x00007fdcd703c000
RBX=0x00007fdc8800d000 is a thread
RCX=0x0000000000000000 is an unknown value
RDX=0x00007fdcd7f8fbf0: <offset 0xf53bf0> in /opt/java/jre/lib/amd64/server/libjvm.so at 0x00007fdcd703c000
RSP=0x00007fdc87dfa990 is pointing into the stack for thread: 0x00007fdc8800d000
RBP=0x00007fdc87dfa9f0 is pointing into the stack for thread: 0x00007fdc8800d000
RSI=0x00007fdc8800d000 is a thread
RDI=0x00007fdc87dfa990 is pointing into the stack for thread: 0x00007fdc8800d000
R8 =0x00007fdcd04d4d30 is an unknown value
R9 =0x000000000000000b is an unknown value
R10=0x00007fdc87dfa7d0 is pointing into the stack for thread: 0x00007fdc8800d000
R11=0x00007fdc870ce220: gu_local_pool_+0 in /usr/local/lib/libgu.so.0 at 0x00007fdc870c6000
R12=0x00007fdc87dfa990 is pointing into the stack for thread: 0x00007fdc8800d000
R13=0x00007fdc8800d1e8 is an unknown value
R14=0x0000000000000000 is an unknown value
R15=0x00007fdc8800d000 is a thread


Stack: [0x00007fdc87cfd000,0x00007fdc87dfe000],  sp=0x00007fdc87dfa990,  free space=1014k
Native frames: (J=compiled Java code, j=interpreted, Vv=VM code, C=native code)
V  [libjvm.so+0x6a251b]
C  [libjpgf.so+0x3022]  Java_org_grammaticalframework_pgf_PGF_readPGF__Ljava_io_InputStream_2+0x52
C  0x0000000000000000
C  0x0000000000000000
C  0x0000000000000000
C  0x0000000000000000
C  0x0000000000000000
C  0x0000000000000000
C  0x0000000000000000
C  0x0000000000000000
C  0x0000000000000000
C  0x0000000000000000
C  0x0000000000000000
C  0x0000000000000000
C  0x0000000000000000
C  0x0000000000000000
C  0x0000000000000000
C  0x0000000000000000
C  0x0000000000000000
C  0x0000000000000000
C  0x0000000000000000
C  0x0000000000000000
C  0x0000000000000000
C  0x0000000000000000
C  0x0000000000000000
C  0x0000000000000000
C  0x0000000000000000
C  0x0000000000000000
C  0x0000000000000000
C  0x0000000000000000
C  0x0000000000000000
C  0x0000000000000000
C  0x0000000000000000
C  0x0000000000000000
C  0x0000000000000000
C  0x0000000000000000
C  0x0000000000000000
C  0x0000000000000000
C  0x0000000000000000
C  0x0000000000000000
C  0x0000000000000000
C  0x0000000000000000
C  0x0000000000000000
C  0x0000000000000000
C  0x0000000000000000
C  0x0000000000000000
C  0x0000000000000000
C  0x0000000000000000
C  0x0000000000000000
C  0x0000000000000000
C  0x0000000000000000
C  0x0000000000000000
C  0x0000000000000000
C  0x0000000000000000
C  0x0000000000000000
C  0x0000000000000000
C  0x0000000000000000
C  0x0000000000000000
C  0x0000000000000000
C  0x0000000000000000
C  0x0000000000000000
C  0x0000000000000000
C  0x0000000000000000
C  0x0000000000000000
C  0x0000000000000000
C  0x0000000000000000
C  0x0000000000000000
C  0x0000000000000000
C  0x0000000000000000
C  0x0000000000000000
C  0x0000000000000000
C  0x0000000000000000
C  0x0000000000000000
C  0x0000000000000000
C  0x0000000000000000
C  0x0000000000000000
C  0x0000000000000000
C  0x0000000000000000
C  0x0000000000000000
C  0x0000000000000000
C  0x0000000000000000
C  0x0000000000000000
C  0x0000000000000000
C  0x0000000000000000
C  0x0000000000000000
C  0x0000000000000000
C  0x0000000000000000
C  0x0000000000000000
C  0x0000000000000000
C  0x0000000000000000
C  0x0000000000000000
C  0x0000000000000000
C  0x0000000000000000
C  0x0000000000000000
C  0x0000000000000000
C  0x0000000000000000
C  0x0000000000000000
C  0x0000000000000000
C  0x0000000000000000
C  0x0000000000000000
...<more frames>...

Java frames: (J=compiled Java code, j=interpreted, Vv=VM code)
j  org.grammaticalframework.pgf.PGF.readPGF(Ljava/io/InputStream;)Lorg/grammaticalframework/pgf/PGF;+0
j  org.agfjord.grammar.Parser.<init>()V+49
j  org.agfjord.server.JSONService.parseQuestion(Ljava/lang/String;Ljava/lang/String;Ljava/lang/String;)Ljava/lang/String;+4
v  ~StubRoutines::call_stub
J 2856  sun.reflect.NativeMethodAccessorImpl.invoke0(Ljava/lang/reflect/Method;Ljava/lang/Object;[Ljava/lang/Object;)Ljava/lang/Object; (0 bytes) @ 0x00007fdcc19089b7 [0x00007fdcc1908940+0x77]
J 2855 C1 sun.reflect.NativeMethodAccessorImpl.invoke(Ljava/lang/Object;[Ljava/lang/Object;)Ljava/lang/Object; (104 bytes) @ 0x00007fdcc19080ec [0x00007fdcc1907d60+0x38c]
J 335 C1 sun.reflect.DelegatingMethodAccessorImpl.invoke(Ljava/lang/Object;[Ljava/lang/Object;)Ljava/lang/Object; (10 bytes) @ 0x00007fdcc11c5984 [0x00007fdcc11c5880+0x104]
J 311 C1 java.lang.reflect.Method.invoke(Ljava/lang/Object;[Ljava/lang/Object;)Ljava/lang/Object; (62 bytes) @ 0x00007fdcc11b0284 [0x00007fdcc11afea0+0x3e4]
j  org.glassfish.jersey.server.model.internal.ResourceMethodInvocationHandlerFactory$1.invoke(Ljava/lang/Object;Ljava/lang/reflect/Method;[Ljava/lang/Object;)Ljava/lang/Object;+3
j  org.glassfish.jersey.server.model.internal.AbstractJavaResourceMethodDispatcher$1.run()Ljava/lang/Object;+38
j  org.glassfish.jersey.server.model.internal.AbstractJavaResourceMethodDispatcher.invoke(Ljava/lang/Object;[Ljava/lang/Object;)Ljava/lang/Object;+89
j  org.glassfish.jersey.server.model.internal.JavaResourceMethodDispatcherProvider$TypeOutInvoker.doDispatch(Ljava/lang/Object;Ljavax/ws/rs/core/Request;)Ljavax/ws/rs/core/Response;+6
j  org.glassfish.jersey.server.model.internal.AbstractJavaResourceMethodDispatcher.dispatch(Ljava/lang/Object;Lorg/glassfish/jersey/server/ContainerRequest;)Ljavax/ws/rs/core/Response;+5
j  org.glassfish.jersey.server.model.ResourceMethodInvoker.invoke(Lorg/glassfish/jersey/server/ContainerRequest;Ljava/lang/Object;)Ljavax/ws/rs/core/Response;+38
j  org.glassfish.jersey.server.model.ResourceMethodInvoker.apply(Lorg/glassfish/jersey/server/ContainerRequest;)Lorg/glassfish/jersey/server/ContainerResponse;+116
j  org.glassfish.jersey.server.model.ResourceMethodInvoker.apply(Ljava/lang/Object;)Ljava/lang/Object;+5
j  org.glassfish.jersey.server.ServerRuntime$1.run()V+126
j  org.glassfish.jersey.internal.Errors$1.call()Ljava/lang/Void;+4
j  org.glassfish.jersey.internal.Errors$1.call()Ljava/lang/Object;+1
j  org.glassfish.jersey.internal.Errors.process(Ljava/util/concurrent/Callable;Z)Ljava/lang/Object;+36
j  org.glassfish.jersey.internal.Errors.process(Lorg/glassfish/jersey/internal/util/Producer;Z)Ljava/lang/Object;+2
j  org.glassfish.jersey.internal.Errors.process(Ljava/lang/Runnable;)V+9
j  org.glassfish.jersey.process.internal.RequestScope.runInScope(Ljava/lang/Runnable;)V+25
j  org.glassfish.jersey.server.ServerRuntime.process(Lorg/glassfish/jersey/server/ContainerRequest;)V+34
j  org.glassfish.jersey.server.ApplicationHandler.handle(Lorg/glassfish/jersey/server/ContainerRequest;)V+5
j  org.glassfish.jersey.servlet.WebComponent.service(Ljava/net/URI;Ljava/net/URI;Ljavax/servlet/http/HttpServletRequest;Ljavax/servlet/http/HttpServletResponse;)Lorg/glassfish/jersey/internal/util/collection/Value;+119
j  org.glassfish.jersey.servlet.ServletContainer.service(Ljava/net/URI;Ljava/net/URI;Ljavax/servlet/http/HttpServletRequest;Ljavax/servlet/http/HttpServletResponse;)Lorg/glassfish/jersey/internal/util/collection/Value;+9
j  org.glassfish.jersey.servlet.ServletContainer.service(Ljavax/servlet/http/HttpServletRequest;Ljavax/servlet/http/HttpServletResponse;)V+359
j  org.glassfish.jersey.servlet.ServletContainer.service(Ljavax/servlet/ServletRequest;Ljavax/servlet/ServletResponse;)V+39
j  org.apache.catalina.core.ApplicationFilterChain.internalDoFilter(Ljavax/servlet/ServletRequest;Ljavax/servlet/ServletResponse;)V+396
j  org.apache.catalina.core.ApplicationFilterChain.doFilter(Ljavax/servlet/ServletRequest;Ljavax/servlet/ServletResponse;)V+101
j  org.apache.tomcat.websocket.server.WsFilter.doFilter(Ljavax/servlet/ServletRequest;Ljavax/servlet/ServletResponse;Ljavax/servlet/FilterChain;)V+21
j  org.apache.catalina.core.ApplicationFilterChain.internalDoFilter(Ljavax/servlet/ServletRequest;Ljavax/servlet/ServletResponse;)V+151
j  org.apache.catalina.core.ApplicationFilterChain.doFilter(Ljavax/servlet/ServletRequest;Ljavax/servlet/ServletResponse;)V+101
j  org.apache.catalina.core.StandardWrapperValve.invoke(Lorg/apache/catalina/connector/Request;Lorg/apache/catalina/connector/Response;)V+781
j  org.apache.catalina.core.StandardContextValve.invoke(Lorg/apache/catalina/connector/Request;Lorg/apache/catalina/connector/Response;)V+166
j  org.apache.catalina.authenticator.AuthenticatorBase.invoke(Lorg/apache/catalina/connector/Request;Lorg/apache/catalina/connector/Response;)V+428
j  org.apache.catalina.core.StandardHostValve.invoke(Lorg/apache/catalina/connector/Request;Lorg/apache/catalina/connector/Response;)V+100
j  org.apache.catalina.valves.ErrorReportValve.invoke(Lorg/apache/catalina/connector/Request;Lorg/apache/catalina/connector/Response;)V+6
j  org.apache.catalina.valves.AbstractAccessLogValve.invoke(Lorg/apache/catalina/connector/Request;Lorg/apache/catalina/connector/Response;)V+6
j  org.apache.catalina.core.StandardEngineValve.invoke(Lorg/apache/catalina/connector/Request;Lorg/apache/catalina/connector/Response;)V+71
j  org.apache.catalina.connector.CoyoteAdapter.service(Lorg/apache/coyote/Request;Lorg/apache/coyote/Response;)V+199
j  org.apache.coyote.http11.AbstractHttp11Processor.process(Lorg/apache/tomcat/util/net/SocketWrapper;)Lorg/apache/tomcat/util/net/AbstractEndpoint$Handler$SocketState;+624
j  org.apache.coyote.AbstractProtocol$AbstractConnectionHandler.process(Lorg/apache/tomcat/util/net/SocketWrapper;Lorg/apache/tomcat/util/net/SocketStatus;)Lorg/apache/tomcat/util/net/AbstractEndpoint$Handler$SocketState;+292
j  org.apache.coyote.http11.Http11NioProtocol$Http11ConnectionHandler.process(Lorg/apache/tomcat/util/net/SocketWrapper;Lorg/apache/tomcat/util/net/SocketStatus;)Lorg/apache/tomcat/util/net/AbstractEndpoint$Handler$SocketState;+37
j  org.apache.tomcat.util.net.NioEndpoint$SocketProcessor.doRun(Ljava/nio/channels/SelectionKey;Lorg/apache/tomcat/util/net/NioEndpoint$KeyAttachment;)V+148
j  org.apache.tomcat.util.net.NioEndpoint$SocketProcessor.run()V+90
j  java.util.concurrent.ThreadPoolExecutor.runWorker(Ljava/util/concurrent/ThreadPoolExecutor$Worker;)V+95
j  java.util.concurrent.ThreadPoolExecutor$Worker.run()V+5
j  org.apache.tomcat.util.threads.TaskThread$WrappingRunnable.run()V+4
j  java.lang.Thread.run()V+11
v  ~StubRoutines::call_stub

---------------  P R O C E S S  ---------------

Java Threads: ( => current thread )
  0x00007fdca00f5800 JavaThread "http-nio-8080-exec-11" daemon [_thread_blocked, id=25467, stack(0x00007fdc878fb000,0x00007fdc879fc000)]
  0x00007fdc8800e800 JavaThread "http-nio-8080-exec-10" daemon [_thread_blocked, id=25449, stack(0x00007fdc87bfc000,0x00007fdc87cfd000)]
=>0x00007fdc8800d000 JavaThread "http-nio-8080-exec-9" daemon [_thread_in_vm, id=25448, stack(0x00007fdc87cfd000,0x00007fdc87dfe000)]
  0x00007fdc8800b000 JavaThread "http-nio-8080-exec-8" daemon [_thread_blocked, id=25444, stack(0x00007fdc87dfe000,0x00007fdc87eff000)]
  0x00007fdc8800a000 JavaThread "http-nio-8080-exec-7" daemon [_thread_blocked, id=25443, stack(0x00007fdcbd61e000,0x00007fdcbd71f000)]
  0x00007fdc88009000 JavaThread "http-nio-8080-exec-6" daemon [_thread_blocked, id=25442, stack(0x00007fdcbd51d000,0x00007fdcbd61e000)]
  0x00007fdc88007800 JavaThread "http-nio-8080-exec-5" daemon [_thread_blocked, id=25427, stack(0x00007fdc87eff000,0x00007fdc88000000)]
  0x00007fdc88005800 JavaThread "http-nio-8080-exec-4" daemon [_thread_blocked, id=25426, stack(0x00007fdcbc012000,0x00007fdcbc113000)]
  0x00007fdc88004000 JavaThread "http-nio-8080-exec-3" daemon [_thread_blocked, id=25425, stack(0x00007fdcbc113000,0x00007fdcbc214000)]
  0x00007fdc88002800 JavaThread "http-nio-8080-exec-2" daemon [_thread_blocked, id=25414, stack(0x00007fdcbc414000,0x00007fdcbc515000)]
  0x00007fdcd02e6800 JavaThread "ajp-nio-8009-Acceptor-0" daemon [_thread_in_native, id=25391, stack(0x00007fdcbc616000,0x00007fdcbc717000)]
  0x00007fdcd02e3800 JavaThread "ajp-nio-8009-ClientPoller-1" daemon [_thread_in_native, id=25390, stack(0x00007fdcbc717000,0x00007fdcbc818000)]
  0x00007fdcd02e1800 JavaThread "ajp-nio-8009-ClientPoller-0" daemon [_thread_in_native, id=25389, stack(0x00007fdcbca18000,0x00007fdcbcb19000)]
  0x00007fdcd02df800 JavaThread "http-nio-8080-Acceptor-0" daemon [_thread_in_native, id=25388, stack(0x00007fdcbcb19000,0x00007fdcbcc1a000)]
  0x00007fdcd0123800 JavaThread "http-nio-8080-ClientPoller-1" daemon [_thread_in_native, id=25387, stack(0x00007fdcbcc1a000,0x00007fdcbcd1b000)]
  0x00007fdcd0122000 JavaThread "http-nio-8080-ClientPoller-0" daemon [_thread_in_native, id=25386, stack(0x00007fdcbcd1b000,0x00007fdcbce1c000)]
  0x00007fdcd02dd800 JavaThread "ContainerBackgroundProcessor[StandardEngine[Catalina]]" daemon [_thread_blocked, id=25385, stack(0x00007fdcbce1c000,0x00007fdcbcf1d000)]
  0x00007fdcd0473800 JavaThread "NioBlockingSelector.BlockPoller-2" daemon [_thread_in_native, id=25278, stack(0x00007fdcbd91f000,0x00007fdcbda20000)]
  0x00007fdcd0464800 JavaThread "NioBlockingSelector.BlockPoller-1" daemon [_thread_in_native, id=25277, stack(0x00007fdcbda20000,0x00007fdcbdb21000)]
  0x00007fdcd03bf800 JavaThread "GC Daemon" daemon [_thread_blocked, id=25276, stack(0x00007fdcbe17e000,0x00007fdcbe27f000)]
  0x00007fdcd010f800 JavaThread "AsyncFileHandlerWriter-225534817" daemon [_thread_blocked, id=25275, stack(0x00007fdcbe9d1000,0x00007fdcbead2000)]
  0x00007fdcd00ad800 JavaThread "Service Thread" daemon [_thread_blocked, id=25273, stack(0x00007fdcbebd3000,0x00007fdcbecd4000)]
  0x00007fdcd00ab000 JavaThread "C1 CompilerThread1" daemon [_thread_blocked, id=25272, stack(0x00007fdcbecd4000,0x00007fdcbedd5000)]
  0x00007fdcd00a8000 JavaThread "C2 CompilerThread0" daemon [_thread_in_native, id=25271, stack(0x00007fdcbedd5000,0x00007fdcbeed6000)]
  0x00007fdcd00a6000 JavaThread "Signal Dispatcher" daemon [_thread_blocked, id=25270, stack(0x00007fdcd4030000,0x00007fdcd4131000)]
  0x00007fdcd0076800 JavaThread "Finalizer" daemon [_thread_blocked, id=25269, stack(0x00007fdcd4131000,0x00007fdcd4232000)]
  0x00007fdcd0074800 JavaThread "Reference Handler" daemon [_thread_blocked, id=25268, stack(0x00007fdcd4232000,0x00007fdcd4333000)]
  0x00007fdcd0008800 JavaThread "main" [_thread_in_native, id=25264, stack(0x00007fdcd8aa1000,0x00007fdcd8ba2000)]

Other Threads:
  0x00007fdcd006d800 VMThread [stack: 0x00007fdcd4333000,0x00007fdcd4434000] [id=25267]
  0x00007fdcd00c2800 WatcherThread [stack: 0x00007fdcbead2000,0x00007fdcbebd3000] [id=25274]

VM state:not at safepoint (normal execution)

VM Mutex/Monitor currently owned by a thread: None

Heap:
 PSYoungGen      total 279552K, used 103250K [0x00000000ebb80000, 0x00000000fff80000, 0x0000000100000000)
  eden space 227328K, 30% used [0x00000000ebb80000,0x00000000effd5f70,0x00000000f9980000)
  from space 52224K, 63% used [0x00000000f9980000,0x00000000fb9feb38,0x00000000fcc80000)
  to   space 52224K, 0% used [0x00000000fcc80000,0x00000000fcc80000,0x00000000fff80000)
 ParOldGen       total 141824K, used 115425K [0x00000000c3200000, 0x00000000cbc80000, 0x00000000ebb80000)
  object space 141824K, 81% used [0x00000000c3200000,0x00000000ca2b84f0,0x00000000cbc80000)
 Metaspace       used 28716K, capacity 29274K, committed 29568K, reserved 1075200K
  class space    used 3527K, capacity 3691K, committed 3712K, reserved 1048576K

Card table byte_map: [0x00007fdcd5d26000,0x00007fdcd5f0e000] byte_map_base: 0x00007fdcd570d000

Marking Bits: (ParMarkBitMap*) 0x00007fdcd7f93c20
 Begin Bits: [0x00007fdcbf190000, 0x00007fdcc00c8000)
 End Bits:   [0x00007fdcc00c8000, 0x00007fdcc1000000)

Polling page: 0x00007fdcd8bc1000

CodeCache: size=245760Kb used=11009Kb max_used=11320Kb free=234750Kb
 bounds [0x00007fdcc1000000, 0x00007fdcc1b30000, 0x00007fdcd0000000]
 total_blobs=3891 nmethods=3488 adapters=318
 compilation: enabled

Compilation events (10 events):
Event: 42.464 Thread 0x00007fdcd00ab000 4296       2       java.io.ExpiringCache::cleanup (94 bytes)
Event: 42.464 Thread 0x00007fdcd00ab000 nmethod 4296 0x00007fdcc112c150 code [0x00007fdcc112c320, 0x00007fdcc112c7b8]
Event: 42.464 Thread 0x00007fdcd00ab000 4298       2       java.lang.StringCoding::safeTrim (24 bytes)
Event: 42.465 Thread 0x00007fdcd00ab000 nmethod 4298 0x00007fdcc13e9910 code [0x00007fdcc13e9a80, 0x00007fdcc13e9d28]
Event: 42.467 Thread 0x00007fdcd00ab000 4299       2       java.lang.StringCoding::access$100 (8 bytes)
Event: 42.468 Thread 0x00007fdcd00ab000 nmethod 4299 0x00007fdcc1124710 code [0x00007fdcc1124880, 0x00007fdcc1124b28]
Event: 42.468 Thread 0x00007fdcd00ab000 4300       2       java.util.Hashtable::addEntry (87 bytes)
Event: 42.468 Thread 0x00007fdcd00ab000 nmethod 4300 0x00007fdcc161cd50 code [0x00007fdcc161cee0, 0x00007fdcc161d258]
Event: 42.470 Thread 0x00007fdcd00ab000 4301   !   2       java.lang.StringCoding$StringDecoder::decode (179 bytes)
Event: 42.471 Thread 0x00007fdcd00ab000 nmethod 4301 0x00007fdcc15b2b10 code [0x00007fdcc15b2d60, 0x00007fdcc15b3848]

GC Heap History (10 events):
Event: 36.974 GC heap before
{Heap before GC invocations=45 (full 4):
 PSYoungGen      total 279040K, used 267527K [0x00000000ebb80000, 0x00000000ffe80000, 0x0000000100000000)
  eden space 227328K, 100% used [0x00000000ebb80000,0x00000000f9980000,0x00000000f9980000)
  from space 51712K, 77% used [0x00000000fcc00000,0x00000000ff341c88,0x00000000ffe80000)
  to   space 51712K, 0% used [0x00000000f9980000,0x00000000f9980000,0x00000000fcc00000)
 ParOldGen       total 141824K, used 97047K [0x00000000c3200000, 0x00000000cbc80000, 0x00000000ebb80000)
  object space 141824K, 68% used [0x00000000c3200000,0x00000000c90c5da8,0x00000000cbc80000)
 Metaspace       used 22853K, capacity 23290K, committed 23552K, reserved 1071104K
  class space    used 2674K, capacity 2800K, committed 2816K, reserved 1048576K
Event: 37.084 GC heap after
Heap after GC invocations=45 (full 4):
 PSYoungGen      total 279040K, used 42811K [0x00000000ebb80000, 0x0000000100000000, 0x0000000100000000)
  eden space 227328K, 0% used [0x00000000ebb80000,0x00000000ebb80000,0x00000000f9980000)
  from space 51712K, 82% used [0x00000000f9980000,0x00000000fc34ee20,0x00000000fcc00000)
  to   space 52224K, 0% used [0x00000000fcd00000,0x00000000fcd00000,0x0000000100000000)
 ParOldGen       total 141824K, used 99027K [0x00000000c3200000, 0x00000000cbc80000, 0x00000000ebb80000)
  object space 141824K, 69% used [0x00000000c3200000,0x00000000c92b4df0,0x00000000cbc80000)
 Metaspace       used 22853K, capacity 23290K, committed 23552K, reserved 1071104K
  class space    used 2674K, capacity 2800K, committed 2816K, reserved 1048576K
}
Event: 37.691 GC heap before
{Heap before GC invocations=46 (full 4):
 PSYoungGen      total 279040K, used 270139K [0x00000000ebb80000, 0x0000000100000000, 0x0000000100000000)
  eden space 227328K, 100% used [0x00000000ebb80000,0x00000000f9980000,0x00000000f9980000)
  from space 51712K, 82% used [0x00000000f9980000,0x00000000fc34ee20,0x00000000fcc00000)
  to   space 52224K, 0% used [0x00000000fcd00000,0x00000000fcd00000,0x0000000100000000)
 ParOldGen       total 141824K, used 99027K [0x00000000c3200000, 0x00000000cbc80000, 0x00000000ebb80000)
  object space 141824K, 69% used [0x00000000c3200000,0x00000000c92b4df0,0x00000000cbc80000)
 Metaspace       used 22856K, capacity 23290K, committed 23552K, reserved 1071104K
  class space    used 2674K, capacity 2800K, committed 2816K, reserved 1048576K
Event: 37.784 GC heap after
Heap after GC invocations=46 (full 4):
 PSYoungGen      total 280064K, used 43553K [0x00000000ebb80000, 0x0000000100000000, 0x0000000100000000)
  eden space 227840K, 0% used [0x00000000ebb80000,0x00000000ebb80000,0x00000000f9a00000)
  from space 52224K, 83% used [0x00000000fcd00000,0x00000000ff7886b0,0x0000000100000000)
  to   space 52224K, 0% used [0x00000000f9a00000,0x00000000f9a00000,0x00000000fcd00000)
 ParOldGen       total 141824K, used 102632K [0x00000000c3200000, 0x00000000cbc80000, 0x00000000ebb80000)
  object space 141824K, 72% used [0x00000000c3200000,0x00000000c963a298,0x00000000cbc80000)
 Metaspace       used 22856K, capacity 23290K, committed 23552K, reserved 1071104K
  class space    used 2674K, capacity 2800K, committed 2816K, reserved 1048576K
}
Event: 38.625 GC heap before
{Heap before GC invocations=47 (full 4):
 PSYoungGen      total 280064K, used 271393K [0x00000000ebb80000, 0x0000000100000000, 0x0000000100000000)
  eden space 227840K, 100% used [0x00000000ebb80000,0x00000000f9a00000,0x00000000f9a00000)
  from space 52224K, 83% used [0x00000000fcd00000,0x00000000ff7886b0,0x0000000100000000)
  to   space 52224K, 0% used [0x00000000f9a00000,0x00000000f9a00000,0x00000000fcd00000)
 ParOldGen       total 141824K, used 102632K [0x00000000c3200000, 0x00000000cbc80000, 0x00000000ebb80000)
  object space 141824K, 72% used [0x00000000c3200000,0x00000000c963a298,0x00000000cbc80000)
 Metaspace       used 22859K, capacity 23290K, committed 23552K, reserved 1071104K
  class space    used 2674K, capacity 2800K, committed 2816K, reserved 1048576K
Event: 38.717 GC heap after
Heap after GC invocations=47 (full 4):
 PSYoungGen      total 271360K, used 43159K [0x00000000ebb80000, 0x0000000100000000, 0x0000000100000000)
  eden space 227840K, 0% used [0x00000000ebb80000,0x00000000ebb80000,0x00000000f9a00000)
  from space 43520K, 99% used [0x00000000f9a00000,0x00000000fc425d10,0x00000000fc480000)
  to   space 52736K, 0% used [0x00000000fcc80000,0x00000000fcc80000,0x0000000100000000)
 ParOldGen       total 141824K, used 106536K [0x00000000c3200000, 0x00000000cbc80000, 0x00000000ebb80000)
  object space 141824K, 75% used [0x00000000c3200000,0x00000000c9a0a3e8,0x00000000cbc80000)
 Metaspace       used 22859K, capacity 23290K, committed 23552K, reserved 1071104K
  class space    used 2674K, capacity 2800K, committed 2816K, reserved 1048576K
}
Event: 39.597 GC heap before
{Heap before GC invocations=48 (full 4):
 PSYoungGen      total 271360K, used 270999K [0x00000000ebb80000, 0x0000000100000000, 0x0000000100000000)
  eden space 227840K, 100% used [0x00000000ebb80000,0x00000000f9a00000,0x00000000f9a00000)
  from space 43520K, 99% used [0x00000000f9a00000,0x00000000fc425d10,0x00000000fc480000)
  to   space 52736K, 0% used [0x00000000fcc80000,0x00000000fcc80000,0x0000000100000000)
 ParOldGen       total 141824K, used 106536K [0x00000000c3200000, 0x00000000cbc80000, 0x00000000ebb80000)
  object space 141824K, 75% used [0x00000000c3200000,0x00000000c9a0a3e8,0x00000000cbc80000)
 Metaspace       used 22861K, capacity 23290K, committed 23552K, reserved 1071104K
  class space    used 2674K, capacity 2800K, committed 2816K, reserved 1048576K
Event: 39.686 GC heap after
Heap after GC invocations=48 (full 4):
 PSYoungGen      total 280064K, used 41645K [0x00000000ebb80000, 0x0000000100000000, 0x0000000100000000)
  eden space 227328K, 0% used [0x00000000ebb80000,0x00000000ebb80000,0x00000000f9980000)
  from space 52736K, 78% used [0x00000000fcc80000,0x00000000ff52b748,0x0000000100000000)
  to   space 52224K, 0% used [0x00000000f9980000,0x00000000f9980000,0x00000000fcc80000)
 ParOldGen       total 141824K, used 112287K [0x00000000c3200000, 0x00000000cbc80000, 0x00000000ebb80000)
  object space 141824K, 79% used [0x00000000c3200000,0x00000000c9fa7e48,0x00000000cbc80000)
 Metaspace       used 22861K, capacity 23290K, committed 23552K, reserved 1071104K
  class space    used 2674K, capacity 2800K, committed 2816K, reserved 1048576K
}
Event: 40.946 GC heap before
{Heap before GC invocations=49 (full 4):
 PSYoungGen      total 280064K, used 268973K [0x00000000ebb80000, 0x0000000100000000, 0x0000000100000000)
  eden space 227328K, 100% used [0x00000000ebb80000,0x00000000f9980000,0x00000000f9980000)
  from space 52736K, 78% used [0x00000000fcc80000,0x00000000ff52b748,0x0000000100000000)
  to   space 52224K, 0% used [0x00000000f9980000,0x00000000f9980000,0x00000000fcc80000)
 ParOldGen       total 141824K, used 112287K [0x00000000c3200000, 0x00000000cbc80000, 0x00000000ebb80000)
  object space 141824K, 79% used [0x00000000c3200000,0x00000000c9fa7e48,0x00000000cbc80000)
 Metaspace       used 24505K, capacity 25048K, committed 25088K, reserved 1071104K
  class space    used 2920K, capacity 3065K, committed 3072K, reserved 1048576K
Event: 41.015 GC heap after
Heap after GC invocations=49 (full 4):
 PSYoungGen      total 279552K, used 33274K [0x00000000ebb80000, 0x00000000fff80000, 0x0000000100000000)
  eden space 227328K, 0% used [0x00000000ebb80000,0x00000000ebb80000,0x00000000f9980000)
  from space 52224K, 63% used [0x00000000f9980000,0x00000000fb9feb38,0x00000000fcc80000)
  to   space 52224K, 0% used [0x00000000fcc80000,0x00000000fcc80000,0x00000000fff80000)
 ParOldGen       total 141824K, used 115425K [0x00000000c3200000, 0x00000000cbc80000, 0x00000000ebb80000)
  object space 141824K, 81% used [0x00000000c3200000,0x00000000ca2b84f0,0x00000000cbc80000)
 Metaspace       used 24505K, capacity 25048K, committed 25088K, reserved 1071104K
  class space    used 2920K, capacity 3065K, committed 3072K, reserved 1048576K
}

Deoptimization events (10 events):
Event: 42.436 Thread 0x00007fdc8800d000 Uncommon trap: reason=predicate action=maybe_recompile pc=0x00007fdcc166f7f8 method=sun.security.provider.DigestBase.engineUpdate([BII)V @ 144
Event: 42.436 Thread 0x00007fdc8800d000 Uncommon trap: reason=class_check action=maybe_recompile pc=0x00007fdcc12abf64 method=java.security.MessageDigest$Delegate.engineUpdate([BII)V @ 7
Event: 42.436 Thread 0x00007fdc8800d000 Uncommon trap: reason=class_check action=maybe_recompile pc=0x00007fdcc12abf64 method=java.security.MessageDigest$Delegate.engineUpdate([BII)V @ 7
Event: 42.437 Thread 0x00007fdc8800d000 Uncommon trap: reason=class_check action=maybe_recompile pc=0x00007fdcc13a1538 method=sun.security.provider.DigestBase.engineDigest([BII)I @ 97
Event: 42.437 Thread 0x00007fdc8800d000 Uncommon trap: reason=speculate_class_check action=maybe_recompile pc=0x00007fdcc19b1a74 method=java.security.MessageDigest.getInstance(Ljava/lang/String;Ljava/security/Provider;)Ljava/security/MessageDigest; @ 25
Event: 42.437 Thread 0x00007fdc8800d000 Uncommon trap: reason=class_check action=maybe_recompile pc=0x00007fdcc12abf64 method=java.security.MessageDigest$Delegate.engineUpdate([BII)V @ 7
Event: 42.438 Thread 0x00007fdc8800d000 Uncommon trap: reason=class_check action=maybe_recompile pc=0x00007fdcc13a1538 method=sun.security.provider.DigestBase.engineDigest([BII)I @ 97
Event: 42.439 Thread 0x00007fdc8800d000 Uncommon trap: reason=speculate_class_check action=maybe_recompile pc=0x00007fdcc19b1a74 method=java.security.MessageDigest.getInstance(Ljava/lang/String;Ljava/security/Provider;)Ljava/security/MessageDigest; @ 25
Event: 42.439 Thread 0x00007fdc8800d000 Uncommon trap: reason=class_check action=maybe_recompile pc=0x00007fdcc13a1538 method=sun.security.provider.DigestBase.engineDigest([BII)I @ 97
Event: 42.451 Thread 0x00007fdc8800d000 Uncommon trap: reason=class_check action=maybe_recompile pc=0x00007fdcc11937b4 method=java.lang.StringCoding$StringDecoder.charsetName()Ljava/lang/String; @ 4

Internal exceptions (10 events):
Event: 41.462 Thread 0x00007fdc94002800 Exception <a 'java/security/PrivilegedActionException'> (0x00000000ed204a78) thrown at [/HUDSON/workspace/8-2-build-linux-amd64/jdk8u20/731.nc/hotspot/src/share/vm/prims/jvm.cpp, line 1275]
Event: 41.462 Thread 0x00007fdc94002800 Exception <a 'java/security/PrivilegedActionException'> (0x00000000ed205fe8) thrown at [/HUDSON/workspace/8-2-build-linux-amd64/jdk8u20/731.nc/hotspot/src/share/vm/prims/jvm.cpp, line 1275]
Event: 41.462 Thread 0x00007fdc94002800 Exception <a 'java/security/PrivilegedActionException'> (0x00000000ed209ee8) thrown at [/HUDSON/workspace/8-2-build-linux-amd64/jdk8u20/731.nc/hotspot/src/share/vm/prims/jvm.cpp, line 1275]
Event: 41.462 Thread 0x00007fdc94002800 Exception <a 'java/security/PrivilegedActionException'> (0x00000000ed227f40) thrown at [/HUDSON/workspace/8-2-build-linux-amd64/jdk8u20/731.nc/hotspot/src/share/vm/prims/jvm.cpp, line 1275]
Event: 41.462 Thread 0x00007fdc94002800 Exception <a 'java/security/PrivilegedActionException'> (0x00000000ed2294e8) thrown at [/HUDSON/workspace/8-2-build-linux-amd64/jdk8u20/731.nc/hotspot/src/share/vm/prims/jvm.cpp, line 1275]
Event: 41.462 Thread 0x00007fdc94002800 Exception <a 'java/security/PrivilegedActionException'> (0x00000000ed22d5b8) thrown at [/HUDSON/workspace/8-2-build-linux-amd64/jdk8u20/731.nc/hotspot/src/share/vm/prims/jvm.cpp, line 1275]
Event: 42.296 Thread 0x00007fdc8800d000 Exception <a 'java/security/PrivilegedActionException'> (0x00000000ef2f90b0) thrown at [/HUDSON/workspace/8-2-build-linux-amd64/jdk8u20/731.nc/hotspot/src/share/vm/prims/jvm.cpp, line 1275]
Event: 42.296 Thread 0x00007fdc8800d000 Exception <a 'java/security/PrivilegedActionException'> (0x00000000ef2f9ca0) thrown at [/HUDSON/workspace/8-2-build-linux-amd64/jdk8u20/731.nc/hotspot/src/share/vm/prims/jvm.cpp, line 1275]
Event: 42.423 Thread 0x00007fdc8800d000 Implicit null exception at 0x00007fdcc175c050 to 0x00007fdcc175c239
Event: 42.431 Thread 0x00007fdc8800d000 Implicit null exception at 0x00007fdcc1154b92 to 0x00007fdcc1154fcd

Events (10 events):
Event: 42.450 loading class sun/security/ssl/JsseJce$1 done
Event: 42.450 loading class sun/security/krb5/PrincipalName
Event: 42.450 loading class sun/security/krb5/PrincipalName done
Event: 42.450 loading class sun/security/krb5/Realm
Event: 42.450 loading class sun/security/krb5/Realm done
Event: 42.451 loading class sun/security/ssl/SSLSocketFactoryImpl
Event: 42.451 loading class sun/security/ssl/SSLSocketFactoryImpl done
Event: 42.451 Thread 0x00007fdc8800d000 Uncommon trap: trap_request=0xffffffde fr.pc=0x00007fdcc11937b4
Event: 42.451 Thread 0x00007fdc8800d000 DEOPT PACKING pc=0x00007fdcc11937b4 sp=0x00007fdc87df6f80
Event: 42.451 Thread 0x00007fdc8800d000 DEOPT UNPACKING pc=0x00007fdcc1004f69 sp=0x00007fdc87df6e10 mode 2


Dynamic libraries:
00400000-00401000 r-xp 00000000 08:01 6443280                            /opt/java/bin/java
00600000-00601000 rw-p 00000000 08:01 6443280                            /opt/java/bin/java
00cf0000-00d11000 rw-p 00000000 00:00 0                                  [heap]
c3200000-cbc80000 rw-p 00000000 00:00 0 
cbc80000-ebb80000 ---p 00000000 00:00 0 
ebb80000-fff80000 rw-p 00000000 00:00 0 
fff80000-100000000 ---p 00000000 00:00 0 
100000000-1003a0000 rw-p 00000000 00:00 0 
1003a0000-140000000 ---p 00000000 00:00 0 
7fdc80000000-7fdc80389000 rw-p 00000000 00:00 0 
7fdc80389000-7fdc84000000 ---p 00000000 00:00 0 
7fdc870c6000-7fdc870d5000 r-xp 00000000 08:01 3445257                    /usr/local/lib/libgu.so.0.0.0
7fdc870d5000-7fdc872d5000 ---p 0000f000 08:01 3445257                    /usr/local/lib/libgu.so.0.0.0
7fdc872d5000-7fdc872d6000 rw-p 0000f000 08:01 3445257                    /usr/local/lib/libgu.so.0.0.0
7fdc872d6000-7fdc872f3000 r-xp 00000000 08:01 3445261                    /usr/local/lib/libpgf.so.0.0.0
7fdc872f3000-7fdc874f2000 ---p 0001d000 08:01 3445261                    /usr/local/lib/libpgf.so.0.0.0
7fdc874f2000-7fdc874f4000 rw-p 0001c000 08:01 3445261                    /usr/local/lib/libpgf.so.0.0.0
7fdc874f4000-7fdc874fb000 r-xp 00000000 08:01 3445305                    /usr/local/lib/libjpgf.so
7fdc874fb000-7fdc876fa000 ---p 00007000 08:01 3445305                    /usr/local/lib/libjpgf.so
7fdc876fa000-7fdc876fb000 rw-p 00006000 08:01 3445305                    /usr/local/lib/libjpgf.so
7fdc876fb000-7fdc8783b000 rw-p 00000000 00:00 0 
7fdc8783b000-7fdc878fb000 ---p 00000000 00:00 0 
7fdc878fb000-7fdc878fe000 ---p 00000000 00:00 0 
7fdc878fe000-7fdc87bfc000 rw-p 00000000 00:00 0                          [stack:25467]
7fdc87bfc000-7fdc87bff000 ---p 00000000 00:00 0 
7fdc87bff000-7fdc87cfd000 rw-p 00000000 00:00 0                          [stack:25449]
7fdc87cfd000-7fdc87d00000 ---p 00000000 00:00 0 
7fdc87d00000-7fdc87dfe000 rw-p 00000000 00:00 0                          [stack:25448]
7fdc87dfe000-7fdc87e01000 ---p 00000000 00:00 0 
7fdc87e01000-7fdc87eff000 rw-p 00000000 00:00 0                          [stack:25444]
7fdc87eff000-7fdc87f02000 ---p 00000000 00:00 0 
7fdc87f02000-7fdc88000000 rw-p 00000000 00:00 0                          [stack:25427]
7fdc88000000-7fdc88021000 rw-p 00000000 00:00 0 
7fdc88021000-7fdc8c000000 ---p 00000000 00:00 0 
7fdc8c000000-7fdc8c021000 rw-p 00000000 00:00 0 
7fdc8c021000-7fdc90000000 ---p 00000000 00:00 0 
7fdc90000000-7fdc90021000 rw-p 00000000 00:00 0 
7fdc90021000-7fdc94000000 ---p 00000000 00:00 0 
7fdc94000000-7fdc94021000 rw-p 00000000 00:00 0 
7fdc94021000-7fdc98000000 ---p 00000000 00:00 0 
7fdc98000000-7fdc98a53000 rw-p 00000000 00:00 0 
7fdc98a53000-7fdc9c000000 ---p 00000000 00:00 0 
7fdc9c000000-7fdc9c021000 rw-p 00000000 00:00 0 
7fdc9c021000-7fdca0000000 ---p 00000000 00:00 0 
7fdca0000000-7fdca0106000 rw-p 00000000 00:00 0 
7fdca0106000-7fdca4000000 ---p 00000000 00:00 0 
7fdca4000000-7fdca6aec000 rw-p 00000000 00:00 0 
7fdca6aec000-7fdca8000000 ---p 00000000 00:00 0 
7fdca8000000-7fdca8021000 rw-p 00000000 00:00 0 
7fdca8021000-7fdcac000000 ---p 00000000 00:00 0 
7fdcac000000-7fdcac021000 rw-p 00000000 00:00 0 
7fdcac021000-7fdcb0000000 ---p 00000000 00:00 0 
7fdcb0000000-7fdcb0021000 rw-p 00000000 00:00 0 
7fdcb0021000-7fdcb4000000 ---p 00000000 00:00 0 
7fdcb4000000-7fdcb4162000 rw-p 00000000 00:00 0 
7fdcb4162000-7fdcb8000000 ---p 00000000 00:00 0 
7fdcb8000000-7fdcb8021000 rw-p 00000000 00:00 0 
7fdcb8021000-7fdcbc000000 ---p 00000000 00:00 0 
7fdcbc012000-7fdcbc015000 ---p 00000000 00:00 0 
7fdcbc015000-7fdcbc113000 rw-p 00000000 00:00 0                          [stack:25426]
7fdcbc113000-7fdcbc116000 ---p 00000000 00:00 0 
7fdcbc116000-7fdcbc414000 rw-p 00000000 00:00 0                          [stack:25425]
7fdcbc414000-7fdcbc417000 ---p 00000000 00:00 0 
7fdcbc417000-7fdcbc515000 rw-p 00000000 00:00 0                          [stack:25414]
7fdcbc515000-7fdcbc518000 ---p 00000000 00:00 0 
7fdcbc518000-7fdcbc616000 rw-p 00000000 00:00 0 
7fdcbc616000-7fdcbc619000 ---p 00000000 00:00 0 
7fdcbc619000-7fdcbc717000 rw-p 00000000 00:00 0                          [stack:25391]
7fdcbc717000-7fdcbc71a000 ---p 00000000 00:00 0 
7fdcbc71a000-7fdcbca18000 rw-p 00000000 00:00 0                          [stack:25390]
7fdcbca18000-7fdcbca1b000 ---p 00000000 00:00 0 
7fdcbca1b000-7fdcbcb19000 rw-p 00000000 00:00 0                          [stack:25389]
7fdcbcb19000-7fdcbcb1c000 ---p 00000000 00:00 0 
7fdcbcb1c000-7fdcbcc1a000 rw-p 00000000 00:00 0                          [stack:25388]
7fdcbcc1a000-7fdcbcc1d000 ---p 00000000 00:00 0 
7fdcbcc1d000-7fdcbcd1b000 rw-p 00000000 00:00 0                          [stack:25387]
7fdcbcd1b000-7fdcbcd1e000 ---p 00000000 00:00 0 
7fdcbcd1e000-7fdcbce1c000 rw-p 00000000 00:00 0                          [stack:25386]
7fdcbce1c000-7fdcbce1f000 ---p 00000000 00:00 0 
7fdcbce1f000-7fdcbd11d000 rw-p 00000000 00:00 0                          [stack:25385]
7fdcbd11d000-7fdcbd31d000 rw-p 00000000 00:00 0 
7fdcbd31d000-7fdcbd51d000 rw-p 00000000 00:00 0 
7fdcbd51d000-7fdcbd520000 ---p 00000000 00:00 0 
7fdcbd520000-7fdcbd61e000 rw-p 00000000 00:00 0                          [stack:25442]
7fdcbd61e000-7fdcbd621000 ---p 00000000 00:00 0 
7fdcbd621000-7fdcbd91f000 rw-p 00000000 00:00 0                          [stack:25443]
7fdcbd91f000-7fdcbd922000 ---p 00000000 00:00 0 
7fdcbd922000-7fdcbda20000 rw-p 00000000 00:00 0                          [stack:25278]
7fdcbda20000-7fdcbda23000 ---p 00000000 00:00 0 
7fdcbda23000-7fdcbdb21000 rw-p 00000000 00:00 0                          [stack:25277]
7fdcbdb21000-7fdcbdb37000 r-xp 00000000 08:01 3414442                    /usr/lib/libgcc_s.so.1
7fdcbdb37000-7fdcbdd36000 ---p 00016000 08:01 3414442                    /usr/lib/libgcc_s.so.1
7fdcbdd36000-7fdcbdd37000 rw-p 00015000 08:01 3414442                    /usr/lib/libgcc_s.so.1
7fdcbdd37000-7fdcbdd69000 r-xp 00000000 08:01 527225                     /opt/java/jre/lib/amd64/libsunec.so
7fdcbdd69000-7fdcbdf68000 ---p 00032000 08:01 527225                     /opt/java/jre/lib/amd64/libsunec.so
7fdcbdf68000-7fdcbdf6e000 rw-p 00031000 08:01 527225                     /opt/java/jre/lib/amd64/libsunec.so
7fdcbdf6e000-7fdcbe17e000 rw-p 00000000 00:00 0 
7fdcbe17e000-7fdcbe181000 ---p 00000000 00:00 0 
7fdcbe181000-7fdcbe27f000 rw-p 00000000 00:00 0                          [stack:25276]
7fdcbe27f000-7fdcbe290000 r-xp 00000000 08:01 527263                     /opt/java/jre/lib/amd64/libnio.so
7fdcbe290000-7fdcbe48f000 ---p 00011000 08:01 527263                     /opt/java/jre/lib/amd64/libnio.so
7fdcbe48f000-7fdcbe490000 rw-p 00010000 08:01 527263                     /opt/java/jre/lib/amd64/libnio.so
7fdcbe490000-7fdcbe4a6000 r-xp 00000000 08:01 527219                     /opt/java/jre/lib/amd64/libnet.so
7fdcbe4a6000-7fdcbe6a6000 ---p 00016000 08:01 527219                     /opt/java/jre/lib/amd64/libnet.so
7fdcbe6a6000-7fdcbe6a7000 rw-p 00016000 08:01 527219                     /opt/java/jre/lib/amd64/libnet.so
7fdcbe6a7000-7fdcbe6af000 r-xp 00000000 08:01 527220                     /opt/java/jre/lib/amd64/libmanagement.so
7fdcbe6af000-7fdcbe8af000 ---p 00008000 08:01 527220                     /opt/java/jre/lib/amd64/libmanagement.so
7fdcbe8af000-7fdcbe8b0000 rw-p 00008000 08:01 527220                     /opt/java/jre/lib/amd64/libmanagement.so
7fdcbe955000-7fdcbe956000 rw-p 00000000 00:00 0 
7fdcbe956000-7fdcbe95b000 r--s 002f8000 08:01 527098                     /opt/java/jre/lib/charsets.jar
7fdcbe95b000-7fdcbe96e000 r--s 00345000 08:01 527088                     /opt/java/jre/lib/resources.jar
7fdcbe96e000-7fdcbe973000 r--s 0003f000 08:01 527194                     /opt/java/jre/lib/ext/sunjce_provider.jar
7fdcbe973000-7fdcbe974000 r--s 00009000 08:01 527197                     /opt/java/jre/lib/ext/sunec.jar
7fdcbe974000-7fdcbe977000 r--s 0003a000 08:01 527189                     /opt/java/jre/lib/ext/sunpkcs11.jar
7fdcbe977000-7fdcbe979000 r--s 0001a000 08:01 527093                     /opt/java/jre/lib/jce.jar
7fdcbe979000-7fdcbe97e000 r--s 00092000 08:01 527075                     /opt/java/jre/lib/jsse.jar
7fdcbe97e000-7fdcbe986000 r--s 00088000 08:01 1048763                    /home/eidel/tmp/apache-tomcat-8.0.9/lib/jasper.jar
7fdcbe986000-7fdcbe989000 r--s 0000e000 08:01 1048772                    /home/eidel/tmp/apache-tomcat-8.0.9/lib/tomcat-i18n-es.jar
7fdcbe989000-7fdcbe994000 r--s 0009f000 08:01 1048778                    /home/eidel/tmp/apache-tomcat-8.0.9/lib/tomcat-coyote.jar
7fdcbe994000-7fdcbe9a6000 r--s 00158000 08:01 1048773                    /home/eidel/tmp/apache-tomcat-8.0.9/lib/catalina.jar
7fdcbe9a6000-7fdcbe9ab000 r--s 00039000 08:01 1048758                    /home/eidel/tmp/apache-tomcat-8.0.9/lib/catalina-tribes.jar
7fdcbe9ab000-7fdcbe9ae000 r--s 00008000 08:01 1048764                    /home/eidel/tmp/apache-tomcat-8.0.9/lib/tomcat-i18n-fr.jar
7fdcbe9ae000-7fdcbe9b0000 r--s 0001c000 08:01 1048768                    /home/eidel/tmp/apache-tomcat-8.0.9/lib/catalina-ha.jar
7fdcbe9b0000-7fdcbe9b2000 r--s 00012000 08:01 1048776                    /home/eidel/tmp/apache-tomcat-8.0.9/lib/el-api.jar
7fdcbe9b2000-7fdcbe9b5000 r--s 00024000 08:01 1048761                    /home/eidel/tmp/apache-tomcat-8.0.9/lib/jasper-el.jar
7fdcbe9b5000-7fdcbe9ba000 r--s 00028000 08:01 1048775                    /home/eidel/tmp/apache-tomcat-8.0.9/lib/tomcat-websocket.jar
7fdcbe9ba000-7fdcbe9bc000 r--s 0000d000 08:01 1048774                    /home/eidel/tmp/apache-tomcat-8.0.9/lib/jsp-api.jar
7fdcbe9bc000-7fdcbe9be000 r--s 00007000 08:01 1048779                    /home/eidel/tmp/apache-tomcat-8.0.9/lib/websocket-api.jar
7fdcbe9be000-7fdcbe9c2000 r--s 00036000 08:01 1048762                    /home/eidel/tmp/apache-tomcat-8.0.9/lib/tomcat-dbcp.jar
7fdcbe9c2000-7fdcbe9c4000 r--s 0000c000 08:01 1048769                    /home/eidel/tmp/apache-tomcat-8.0.9/lib/tomcat-spdy.jar
7fdcbe9c4000-7fdcbe9c8000 r--s 0002d000 08:01 1048777                    /home/eidel/tmp/apache-tomcat-8.0.9/lib/tomcat-util-scan.jar
7fdcbe9c8000-7fdcbe9ca000 r--s 00001000 08:01 1048780                    /home/eidel/tmp/apache-tomcat-8.0.9/lib/tomcat-api.jar
7fdcbe9ca000-7fdcbe9cd000 r--s 00016000 08:01 1048757                    /home/eidel/tmp/apache-tomcat-8.0.9/lib/tomcat-util.jar
7fdcbe9cd000-7fdcbe9cf000 r--s 0001e000 08:01 1048765                    /home/eidel/tmp/apache-tomcat-8.0.9/lib/tomcat-jdbc.jar
7fdcbe9cf000-7fdcbe9d1000 r--s 00010000 08:01 1048767                    /home/eidel/tmp/apache-tomcat-8.0.9/lib/catalina-storeconfig.jar
7fdcbe9d1000-7fdcbe9d4000 ---p 00000000 00:00 0 
7fdcbe9d4000-7fdcbead2000 rw-p 00000000 00:00 0                          [stack:25275]
7fdcbead2000-7fdcbead3000 ---p 00000000 00:00 0 
7fdcbead3000-7fdcbebd3000 rw-p 00000000 00:00 0                          [stack:25274]
7fdcbebd3000-7fdcbebd6000 ---p 00000000 00:00 0 
7fdcbebd6000-7fdcbecd4000 rw-p 00000000 00:00 0                          [stack:25273]
7fdcbecd4000-7fdcbecd7000 ---p 00000000 00:00 0 
7fdcbecd7000-7fdcbedd5000 rw-p 00000000 00:00 0                          [stack:25272]
7fdcbedd5000-7fdcbedd8000 ---p 00000000 00:00 0 
7fdcbedd8000-7fdcbeed6000 rw-p 00000000 00:00 0                          [stack:25271]
7fdcbeed6000-7fdcbf190000 r--p 00000000 08:01 3434663                    /usr/lib/locale/locale-archive
7fdcbf190000-7fdcc1000000 rw-p 00000000 00:00 0 
7fdcc1000000-7fdcc1b30000 rwxp 00000000 00:00 0 
7fdcc1b30000-7fdcd0000000 ---p 00000000 00:00 0 
7fdcd0000000-7fdcd04f5000 rw-p 00000000 00:00 0 
7fdcd04f5000-7fdcd4000000 ---p 00000000 00:00 0 
7fdcd4000000-7fdcd4002000 r--s 0000e000 08:01 1048756                    /home/eidel/tmp/apache-tomcat-8.0.9/lib/tomcat-jni.jar
7fdcd4002000-7fdcd4014000 r--s 00220000 08:01 1048760                    /home/eidel/tmp/apache-tomcat-8.0.9/lib/ecj-4.4RC4.jar
7fdcd4014000-7fdcd4030000 r--s 00393000 08:01 527190                     /opt/java/jre/lib/ext/cldrdata.jar
7fdcd4030000-7fdcd4033000 ---p 00000000 00:00 0 
7fdcd4033000-7fdcd4131000 rw-p 00000000 00:00 0                          [stack:25270]
7fdcd4131000-7fdcd4134000 ---p 00000000 00:00 0 
7fdcd4134000-7fdcd4232000 rw-p 00000000 00:00 0                          [stack:25269]
7fdcd4232000-7fdcd4235000 ---p 00000000 00:00 0 
7fdcd4235000-7fdcd4333000 rw-p 00000000 00:00 0                          [stack:25268]
7fdcd4333000-7fdcd4334000 ---p 00000000 00:00 0 
7fdcd4334000-7fdcd4dad000 rw-p 00000000 00:00 0                          [stack:25267]
7fdcd4dad000-7fdcd4f82000 r--s 03ca6000 08:01 527097                     /opt/java/jre/lib/rt.jar
7fdcd4f82000-7fdcd59df000 rw-p 00000000 00:00 0 
7fdcd59df000-7fdcd59e0000 ---p 00000000 00:00 0 
7fdcd59e0000-7fdcd5ae0000 rw-p 00000000 00:00 0                          [stack:25266]
7fdcd5ae0000-7fdcd5ae1000 ---p 00000000 00:00 0 
7fdcd5ae1000-7fdcd5c27000 rw-p 00000000 00:00 0                          [stack:25265]
7fdcd5c27000-7fdcd5d26000 ---p 00000000 00:00 0 
7fdcd5d26000-7fdcd5d6c000 rw-p 00000000 00:00 0 
7fdcd5d6c000-7fdcd5e6a000 ---p 00000000 00:00 0 
7fdcd5e6a000-7fdcd5f0d000 rw-p 00000000 00:00 0 
7fdcd5f0d000-7fdcd5f3b000 rw-p 00000000 00:00 0 
7fdcd5f3b000-7fdcd62ce000 ---p 00000000 00:00 0 
7fdcd62ce000-7fdcd62e8000 r-xp 00000000 08:01 527233                     /opt/java/jre/lib/amd64/libzip.so
7fdcd62e8000-7fdcd64e8000 ---p 0001a000 08:01 527233                     /opt/java/jre/lib/amd64/libzip.so
7fdcd64e8000-7fdcd64e9000 rw-p 0001a000 08:01 527233                     /opt/java/jre/lib/amd64/libzip.so
7fdcd64e9000-7fdcd64f4000 r-xp 00000000 08:01 3411176                    /usr/lib/libnss_files-2.19.so
7fdcd64f4000-7fdcd66f3000 ---p 0000b000 08:01 3411176                    /usr/lib/libnss_files-2.19.so
7fdcd66f3000-7fdcd66f4000 r--p 0000a000 08:01 3411176                    /usr/lib/libnss_files-2.19.so
7fdcd66f4000-7fdcd66f5000 rw-p 0000b000 08:01 3411176                    /usr/lib/libnss_files-2.19.so
7fdcd66f5000-7fdcd671f000 r-xp 00000000 08:01 527230                     /opt/java/jre/lib/amd64/libjava.so
7fdcd671f000-7fdcd691f000 ---p 0002a000 08:01 527230                     /opt/java/jre/lib/amd64/libjava.so
7fdcd691f000-7fdcd6921000 rw-p 0002a000 08:01 527230                     /opt/java/jre/lib/amd64/libjava.so
7fdcd6921000-7fdcd692e000 r-xp 00000000 08:01 527223                     /opt/java/jre/lib/amd64/libverify.so
7fdcd692e000-7fdcd6b2e000 ---p 0000d000 08:01 527223                     /opt/java/jre/lib/amd64/libverify.so
7fdcd6b2e000-7fdcd6b30000 rw-p 0000d000 08:01 527223                     /opt/java/jre/lib/amd64/libverify.so
7fdcd6b30000-7fdcd6b37000 r-xp 00000000 08:01 3411177                    /usr/lib/librt-2.19.so
7fdcd6b37000-7fdcd6d36000 ---p 00007000 08:01 3411177                    /usr/lib/librt-2.19.so
7fdcd6d36000-7fdcd6d37000 r--p 00006000 08:01 3411177                    /usr/lib/librt-2.19.so
7fdcd6d37000-7fdcd6d38000 rw-p 00007000 08:01 3411177                    /usr/lib/librt-2.19.so
7fdcd6d38000-7fdcd6e3b000 r-xp 00000000 08:01 3411139                    /usr/lib/libm-2.19.so
7fdcd6e3b000-7fdcd703a000 ---p 00103000 08:01 3411139                    /usr/lib/libm-2.19.so
7fdcd703a000-7fdcd703b000 r--p 00102000 08:01 3411139                    /usr/lib/libm-2.19.so
7fdcd703b000-7fdcd703c000 rw-p 00103000 08:01 3411139                    /usr/lib/libm-2.19.so
7fdcd703c000-7fdcd7ca6000 r-xp 00000000 08:01 527275                     /opt/java/jre/lib/amd64/server/libjvm.so
7fdcd7ca6000-7fdcd7ea6000 ---p 00c6a000 08:01 527275                     /opt/java/jre/lib/amd64/server/libjvm.so
7fdcd7ea6000-7fdcd7f7c000 rw-p 00c6a000 08:01 527275                     /opt/java/jre/lib/amd64/server/libjvm.so
7fdcd7f7c000-7fdcd7fbe000 rw-p 00000000 00:00 0 
7fdcd7fbe000-7fdcd8162000 r-xp 00000000 08:01 3411183                    /usr/lib/libc-2.19.so
7fdcd8162000-7fdcd8362000 ---p 001a4000 08:01 3411183                    /usr/lib/libc-2.19.so
7fdcd8362000-7fdcd8366000 r--p 001a4000 08:01 3411183                    /usr/lib/libc-2.19.so
7fdcd8366000-7fdcd8368000 rw-p 001a8000 08:01 3411183                    /usr/lib/libc-2.19.so
7fdcd8368000-7fdcd836c000 rw-p 00000000 00:00 0 
7fdcd836c000-7fdcd836f000 r-xp 00000000 08:01 3411148                    /usr/lib/libdl-2.19.so
7fdcd836f000-7fdcd856e000 ---p 00003000 08:01 3411148                    /usr/lib/libdl-2.19.so
7fdcd856e000-7fdcd856f000 r--p 00002000 08:01 3411148                    /usr/lib/libdl-2.19.so
7fdcd856f000-7fdcd8570000 rw-p 00003000 08:01 3411148                    /usr/lib/libdl-2.19.so
7fdcd8570000-7fdcd8585000 r-xp 00000000 08:01 527856                     /opt/java/lib/amd64/jli/libjli.so
7fdcd8585000-7fdcd8784000 ---p 00015000 08:01 527856                     /opt/java/lib/amd64/jli/libjli.so
7fdcd8784000-7fdcd8785000 rw-p 00014000 08:01 527856                     /opt/java/lib/amd64/jli/libjli.so
7fdcd8785000-7fdcd879d000 r-xp 00000000 08:01 3411198                    /usr/lib/libpthread-2.19.so
7fdcd879d000-7fdcd899d000 ---p 00018000 08:01 3411198                    /usr/lib/libpthread-2.19.so
7fdcd899d000-7fdcd899e000 r--p 00018000 08:01 3411198                    /usr/lib/libpthread-2.19.so
7fdcd899e000-7fdcd899f000 rw-p 00019000 08:01 3411198                    /usr/lib/libpthread-2.19.so
7fdcd899f000-7fdcd89a3000 rw-p 00000000 00:00 0 
7fdcd89a3000-7fdcd89c4000 r-xp 00000000 08:01 3411167                    /usr/lib/ld-2.19.so
7fdcd89c4000-7fdcd89c8000 r--s 00038000 08:01 1048766                    /home/eidel/tmp/apache-tomcat-8.0.9/lib/servlet-api.jar
7fdcd89c8000-7fdcd8aa1000 rw-p 00000000 00:00 0 
7fdcd8aa1000-7fdcd8aa4000 ---p 00000000 00:00 0 
7fdcd8aa4000-7fdcd8ba6000 rw-p 00000000 00:00 0                          [stack:25264]
7fdcd8ba6000-7fdcd8ba7000 r--s 0000c000 08:01 1048770                    /home/eidel/tmp/apache-tomcat-8.0.9/lib/catalina-ant.jar
7fdcd8ba7000-7fdcd8ba9000 r--s 00009000 08:01 1048771                    /home/eidel/tmp/apache-tomcat-8.0.9/lib/tomcat-i18n-ja.jar
7fdcd8ba9000-7fdcd8bab000 r--s 00003000 08:01 1048759                    /home/eidel/tmp/apache-tomcat-8.0.9/lib/annotations-api.jar
7fdcd8bab000-7fdcd8bb5000 r--s 00116000 08:01 527198                     /opt/java/jre/lib/ext/localedata.jar
7fdcd8bb5000-7fdcd8bb6000 r--s 00009000 08:01 6168454                    /home/eidel/tmp/apache-tomcat-8.0.9/bin/tomcat-juli.jar
7fdcd8bb6000-7fdcd8bb7000 r--s 00005000 08:01 6168471                    /home/eidel/tmp/apache-tomcat-8.0.9/bin/commons-daemon.jar
7fdcd8bb7000-7fdcd8bb8000 r--s 00006000 08:01 6168468                    /home/eidel/tmp/apache-tomcat-8.0.9/bin/bootstrap.jar
7fdcd8bb8000-7fdcd8bc0000 rw-s 00000000 00:1d 111697                     /tmp/hsperfdata_root/25263
7fdcd8bc0000-7fdcd8bc1000 rw-p 00000000 00:00 0 
7fdcd8bc1000-7fdcd8bc2000 r--p 00000000 00:00 0 
7fdcd8bc2000-7fdcd8bc3000 rw-p 00000000 00:00 0 
7fdcd8bc3000-7fdcd8bc4000 r--p 00020000 08:01 3411167                    /usr/lib/ld-2.19.so
7fdcd8bc4000-7fdcd8bc5000 rw-p 00021000 08:01 3411167                    /usr/lib/ld-2.19.so
7fdcd8bc5000-7fdcd8bc6000 rw-p 00000000 00:00 0 
7ffff303d000-7ffff305e000 rw-p 00000000 00:00 0                          [stack]
7ffff310c000-7ffff310e000 r-xp 00000000 00:00 0                          [vdso]
ffffffffff600000-ffffffffff601000 r-xp 00000000 00:00 0                  [vsyscall]

VM Arguments:
jvm_args: -Djava.util.logging.config.file=/home/eidel/tmp/apache-tomcat-8.0.9/conf/logging.properties -Djava.util.logging.manager=org.apache.juli.ClassLoaderLogManager -Djava.endorsed.dirs=/home/eidel/tmp/apache-tomcat-8.0.9/endorsed -Dcatalina.base=/home/eidel/tmp/apache-tomcat-8.0.9 -Dcatalina.home=/home/eidel/tmp/apache-tomcat-8.0.9 -Djava.io.tmpdir=/home/eidel/tmp/apache-tomcat-8.0.9/temp 
java_command: org.apache.catalina.startup.Bootstrap start
java_class_path (initial): /home/eidel/tmp/apache-tomcat-8.0.9/bin/bootstrap.jar:/home/eidel/tmp/apache-tomcat-8.0.9/bin/tomcat-juli.jar
Launcher Type: SUN_STANDARD

Environment Variables:
PATH=/home/eidel/lib/GF-master/build/bin:/usr/local/sbin:/usr/local/bin:/usr/bin:/opt/java/bin:/opt/java/db/bin:/opt/java/jre/bin:/usr/bin/vendor_perl:/usr/bin/core_perl
USERNAME=root
LD_LIBRARY_PATH=/usr/local/lib:
SHELL=/bin/bash
DISPLAY=:0

Signal Handlers:
SIGSEGV: [libjvm.so+0xa76ef0], sa_mask[0]=11111111011111111101111111111110, sa_flags=SA_RESTART|SA_SIGINFO
SIGBUS: [libjvm.so+0xa76ef0], sa_mask[0]=11111111011111111101111111111110, sa_flags=SA_RESTART|SA_SIGINFO
SIGFPE: [libjvm.so+0x8e1870], sa_mask[0]=11111111011111111101111111111110, sa_flags=SA_RESTART|SA_SIGINFO
SIGPIPE: [libjvm.so+0x8e1870], sa_mask[0]=11111111011111111101111111111110, sa_flags=SA_RESTART|SA_SIGINFO
SIGXFSZ: [libjvm.so+0x8e1870], sa_mask[0]=11111111011111111101111111111110, sa_flags=SA_RESTART|SA_SIGINFO
SIGILL: [libjvm.so+0x8e1870], sa_mask[0]=11111111011111111101111111111110, sa_flags=SA_RESTART|SA_SIGINFO
SIGUSR1: SIG_DFL, sa_mask[0]=00000000000000000000000000000000, sa_flags=none
SIGUSR2: [libjvm.so+0x8e30a0], sa_mask[0]=00000000000000000000000000000000, sa_flags=SA_RESTART|SA_SIGINFO
SIGHUP: [libjvm.so+0x8e4460], sa_mask[0]=11111111011111111101111111111110, sa_flags=SA_RESTART|SA_SIGINFO
SIGINT: SIG_IGN, sa_mask[0]=00000000000000000000000000000000, sa_flags=none
SIGTERM: [libjvm.so+0x8e4460], sa_mask[0]=11111111011111111101111111111110, sa_flags=SA_RESTART|SA_SIGINFO
SIGQUIT: [libjvm.so+0x8e4460], sa_mask[0]=11111111011111111101111111111110, sa_flags=SA_RESTART|SA_SIGINFO


---------------  S Y S T E M  ---------------

OS:NAME="Arch Linux"
ID=arch
PRETTY_NAME="Arch Linux"
ANSI_COLOR="0;36"
HOME_URL="https://www.archlinux.org/"
SUPPORT_URL="https://bbs.archlinux.org/"
BUG_REPORT_URL="https://bugs.archlinux.org/"


uname:Linux 3.15.2-1-ARCH #1 SMP PREEMPT Fri Jun 27 07:41:19 CEST 2014 x86_64
libc:glibc 2.19 NPTL 2.19 
rlimit: STACK 8192k, CORE 0k, NPROC 15532, NOFILE 4096, AS infinity
load average:1.47 0.87 0.61

/proc/meminfo:
MemTotal:        3982036 kB
MemFree:          326876 kB
MemAvailable:    1315264 kB
Buffers:           18144 kB
Cached:          1243012 kB
SwapCached:         4896 kB
Active:          2109272 kB
Inactive:        1314184 kB
Active(anon):    1527708 kB
Inactive(anon):   786044 kB
Active(file):     581564 kB
Inactive(file):   528140 kB
Unevictable:           0 kB
Mlocked:               0 kB
SwapTotal:       1952764 kB
SwapFree:        1934224 kB
Dirty:             89236 kB
Writeback:             0 kB
AnonPages:       2157360 kB
Mapped:           396008 kB
Shmem:            151504 kB
Slab:             120176 kB
SReclaimable:      95256 kB
SUnreclaim:        24920 kB
KernelStack:        7088 kB
PageTables:        35540 kB
NFS_Unstable:          0 kB
Bounce:                0 kB
WritebackTmp:          0 kB
CommitLimit:     3943780 kB
Committed_AS:    4736676 kB
VmallocTotal:   34359738367 kB
VmallocUsed:      421952 kB
VmallocChunk:   34359287312 kB
HardwareCorrupted:     0 kB
AnonHugePages:    989184 kB
HugePages_Total:       0
HugePages_Free:        0
HugePages_Rsvd:        0
HugePages_Surp:        0
Hugepagesize:       2048 kB
DirectMap4k:       13596 kB
DirectMap2M:     4110336 kB


CPU:total 2 (2 cores per cpu, 1 threads per core) family 6 model 23 stepping 6, cmov, cx8, fxsr, mmx, sse, sse2, sse3, ssse3, sse4.1, tsc

/proc/cpuinfo:
processor	: 0
vendor_id	: GenuineIntel
cpu family	: 6
model		: 23
model name	: Intel(R) Core(TM)2 Duo CPU     P9500  @ 2.53GHz
stepping	: 6
microcode	: 0x60c
cpu MHz		: 2534.000
cache size	: 6144 KB
physical id	: 0
siblings	: 2
core id		: 0
cpu cores	: 2
apicid		: 0
initial apicid	: 0
fpu		: yes
fpu_exception	: yes
cpuid level	: 10
wp		: yes
flags		: fpu vme de pse tsc msr pae mce cx8 apic sep mtrr pge mca cmov pat pse36 clflush dts acpi mmx fxsr sse sse2 ss ht tm pbe syscall nx lm constant_tsc arch_perfmon pebs bts rep_good nopl aperfmperf pni dtes64 monitor ds_cpl vmx smx est tm2 ssse3 cx16 xtpr pdcm sse4_1 lahf_lm dtherm tpr_shadow vnmi flexpriority
bogomips	: 5055.17
clflush size	: 64
cache_alignment	: 64
address sizes	: 36 bits physical, 48 bits virtual
power management:

processor	: 1
vendor_id	: GenuineIntel
cpu family	: 6
model		: 23
model name	: Intel(R) Core(TM)2 Duo CPU     P9500  @ 2.53GHz
stepping	: 6
microcode	: 0x60c
cpu MHz		: 2534.000
cache size	: 6144 KB
physical id	: 0
siblings	: 2
core id		: 1
cpu cores	: 2
apicid		: 1
initial apicid	: 1
fpu		: yes
fpu_exception	: yes
cpuid level	: 10
wp		: yes
flags		: fpu vme de pse tsc msr pae mce cx8 apic sep mtrr pge mca cmov pat pse36 clflush dts acpi mmx fxsr sse sse2 ss ht tm pbe syscall nx lm constant_tsc arch_perfmon pebs bts rep_good nopl aperfmperf pni dtes64 monitor ds_cpl vmx smx est tm2 ssse3 cx16 xtpr pdcm sse4_1 lahf_lm dtherm tpr_shadow vnmi flexpriority
bogomips	: 5055.17
clflush size	: 64
cache_alignment	: 64
address sizes	: 36 bits physical, 48 bits virtual
power management:



Memory: 4k page, physical 3982036k(326876k free), swap 1952764k(1934224k free)

vm_info: Java HotSpot(TM) 64-Bit Server VM (25.20-b20) for linux-amd64 JRE (1.8.0_20-ea-b20), built on Jun 24 2014 21:14:09 by "java_re" with gcc 4.3.0 20080428 (Red Hat 4.3.0-8)

time: Thu Jul 10 16:06:48 2014
elapsed time: 42 seconds (0d 0h 0m 42s)

