#
# A fatal error has been detected by the Java Runtime Environment:
#
#  SIGSEGV (0xb) at pc=0x00007fbda1aea87c, pid=13003, tid=140452076013312
#
# JRE version: Java(TM) SE Runtime Environment (8.0_05-b13) (build 1.8.0_05-b13)
# Java VM: Java HotSpot(TM) 64-Bit Server VM (25.5-b02 mixed mode linux-amd64 compressed oops)
# Problematic frame:
# V  [libjvm.so+0x67487c]  jni_GetObjectClass+0xbc
#
# Failed to write core dump. Core dumps have been disabled. To enable core dumping, try "ulimit -c unlimited" before starting Java again
#
# If you would like to submit a bug report, please visit:
#   http://bugreport.sun.com/bugreport/crash.jsp
#

---------------  T H R E A D  ---------------

Current thread (0x0000000002bc2000):  JavaThread "org.agfjord.graph.Main.main()" [_thread_in_vm, id=13039, stack(0x00007fbd8c094000,0x00007fbd8c195000)]

siginfo:si_signo=SIGSEGV: si_errno=0, si_code=1 (SEGV_MAPERR), si_addr=0x0000000000000000

Registers:
RAX=0x00007fbda2360e79, RBX=0x0000000002bc2000, RCX=0x0000000000000000, RDX=0x00007fbda236ac90
RSP=0x00007fbd8c192d50, RBP=0x00007fbd8c192db0, RSI=0x0000000002bc2000, RDI=0x00007fbd8c192d50
R8 =0x00007fbd88000168, R9 =0x000000000000001c, R10=0x0000000000000000, R11=0x00007fbd866eadf0
R12=0x00007fbd8c192d50, R13=0x0000000002bc21e0, R14=0x0000000000000000, R15=0x00007fbda236f1e0
RIP=0x00007fbda1aea87c, EFLAGS=0x0000000000010246, CSGSFS=0x0000000000000033, ERR=0x0000000000000004
  TRAPNO=0x000000000000000e

Top of Stack: (sp=0x00007fbd8c192d50)
0x00007fbd8c192d50:   0000000002bc2000 0000000000000000
0x00007fbd8c192d60:   00007fbd8853cc90 00007fbda2d6ea55
0x00007fbd8c192d70:   0000000002bc2000 0000000000000000
0x00007fbd8c192d80:   0000000000000007 0000000002bc21e0
0x00007fbd8c192d90:   0000000000000000 00007fbd8853cc90
0x00007fbd8c192da0:   00007fbd8c192ef0 0000000002bc2000
0x00007fbd8c192db0:   00007fbd8c192dd0 00007fbd86b22426
0x00007fbd8c192dc0:   0000000002bc2000 00007fbd8c192e10
0x00007fbd8c192dd0:   00007fbd8c192dd0 0000000000000000
0x00007fbd8c192de0:   0000000000000000 0080008000200001
0x00007fbd8c192df0:   0000000000000000 0000000000000000
0x00007fbd8c192e00:   0000000000000000 0000000000000000
0x00007fbd8c192e10:   0000000000000000 0000000000000000
0x00007fbd8c192e20:   0000000000000000 0000000000000000
0x00007fbd8c192e30:   0000000000000000 0000000000000000
0x00007fbd8c192e40:   0000000000000000 0000000000000000
0x00007fbd8c192e50:   0000000002bc2000 00007fbd86fc2208
0x00007fbd8c192e60:   00007fbd8c192ee0 0000000000000000
0x00007fbd8c192e70:   00007fbd86fc2208 00007fbd8c192f00
0x00007fbd8c192e80:   0000000002bc2000 00007fbd91170b0e
0x00007fbd8c192e90:   0000000002bc2000 00007fbd9117085c
0x00007fbd8c192ea0:   00007fbd8c192ea0 00007fbd86fc2208
0x00007fbd8c192eb0:   00007fbd8c192f00 00007fbd86fc28d8
0x00007fbd8c192ec0:   0000000000000000 00007fbd86fc2208
0x00007fbd8c192ed0:   0000000000000000 00007fbd8c192f00
0x00007fbd8c192ee0:   00007fbd8c192f50 00007fbd91165210
0x00007fbd8c192ef0:   00000000ec806120 00007fbd9116cc1b
0x00007fbd8c192f00:   0000000000000000 00000000ec8006b8
0x00007fbd8c192f10:   00007fbd8c192f10 00007fbd86fc02e9
0x00007fbd8c192f20:   00007fbd8c192f70 00007fbd86fc1380
0x00007fbd8c192f30:   0000000000000000 00007fbd86fc0368
0x00007fbd8c192f40:   00007fbd8c192f00 00007fbd8c192f68 

Instructions: (pc=0x00007fbda1aea87c)
0x00007fbda1aea85c:   c7 83 58 02 00 00 06 00 00 00 48 89 de 48 89 5d
0x00007fbda1aea86c:   c0 4c 89 e7 e8 db 0a 01 00 48 8b 05 14 ed 83 00
0x00007fbda1aea87c:   49 8b 16 80 38 00 0f 85 b0 00 00 00 48 8b 52 08
0x00007fbda1aea88c:   48 8b 72 68 4c 89 ef e8 e8 ae 02 00 48 83 7d a8 

Register to memory mapping:

RAX=0x00007fbda2360e79: <offset 0xeeae79> in /usr/lib/jvm/java-8-oracle/jre/lib/amd64/server/libjvm.so at 0x00007fbda1476000
RBX=0x0000000002bc2000 is a thread
RCX=0x0000000000000000 is an unknown value
RDX=0x00007fbda236ac90: <offset 0xef4c90> in /usr/lib/jvm/java-8-oracle/jre/lib/amd64/server/libjvm.so at 0x00007fbda1476000
RSP=0x00007fbd8c192d50 is pointing into the stack for thread: 0x0000000002bc2000
RBP=0x00007fbd8c192db0 is pointing into the stack for thread: 0x0000000002bc2000
RSI=0x0000000002bc2000 is a thread
RDI=0x00007fbd8c192d50 is pointing into the stack for thread: 0x0000000002bc2000
R8 =0x00007fbd88000168 is an unknown value
R9 =0x000000000000001c is an unknown value
R10=0x0000000000000000 is an unknown value
R11=0x00007fbd866eadf0: gu_local_pool_+0 in /usr/local/lib/libgu.so.0 at 0x00007fbd866e2000
R12=0x00007fbd8c192d50 is pointing into the stack for thread: 0x0000000002bc2000
R13=0x0000000002bc21e0 is an unknown value
R14=0x0000000000000000 is an unknown value
R15=0x00007fbda236f1e0: <offset 0xef91e0> in /usr/lib/jvm/java-8-oracle/jre/lib/amd64/server/libjvm.so at 0x00007fbda1476000


Stack: [0x00007fbd8c094000,0x00007fbd8c195000],  sp=0x00007fbd8c192d50,  free space=1019k
Native frames: (J=compiled Java code, j=interpreted, Vv=VM code, C=native code)
V  [libjvm.so+0x67487c]  jni_GetObjectClass+0xbc
C  [libjpgf.so+0x3426]  Java_org_grammaticalframework_pgf_PGF_readPGF__Ljava_io_InputStream_2+0x66

Java frames: (J=compiled Java code, j=interpreted, Vv=VM code)
j  org.grammaticalframework.pgf.PGF.readPGF(Ljava/io/InputStream;)Lorg/grammaticalframework/pgf/PGF;+0
j  org.agfjord.graph.Grammar.<init>(Ljava/io/InputStream;)V+73
j  org.agfjord.graph.Main.<init>()V+129
j  org.agfjord.graph.Main.main([Ljava/lang/String;)V+4
v  ~StubRoutines::call_stub
J 1924  sun.reflect.NativeMethodAccessorImpl.invoke0(Ljava/lang/reflect/Method;Ljava/lang/Object;[Ljava/lang/Object;)Ljava/lang/Object; (0 bytes) @ 0x00007fbd91713df7 [0x00007fbd91713d80+0x77]
J 1923 C1 sun.reflect.NativeMethodAccessorImpl.invoke(Ljava/lang/Object;[Ljava/lang/Object;)Ljava/lang/Object; (104 bytes) @ 0x00007fbd91713534 [0x00007fbd917131a0+0x394]
J 1671 C1 sun.reflect.DelegatingMethodAccessorImpl.invoke(Ljava/lang/Object;[Ljava/lang/Object;)Ljava/lang/Object; (10 bytes) @ 0x00007fbd91683a6c [0x00007fbd91683a00+0x6c]
J 1728 C1 java.lang.reflect.Method.invoke(Ljava/lang/Object;[Ljava/lang/Object;)Ljava/lang/Object; (62 bytes) @ 0x00007fbd916a4fa4 [0x00007fbd916a4ea0+0x104]
j  org.codehaus.mojo.exec.ExecJavaMojo$1.run()V+112
j  java.lang.Thread.run()V+11
v  ~StubRoutines::call_stub

---------------  P R O C E S S  ---------------

Java Threads: ( => current thread )
  0x00007fbd8852e800 JavaThread "GC-Monitor" daemon [_thread_blocked, id=13056, stack(0x00007fbd86d27000,0x00007fbd86e28000)]
  0x00007fbd88448800 JavaThread "Neo4j Recurring Job Runner" daemon [_thread_blocked, id=13055, stack(0x00007fbd87043000,0x00007fbd87144000)]
  0x0000000003101000 JavaThread "Neo4j UDC Timer" daemon [_thread_blocked, id=13054, stack(0x00007fbd87344000,0x00007fbd87445000)]
=>0x0000000002bc2000 JavaThread "org.agfjord.graph.Main.main()" [_thread_in_vm, id=13039, stack(0x00007fbd8c094000,0x00007fbd8c195000)]
  0x000000000279a000 JavaThread "process reaper" daemon [_thread_blocked, id=13038, stack(0x00007fbd8c5ca000,0x00007fbd8c603000)]
  0x00007fbd88027000 JavaThread "Service Thread" daemon [_thread_blocked, id=13030, stack(0x00007fbd8cba2000,0x00007fbd8cca3000)]
  0x00007fbd88009800 JavaThread "C1 CompilerThread1" daemon [_thread_blocked, id=13029, stack(0x00007fbd8cca3000,0x00007fbd8cda4000)]
  0x00007fbd88006800 JavaThread "C2 CompilerThread0" daemon [_thread_in_native, id=13028, stack(0x00007fbd8cda4000,0x00007fbd8cea5000)]
  0x000000000214b000 JavaThread "Signal Dispatcher" daemon [_thread_blocked, id=13027, stack(0x00007fbd8cea5000,0x00007fbd8cfa6000)]
  0x000000000211b800 JavaThread "Finalizer" daemon [_thread_blocked, id=13026, stack(0x00007fbd8d11d000,0x00007fbd8d21e000)]
  0x0000000002117800 JavaThread "Reference Handler" daemon [_thread_blocked, id=13025, stack(0x00007fbd8d21e000,0x00007fbd8d31f000)]
  0x00000000020ad800 JavaThread "main" [_thread_blocked, id=13021, stack(0x00007fbda2e64000,0x00007fbda2f65000)]

Other Threads:
  0x0000000002112800 VMThread [stack: 0x00007fbd8d31f000,0x00007fbd8d420000] [id=13024]
  0x00007fbd88029800 WatcherThread [stack: 0x00007fbd8caa1000,0x00007fbd8cba2000] [id=13031]

VM state:not at safepoint (normal execution)

VM Mutex/Monitor currently owned by a thread: None

Heap:
 PSYoungGen      total 51712K, used 13762K [0x00000000ebb00000, 0x00000000f0580000, 0x0000000100000000)
  eden space 47616K, 28% used [0x00000000ebb00000,0x00000000ec8709b8,0x00000000ee980000)
  from space 4096K, 0% used [0x00000000ee980000,0x00000000ee980000,0x00000000eed80000)
  to   space 4608K, 0% used [0x00000000f0100000,0x00000000f0100000,0x00000000f0580000)
 ParOldGen       total 14336K, used 10825K [0x00000000c3000000, 0x00000000c3e00000, 0x00000000ebb00000)
  object space 14336K, 75% used [0x00000000c3000000,0x00000000c3a926c0,0x00000000c3e00000)
 Metaspace       used 22597K, capacity 22886K, committed 23296K, reserved 1069056K
  class space    used 2922K, capacity 3028K, committed 3072K, reserved 1048576K

Card table byte_map: [0x00007fbd90bb5000,0x00007fbd90d9e000] byte_map_base: 0x00007fbd9059d000

Marking Bits: (ParMarkBitMap*) 0x00007fbda236ecc0
 Begin Bits: [0x00007fbd8e9ed000, 0x00007fbd8f92d000)
 End Bits:   [0x00007fbd8f92d000, 0x00007fbd9086d000)

Polling page: 0x00007fbda2f77000

CodeCache: size=245760Kb used=7517Kb max_used=7537Kb free=238242Kb
 bounds [0x00007fbd9115e000, 0x00007fbd918ce000, 0x00007fbda015e000]
 total_blobs=3103 nmethods=2703 adapters=315
 compilation: enabled

Compilation events (10 events):
Event: 3.986 Thread 0x00007fbd88009800 nmethod 2741 0x00007fbd918b0d50 code [0x00007fbd918b0ec0, 0x00007fbd918b10c8]
Event: 3.991 Thread 0x00007fbd88009800 2742       2       sun.nio.ch.Util::access$000 (4 bytes)
Event: 3.991 Thread 0x00007fbd88009800 nmethod 2742 0x00007fbd918b0a50 code [0x00007fbd918b0ba0, 0x00007fbd918b0cd0]
Event: 3.992 Thread 0x00007fbd88009800 2743       1       org.neo4j.kernel.impl.nioneo.store.Record::intValue (5 bytes)
Event: 3.992 Thread 0x00007fbd88009800 nmethod 2743 0x00007fbd918b0790 code [0x00007fbd918b08e0, 0x00007fbd918b09f0]
Event: 3.992 Thread 0x00007fbd88009800 2744       2       java.lang.Long::valueOf (36 bytes)
Event: 3.992 Thread 0x00007fbd88009800 nmethod 2744 0x00007fbd918b0310 code [0x00007fbd918b0480, 0x00007fbd918b0670]
Event: 3.992 Thread 0x00007fbd88009800 2745       2       java.lang.ThreadLocal$ThreadLocalMap::getEntryAfterMiss (63 bytes)
Event: 3.992 Thread 0x00007fbd88009800 nmethod 2745 0x00007fbd918afd50 code [0x00007fbd918afec0, 0x00007fbd918b0168]
Event: 3.996 Thread 0x00007fbd88006800 nmethod 2268 0x00007fbd918bb010 code [0x00007fbd918bb2c0, 0x00007fbd918bd3f0]

GC Heap History (10 events):
Event: 1.997 GC heap before
{Heap before GC invocations=14 (full 0):
 PSYoungGen      total 20992K, used 20812K [0x00000000ebb00000, 0x00000000edd00000, 0x0000000100000000)
  eden space 18944K, 100% used [0x00000000ebb00000,0x00000000ecd80000,0x00000000ecd80000)
  from space 2048K, 91% used [0x00000000ecd80000,0x00000000ecf53220,0x00000000ecf80000)
  to   space 2048K, 0% used [0x00000000edb00000,0x00000000edb00000,0x00000000edd00000)
 ParOldGen       total 61952K, used 3317K [0x00000000c3000000, 0x00000000c6c80000, 0x00000000ebb00000)
  object space 61952K, 5% used [0x00000000c3000000,0x00000000c333d5a8,0x00000000c6c80000)
 Metaspace       used 13375K, capacity 13618K, committed 13824K, reserved 1060864K
  class space    used 1647K, capacity 1741K, committed 1792K, reserved 1048576K
Event: 2.004 GC heap after
Heap after GC invocations=14 (full 0):
 PSYoungGen      total 32256K, used 2028K [0x00000000ebb00000, 0x00000000ede00000, 0x0000000100000000)
  eden space 30208K, 0% used [0x00000000ebb00000,0x00000000ebb00000,0x00000000ed880000)
  from space 2048K, 99% used [0x00000000edb00000,0x00000000edcfb2d0,0x00000000edd00000)
  to   space 2560K, 0% used [0x00000000ed880000,0x00000000ed880000,0x00000000edb00000)
 ParOldGen       total 61952K, used 4358K [0x00000000c3000000, 0x00000000c6c80000, 0x00000000ebb00000)
  object space 61952K, 7% used [0x00000000c3000000,0x00000000c34418a8,0x00000000c6c80000)
 Metaspace       used 13375K, capacity 13618K, committed 13824K, reserved 1060864K
  class space    used 1647K, capacity 1741K, committed 1792K, reserved 1048576K
}
Event: 2.439 GC heap before
{Heap before GC invocations=15 (full 0):
 PSYoungGen      total 32256K, used 32236K [0x00000000ebb00000, 0x00000000ede00000, 0x0000000100000000)
  eden space 30208K, 100% used [0x00000000ebb00000,0x00000000ed880000,0x00000000ed880000)
  from space 2048K, 99% used [0x00000000edb00000,0x00000000edcfb2d0,0x00000000edd00000)
  to   space 2560K, 0% used [0x00000000ed880000,0x00000000ed880000,0x00000000edb00000)
 ParOldGen       total 61952K, used 4358K [0x00000000c3000000, 0x00000000c6c80000, 0x00000000ebb00000)
  object space 61952K, 7% used [0x00000000c3000000,0x00000000c34418a8,0x00000000c6c80000)
 Metaspace       used 13626K, capacity 13816K, committed 14080K, reserved 1060864K
  class space    used 1665K, capacity 1742K, committed 1792K, reserved 1048576K
Event: 2.448 GC heap after
Heap after GC invocations=15 (full 0):
 PSYoungGen      total 32768K, used 1632K [0x00000000ebb00000, 0x00000000ef080000, 0x0000000100000000)
  eden space 30208K, 0% used [0x00000000ebb00000,0x00000000ebb00000,0x00000000ed880000)
  from space 2560K, 63% used [0x00000000ed880000,0x00000000eda18020,0x00000000edb00000)
  to   space 3072K, 0% used [0x00000000eed80000,0x00000000eed80000,0x00000000ef080000)
 ParOldGen       total 61952K, used 5406K [0x00000000c3000000, 0x00000000c6c80000, 0x00000000ebb00000)
  object space 61952K, 8% used [0x00000000c3000000,0x00000000c35478c8,0x00000000c6c80000)
 Metaspace       used 13626K, capacity 13816K, committed 14080K, reserved 1060864K
  class space    used 1665K, capacity 1742K, committed 1792K, reserved 1048576K
}
Event: 3.024 GC heap before
{Heap before GC invocations=16 (full 0):
 PSYoungGen      total 32768K, used 31840K [0x00000000ebb00000, 0x00000000ef080000, 0x0000000100000000)
  eden space 30208K, 100% used [0x00000000ebb00000,0x00000000ed880000,0x00000000ed880000)
  from space 2560K, 63% used [0x00000000ed880000,0x00000000eda18020,0x00000000edb00000)
  to   space 3072K, 0% used [0x00000000eed80000,0x00000000eed80000,0x00000000ef080000)
 ParOldGen       total 61952K, used 5406K [0x00000000c3000000, 0x00000000c6c80000, 0x00000000ebb00000)
  object space 61952K, 8% used [0x00000000c3000000,0x00000000c35478c8,0x00000000c6c80000)
 Metaspace       used 16557K, capacity 16834K, committed 17152K, reserved 1064960K
  class space    used 2075K, capacity 2189K, committed 2304K, reserved 1048576K
Event: 3.038 GC heap after
Heap after GC invocations=16 (full 0):
 PSYoungGen      total 50688K, used 3071K [0x00000000ebb00000, 0x00000000ef280000, 0x0000000100000000)
  eden space 47616K, 0% used [0x00000000ebb00000,0x00000000ebb00000,0x00000000ee980000)
  from space 3072K, 99% used [0x00000000eed80000,0x00000000ef07ffe0,0x00000000ef080000)
  to   space 4096K, 0% used [0x00000000ee980000,0x00000000ee980000,0x00000000eed80000)
 ParOldGen       total 61952K, used 7356K [0x00000000c3000000, 0x00000000c6c80000, 0x00000000ebb00000)
  object space 61952K, 11% used [0x00000000c3000000,0x00000000c372f088,0x00000000c6c80000)
 Metaspace       used 16557K, capacity 16834K, committed 17152K, reserved 1064960K
  class space    used 2075K, capacity 2189K, committed 2304K, reserved 1048576K
}
Event: 3.506 GC heap before
{Heap before GC invocations=17 (full 0):
 PSYoungGen      total 50688K, used 23987K [0x00000000ebb00000, 0x00000000ef280000, 0x0000000100000000)
  eden space 47616K, 43% used [0x00000000ebb00000,0x00000000ecf6ccd8,0x00000000ee980000)
  from space 3072K, 99% used [0x00000000eed80000,0x00000000ef07ffe0,0x00000000ef080000)
  to   space 4096K, 0% used [0x00000000ee980000,0x00000000ee980000,0x00000000eed80000)
 ParOldGen       total 61952K, used 7356K [0x00000000c3000000, 0x00000000c6c80000, 0x00000000ebb00000)
  object space 61952K, 11% used [0x00000000c3000000,0x00000000c372f088,0x00000000c6c80000)
 Metaspace       used 20778K, capacity 21102K, committed 21248K, reserved 1067008K
  class space    used 2687K, capacity 2799K, committed 2816K, reserved 1048576K
Event: 3.521 GC heap after
Heap after GC invocations=17 (full 0):
 PSYoungGen      total 51712K, used 3832K [0x00000000ebb00000, 0x00000000f0580000, 0x0000000100000000)
  eden space 47616K, 0% used [0x00000000ebb00000,0x00000000ebb00000,0x00000000ee980000)
  from space 4096K, 93% used [0x00000000ee980000,0x00000000eed3e090,0x00000000eed80000)
  to   space 4608K, 0% used [0x00000000f0100000,0x00000000f0100000,0x00000000f0580000)
 ParOldGen       total 61952K, used 9276K [0x00000000c3000000, 0x00000000c6c80000, 0x00000000ebb00000)
  object space 61952K, 14% used [0x00000000c3000000,0x00000000c390f088,0x00000000c6c80000)
 Metaspace       used 20778K, capacity 21102K, committed 21248K, reserved 1067008K
  class space    used 2687K, capacity 2799K, committed 2816K, reserved 1048576K
}
Event: 3.521 GC heap before
{Heap before GC invocations=18 (full 1):
 PSYoungGen      total 51712K, used 3832K [0x00000000ebb00000, 0x00000000f0580000, 0x0000000100000000)
  eden space 47616K, 0% used [0x00000000ebb00000,0x00000000ebb00000,0x00000000ee980000)
  from space 4096K, 93% used [0x00000000ee980000,0x00000000eed3e090,0x00000000eed80000)
  to   space 4608K, 0% used [0x00000000f0100000,0x00000000f0100000,0x00000000f0580000)
 ParOldGen       total 61952K, used 9276K [0x00000000c3000000, 0x00000000c6c80000, 0x00000000ebb00000)
  object space 61952K, 14% used [0x00000000c3000000,0x00000000c390f088,0x00000000c6c80000)
 Metaspace       used 20778K, capacity 21102K, committed 21248K, reserved 1067008K
  class space    used 2687K, capacity 2799K, committed 2816K, reserved 1048576K
Event: 3.607 GC heap after
Heap after GC invocations=18 (full 1):
 PSYoungGen      total 51712K, used 0K [0x00000000ebb00000, 0x00000000f0580000, 0x0000000100000000)
  eden space 47616K, 0% used [0x00000000ebb00000,0x00000000ebb00000,0x00000000ee980000)
  from space 4096K, 0% used [0x00000000ee980000,0x00000000ee980000,0x00000000eed80000)
  to   space 4608K, 0% used [0x00000000f0100000,0x00000000f0100000,0x00000000f0580000)
 ParOldGen       total 14336K, used 10825K [0x00000000c3000000, 0x00000000c3e00000, 0x00000000ebb00000)
  object space 14336K, 75% used [0x00000000c3000000,0x00000000c3a926c0,0x00000000c3e00000)
 Metaspace       used 20778K, capacity 21102K, committed 21248K, reserved 1067008K
  class space    used 2687K, capacity 2799K, committed 2816K, reserved 1048576K
}

Deoptimization events (10 events):
Event: 1.836 Thread 0x00000000020ad800 Uncommon trap: reason=unreached action=reinterpret pc=0x00007fbd916475e8 method=java.util.HashMap.hash(Ljava/lang/Object;)I @ 1
Event: 1.836 Thread 0x00000000020ad800 Uncommon trap: reason=unreached action=reinterpret pc=0x00007fbd9150f968 method=java.util.HashMap.hash(Ljava/lang/Object;)I @ 1
Event: 2.589 Thread 0x00000000020ad800 Uncommon trap: reason=class_check action=maybe_recompile pc=0x00007fbd9146f830 method=java.lang.reflect.Executable.getAnnotation(Ljava/lang/Class;)Ljava/lang/annotation/Annotation; @ 19
Event: 2.662 Thread 0x0000000002bc2000 Uncommon trap: reason=class_check action=maybe_recompile pc=0x00007fbd913193f8 method=sun.misc.URLClassPath.getLoader(I)Lsun/misc/URLClassPath$Loader; @ 94
Event: 2.662 Thread 0x0000000002bc2000 Uncommon trap: reason=class_check action=maybe_recompile pc=0x00007fbd91495728 method=sun.misc.URLClassPath.getResource(Ljava/lang/String;Z)Lsun/misc/Resource; @ 53
Event: 2.664 Thread 0x0000000002bc2000 Uncommon trap: reason=class_check action=maybe_recompile pc=0x00007fbd913195c8 method=sun.misc.URLClassPath.getLoader(I)Lsun/misc/URLClassPath$Loader; @ 150
Event: 2.672 Thread 0x0000000002bc2000 Uncommon trap: reason=class_check action=maybe_recompile pc=0x00007fbd913195c8 method=sun.misc.URLClassPath.getLoader(I)Lsun/misc/URLClassPath$Loader; @ 150
Event: 2.673 Thread 0x0000000002bc2000 Uncommon trap: reason=class_check action=maybe_recompile pc=0x00007fbd913195c8 method=sun.misc.URLClassPath.getLoader(I)Lsun/misc/URLClassPath$Loader; @ 150
Event: 2.748 Thread 0x0000000002bc2000 Uncommon trap: reason=unreached action=reinterpret pc=0x00007fbd9159172c method=java.lang.AbstractStringBuilder.append(Ljava/lang/String;)Ljava/lang/AbstractStringBuilder; @ 1
Event: 3.341 Thread 0x0000000002bc2000 Uncommon trap: reason=class_check action=maybe_recompile pc=0x00007fbd9146f830 method=java.lang.reflect.Executable.getAnnotation(Ljava/lang/Class;)Ljava/lang/annotation/Annotation; @ 19

Internal exceptions (10 events):
Event: 3.990 Thread 0x0000000002bc2000 Exception <a 'java/security/PrivilegedActionException'> (0x00000000ec76afb0) thrown at [/HUDSON/workspace/8-2-build-linux-amd64/jdk8u5/2488/hotspot/src/share/vm/prims/jvm.cpp, line 1248]
Event: 3.990 Thread 0x0000000002bc2000 Exception <a 'java/security/PrivilegedActionException'> (0x00000000ec76b5e0) thrown at [/HUDSON/workspace/8-2-build-linux-amd64/jdk8u5/2488/hotspot/src/share/vm/prims/jvm.cpp, line 1248]
Event: 3.992 Thread 0x0000000002bc2000 Exception <a 'java/security/PrivilegedActionException'> (0x00000000ec7759e0) thrown at [/HUDSON/workspace/8-2-build-linux-amd64/jdk8u5/2488/hotspot/src/share/vm/prims/jvm.cpp, line 1248]
Event: 3.992 Thread 0x0000000002bc2000 Exception <a 'java/security/PrivilegedActionException'> (0x00000000ec775f90) thrown at [/HUDSON/workspace/8-2-build-linux-amd64/jdk8u5/2488/hotspot/src/share/vm/prims/jvm.cpp, line 1248]
Event: 3.994 Thread 0x0000000002bc2000 Exception <a 'java/security/PrivilegedActionException'> (0x00000000ec77d9d8) thrown at [/HUDSON/workspace/8-2-build-linux-amd64/jdk8u5/2488/hotspot/src/share/vm/prims/jvm.cpp, line 1248]
Event: 3.994 Thread 0x0000000002bc2000 Exception <a 'java/security/PrivilegedActionException'> (0x00000000ec77df18) thrown at [/HUDSON/workspace/8-2-build-linux-amd64/jdk8u5/2488/hotspot/src/share/vm/prims/jvm.cpp, line 1248]
Event: 3.994 Thread 0x0000000002bc2000 Exception <a 'java/security/PrivilegedActionException'> (0x00000000ec784d28) thrown at [/HUDSON/workspace/8-2-build-linux-amd64/jdk8u5/2488/hotspot/src/share/vm/prims/jvm.cpp, line 1248]
Event: 3.995 Thread 0x0000000002bc2000 Exception <a 'java/security/PrivilegedActionException'> (0x00000000ec7852e8) thrown at [/HUDSON/workspace/8-2-build-linux-amd64/jdk8u5/2488/hotspot/src/share/vm/prims/jvm.cpp, line 1248]
Event: 3.995 Thread 0x0000000002bc2000 Exception <a 'java/security/PrivilegedActionException'> (0x00000000ec800eb0) thrown at [/HUDSON/workspace/8-2-build-linux-amd64/jdk8u5/2488/hotspot/src/share/vm/prims/jvm.cpp, line 1248]
Event: 3.995 Thread 0x0000000002bc2000 Exception <a 'java/security/PrivilegedActionException'> (0x00000000ec801438) thrown at [/HUDSON/workspace/8-2-build-linux-amd64/jdk8u5/2488/hotspot/src/share/vm/prims/jvm.cpp, line 1248]

Events (10 events):
Event: 3.992 loading class org/neo4j/kernel/AvailabilityGuard$2
Event: 3.992 loading class org/neo4j/kernel/AvailabilityGuard$2 done
Event: 3.994 loading class org/agfjord/graph/Grammar
Event: 3.994 loading class org/agfjord/graph/Grammar done
Event: 3.994 loading class org/grammaticalframework/pgf/PGFError
Event: 3.994 loading class org/grammaticalframework/pgf/PGFError done
Event: 3.995 loading class org/grammaticalframework/pgf/PGF
Event: 3.995 loading class org/grammaticalframework/pgf/PGF done
Event: 3.995 loading class java/lang/ClassLoaderHelper
Event: 3.995 loading class java/lang/ClassLoaderHelper done


Dynamic libraries:
00400000-00401000 r-xp 00000000 08:01 1318028                            /usr/lib/jvm/java-8-oracle/bin/java
00600000-00601000 rw-p 00000000 08:01 1318028                            /usr/lib/jvm/java-8-oracle/bin/java
020a2000-03a5b000 rw-p 00000000 00:00 0                                  [heap]
c3000000-c3e00000 rw-p 00000000 00:00 0 
c3e00000-ebb00000 ---p 00000000 00:00 0 
ebb00000-f0580000 rw-p 00000000 00:00 0 
f0580000-100000000 ---p 00000000 00:00 0 
100000000-100300000 rw-p 00000000 00:00 0 
100300000-140000000 ---p 00000000 00:00 0 
7fbd866e2000-7fbd866f2000 r-xp 00000000 08:01 1188030                    /usr/local/lib/libgu.so.0.0.0
7fbd866f2000-7fbd868f1000 ---p 00010000 08:01 1188030                    /usr/local/lib/libgu.so.0.0.0
7fbd868f1000-7fbd868f2000 rw-p 0000f000 08:01 1188030                    /usr/local/lib/libgu.so.0.0.0
7fbd868f2000-7fbd8690f000 r-xp 00000000 08:01 1188034                    /usr/local/lib/libpgf.so.0.0.0
7fbd8690f000-7fbd86b0e000 ---p 0001d000 08:01 1188034                    /usr/local/lib/libpgf.so.0.0.0
7fbd86b0e000-7fbd86b10000 rw-p 0001c000 08:01 1188034                    /usr/local/lib/libpgf.so.0.0.0
7fbd86b1e000-7fbd86b1f000 rw-p 00000000 00:00 0 
7fbd86b1f000-7fbd86b27000 r-xp 00000000 08:01 1188229                    /usr/local/lib/libjpgf.so
7fbd86b27000-7fbd86d26000 ---p 00008000 08:01 1188229                    /usr/local/lib/libjpgf.so
7fbd86d26000-7fbd86d27000 rw-p 00007000 08:01 1188229                    /usr/local/lib/libjpgf.so
7fbd86d27000-7fbd86d2a000 ---p 00000000 00:00 0 
7fbd86d2a000-7fbd86e28000 rw-p 00000000 00:00 0 
7fbd86e28000-7fbd86e29000 r--s 00000000 08:01 4876178                    /home/eidel/Documents/School/Exjobb/Programming/bundle/mock-data/data/schema/index/lucene/4/_0.fdx
7fbd86e29000-7fbd86e2a000 r--s 00000000 08:01 4876177                    /home/eidel/Documents/School/Exjobb/Programming/bundle/mock-data/data/schema/index/lucene/4/_0.fdt
7fbd86e2a000-7fbd86e2b000 r--s 00000000 08:01 4876181                    /home/eidel/Documents/School/Exjobb/Programming/bundle/mock-data/data/schema/index/lucene/4/_0.frq
7fbd86e2b000-7fbd86e2c000 r--s 00000000 08:01 4876179                    /home/eidel/Documents/School/Exjobb/Programming/bundle/mock-data/data/schema/index/lucene/4/_0.tis
7fbd86e2c000-7fbd86e2d000 r--s 00000000 08:01 4876185                    /home/eidel/Documents/School/Exjobb/Programming/bundle/mock-data/data/schema/index/lucene/2/_0.fdx
7fbd86e2d000-7fbd86e2e000 r--s 00000000 08:01 4876184                    /home/eidel/Documents/School/Exjobb/Programming/bundle/mock-data/data/schema/index/lucene/2/_0.fdt
7fbd86e2e000-7fbd86e2f000 r--s 00000000 08:01 4876188                    /home/eidel/Documents/School/Exjobb/Programming/bundle/mock-data/data/schema/index/lucene/2/_0.frq
7fbd86e2f000-7fbd86e30000 r--s 00000000 08:01 4876186                    /home/eidel/Documents/School/Exjobb/Programming/bundle/mock-data/data/schema/index/lucene/2/_0.tis
7fbd86e30000-7fbd86e31000 r--s 00000000 08:01 4876193                    /home/eidel/Documents/School/Exjobb/Programming/bundle/mock-data/data/schema/index/lucene/1/_0.fdx
7fbd86e31000-7fbd86e32000 r--s 00000000 08:01 4876199                    /home/eidel/Documents/School/Exjobb/Programming/bundle/mock-data/data/schema/label/lucene/_6.cfs
7fbd86e32000-7fbd86e33000 r--s 00000000 08:01 4876192                    /home/eidel/Documents/School/Exjobb/Programming/bundle/mock-data/data/schema/label/lucene/_3.cfs
7fbd86e33000-7fbd86e39000 r--s 00000000 08:01 4876171                    /home/eidel/Documents/School/Exjobb/Programming/bundle/mock-data/data/schema/label/lucene/_1.fdx
7fbd86e39000-7fbd86e43000 r--s 00000000 08:01 4876170                    /home/eidel/Documents/School/Exjobb/Programming/bundle/mock-data/data/schema/label/lucene/_1.fdt
7fbd86e43000-7fbd87003000 rw-p 00000000 00:00 0 
7fbd87003000-7fbd87043000 ---p 00000000 00:00 0 
7fbd87043000-7fbd87046000 ---p 00000000 00:00 0 
7fbd87046000-7fbd87344000 rw-p 00000000 00:00 0 
7fbd87344000-7fbd87347000 ---p 00000000 00:00 0 
7fbd87347000-7fbd87445000 rw-p 00000000 00:00 0 
7fbd87445000-7fbd8744d000 r-xp 00000000 08:01 1317753                    /usr/lib/jvm/java-8-oracle/jre/lib/amd64/libmanagement.so
7fbd8744d000-7fbd8764d000 ---p 00008000 08:01 1317753                    /usr/lib/jvm/java-8-oracle/jre/lib/amd64/libmanagement.so
7fbd8764d000-7fbd8764e000 rw-p 00008000 08:01 1317753                    /usr/lib/jvm/java-8-oracle/jre/lib/amd64/libmanagement.so
7fbd8764e000-7fbd8784e000 rw-p 00000000 00:00 0 
7fbd8784e000-7fbd87863000 r-xp 00000000 08:01 4194308                    /lib/x86_64-linux-gnu/libgcc_s.so.1
7fbd87863000-7fbd87a63000 ---p 00015000 08:01 4194308                    /lib/x86_64-linux-gnu/libgcc_s.so.1
7fbd87a63000-7fbd87a64000 rw-p 00015000 08:01 4194308                    /lib/x86_64-linux-gnu/libgcc_s.so.1
7fbd87a64000-7fbd87a65000 r--s 00000000 08:01 4876191                    /home/eidel/Documents/School/Exjobb/Programming/bundle/mock-data/data/schema/index/lucene/1/_0.fdt
7fbd87a65000-7fbd87a66000 r--s 00000000 08:01 4876196                    /home/eidel/Documents/School/Exjobb/Programming/bundle/mock-data/data/schema/index/lucene/1/_0.frq
7fbd87a66000-7fbd87a67000 r--s 00000000 08:01 4876194                    /home/eidel/Documents/School/Exjobb/Programming/bundle/mock-data/data/schema/index/lucene/1/_0.tis
7fbd87a67000-7fbd87a6a000 r--s 00000000 08:01 4876174                    /home/eidel/Documents/School/Exjobb/Programming/bundle/mock-data/data/schema/label/lucene/_1.frq
7fbd87a6a000-7fbd87a6f000 r--s 00000000 08:01 4876172                    /home/eidel/Documents/School/Exjobb/Programming/bundle/mock-data/data/schema/label/lucene/_1.tis
7fbd87a6f000-7fbd87a70000 r--s 00000000 08:01 4876164                    /home/eidel/Documents/School/Exjobb/Programming/bundle/mock-data/data/schema/label/lucene/_0.fdx
7fbd87a70000-7fbd87a71000 r--s 00000000 08:01 4876163                    /home/eidel/Documents/School/Exjobb/Programming/bundle/mock-data/data/schema/label/lucene/_0.fdt
7fbd87a71000-7fbd87a72000 r--s 00000000 08:01 4876167                    /home/eidel/Documents/School/Exjobb/Programming/bundle/mock-data/data/schema/label/lucene/_0.frq
7fbd87a72000-7fbd87a73000 r--s 00000000 08:01 4876165                    /home/eidel/Documents/School/Exjobb/Programming/bundle/mock-data/data/schema/label/lucene/_0.tis
7fbd87a73000-7fbd87aa5000 r-xp 00000000 08:01 1317740                    /usr/lib/jvm/java-8-oracle/jre/lib/amd64/libsunec.so
7fbd87aa5000-7fbd87ca4000 ---p 00032000 08:01 1317740                    /usr/lib/jvm/java-8-oracle/jre/lib/amd64/libsunec.so
7fbd87ca4000-7fbd87caa000 rw-p 00031000 08:01 1317740                    /usr/lib/jvm/java-8-oracle/jre/lib/amd64/libsunec.so
7fbd87caa000-7fbd87cba000 rw-p 00000000 00:00 0 
7fbd87cba000-7fbd87cbb000 r--s 00009000 08:01 1317835                    /usr/lib/jvm/java-8-oracle/jre/lib/ext/sunec.jar
7fbd87cbb000-7fbd87cbe000 r--s 00019000 08:01 1318005                    /usr/lib/jvm/java-8-oracle/jre/lib/jce.jar
7fbd87cbe000-7fbd87cc0000 r--s 0000d000 08:01 4719885                    /home/eidel/.m2/repository/commons-logging/commons-logging/1.1.1/commons-logging-1.1.1.jar
7fbd87cc0000-7fbd87cc2000 r--s 00004000 08:01 4850423                    /home/eidel/.m2/repository/org/slf4j/slf4j-api/1.5.6/slf4j-api-1.5.6.jar
7fbd87cc2000-7fbd87cc3000 r--s 00001000 08:01 4850434                    /home/eidel/.m2/repository/org/slf4j/slf4j-simple/1.5.6/slf4j-simple-1.5.6.jar
7fbd87cc3000-7fbd87cc4000 r--s 00005000 08:01 4850388                    /home/eidel/.m2/repository/org/noggit/noggit/0.5/noggit-0.5.jar
7fbd87cc4000-7fbd87ccb000 r--s 00079000 08:01 4849899                    /home/eidel/.m2/repository/org/codehaus/woodstox/wstx-asl/3.2.7/wstx-asl-3.2.7.jar
7fbd87ccb000-7fbd87cd7000 r--s 000b3000 08:01 4721553                    /home/eidel/.m2/repository/org/apache/zookeeper/zookeeper/3.4.5/zookeeper-3.4.5.jar
7fbd87cd7000-7fbd87cd9000 r--s 00008000 08:01 4720354                    /home/eidel/.m2/repository/org/apache/httpcomponents/httpmime/4.3.1/httpmime-4.3.1.jar
7fbd87cd9000-7fbd87d4b000 r--s 0065a000 08:01 4850409                    /home/eidel/.m2/repository/org/scala-lang/scala-library/2.10.3/scala-library-2.10.3.jar
7fbd87d4b000-7fbd87dbb000 r--s 004b8000 08:01 4850178                    /home/eidel/.m2/repository/org/neo4j/neo4j-cypher-compiler-2.0/2.0.3/neo4j-cypher-compiler-2.0-2.0.3.jar
7fbd87dbb000-7fbd87e00000 r--s 002a1000 08:01 4850164                    /home/eidel/.m2/repository/org/neo4j/neo4j-cypher-compiler-1.9/2.0.3/neo4j-cypher-compiler-1.9-2.0.3.jar
7fbd87e00000-7fbd88000000 rw-p 00000000 00:00 0 
7fbd88000000-7fbd896a0000 rw-p 00000000 00:00 0 
7fbd896a0000-7fbd8c000000 ---p 00000000 00:00 0 
7fbd8c000000-7fbd8c006000 r--s 0003f000 08:01 4720347                    /home/eidel/.m2/repository/org/apache/httpcomponents/httpcore/4.3/httpcore-4.3.jar
7fbd8c006000-7fbd8c011000 r--s 00084000 08:01 4720280                    /home/eidel/.m2/repository/org/apache/httpcomponents/httpclient/4.3.1/httpclient-4.3.1.jar
7fbd8c011000-7fbd8c01a000 r--s 0006d000 08:01 4719993                    /home/eidel/.m2/repository/log4j/log4j/1.2.16/log4j-1.2.16.jar
7fbd8c01a000-7fbd8c01d000 r--s 00025000 08:01 4719833                    /home/eidel/.m2/repository/commons-io/commons-io/2.1/commons-io-2.1.jar
7fbd8c01d000-7fbd8c025000 r--s 0005e000 08:01 4721410                    /home/eidel/.m2/repository/org/apache/solr/solr-solrj/4.7.0/solr-solrj-4.7.0.jar
7fbd8c025000-7fbd8c027000 r--s 00003000 08:01 4876243                    /home/eidel/.m2/repository/org/grammaticalframework/pgf/1.0/pgf-1.0.jar
7fbd8c027000-7fbd8c028000 r--s 0000b000 08:01 4850262                    /home/eidel/.m2/repository/org/neo4j/neo4j-jmx/2.0.3/neo4j-jmx-2.0.3.jar
7fbd8c028000-7fbd8c02b000 r--s 0000b000 08:01 4719720                    /home/eidel/.m2/repository/com/googlecode/concurrentlinkedhashmap/concurrentlinkedhashmap-lru/1.3.1/concurrentlinkedhashmap-lru-1.3.1.jar
7fbd8c02b000-7fbd8c02c000 r--s 00003000 08:01 4720023                    /home/eidel/.m2/repository/net/sf/opencsv/opencsv/2.0/opencsv-2.0.jar
7fbd8c02c000-7fbd8c031000 r--s 00029000 08:01 4850395                    /home/eidel/.m2/repository/org/parboiled/parboiled-core/1.1.6/parboiled-core-1.1.6.jar
7fbd8c031000-7fbd8c036000 r--s 00036000 08:01 4850402                    /home/eidel/.m2/repository/org/parboiled/parboiled-scala_2.10/1.1.6/parboiled-scala_2.10-1.1.6.jar
7fbd8c036000-7fbd8c03a000 r--s 00029000 08:01 4850143                    /home/eidel/.m2/repository/org/neo4j/neo4j-cypher-commons/2.0.3/neo4j-cypher-commons-2.0.3.jar
7fbd8c03a000-7fbd8c03d000 r--s 0001c000 08:01 4850199                    /home/eidel/.m2/repository/org/neo4j/neo4j-cypher/2.0.3/neo4j-cypher-2.0.3.jar
7fbd8c03d000-7fbd8c03f000 r--s 0000c000 08:01 4850241                    /home/eidel/.m2/repository/org/neo4j/neo4j-graph-matching/2.0.3/neo4j-graph-matching-2.0.3.jar
7fbd8c03f000-7fbd8c041000 r--s 00008000 08:01 4850332                    /home/eidel/.m2/repository/org/neo4j/neo4j-udc/2.0.3/neo4j-udc-2.0.3.jar
7fbd8c041000-7fbd8c045000 r--s 00024000 08:01 4850220                    /home/eidel/.m2/repository/org/neo4j/neo4j-graph-algo/2.0.3/neo4j-graph-algo-2.0.3.jar
7fbd8c045000-7fbd8c05e000 r--s 0015f000 08:01 4720418                    /home/eidel/.m2/repository/org/apache/lucene/lucene-core/3.6.2/lucene-core-3.6.2.jar
7fbd8c05e000-7fbd8c064000 r--s 00038000 08:01 4850304                    /home/eidel/.m2/repository/org/neo4j/neo4j-lucene-index/2.0.3/neo4j-lucene-index-2.0.3.jar
7fbd8c064000-7fbd8c065000 r--s 00003000 08:01 4720225                    /home/eidel/.m2/repository/org/apache/geronimo/specs/geronimo-jta_1.1_spec/1.1.1/geronimo-jta_1.1_spec-1.1.1.jar
7fbd8c065000-7fbd8c093000 r--s 001e1000 08:01 4850283                    /home/eidel/.m2/repository/org/neo4j/neo4j-kernel/2.0.3/neo4j-kernel-2.0.3.jar
7fbd8c093000-7fbd8c094000 r--s 00005000 08:01 4850353                    /home/eidel/.m2/repository/org/neo4j/neo4j/2.0.3/neo4j-2.0.3.jar
7fbd8c094000-7fbd8c097000 ---p 00000000 00:00 0 
7fbd8c097000-7fbd8c195000 rw-p 00000000 00:00 0 
7fbd8c195000-7fbd8c197000 r--s 0000b000 08:01 4723914                    /home/eidel/.m2/repository/org/apache/commons/commons-exec/1.1/commons-exec-1.1.jar
7fbd8c197000-7fbd8c19b000 r--s 00033000 08:01 4721838                    /home/eidel/.m2/repository/org/codehaus/plexus/plexus-utils/2.0.5/plexus-utils-2.0.5.jar
7fbd8c19b000-7fbd8c19d000 r--s 00002000 08:01 4721741                    /home/eidel/.m2/repository/org/codehaus/plexus/plexus-interactivity-api/1.0-alpha-4/plexus-interactivity-api-1.0-alpha-4.jar
7fbd8c19d000-7fbd8c19f000 r--s 00006000 08:01 4459542                    /home/eidel/.m2/repository/commons-cli/commons-cli/1.0/commons-cli-1.0.jar
7fbd8c19f000-7fbd8c1a0000 r--s 00001000 08:01 4720572                    /home/eidel/.m2/repository/org/apache/maven/doxia/doxia-sink-api/1.0-alpha-7/doxia-sink-api-1.0-alpha-7.jar
7fbd8c1a0000-7fbd8c1a1000 r--s 00002000 08:01 4721292                    /home/eidel/.m2/repository/org/apache/maven/reporting/maven-reporting-api/2.0.6/maven-reporting-api-2.0.6.jar
7fbd8c1a1000-7fbd8c1a3000 r--s 00008000 08:01 4723908                    /home/eidel/.m2/repository/org/codehaus/mojo/exec-maven-plugin/1.2.1/exec-maven-plugin-1.2.1.jar
7fbd8c1a3000-7fbd8c1b3000 r-xp 00000000 08:01 1317749                    /usr/lib/jvm/java-8-oracle/jre/lib/amd64/libnio.so
7fbd8c1b3000-7fbd8c3b3000 ---p 00010000 08:01 1317749                    /usr/lib/jvm/java-8-oracle/jre/lib/amd64/libnio.so
7fbd8c3b3000-7fbd8c3b4000 rw-p 00010000 08:01 1317749                    /usr/lib/jvm/java-8-oracle/jre/lib/amd64/libnio.so
7fbd8c3b4000-7fbd8c3ca000 r-xp 00000000 08:01 1317764                    /usr/lib/jvm/java-8-oracle/jre/lib/amd64/libnet.so
7fbd8c3ca000-7fbd8c5c9000 ---p 00016000 08:01 1317764                    /usr/lib/jvm/java-8-oracle/jre/lib/amd64/libnet.so
7fbd8c5c9000-7fbd8c5ca000 rw-p 00015000 08:01 1317764                    /usr/lib/jvm/java-8-oracle/jre/lib/amd64/libnet.so
7fbd8c5ca000-7fbd8c5cd000 ---p 00000000 00:00 0 
7fbd8c5cd000-7fbd8c603000 rw-p 00000000 00:00 0 
7fbd8c603000-7fbd8c604000 r--p 00000000 00:00 0 
7fbd8c604000-7fbd8c804000 rw-p 00000000 00:00 0 
7fbd8c804000-7fbd8c809000 r--s 00092000 08:01 1317885                    /usr/lib/jvm/java-8-oracle/jre/lib/jsse.jar
7fbd8c809000-7fbd8ca09000 rw-p 00000000 00:00 0 
7fbd8ca09000-7fbd8ca14000 r--s 0021a000 08:01 1317839                    /usr/lib/jvm/java-8-oracle/jre/lib/ext/localedata.jar
7fbd8ca14000-7fbd8ca30000 r--s 00393000 08:01 1317837                    /usr/lib/jvm/java-8-oracle/jre/lib/ext/cldrdata.jar
7fbd8ca30000-7fbd8ca32000 r--s 00008000 08:01 2884224                    /usr/share/maven/lib/maven-embedder-3.0.4.jar
7fbd8ca32000-7fbd8ca3e000 r--s 0007c000 08:01 2884225                    /usr/share/maven/lib/maven-core-3.0.4.jar
7fbd8ca3e000-7fbd8ca42000 r--s 0001c000 08:01 2883925                    /usr/share/maven-repo/org/sonatype/aether/aether-util/1.13.1/aether-util-1.13.1.jar
7fbd8ca42000-7fbd8ca43000 r--s 00003000 08:01 2883901                    /usr/share/maven-repo/org/sonatype/aether/aether-spi/1.13.1/aether-spi-1.13.1.jar
7fbd8ca43000-7fbd8ca49000 r--s 0003e000 08:01 2884229                    /usr/share/maven/lib/maven-compat-3.0.4.jar
7fbd8ca49000-7fbd8ca4f000 r--s 0002c000 08:01 1464572                    /usr/share/java/sisu-inject-plexus.jar
7fbd8ca4f000-7fbd8ca51000 r--s 00025000 08:01 2884220                    /usr/share/maven/lib/maven-model-3.0.4.jar
7fbd8ca51000-7fbd8ca53000 r--s 00009000 08:01 2884227                    /usr/share/maven/lib/maven-plugin-api-3.0.4.jar
7fbd8ca53000-7fbd8ca57000 r--s 00020000 08:01 2884222                    /usr/share/maven/lib/maven-model-builder-3.0.4.jar
7fbd8ca57000-7fbd8ca59000 r--s 0000b000 08:01 2884223                    /usr/share/maven/lib/maven-aether-provider-3.0.4.jar
7fbd8ca59000-7fbd8ca5c000 r--s 00013000 08:01 2883948                    /usr/share/maven-repo/org/sonatype/aether/aether-api/1.13.1/aether-api-1.13.1.jar
7fbd8ca5c000-7fbd8ca60000 r--s 00033000 08:01 1464548                    /usr/share/java/plexus-utils2-2.0.5.jar
7fbd8ca60000-7fbd8ca78000 r--s 000d6000 08:01 1464685                    /usr/share/java/wagon-http-shaded-2.x.jar
7fbd8ca78000-7fbd8ca7e000 r--s 00046000 08:01 1464393                    /usr/share/java/commons-httpclient-3.1.jar
7fbd8ca7e000-7fbd8ca9f000 r--s 0013f000 08:01 1464566                    /usr/share/java/guava-11.0.2.jar
7fbd8ca9f000-7fbd8caa1000 r--s 0000a000 08:01 1464208                    /usr/share/java/plexus-classworlds2-2.4.jar
7fbd8caa1000-7fbd8caa2000 ---p 00000000 00:00 0 
7fbd8caa2000-7fbd8cba2000 rw-p 00000000 00:00 0 
7fbd8cba2000-7fbd8cba5000 ---p 00000000 00:00 0 
7fbd8cba5000-7fbd8cca3000 rw-p 00000000 00:00 0 
7fbd8cca3000-7fbd8cca6000 ---p 00000000 00:00 0 
7fbd8cca6000-7fbd8cda4000 rw-p 00000000 00:00 0 
7fbd8cda4000-7fbd8cda7000 ---p 00000000 00:00 0 
7fbd8cda7000-7fbd8cea5000 rw-p 00000000 00:00 0 
7fbd8cea5000-7fbd8cea8000 ---p 00000000 00:00 0 
7fbd8cea8000-7fbd8cfa6000 rw-p 00000000 00:00 0 
7fbd8cfa6000-7fbd8d11d000 r--p 00000000 08:01 1048641                    /usr/lib/locale/locale-archive
7fbd8d11d000-7fbd8d120000 ---p 00000000 00:00 0 
7fbd8d120000-7fbd8d21e000 rw-p 00000000 00:00 0 
7fbd8d21e000-7fbd8d221000 ---p 00000000 00:00 0 
7fbd8d221000-7fbd8d31f000 rw-p 00000000 00:00 0 
7fbd8d31f000-7fbd8d320000 ---p 00000000 00:00 0 
7fbd8d320000-7fbd8ddba000 rw-p 00000000 00:00 0 
7fbd8ddba000-7fbd8df8f000 r--s 03c4d000 08:01 1317886                    /usr/lib/jvm/java-8-oracle/jre/lib/rt.jar
7fbd8df8f000-7fbd9086d000 rw-p 00000000 00:00 0 
7fbd9086d000-7fbd9086e000 ---p 00000000 00:00 0 
7fbd9086e000-7fbd9096e000 rw-p 00000000 00:00 0 
7fbd9096e000-7fbd9096f000 ---p 00000000 00:00 0 
7fbd9096f000-7fbd90a76000 rw-p 00000000 00:00 0 
7fbd90a76000-7fbd90bb5000 ---p 00000000 00:00 0 
7fbd90bb5000-7fbd90bbc000 rw-p 00000000 00:00 0 
7fbd90bbc000-7fbd90cfa000 ---p 00000000 00:00 0 
7fbd90cfa000-7fbd90d20000 rw-p 00000000 00:00 0 
7fbd90d20000-7fbd90d9d000 ---p 00000000 00:00 0 
7fbd90d9d000-7fbd90dbc000 rw-p 00000000 00:00 0 
7fbd90dbc000-7fbd9115e000 ---p 00000000 00:00 0 
7fbd9115e000-7fbd918ce000 rwxp 00000000 00:00 0 
7fbd918ce000-7fbda015e000 ---p 00000000 00:00 0 
7fbda015e000-7fbda017a000 r-xp 00000000 08:01 1317732                    /usr/lib/jvm/java-8-oracle/jre/lib/amd64/libzip.so
7fbda017a000-7fbda0379000 ---p 0001c000 08:01 1317732                    /usr/lib/jvm/java-8-oracle/jre/lib/amd64/libzip.so
7fbda0379000-7fbda037a000 rw-p 0001b000 08:01 1317732                    /usr/lib/jvm/java-8-oracle/jre/lib/amd64/libzip.so
7fbda037a000-7fbda0385000 r-xp 00000000 08:01 4197618                    /lib/x86_64-linux-gnu/libnss_files-2.13.so
7fbda0385000-7fbda0584000 ---p 0000b000 08:01 4197618                    /lib/x86_64-linux-gnu/libnss_files-2.13.so
7fbda0584000-7fbda0585000 r--p 0000a000 08:01 4197618                    /lib/x86_64-linux-gnu/libnss_files-2.13.so
7fbda0585000-7fbda0586000 rw-p 0000b000 08:01 4197618                    /lib/x86_64-linux-gnu/libnss_files-2.13.so
7fbda0586000-7fbda0590000 r-xp 00000000 08:01 4197620                    /lib/x86_64-linux-gnu/libnss_nis-2.13.so
7fbda0590000-7fbda078f000 ---p 0000a000 08:01 4197620                    /lib/x86_64-linux-gnu/libnss_nis-2.13.so
7fbda078f000-7fbda0790000 r--p 00009000 08:01 4197620                    /lib/x86_64-linux-gnu/libnss_nis-2.13.so
7fbda0790000-7fbda0791000 rw-p 0000a000 08:01 4197620                    /lib/x86_64-linux-gnu/libnss_nis-2.13.so
7fbda0791000-7fbda07a6000 r-xp 00000000 08:01 4197615                    /lib/x86_64-linux-gnu/libnsl-2.13.so
7fbda07a6000-7fbda09a5000 ---p 00015000 08:01 4197615                    /lib/x86_64-linux-gnu/libnsl-2.13.so
7fbda09a5000-7fbda09a6000 r--p 00014000 08:01 4197615                    /lib/x86_64-linux-gnu/libnsl-2.13.so
7fbda09a6000-7fbda09a7000 rw-p 00015000 08:01 4197615                    /lib/x86_64-linux-gnu/libnsl-2.13.so
7fbda09a7000-7fbda09a9000 rw-p 00000000 00:00 0 
7fbda09a9000-7fbda09b0000 r-xp 00000000 08:01 4197616                    /lib/x86_64-linux-gnu/libnss_compat-2.13.so
7fbda09b0000-7fbda0baf000 ---p 00007000 08:01 4197616                    /lib/x86_64-linux-gnu/libnss_compat-2.13.so
7fbda0baf000-7fbda0bb0000 r--p 00006000 08:01 4197616                    /lib/x86_64-linux-gnu/libnss_compat-2.13.so
7fbda0bb0000-7fbda0bb1000 rw-p 00007000 08:01 4197616                    /lib/x86_64-linux-gnu/libnss_compat-2.13.so
7fbda0bb1000-7fbda0bdb000 r-xp 00000000 08:01 1317760                    /usr/lib/jvm/java-8-oracle/jre/lib/amd64/libjava.so
7fbda0bdb000-7fbda0ddb000 ---p 0002a000 08:01 1317760                    /usr/lib/jvm/java-8-oracle/jre/lib/amd64/libjava.so
7fbda0ddb000-7fbda0ddd000 rw-p 0002a000 08:01 1317760                    /usr/lib/jvm/java-8-oracle/jre/lib/amd64/libjava.so
7fbda0ddd000-7fbda0dea000 r-xp 00000000 08:01 1317762                    /usr/lib/jvm/java-8-oracle/jre/lib/amd64/libverify.so
7fbda0dea000-7fbda0fea000 ---p 0000d000 08:01 1317762                    /usr/lib/jvm/java-8-oracle/jre/lib/amd64/libverify.so
7fbda0fea000-7fbda0fec000 rw-p 0000d000 08:01 1317762                    /usr/lib/jvm/java-8-oracle/jre/lib/amd64/libverify.so
7fbda0fec000-7fbda0ff3000 r-xp 00000000 08:01 4197625                    /lib/x86_64-linux-gnu/librt-2.13.so
7fbda0ff3000-7fbda11f2000 ---p 00007000 08:01 4197625                    /lib/x86_64-linux-gnu/librt-2.13.so
7fbda11f2000-7fbda11f3000 r--p 00006000 08:01 4197625                    /lib/x86_64-linux-gnu/librt-2.13.so
7fbda11f3000-7fbda11f4000 rw-p 00007000 08:01 4197625                    /lib/x86_64-linux-gnu/librt-2.13.so
7fbda11f4000-7fbda1275000 r-xp 00000000 08:01 4197613                    /lib/x86_64-linux-gnu/libm-2.13.so
7fbda1275000-7fbda1474000 ---p 00081000 08:01 4197613                    /lib/x86_64-linux-gnu/libm-2.13.so
7fbda1474000-7fbda1475000 r--p 00080000 08:01 4197613                    /lib/x86_64-linux-gnu/libm-2.13.so
7fbda1475000-7fbda1476000 rw-p 00081000 08:01 4197613                    /lib/x86_64-linux-gnu/libm-2.13.so
7fbda1476000-7fbda2090000 r-xp 00000000 08:01 1317719                    /usr/lib/jvm/java-8-oracle/jre/lib/amd64/server/libjvm.so
7fbda2090000-7fbda228f000 ---p 00c1a000 08:01 1317719                    /usr/lib/jvm/java-8-oracle/jre/lib/amd64/server/libjvm.so
7fbda228f000-7fbda2358000 rw-p 00c19000 08:01 1317719                    /usr/lib/jvm/java-8-oracle/jre/lib/amd64/server/libjvm.so
7fbda2358000-7fbda2399000 rw-p 00000000 00:00 0 
7fbda2399000-7fbda251b000 r-xp 00000000 08:01 4197609                    /lib/x86_64-linux-gnu/libc-2.13.so
7fbda251b000-7fbda271a000 ---p 00182000 08:01 4197609                    /lib/x86_64-linux-gnu/libc-2.13.so
7fbda271a000-7fbda271e000 r--p 00181000 08:01 4197609                    /lib/x86_64-linux-gnu/libc-2.13.so
7fbda271e000-7fbda271f000 rw-p 00185000 08:01 4197609                    /lib/x86_64-linux-gnu/libc-2.13.so
7fbda271f000-7fbda2724000 rw-p 00000000 00:00 0 
7fbda2724000-7fbda2726000 r-xp 00000000 08:01 4197612                    /lib/x86_64-linux-gnu/libdl-2.13.so
7fbda2726000-7fbda2926000 ---p 00002000 08:01 4197612                    /lib/x86_64-linux-gnu/libdl-2.13.so
7fbda2926000-7fbda2927000 r--p 00002000 08:01 4197612                    /lib/x86_64-linux-gnu/libdl-2.13.so
7fbda2927000-7fbda2928000 rw-p 00003000 08:01 4197612                    /lib/x86_64-linux-gnu/libdl-2.13.so
7fbda2928000-7fbda293f000 r-xp 00000000 08:01 1318124                    /usr/lib/jvm/java-8-oracle/lib/amd64/jli/libjli.so
7fbda293f000-7fbda2b3e000 ---p 00017000 08:01 1318124                    /usr/lib/jvm/java-8-oracle/lib/amd64/jli/libjli.so
7fbda2b3e000-7fbda2b3f000 rw-p 00016000 08:01 1318124                    /usr/lib/jvm/java-8-oracle/lib/amd64/jli/libjli.so
7fbda2b3f000-7fbda2b56000 r-xp 00000000 08:01 4197623                    /lib/x86_64-linux-gnu/libpthread-2.13.so
7fbda2b56000-7fbda2d55000 ---p 00017000 08:01 4197623                    /lib/x86_64-linux-gnu/libpthread-2.13.so
7fbda2d55000-7fbda2d56000 r--p 00016000 08:01 4197623                    /lib/x86_64-linux-gnu/libpthread-2.13.so
7fbda2d56000-7fbda2d57000 rw-p 00017000 08:01 4197623                    /lib/x86_64-linux-gnu/libpthread-2.13.so
7fbda2d57000-7fbda2d5b000 rw-p 00000000 00:00 0 
7fbda2d5b000-7fbda2d7b000 r-xp 00000000 08:01 4197606                    /lib/x86_64-linux-gnu/ld-2.13.so
7fbda2d7b000-7fbda2d7c000 r--s 00006000 08:01 1464385                    /usr/share/java/plexus-sec-dispatcher.jar
7fbda2d7c000-7fbda2d7e000 r--s 0000a000 08:01 1464682                    /usr/share/java/wagon-provider-api-2.x.jar
7fbda2d7e000-7fbda2d80000 r--s 0000c000 08:01 1464124                    /usr/share/java/commons-logging-1.1.1.jar
7fbda2d80000-7fbda2d82000 r--s 00002000 08:01 1464383                    /usr/share/java/plexus-cipher.jar
7fbda2d82000-7fbda2d84000 r--s 0000a000 08:01 2884230                    /usr/share/maven/lib/maven-artifact-3.0.4.jar
7fbda2d84000-7fbda2d8b000 r--s 00040000 08:01 1464578                    /usr/share/java/sisu-inject-bean.jar
7fbda2d8b000-7fbda2d8d000 r--s 0000b000 08:01 2756883                    /usr/share/maven-repo/org/codehaus/plexus/plexus-interpolation/1.11/plexus-interpolation-1.11.jar
7fbda2d8d000-7fbda2d8f000 r--s 00003000 08:01 1464230                    /usr/share/java/jsr305-0.1~+svn49.jar
7fbda2d8f000-7fbda2d91000 r--s 00000000 08:01 1464553                    /usr/share/java/plexus-component-annotations-1.5-1.5.5.jar
7fbda2d91000-7fbda2d97000 r--s 00034000 08:01 1464252                    /usr/share/java/commons-codec-1.6.jar
7fbda2d97000-7fbda2d99000 r--s 00007000 08:01 2884226                    /usr/share/maven/lib/maven-settings-builder-3.0.4.jar
7fbda2d99000-7fbda2da5000 r--s 00082000 08:01 1464569                    /usr/share/java/sisu-guice.jar
7fbda2da5000-7fbda2da8000 r--s 0001d000 08:01 2883932                    /usr/share/maven-repo/org/sonatype/aether/aether-impl/1.13.1/aether-impl-1.13.1.jar
7fbda2da8000-7fbda2daa000 r--s 00006000 08:01 2883919                    /usr/share/maven-repo/org/sonatype/aether/aether-connector-wagon/1.13.1/aether-connector-wagon-1.13.1.jar
7fbda2daa000-7fbda2dac000 r--s 00005000 08:01 2884221                    /usr/share/maven/lib/maven-repository-metadata-3.0.4.jar
7fbda2dac000-7fbda2e64000 rw-p 00000000 00:00 0 
7fbda2e64000-7fbda2e67000 ---p 00000000 00:00 0 
7fbda2e67000-7fbda2f69000 rw-p 00000000 00:00 0 
7fbda2f69000-7fbda2f6b000 r--s 00009000 08:01 2884228                    /usr/share/maven/lib/maven-settings-3.0.4.jar
7fbda2f6b000-7fbda2f6c000 r--s 00001000 08:01 1464689                    /usr/share/java/wagon-file-2.x.jar
7fbda2f6c000-7fbda2f6e000 r--s 00007000 08:01 1464228                    /usr/share/java/commons-cli-1.2.jar
7fbda2f6e000-7fbda2f76000 rw-s 00000000 08:01 5509733                    /tmp/hsperfdata_eidel/13003
7fbda2f76000-7fbda2f77000 rw-p 00000000 00:00 0 
7fbda2f77000-7fbda2f78000 r--p 00000000 00:00 0 
7fbda2f78000-7fbda2f7a000 rw-p 00000000 00:00 0 
7fbda2f7a000-7fbda2f7b000 r--p 0001f000 08:01 4197606                    /lib/x86_64-linux-gnu/ld-2.13.so
7fbda2f7b000-7fbda2f7c000 rw-p 00020000 08:01 4197606                    /lib/x86_64-linux-gnu/ld-2.13.so
7fbda2f7c000-7fbda2f7d000 rw-p 00000000 00:00 0 
7fff4e463000-7fff4e484000 rw-p 00000000 00:00 0                          [stack]
7fff4e5ff000-7fff4e600000 r-xp 00000000 00:00 0                          [vdso]
ffffffffff600000-ffffffffff601000 r-xp 00000000 00:00 0                  [vsyscall]

VM Arguments:
jvm_args: -Djava.library.path=/usr/local/lib -Dclassworlds.conf=/usr/share/maven/bin/m2.conf -Dmaven.home=/usr/share/maven 
java_command: org.codehaus.plexus.classworlds.launcher.Launcher exec:java -Dexec.mainClass=org.agfjord.graph.Main
java_class_path (initial): /usr/share/maven/boot/plexus-classworlds-2.x.jar
Launcher Type: SUN_STANDARD

Environment Variables:
JAVA_HOME=/usr/lib/jvm/java-8-oracle
PATH=/home/eidel/lib/GF-master/build/bin:/usr/local/bin:/usr/bin:/bin:/usr/local/games:/usr/games
SHELL=/bin/bash
DISPLAY=:0

Signal Handlers:
SIGSEGV: [libjvm.so+0xa2fc90], sa_mask[0]=0x7ffbfeff, sa_flags=0x10000004
SIGBUS: [libjvm.so+0xa2fc90], sa_mask[0]=0x7ffbfeff, sa_flags=0x10000004
SIGFPE: [libjvm.so+0x89b4b0], sa_mask[0]=0x7ffbfeff, sa_flags=0x10000004
SIGPIPE: [libjvm.so+0x89b4b0], sa_mask[0]=0x7ffbfeff, sa_flags=0x10000004
SIGXFSZ: [libjvm.so+0x89b4b0], sa_mask[0]=0x7ffbfeff, sa_flags=0x10000004
SIGILL: [libjvm.so+0x89b4b0], sa_mask[0]=0x7ffbfeff, sa_flags=0x10000004
SIGUSR1: SIG_DFL, sa_mask[0]=0x00000000, sa_flags=0x00000000
SIGUSR2: [libjvm.so+0x89cc50], sa_mask[0]=0x00000000, sa_flags=0x10000004
SIGHUP: [libjvm.so+0x89df00], sa_mask[0]=0x7ffbfeff, sa_flags=0x10000004
SIGINT: [libjvm.so+0x89df00], sa_mask[0]=0x7ffbfeff, sa_flags=0x10000004
SIGTERM: [libjvm.so+0x89df00], sa_mask[0]=0x7ffbfeff, sa_flags=0x10000004
SIGQUIT: [libjvm.so+0x89df00], sa_mask[0]=0x7ffbfeff, sa_flags=0x10000004


---------------  S Y S T E M  ---------------

OS:PRETTY_NAME="Debian GNU/Linux 7 (wheezy)"
NAME="Debian GNU/Linux"
VERSION_ID="7"
VERSION="7 (wheezy)"
ID=debian
ANSI_COLOR="1;31"
HOME_URL="http://www.debian.org/"
SUPPORT_URL="http://www.debian.org/support/"
BUG_REPORT_URL="http://bugs.debian.org/"

uname:Linux 3.2.0-4-amd64 #1 SMP Debian 3.2.60-1+deb7u1 x86_64
libc:glibc 2.13 NPTL 2.13 
rlimit: STACK 8192k, CORE 0k, NPROC 31100, NOFILE 4096, AS infinity
load average:0.51 0.45 0.43

/proc/meminfo:
MemTotal:        3993020 kB
MemFree:          335308 kB
Buffers:          143144 kB
Cached:          1049488 kB
SwapCached:        36880 kB
Active:          2433368 kB
Inactive:        1008504 kB
Active(anon):    1969784 kB
Inactive(anon):   409860 kB
Active(file):     463584 kB
Inactive(file):   598644 kB
Unevictable:           0 kB
Mlocked:               0 kB
SwapTotal:       1952764 kB
SwapFree:        1800860 kB
Dirty:               176 kB
Writeback:             0 kB
AnonPages:       2236796 kB
Mapped:           144552 kB
Shmem:            130404 kB
Slab:             142904 kB
SReclaimable:     117040 kB
SUnreclaim:        25864 kB
KernelStack:        3768 kB
PageTables:        30484 kB
NFS_Unstable:          0 kB
Bounce:                0 kB
WritebackTmp:          0 kB
CommitLimit:     3949272 kB
Committed_AS:    4531264 kB
VmallocTotal:   34359738367 kB
VmallocUsed:      407276 kB
VmallocChunk:   34359299136 kB
HardwareCorrupted:     0 kB
AnonHugePages:         0 kB
HugePages_Total:       0
HugePages_Free:        0
HugePages_Rsvd:        0
HugePages_Surp:        0
Hugepagesize:       2048 kB
DirectMap4k:       90112 kB
DirectMap2M:     4034560 kB


CPU:total 2 (2 cores per cpu, 1 threads per core) family 6 model 23 stepping 6, cmov, cx8, fxsr, mmx, sse, sse2, sse3, ssse3, sse4.1, tsc

/proc/cpuinfo:
processor	: 0
vendor_id	: GenuineIntel
cpu family	: 6
model		: 23
model name	: Intel(R) Core(TM)2 Duo CPU     P9500  @ 2.53GHz
stepping	: 6
microcode	: 0x60c
cpu MHz		: 2534.000
cache size	: 6144 KB
physical id	: 0
siblings	: 2
core id		: 0
cpu cores	: 2
apicid		: 0
initial apicid	: 0
fpu		: yes
fpu_exception	: yes
cpuid level	: 10
wp		: yes
flags		: fpu vme de pse tsc msr pae mce cx8 apic sep mtrr pge mca cmov pat pse36 clflush dts acpi mmx fxsr sse sse2 ss ht tm pbe syscall nx lm constant_tsc arch_perfmon pebs bts rep_good nopl aperfmperf pni dtes64 monitor ds_cpl vmx smx est tm2 ssse3 cx16 xtpr pdcm sse4_1 lahf_lm dtherm tpr_shadow vnmi flexpriority
bogomips	: 5053.88
clflush size	: 64
cache_alignment	: 64
address sizes	: 36 bits physical, 48 bits virtual
power management:

processor	: 1
vendor_id	: GenuineIntel
cpu family	: 6
model		: 23
model name	: Intel(R) Core(TM)2 Duo CPU     P9500  @ 2.53GHz
stepping	: 6
microcode	: 0x60c
cpu MHz		: 2534.000
cache size	: 6144 KB
physical id	: 0
siblings	: 2
core id		: 1
cpu cores	: 2
apicid		: 1
initial apicid	: 1
fpu		: yes
fpu_exception	: yes
cpuid level	: 10
wp		: yes
flags		: fpu vme de pse tsc msr pae mce cx8 apic sep mtrr pge mca cmov pat pse36 clflush dts acpi mmx fxsr sse sse2 ss ht tm pbe syscall nx lm constant_tsc arch_perfmon pebs bts rep_good nopl aperfmperf pni dtes64 monitor ds_cpl vmx smx est tm2 ssse3 cx16 xtpr pdcm sse4_1 lahf_lm dtherm tpr_shadow vnmi flexpriority
bogomips	: 5053.89
clflush size	: 64
cache_alignment	: 64
address sizes	: 36 bits physical, 48 bits virtual
power management:



Memory: 4k page, physical 3993020k(335308k free), swap 1952764k(1800860k free)

vm_info: Java HotSpot(TM) 64-Bit Server VM (25.5-b02) for linux-amd64 JRE (1.8.0_05-b13), built on Mar 18 2014 00:29:27 by "java_re" with gcc 4.3.0 20080428 (Red Hat 4.3.0-8)

time: Wed Jul 16 12:52:39 2014
elapsed time: 4 seconds

