#
# A fatal error has been detected by the Java Runtime Environment:
#
#  SIGSEGV (0xb) at pc=0x00007ff525c7b87c, pid=8404, tid=140690513352448
#
# JRE version: Java(TM) SE Runtime Environment (8.0_05-b13) (build 1.8.0_05-b13)
# Java VM: Java HotSpot(TM) 64-Bit Server VM (25.5-b02 mixed mode linux-amd64 compressed oops)
# Problematic frame:
# V  [libjvm.so+0x67487c]  jni_GetObjectClass+0xbc
#
# Failed to write core dump. Core dumps have been disabled. To enable core dumping, try "ulimit -c unlimited" before starting Java again
#
# If you would like to submit a bug report, please visit:
#   http://bugreport.sun.com/bugreport/crash.jsp
#

---------------  T H R E A D  ---------------

Current thread (0x00007ff50c591000):  JavaThread "org.agfjord.graph.Main.main()" [_thread_in_vm, id=8449, stack(0x00007ff510025000,0x00007ff510126000)]

siginfo:si_signo=SIGSEGV: si_errno=0, si_code=1 (SEGV_MAPERR), si_addr=0x0000000000000000

Registers:
RAX=0x00007ff5264f1e79, RBX=0x00007ff50c591000, RCX=0x0000000000000000, RDX=0x00007ff5264fbc90
RSP=0x00007ff510123830, RBP=0x00007ff510123890, RSI=0x00007ff50c591000, RDI=0x00007ff510123830
R8 =0x00007ff50c000168, R9 =0x000000000000001c, R10=0x0000000000000000, R11=0x00007ff50b835df0
R12=0x00007ff510123830, R13=0x00007ff50c5911e0, R14=0x0000000000000000, R15=0x00007ff5265001e0
RIP=0x00007ff525c7b87c, EFLAGS=0x0000000000010246, CSGSFS=0x0000000000000033, ERR=0x0000000000000004
  TRAPNO=0x000000000000000e

Top of Stack: (sp=0x00007ff510123830)
0x00007ff510123830:   00007ff50c591000 0000000000000000
0x00007ff510123840:   00007ff50c597330 00007ff526effa55
0x00007ff510123850:   00007ff50c591000 0000000000000000
0x00007ff510123860:   0000000000000007 00007ff50c5911e0
0x00007ff510123870:   0000000000000000 00007ff50c597330
0x00007ff510123880:   00007ff5101239d0 00007ff50c591000
0x00007ff510123890:   00007ff5101238b0 00007ff50bc5e426
0x00007ff5101238a0:   00007ff50c591000 00007ff5101238f0
0x00007ff5101238b0:   00007ff5101238b0 0000000000000000
0x00007ff5101238c0:   0000000000000000 0080008000200001
0x00007ff5101238d0:   0000000000000000 0000000000000000
0x00007ff5101238e0:   0000000000000000 0000000000000000
0x00007ff5101238f0:   0000000000000000 0000000000000000
0x00007ff510123900:   0000000000000000 0000000000000000
0x00007ff510123910:   0000000000000000 0000000000000000
0x00007ff510123920:   0000000000000000 0000000000000000
0x00007ff510123930:   00007ff50c591000 00007ff510172eb0
0x00007ff510123940:   00007ff5101239c0 0000000000000000
0x00007ff510123950:   00007ff510172eb0 00007ff5101239e0
0x00007ff510123960:   00007ff50c591000 00007ff515301b0e
0x00007ff510123970:   00007ff50c591000 00007ff51530185c
0x00007ff510123980:   00007ff510123980 00007ff510172eb0
0x00007ff510123990:   00007ff5101239e0 00007ff510173580
0x00007ff5101239a0:   0000000000000000 00007ff510172eb0
0x00007ff5101239b0:   0000000000000000 00007ff5101239e0
0x00007ff5101239c0:   00007ff510123a30 00007ff5152f6210
0x00007ff5101239d0:   00000000ecbe5990 00007ff5152fdc1b
0x00007ff5101239e0:   0000000000000000 00000000ecbdfda8
0x00007ff5101239f0:   00007ff5101239f0 00007ff51098fa49
0x00007ff510123a00:   00007ff510123a50 00007ff510172028
0x00007ff510123a10:   0000000000000000 00007ff51098fac8
0x00007ff510123a20:   00007ff5101239e0 00007ff510123a48 

Instructions: (pc=0x00007ff525c7b87c)
0x00007ff525c7b85c:   c7 83 58 02 00 00 06 00 00 00 48 89 de 48 89 5d
0x00007ff525c7b86c:   c0 4c 89 e7 e8 db 0a 01 00 48 8b 05 14 ed 83 00
0x00007ff525c7b87c:   49 8b 16 80 38 00 0f 85 b0 00 00 00 48 8b 52 08
0x00007ff525c7b88c:   48 8b 72 68 4c 89 ef e8 e8 ae 02 00 48 83 7d a8 

Register to memory mapping:

RAX=0x00007ff5264f1e79: <offset 0xeeae79> in /usr/lib/jvm/java-8-oracle/jre/lib/amd64/server/libjvm.so at 0x00007ff525607000
RBX=0x00007ff50c591000 is a thread
RCX=0x0000000000000000 is an unknown value
RDX=0x00007ff5264fbc90: <offset 0xef4c90> in /usr/lib/jvm/java-8-oracle/jre/lib/amd64/server/libjvm.so at 0x00007ff525607000
RSP=0x00007ff510123830 is pointing into the stack for thread: 0x00007ff50c591000
RBP=0x00007ff510123890 is pointing into the stack for thread: 0x00007ff50c591000
RSI=0x00007ff50c591000 is a thread
RDI=0x00007ff510123830 is pointing into the stack for thread: 0x00007ff50c591000
R8 =0x00007ff50c000168 is an unknown value
R9 =0x000000000000001c is an unknown value
R10=0x0000000000000000 is an unknown value
R11=0x00007ff50b835df0: gu_local_pool_+0 in /usr/local/lib/libgu.so.0 at 0x00007ff50b82d000
R12=0x00007ff510123830 is pointing into the stack for thread: 0x00007ff50c591000
R13=0x00007ff50c5911e0 is an unknown value
R14=0x0000000000000000 is an unknown value
R15=0x00007ff5265001e0: <offset 0xef91e0> in /usr/lib/jvm/java-8-oracle/jre/lib/amd64/server/libjvm.so at 0x00007ff525607000


Stack: [0x00007ff510025000,0x00007ff510126000],  sp=0x00007ff510123830,  free space=1018k
Native frames: (J=compiled Java code, j=interpreted, Vv=VM code, C=native code)
V  [libjvm.so+0x67487c]  jni_GetObjectClass+0xbc
C  [libjpgf.so+0x3426]  Java_org_grammaticalframework_pgf_PGF_readPGF__Ljava_io_InputStream_2+0x66

Java frames: (J=compiled Java code, j=interpreted, Vv=VM code)
j  org.grammaticalframework.pgf.PGF.readPGF(Ljava/io/InputStream;)Lorg/grammaticalframework/pgf/PGF;+0
j  org.agfjord.graph.Grammar.<init>(Ljava/io/InputStream;)V+73
j  org.agfjord.graph.Main.<clinit>()V+27
v  ~StubRoutines::call_stub
J 1906  sun.reflect.NativeMethodAccessorImpl.invoke0(Ljava/lang/reflect/Method;Ljava/lang/Object;[Ljava/lang/Object;)Ljava/lang/Object; (0 bytes) @ 0x00007ff5158966f7 [0x00007ff515896680+0x77]
J 1905 C1 sun.reflect.NativeMethodAccessorImpl.invoke(Ljava/lang/Object;[Ljava/lang/Object;)Ljava/lang/Object; (104 bytes) @ 0x00007ff515895e34 [0x00007ff515895aa0+0x394]
J 1664 C1 sun.reflect.DelegatingMethodAccessorImpl.invoke(Ljava/lang/Object;[Ljava/lang/Object;)Ljava/lang/Object; (10 bytes) @ 0x00007ff515824984 [0x00007ff515824880+0x104]
J 1663 C1 java.lang.reflect.Method.invoke(Ljava/lang/Object;[Ljava/lang/Object;)Ljava/lang/Object; (62 bytes) @ 0x00007ff5158243ac [0x00007ff515824040+0x36c]
j  org.codehaus.mojo.exec.ExecJavaMojo$1.run()V+112
j  java.lang.Thread.run()V+11
v  ~StubRoutines::call_stub

---------------  P R O C E S S  ---------------

Java Threads: ( => current thread )
=>0x00007ff50c591000 JavaThread "org.agfjord.graph.Main.main()" [_thread_in_vm, id=8449, stack(0x00007ff510025000,0x00007ff510126000)]
  0x00007ff50c547800 JavaThread "process reaper" daemon [_thread_blocked, id=8448, stack(0x00007ff51075b000,0x00007ff510794000)]
  0x00007ff50c01d000 JavaThread "Service Thread" daemon [_thread_blocked, id=8431, stack(0x00007ff510d33000,0x00007ff510e34000)]
  0x00000000023fb000 JavaThread "C1 CompilerThread1" daemon [_thread_blocked, id=8430, stack(0x00007ff510e34000,0x00007ff510f35000)]
  0x00000000023f8000 JavaThread "C2 CompilerThread0" daemon [_thread_in_native, id=8429, stack(0x00007ff510f35000,0x00007ff511036000)]
  0x00000000023f6000 JavaThread "Signal Dispatcher" daemon [_thread_blocked, id=8428, stack(0x00007ff511036000,0x00007ff511137000)]
  0x00000000023c6000 JavaThread "Finalizer" daemon [_thread_blocked, id=8427, stack(0x00007ff5112ae000,0x00007ff5113af000)]
  0x00000000023bc800 JavaThread "Reference Handler" daemon [_thread_blocked, id=8426, stack(0x00007ff5113af000,0x00007ff5114b0000)]
  0x0000000002352800 JavaThread "main" [_thread_blocked, id=8422, stack(0x00007ff526ff5000,0x00007ff5270f6000)]

Other Threads:
  0x00000000023b7800 VMThread [stack: 0x00007ff5114b0000,0x00007ff5115b1000] [id=8425]
  0x00007ff50c01f800 WatcherThread [stack: 0x00007ff510c32000,0x00007ff510d33000] [id=8432]

VM state:not at safepoint (normal execution)

VM Mutex/Monitor currently owned by a thread: None

Heap:
 PSYoungGen      total 32768K, used 19157K [0x00000000ebb00000, 0x00000000eef80000, 0x0000000100000000)
  eden space 29696K, 59% used [0x00000000ebb00000,0x00000000ecc25628,0x00000000ed800000)
  from space 3072K, 52% used [0x00000000ed800000,0x00000000ed990000,0x00000000edb00000)
  to   space 3072K, 0% used [0x00000000eec80000,0x00000000eec80000,0x00000000eef80000)
 ParOldGen       total 61952K, used 5312K [0x00000000c3000000, 0x00000000c6c80000, 0x00000000ebb00000)
  object space 61952K, 8% used [0x00000000c3000000,0x00000000c3530258,0x00000000c6c80000)
 Metaspace       used 14085K, capacity 14376K, committed 14720K, reserved 1062912K
  class space    used 1731K, capacity 1821K, committed 1920K, reserved 1048576K

Card table byte_map: [0x00007ff514d46000,0x00007ff514f2f000] byte_map_base: 0x00007ff51472e000

Marking Bits: (ParMarkBitMap*) 0x00007ff5264ffcc0
 Begin Bits: [0x00007ff512b7e000, 0x00007ff513abe000)
 End Bits:   [0x00007ff513abe000, 0x00007ff5149fe000)

Polling page: 0x00007ff527108000

CodeCache: size=245760Kb used=6396Kb max_used=6396Kb free=239363Kb
 bounds [0x00007ff5152ef000, 0x00007ff51593f000, 0x00007ff5242ef000]
 total_blobs=2523 nmethods=2207 adapters=231
 compilation: enabled

Compilation events (10 events):
Event: 2.597 Thread 0x00000000023fb000 2232       2       java.nio.charset.Charset::atBugLevel (44 bytes)
Event: 2.597 Thread 0x00000000023fb000 nmethod 2232 0x00007ff51592fa50 code [0x00007ff51592fbe0, 0x00007ff51592fe98]
Event: 2.599 Thread 0x00000000023fb000 2233       2       java.util.zip.ZipEntry::getSize (5 bytes)
Event: 2.599 Thread 0x00000000023fb000 nmethod 2233 0x00007ff51592ff90 code [0x00007ff5159300e0, 0x00007ff515930230]
Event: 2.600 Thread 0x00000000023fb000 2234   !   2       sun.misc.URLClassPath$JarLoader::getResource (85 bytes)
Event: 2.601 Thread 0x00000000023fb000 nmethod 2234 0x00007ff515930290 code [0x00007ff515930460, 0x00007ff5159309f8]
Event: 2.601 Thread 0x00000000023fb000 2235       2       sun.misc.Resource::<init> (5 bytes)
Event: 2.601 Thread 0x00000000023fb000 nmethod 2235 0x00007ff515930e10 code [0x00007ff515930f60, 0x00007ff5159310b0]
Event: 2.602 Thread 0x00000000023fb000 2236       2       sun.misc.URLClassPath::getResource (74 bytes)
Event: 2.603 Thread 0x00000000023fb000 nmethod 2236 0x00007ff515931150 code [0x00007ff5159312c0, 0x00007ff5159314f8]

GC Heap History (10 events):
Event: 0.975 GC heap before
{Heap before GC invocations=11 (full 0):
 PSYoungGen      total 13312K, used 12735K [0x00000000ebb00000, 0x00000000ec980000, 0x0000000100000000)
  eden space 11776K, 100% used [0x00000000ebb00000,0x00000000ec680000,0x00000000ec680000)
  from space 1536K, 62% used [0x00000000ec800000,0x00000000ec8eff60,0x00000000ec980000)
  to   space 1536K, 0% used [0x00000000ec680000,0x00000000ec680000,0x00000000ec800000)
 ParOldGen       total 61952K, used 1767K [0x00000000c3000000, 0x00000000c6c80000, 0x00000000ebb00000)
  object space 61952K, 2% used [0x00000000c3000000,0x00000000c31b9d30,0x00000000c6c80000)
 Metaspace       used 8654K, capacity 8788K, committed 8960K, reserved 1056768K
  class space    used 1118K, capacity 1180K, committed 1280K, reserved 1048576K
Event: 0.979 GC heap after
Heap after GC invocations=11 (full 0):
 PSYoungGen      total 13312K, used 1532K [0x00000000ebb00000, 0x00000000ed180000, 0x0000000100000000)
  eden space 11776K, 0% used [0x00000000ebb00000,0x00000000ebb00000,0x00000000ec680000)
  from space 1536K, 99% used [0x00000000ec680000,0x00000000ec7ff010,0x00000000ec800000)
  to   space 2048K, 0% used [0x00000000ecf80000,0x00000000ecf80000,0x00000000ed180000)
 ParOldGen       total 61952K, used 2306K [0x00000000c3000000, 0x00000000c6c80000, 0x00000000ebb00000)
  object space 61952K, 3% used [0x00000000c3000000,0x00000000c3240b08,0x00000000c6c80000)
 Metaspace       used 8654K, capacity 8788K, committed 8960K, reserved 1056768K
  class space    used 1118K, capacity 1180K, committed 1280K, reserved 1048576K
}
Event: 1.191 GC heap before
{Heap before GC invocations=12 (full 0):
 PSYoungGen      total 13312K, used 13308K [0x00000000ebb00000, 0x00000000ed180000, 0x0000000100000000)
  eden space 11776K, 100% used [0x00000000ebb00000,0x00000000ec680000,0x00000000ec680000)
  from space 1536K, 99% used [0x00000000ec680000,0x00000000ec7ff010,0x00000000ec800000)
  to   space 2048K, 0% used [0x00000000ecf80000,0x00000000ecf80000,0x00000000ed180000)
 ParOldGen       total 61952K, used 2306K [0x00000000c3000000, 0x00000000c6c80000, 0x00000000ebb00000)
  object space 61952K, 3% used [0x00000000c3000000,0x00000000c3240b08,0x00000000c6c80000)
 Metaspace       used 9710K, capacity 9818K, committed 10112K, reserved 1058816K
  class space    used 1249K, capacity 1309K, committed 1408K, reserved 1048576K
Event: 1.195 GC heap after
Heap after GC invocations=12 (full 0):
 PSYoungGen      total 20992K, used 1138K [0x00000000ebb00000, 0x00000000ed180000, 0x0000000100000000)
  eden space 18944K, 0% used [0x00000000ebb00000,0x00000000ebb00000,0x00000000ecd80000)
  from space 2048K, 55% used [0x00000000ecf80000,0x00000000ed09c888,0x00000000ed180000)
  to   space 2048K, 0% used [0x00000000ecd80000,0x00000000ecd80000,0x00000000ecf80000)
 ParOldGen       total 61952K, used 2879K [0x00000000c3000000, 0x00000000c6c80000, 0x00000000ebb00000)
  object space 61952K, 4% used [0x00000000c3000000,0x00000000c32cff38,0x00000000c6c80000)
 Metaspace       used 9710K, capacity 9818K, committed 10112K, reserved 1058816K
  class space    used 1249K, capacity 1309K, committed 1408K, reserved 1048576K
}
Event: 1.474 GC heap before
{Heap before GC invocations=13 (full 0):
 PSYoungGen      total 20992K, used 20082K [0x00000000ebb00000, 0x00000000ed180000, 0x0000000100000000)
  eden space 18944K, 100% used [0x00000000ebb00000,0x00000000ecd80000,0x00000000ecd80000)
  from space 2048K, 55% used [0x00000000ecf80000,0x00000000ed09c888,0x00000000ed180000)
  to   space 2048K, 0% used [0x00000000ecd80000,0x00000000ecd80000,0x00000000ecf80000)
 ParOldGen       total 61952K, used 2879K [0x00000000c3000000, 0x00000000c6c80000, 0x00000000ebb00000)
  object space 61952K, 4% used [0x00000000c3000000,0x00000000c32cff38,0x00000000c6c80000)
 Metaspace       used 11508K, capacity 11626K, committed 11776K, reserved 1058816K
  class space    used 1452K, capacity 1505K, committed 1536K, reserved 1048576K
Event: 1.478 GC heap after
Heap after GC invocations=13 (full 0):
 PSYoungGen      total 20992K, used 1885K [0x00000000ebb00000, 0x00000000edd00000, 0x0000000100000000)
  eden space 18944K, 0% used [0x00000000ebb00000,0x00000000ebb00000,0x00000000ecd80000)
  from space 2048K, 92% used [0x00000000ecd80000,0x00000000ecf575e0,0x00000000ecf80000)
  to   space 2048K, 0% used [0x00000000edb00000,0x00000000edb00000,0x00000000edd00000)
 ParOldGen       total 61952K, used 3231K [0x00000000c3000000, 0x00000000c6c80000, 0x00000000ebb00000)
  object space 61952K, 5% used [0x00000000c3000000,0x00000000c3327f38,0x00000000c6c80000)
 Metaspace       used 11508K, capacity 11626K, committed 11776K, reserved 1058816K
  class space    used 1452K, capacity 1505K, committed 1536K, reserved 1048576K
}
Event: 1.962 GC heap before
{Heap before GC invocations=14 (full 0):
 PSYoungGen      total 20992K, used 20829K [0x00000000ebb00000, 0x00000000edd00000, 0x0000000100000000)
  eden space 18944K, 100% used [0x00000000ebb00000,0x00000000ecd80000,0x00000000ecd80000)
  from space 2048K, 92% used [0x00000000ecd80000,0x00000000ecf575e0,0x00000000ecf80000)
  to   space 2048K, 0% used [0x00000000edb00000,0x00000000edb00000,0x00000000edd00000)
 ParOldGen       total 61952K, used 3231K [0x00000000c3000000, 0x00000000c6c80000, 0x00000000ebb00000)
  object space 61952K, 5% used [0x00000000c3000000,0x00000000c3327f38,0x00000000c6c80000)
 Metaspace       used 13372K, capacity 13586K, committed 13824K, reserved 1060864K
  class space    used 1646K, capacity 1709K, committed 1792K, reserved 1048576K
Event: 1.981 GC heap after
Heap after GC invocations=14 (full 0):
 PSYoungGen      total 31744K, used 2044K [0x00000000ebb00000, 0x00000000edf00000, 0x0000000100000000)
  eden space 29696K, 0% used [0x00000000ebb00000,0x00000000ebb00000,0x00000000ed800000)
  from space 2048K, 99% used [0x00000000edb00000,0x00000000edcff2e0,0x00000000edd00000)
  to   space 3072K, 0% used [0x00000000ed800000,0x00000000ed800000,0x00000000edb00000)
 ParOldGen       total 61952K, used 4272K [0x00000000c3000000, 0x00000000c6c80000, 0x00000000ebb00000)
  object space 61952K, 6% used [0x00000000c3000000,0x00000000c342c238,0x00000000c6c80000)
 Metaspace       used 13372K, capacity 13586K, committed 13824K, reserved 1060864K
  class space    used 1646K, capacity 1709K, committed 1792K, reserved 1048576K
}
Event: 2.357 GC heap before
{Heap before GC invocations=15 (full 0):
 PSYoungGen      total 31744K, used 31740K [0x00000000ebb00000, 0x00000000edf00000, 0x0000000100000000)
  eden space 29696K, 100% used [0x00000000ebb00000,0x00000000ed800000,0x00000000ed800000)
  from space 2048K, 99% used [0x00000000edb00000,0x00000000edcff2e0,0x00000000edd00000)
  to   space 3072K, 0% used [0x00000000ed800000,0x00000000ed800000,0x00000000edb00000)
 ParOldGen       total 61952K, used 4272K [0x00000000c3000000, 0x00000000c6c80000, 0x00000000ebb00000)
  object space 61952K, 6% used [0x00000000c3000000,0x00000000c342c238,0x00000000c6c80000)
 Metaspace       used 13618K, capacity 13816K, committed 14080K, reserved 1060864K
  class space    used 1664K, capacity 1742K, committed 1792K, reserved 1048576K
Event: 2.370 GC heap after
Heap after GC invocations=15 (full 0):
 PSYoungGen      total 32768K, used 1600K [0x00000000ebb00000, 0x00000000eef80000, 0x0000000100000000)
  eden space 29696K, 0% used [0x00000000ebb00000,0x00000000ebb00000,0x00000000ed800000)
  from space 3072K, 52% used [0x00000000ed800000,0x00000000ed990000,0x00000000edb00000)
  to   space 3072K, 0% used [0x00000000eec80000,0x00000000eec80000,0x00000000eef80000)
 ParOldGen       total 61952K, used 5312K [0x00000000c3000000, 0x00000000c6c80000, 0x00000000ebb00000)
  object space 61952K, 8% used [0x00000000c3000000,0x00000000c3530258,0x00000000c6c80000)
 Metaspace       used 13618K, capacity 13816K, committed 14080K, reserved 1060864K
  class space    used 1664K, capacity 1742K, committed 1792K, reserved 1048576K
}

Deoptimization events (10 events):
Event: 0.925 Thread 0x0000000002352800 Uncommon trap: reason=bimorphic action=maybe_recompile pc=0x00007ff51561fc0c method=java.util.HashMap.putVal(ILjava/lang/Object;Ljava/lang/Object;ZZ)Ljava/lang/Object; @ 203
Event: 0.934 Thread 0x0000000002352800 Uncommon trap: reason=bimorphic action=maybe_recompile pc=0x00007ff51561fc0c method=java.util.HashMap.putVal(ILjava/lang/Object;Ljava/lang/Object;ZZ)Ljava/lang/Object; @ 203
Event: 1.779 Thread 0x0000000002352800 Uncommon trap: reason=unreached action=reinterpret pc=0x00007ff5155f0338 method=java.util.HashMap.hash(Ljava/lang/Object;)I @ 1
Event: 1.781 Thread 0x0000000002352800 Uncommon trap: reason=unreached action=reinterpret pc=0x00007ff515685d5c method=java.util.HashMap.hash(Ljava/lang/Object;)I @ 1
Event: 2.297 Thread 0x0000000002352800 Uncommon trap: reason=bimorphic action=maybe_recompile pc=0x00007ff5157fc954 method=java.util.concurrent.ConcurrentHashMap.get(Ljava/lang/Object;)Ljava/lang/Object; @ 149
Event: 2.591 Thread 0x00007ff50c591000 Uncommon trap: reason=class_check action=maybe_recompile pc=0x00007ff5154a0b74 method=sun.misc.URLClassPath.getLoader(I)Lsun/misc/URLClassPath$Loader; @ 94
Event: 2.591 Thread 0x00007ff50c591000 Uncommon trap: reason=class_check action=maybe_recompile pc=0x00007ff5155fea28 method=sun.misc.URLClassPath.getResource(Ljava/lang/String;Z)Lsun/misc/Resource; @ 53
Event: 2.593 Thread 0x00007ff50c591000 Uncommon trap: reason=class_check action=maybe_recompile pc=0x00007ff5154a0d44 method=sun.misc.URLClassPath.getLoader(I)Lsun/misc/URLClassPath$Loader; @ 150
Event: 2.600 Thread 0x00007ff50c591000 Uncommon trap: reason=class_check action=maybe_recompile pc=0x00007ff5154a0d44 method=sun.misc.URLClassPath.getLoader(I)Lsun/misc/URLClassPath$Loader; @ 150
Event: 2.601 Thread 0x00007ff50c591000 Uncommon trap: reason=class_check action=maybe_recompile pc=0x00007ff5154a0d44 method=sun.misc.URLClassPath.getLoader(I)Lsun/misc/URLClassPath$Loader; @ 150

Internal exceptions (10 events):
Event: 2.593 Thread 0x00007ff50c591000 Exception <a 'java/security/PrivilegedActionException'> (0x00000000ecb938c8) thrown at [/HUDSON/workspace/8-2-build-linux-amd64/jdk8u5/2488/hotspot/src/share/vm/prims/jvm.cpp, line 1248]
Event: 2.593 Thread 0x00007ff50c591000 Exception <a 'java/security/PrivilegedActionException'> (0x00000000ecb93ef0) thrown at [/HUDSON/workspace/8-2-build-linux-amd64/jdk8u5/2488/hotspot/src/share/vm/prims/jvm.cpp, line 1248]
Event: 2.600 Thread 0x00007ff50c591000 Exception <a 'java/security/PrivilegedActionException'> (0x00000000ecbc9ee8) thrown at [/HUDSON/workspace/8-2-build-linux-amd64/jdk8u5/2488/hotspot/src/share/vm/prims/jvm.cpp, line 1248]
Event: 2.600 Thread 0x00007ff50c591000 Exception <a 'java/security/PrivilegedActionException'> (0x00000000ecbca4b8) thrown at [/HUDSON/workspace/8-2-build-linux-amd64/jdk8u5/2488/hotspot/src/share/vm/prims/jvm.cpp, line 1248]
Event: 2.601 Thread 0x00007ff50c591000 Exception <a 'java/security/PrivilegedActionException'> (0x00000000ecbd30d0) thrown at [/HUDSON/workspace/8-2-build-linux-amd64/jdk8u5/2488/hotspot/src/share/vm/prims/jvm.cpp, line 1248]
Event: 2.601 Thread 0x00007ff50c591000 Exception <a 'java/security/PrivilegedActionException'> (0x00000000ecbd3610) thrown at [/HUDSON/workspace/8-2-build-linux-amd64/jdk8u5/2488/hotspot/src/share/vm/prims/jvm.cpp, line 1248]
Event: 2.603 Thread 0x00007ff50c591000 Exception <a 'java/security/PrivilegedActionException'> (0x00000000ecbd7080) thrown at [/HUDSON/workspace/8-2-build-linux-amd64/jdk8u5/2488/hotspot/src/share/vm/prims/jvm.cpp, line 1248]
Event: 2.603 Thread 0x00007ff50c591000 Exception <a 'java/security/PrivilegedActionException'> (0x00000000ecbdb660) thrown at [/HUDSON/workspace/8-2-build-linux-amd64/jdk8u5/2488/hotspot/src/share/vm/prims/jvm.cpp, line 1248]
Event: 2.603 Thread 0x00007ff50c591000 Exception <a 'java/security/PrivilegedActionException'> (0x00000000ecbe0720) thrown at [/HUDSON/workspace/8-2-build-linux-amd64/jdk8u5/2488/hotspot/src/share/vm/prims/jvm.cpp, line 1248]
Event: 2.603 Thread 0x00007ff50c591000 Exception <a 'java/security/PrivilegedActionException'> (0x00000000ecbe0ca8) thrown at [/HUDSON/workspace/8-2-build-linux-amd64/jdk8u5/2488/hotspot/src/share/vm/prims/jvm.cpp, line 1248]

Events (10 events):
Event: 2.601 loading class org/agfjord/graph/Grammar done
Event: 2.601 Thread 0x00007ff50c591000 Uncommon trap: trap_request=0xffffffde fr.pc=0x00007ff5154a0d44
Event: 2.601 Thread 0x00007ff50c591000 DEOPT PACKING pc=0x00007ff5154a0d44 sp=0x00007ff510121d50
Event: 2.601 Thread 0x00007ff50c591000 DEOPT UNPACKING pc=0x00007ff515336250 sp=0x00007ff510121d58 mode 2
Event: 2.602 loading class org/grammaticalframework/pgf/PGFError
Event: 2.602 loading class org/grammaticalframework/pgf/PGFError done
Event: 2.603 loading class org/grammaticalframework/pgf/PGF
Event: 2.603 loading class org/grammaticalframework/pgf/PGF done
Event: 2.604 loading class java/lang/ClassLoaderHelper
Event: 2.604 loading class java/lang/ClassLoaderHelper done


Dynamic libraries:
00400000-00401000 r-xp 00000000 08:01 1318028                            /usr/lib/jvm/java-8-oracle/bin/java
00600000-00601000 rw-p 00000000 08:01 1318028                            /usr/lib/jvm/java-8-oracle/bin/java
02347000-03100000 rw-p 00000000 00:00 0                                  [heap]
c3000000-c6c80000 rw-p 00000000 00:00 0 
c6c80000-ebb00000 ---p 00000000 00:00 0 
ebb00000-eef80000 rw-p 00000000 00:00 0 
eef80000-100000000 ---p 00000000 00:00 0 
100000000-1001e0000 rw-p 00000000 00:00 0 
1001e0000-140000000 ---p 00000000 00:00 0 
7ff50b82d000-7ff50b83d000 r-xp 00000000 08:01 1188030                    /usr/local/lib/libgu.so.0.0.0
7ff50b83d000-7ff50ba3c000 ---p 00010000 08:01 1188030                    /usr/local/lib/libgu.so.0.0.0
7ff50ba3c000-7ff50ba3d000 rw-p 0000f000 08:01 1188030                    /usr/local/lib/libgu.so.0.0.0
7ff50ba3d000-7ff50ba5a000 r-xp 00000000 08:01 1188034                    /usr/local/lib/libpgf.so.0.0.0
7ff50ba5a000-7ff50bc59000 ---p 0001d000 08:01 1188034                    /usr/local/lib/libpgf.so.0.0.0
7ff50bc59000-7ff50bc5b000 rw-p 0001c000 08:01 1188034                    /usr/local/lib/libpgf.so.0.0.0
7ff50bc5b000-7ff50bc63000 r-xp 00000000 08:01 1188229                    /usr/local/lib/libjpgf.so
7ff50bc63000-7ff50be62000 ---p 00008000 08:01 1188229                    /usr/local/lib/libjpgf.so
7ff50be62000-7ff50be63000 rw-p 00007000 08:01 1188229                    /usr/local/lib/libjpgf.so
7ff50be63000-7ff50be6b000 r--s 0005e000 08:01 4721410                    /home/eidel/.m2/repository/org/apache/solr/solr-solrj/4.7.0/solr-solrj-4.7.0.jar
7ff50be6b000-7ff50be6d000 r--s 00003000 08:01 4876243                    /home/eidel/.m2/repository/org/grammaticalframework/pgf/1.0/pgf-1.0.jar
7ff50be6d000-7ff50be6e000 r--s 0000b000 08:01 4850262                    /home/eidel/.m2/repository/org/neo4j/neo4j-jmx/2.0.3/neo4j-jmx-2.0.3.jar
7ff50be6e000-7ff50bee0000 r--s 0065a000 08:01 4850409                    /home/eidel/.m2/repository/org/scala-lang/scala-library/2.10.3/scala-library-2.10.3.jar
7ff50bee0000-7ff50bee3000 r--s 0000b000 08:01 4719720                    /home/eidel/.m2/repository/com/googlecode/concurrentlinkedhashmap/concurrentlinkedhashmap-lru/1.3.1/concurrentlinkedhashmap-lru-1.3.1.jar
7ff50bee3000-7ff50bee4000 r--s 00003000 08:01 4720023                    /home/eidel/.m2/repository/net/sf/opencsv/opencsv/2.0/opencsv-2.0.jar
7ff50bee4000-7ff50bee9000 r--s 00029000 08:01 4850395                    /home/eidel/.m2/repository/org/parboiled/parboiled-core/1.1.6/parboiled-core-1.1.6.jar
7ff50bee9000-7ff50beee000 r--s 00036000 08:01 4850402                    /home/eidel/.m2/repository/org/parboiled/parboiled-scala_2.10/1.1.6/parboiled-scala_2.10-1.1.6.jar
7ff50beee000-7ff50bf5e000 r--s 004b8000 08:01 4850178                    /home/eidel/.m2/repository/org/neo4j/neo4j-cypher-compiler-2.0/2.0.3/neo4j-cypher-compiler-2.0-2.0.3.jar
7ff50bf5e000-7ff50bfa3000 r--s 002a1000 08:01 4850164                    /home/eidel/.m2/repository/org/neo4j/neo4j-cypher-compiler-1.9/2.0.3/neo4j-cypher-compiler-1.9-2.0.3.jar
7ff50bfa3000-7ff50bfa7000 r--s 00029000 08:01 4850143                    /home/eidel/.m2/repository/org/neo4j/neo4j-cypher-commons/2.0.3/neo4j-cypher-commons-2.0.3.jar
7ff50bfa7000-7ff50bfaa000 r--s 0001c000 08:01 4850199                    /home/eidel/.m2/repository/org/neo4j/neo4j-cypher/2.0.3/neo4j-cypher-2.0.3.jar
7ff50bfaa000-7ff50bfac000 r--s 0000c000 08:01 4850241                    /home/eidel/.m2/repository/org/neo4j/neo4j-graph-matching/2.0.3/neo4j-graph-matching-2.0.3.jar
7ff50bfac000-7ff50bfae000 r--s 00008000 08:01 4850332                    /home/eidel/.m2/repository/org/neo4j/neo4j-udc/2.0.3/neo4j-udc-2.0.3.jar
7ff50bfae000-7ff50bfb2000 r--s 00024000 08:01 4850220                    /home/eidel/.m2/repository/org/neo4j/neo4j-graph-algo/2.0.3/neo4j-graph-algo-2.0.3.jar
7ff50bfb2000-7ff50bfcb000 r--s 0015f000 08:01 4720418                    /home/eidel/.m2/repository/org/apache/lucene/lucene-core/3.6.2/lucene-core-3.6.2.jar
7ff50bfcb000-7ff50bfd1000 r--s 00038000 08:01 4850304                    /home/eidel/.m2/repository/org/neo4j/neo4j-lucene-index/2.0.3/neo4j-lucene-index-2.0.3.jar
7ff50bfd1000-7ff50bfd2000 r--s 00003000 08:01 4720225                    /home/eidel/.m2/repository/org/apache/geronimo/specs/geronimo-jta_1.1_spec/1.1.1/geronimo-jta_1.1_spec-1.1.1.jar
7ff50bfd2000-7ff50c000000 r--s 001e1000 08:01 4850283                    /home/eidel/.m2/repository/org/neo4j/neo4j-kernel/2.0.3/neo4j-kernel-2.0.3.jar
7ff50c000000-7ff50c8f2000 rw-p 00000000 00:00 0 
7ff50c8f2000-7ff510000000 ---p 00000000 00:00 0 
7ff510023000-7ff510024000 rw-p 00000000 00:00 0 
7ff510024000-7ff510025000 r--s 00005000 08:01 4850353                    /home/eidel/.m2/repository/org/neo4j/neo4j/2.0.3/neo4j-2.0.3.jar
7ff510025000-7ff510028000 ---p 00000000 00:00 0 
7ff510028000-7ff510126000 rw-p 00000000 00:00 0 
7ff510126000-7ff510128000 r--s 0000b000 08:01 4723914                    /home/eidel/.m2/repository/org/apache/commons/commons-exec/1.1/commons-exec-1.1.jar
7ff510128000-7ff51012c000 r--s 00033000 08:01 4721838                    /home/eidel/.m2/repository/org/codehaus/plexus/plexus-utils/2.0.5/plexus-utils-2.0.5.jar
7ff51012c000-7ff51012e000 r--s 00002000 08:01 4721741                    /home/eidel/.m2/repository/org/codehaus/plexus/plexus-interactivity-api/1.0-alpha-4/plexus-interactivity-api-1.0-alpha-4.jar
7ff51012e000-7ff510130000 r--s 00006000 08:01 4459542                    /home/eidel/.m2/repository/commons-cli/commons-cli/1.0/commons-cli-1.0.jar
7ff510130000-7ff510131000 r--s 00001000 08:01 4720572                    /home/eidel/.m2/repository/org/apache/maven/doxia/doxia-sink-api/1.0-alpha-7/doxia-sink-api-1.0-alpha-7.jar
7ff510131000-7ff510132000 r--s 00002000 08:01 4721292                    /home/eidel/.m2/repository/org/apache/maven/reporting/maven-reporting-api/2.0.6/maven-reporting-api-2.0.6.jar
7ff510132000-7ff5101b2000 rw-p 00000000 00:00 0 
7ff5101b2000-7ff510332000 ---p 00000000 00:00 0 
7ff510332000-7ff510334000 r--s 00008000 08:01 4723908                    /home/eidel/.m2/repository/org/codehaus/mojo/exec-maven-plugin/1.2.1/exec-maven-plugin-1.2.1.jar
7ff510334000-7ff510344000 r-xp 00000000 08:01 1317749                    /usr/lib/jvm/java-8-oracle/jre/lib/amd64/libnio.so
7ff510344000-7ff510544000 ---p 00010000 08:01 1317749                    /usr/lib/jvm/java-8-oracle/jre/lib/amd64/libnio.so
7ff510544000-7ff510545000 rw-p 00010000 08:01 1317749                    /usr/lib/jvm/java-8-oracle/jre/lib/amd64/libnio.so
7ff510545000-7ff51055b000 r-xp 00000000 08:01 1317764                    /usr/lib/jvm/java-8-oracle/jre/lib/amd64/libnet.so
7ff51055b000-7ff51075a000 ---p 00016000 08:01 1317764                    /usr/lib/jvm/java-8-oracle/jre/lib/amd64/libnet.so
7ff51075a000-7ff51075b000 rw-p 00015000 08:01 1317764                    /usr/lib/jvm/java-8-oracle/jre/lib/amd64/libnet.so
7ff51075b000-7ff51075e000 ---p 00000000 00:00 0 
7ff51075e000-7ff510994000 rw-p 00000000 00:00 0 
7ff510994000-7ff510999000 r--s 00092000 08:01 1317885                    /usr/lib/jvm/java-8-oracle/jre/lib/jsse.jar
7ff510999000-7ff510b99000 rw-p 00000000 00:00 0 
7ff510b99000-7ff510ba4000 r--s 0021a000 08:01 1317839                    /usr/lib/jvm/java-8-oracle/jre/lib/ext/localedata.jar
7ff510ba4000-7ff510bc0000 r--s 00393000 08:01 1317837                    /usr/lib/jvm/java-8-oracle/jre/lib/ext/cldrdata.jar
7ff510bc0000-7ff510bc2000 r--s 00008000 08:01 2884224                    /usr/share/maven/lib/maven-embedder-3.0.4.jar
7ff510bc2000-7ff510bce000 r--s 0007c000 08:01 2884225                    /usr/share/maven/lib/maven-core-3.0.4.jar
7ff510bce000-7ff510bd2000 r--s 0001c000 08:01 2883925                    /usr/share/maven-repo/org/sonatype/aether/aether-util/1.13.1/aether-util-1.13.1.jar
7ff510bd2000-7ff510bd3000 r--s 00003000 08:01 2883901                    /usr/share/maven-repo/org/sonatype/aether/aether-spi/1.13.1/aether-spi-1.13.1.jar
7ff510bd3000-7ff510bd9000 r--s 0003e000 08:01 2884229                    /usr/share/maven/lib/maven-compat-3.0.4.jar
7ff510bd9000-7ff510bdf000 r--s 0002c000 08:01 1464572                    /usr/share/java/sisu-inject-plexus.jar
7ff510bdf000-7ff510be1000 r--s 00025000 08:01 2884220                    /usr/share/maven/lib/maven-model-3.0.4.jar
7ff510be1000-7ff510be3000 r--s 00009000 08:01 2884227                    /usr/share/maven/lib/maven-plugin-api-3.0.4.jar
7ff510be3000-7ff510be7000 r--s 00020000 08:01 2884222                    /usr/share/maven/lib/maven-model-builder-3.0.4.jar
7ff510be7000-7ff510be9000 r--s 0000b000 08:01 2884223                    /usr/share/maven/lib/maven-aether-provider-3.0.4.jar
7ff510be9000-7ff510bec000 r--s 00013000 08:01 2883948                    /usr/share/maven-repo/org/sonatype/aether/aether-api/1.13.1/aether-api-1.13.1.jar
7ff510bec000-7ff510bed000 r--s 00006000 08:01 1464385                    /usr/share/java/plexus-sec-dispatcher.jar
7ff510bed000-7ff510bef000 r--s 0000a000 08:01 1464682                    /usr/share/java/wagon-provider-api-2.x.jar
7ff510bef000-7ff510bf3000 r--s 00033000 08:01 1464548                    /usr/share/java/plexus-utils2-2.0.5.jar
7ff510bf3000-7ff510c0b000 r--s 000d6000 08:01 1464685                    /usr/share/java/wagon-http-shaded-2.x.jar
7ff510c0b000-7ff510c11000 r--s 00046000 08:01 1464393                    /usr/share/java/commons-httpclient-3.1.jar
7ff510c11000-7ff510c32000 r--s 0013f000 08:01 1464566                    /usr/share/java/guava-11.0.2.jar
7ff510c32000-7ff510c33000 ---p 00000000 00:00 0 
7ff510c33000-7ff510d33000 rw-p 00000000 00:00 0 
7ff510d33000-7ff510d36000 ---p 00000000 00:00 0 
7ff510d36000-7ff510e34000 rw-p 00000000 00:00 0 
7ff510e34000-7ff510e37000 ---p 00000000 00:00 0 
7ff510e37000-7ff510f35000 rw-p 00000000 00:00 0 
7ff510f35000-7ff510f38000 ---p 00000000 00:00 0 
7ff510f38000-7ff511036000 rw-p 00000000 00:00 0 
7ff511036000-7ff511039000 ---p 00000000 00:00 0 
7ff511039000-7ff511137000 rw-p 00000000 00:00 0 
7ff511137000-7ff5112ae000 r--p 00000000 08:01 1048641                    /usr/lib/locale/locale-archive
7ff5112ae000-7ff5112b1000 ---p 00000000 00:00 0 
7ff5112b1000-7ff5113af000 rw-p 00000000 00:00 0 
7ff5113af000-7ff5113b2000 ---p 00000000 00:00 0 
7ff5113b2000-7ff5114b0000 rw-p 00000000 00:00 0 
7ff5114b0000-7ff5114b1000 ---p 00000000 00:00 0 
7ff5114b1000-7ff511f4b000 rw-p 00000000 00:00 0 
7ff511f4b000-7ff512120000 r--s 03c4d000 08:01 1317886                    /usr/lib/jvm/java-8-oracle/jre/lib/rt.jar
7ff512120000-7ff5149fe000 rw-p 00000000 00:00 0 
7ff5149fe000-7ff5149ff000 ---p 00000000 00:00 0 
7ff5149ff000-7ff514aff000 rw-p 00000000 00:00 0 
7ff514aff000-7ff514b00000 ---p 00000000 00:00 0 
7ff514b00000-7ff514c1f000 rw-p 00000000 00:00 0 
7ff514c1f000-7ff514d46000 ---p 00000000 00:00 0 
7ff514d46000-7ff514d65000 rw-p 00000000 00:00 0 
7ff514d65000-7ff514e8b000 ---p 00000000 00:00 0 
7ff514e8b000-7ff514ea6000 rw-p 00000000 00:00 0 
7ff514ea6000-7ff514f2e000 ---p 00000000 00:00 0 
7ff514f2e000-7ff514f49000 rw-p 00000000 00:00 0 
7ff514f49000-7ff5152ef000 ---p 00000000 00:00 0 
7ff5152ef000-7ff51593f000 rwxp 00000000 00:00 0 
7ff51593f000-7ff5242ef000 ---p 00000000 00:00 0 
7ff5242ef000-7ff52430b000 r-xp 00000000 08:01 1317732                    /usr/lib/jvm/java-8-oracle/jre/lib/amd64/libzip.so
7ff52430b000-7ff52450a000 ---p 0001c000 08:01 1317732                    /usr/lib/jvm/java-8-oracle/jre/lib/amd64/libzip.so
7ff52450a000-7ff52450b000 rw-p 0001b000 08:01 1317732                    /usr/lib/jvm/java-8-oracle/jre/lib/amd64/libzip.so
7ff52450b000-7ff524516000 r-xp 00000000 08:01 4197618                    /lib/x86_64-linux-gnu/libnss_files-2.13.so
7ff524516000-7ff524715000 ---p 0000b000 08:01 4197618                    /lib/x86_64-linux-gnu/libnss_files-2.13.so
7ff524715000-7ff524716000 r--p 0000a000 08:01 4197618                    /lib/x86_64-linux-gnu/libnss_files-2.13.so
7ff524716000-7ff524717000 rw-p 0000b000 08:01 4197618                    /lib/x86_64-linux-gnu/libnss_files-2.13.so
7ff524717000-7ff524721000 r-xp 00000000 08:01 4197620                    /lib/x86_64-linux-gnu/libnss_nis-2.13.so
7ff524721000-7ff524920000 ---p 0000a000 08:01 4197620                    /lib/x86_64-linux-gnu/libnss_nis-2.13.so
7ff524920000-7ff524921000 r--p 00009000 08:01 4197620                    /lib/x86_64-linux-gnu/libnss_nis-2.13.so
7ff524921000-7ff524922000 rw-p 0000a000 08:01 4197620                    /lib/x86_64-linux-gnu/libnss_nis-2.13.so
7ff524922000-7ff524937000 r-xp 00000000 08:01 4197615                    /lib/x86_64-linux-gnu/libnsl-2.13.so
7ff524937000-7ff524b36000 ---p 00015000 08:01 4197615                    /lib/x86_64-linux-gnu/libnsl-2.13.so
7ff524b36000-7ff524b37000 r--p 00014000 08:01 4197615                    /lib/x86_64-linux-gnu/libnsl-2.13.so
7ff524b37000-7ff524b38000 rw-p 00015000 08:01 4197615                    /lib/x86_64-linux-gnu/libnsl-2.13.so
7ff524b38000-7ff524b3a000 rw-p 00000000 00:00 0 
7ff524b3a000-7ff524b41000 r-xp 00000000 08:01 4197616                    /lib/x86_64-linux-gnu/libnss_compat-2.13.so
7ff524b41000-7ff524d40000 ---p 00007000 08:01 4197616                    /lib/x86_64-linux-gnu/libnss_compat-2.13.so
7ff524d40000-7ff524d41000 r--p 00006000 08:01 4197616                    /lib/x86_64-linux-gnu/libnss_compat-2.13.so
7ff524d41000-7ff524d42000 rw-p 00007000 08:01 4197616                    /lib/x86_64-linux-gnu/libnss_compat-2.13.so
7ff524d42000-7ff524d6c000 r-xp 00000000 08:01 1317760                    /usr/lib/jvm/java-8-oracle/jre/lib/amd64/libjava.so
7ff524d6c000-7ff524f6c000 ---p 0002a000 08:01 1317760                    /usr/lib/jvm/java-8-oracle/jre/lib/amd64/libjava.so
7ff524f6c000-7ff524f6e000 rw-p 0002a000 08:01 1317760                    /usr/lib/jvm/java-8-oracle/jre/lib/amd64/libjava.so
7ff524f6e000-7ff524f7b000 r-xp 00000000 08:01 1317762                    /usr/lib/jvm/java-8-oracle/jre/lib/amd64/libverify.so
7ff524f7b000-7ff52517b000 ---p 0000d000 08:01 1317762                    /usr/lib/jvm/java-8-oracle/jre/lib/amd64/libverify.so
7ff52517b000-7ff52517d000 rw-p 0000d000 08:01 1317762                    /usr/lib/jvm/java-8-oracle/jre/lib/amd64/libverify.so
7ff52517d000-7ff525184000 r-xp 00000000 08:01 4197625                    /lib/x86_64-linux-gnu/librt-2.13.so
7ff525184000-7ff525383000 ---p 00007000 08:01 4197625                    /lib/x86_64-linux-gnu/librt-2.13.so
7ff525383000-7ff525384000 r--p 00006000 08:01 4197625                    /lib/x86_64-linux-gnu/librt-2.13.so
7ff525384000-7ff525385000 rw-p 00007000 08:01 4197625                    /lib/x86_64-linux-gnu/librt-2.13.so
7ff525385000-7ff525406000 r-xp 00000000 08:01 4197613                    /lib/x86_64-linux-gnu/libm-2.13.so
7ff525406000-7ff525605000 ---p 00081000 08:01 4197613                    /lib/x86_64-linux-gnu/libm-2.13.so
7ff525605000-7ff525606000 r--p 00080000 08:01 4197613                    /lib/x86_64-linux-gnu/libm-2.13.so
7ff525606000-7ff525607000 rw-p 00081000 08:01 4197613                    /lib/x86_64-linux-gnu/libm-2.13.so
7ff525607000-7ff526221000 r-xp 00000000 08:01 1317719                    /usr/lib/jvm/java-8-oracle/jre/lib/amd64/server/libjvm.so
7ff526221000-7ff526420000 ---p 00c1a000 08:01 1317719                    /usr/lib/jvm/java-8-oracle/jre/lib/amd64/server/libjvm.so
7ff526420000-7ff5264e9000 rw-p 00c19000 08:01 1317719                    /usr/lib/jvm/java-8-oracle/jre/lib/amd64/server/libjvm.so
7ff5264e9000-7ff52652a000 rw-p 00000000 00:00 0 
7ff52652a000-7ff5266ac000 r-xp 00000000 08:01 4197609                    /lib/x86_64-linux-gnu/libc-2.13.so
7ff5266ac000-7ff5268ab000 ---p 00182000 08:01 4197609                    /lib/x86_64-linux-gnu/libc-2.13.so
7ff5268ab000-7ff5268af000 r--p 00181000 08:01 4197609                    /lib/x86_64-linux-gnu/libc-2.13.so
7ff5268af000-7ff5268b0000 rw-p 00185000 08:01 4197609                    /lib/x86_64-linux-gnu/libc-2.13.so
7ff5268b0000-7ff5268b5000 rw-p 00000000 00:00 0 
7ff5268b5000-7ff5268b7000 r-xp 00000000 08:01 4197612                    /lib/x86_64-linux-gnu/libdl-2.13.so
7ff5268b7000-7ff526ab7000 ---p 00002000 08:01 4197612                    /lib/x86_64-linux-gnu/libdl-2.13.so
7ff526ab7000-7ff526ab8000 r--p 00002000 08:01 4197612                    /lib/x86_64-linux-gnu/libdl-2.13.so
7ff526ab8000-7ff526ab9000 rw-p 00003000 08:01 4197612                    /lib/x86_64-linux-gnu/libdl-2.13.so
7ff526ab9000-7ff526ad0000 r-xp 00000000 08:01 1318124                    /usr/lib/jvm/java-8-oracle/lib/amd64/jli/libjli.so
7ff526ad0000-7ff526ccf000 ---p 00017000 08:01 1318124                    /usr/lib/jvm/java-8-oracle/lib/amd64/jli/libjli.so
7ff526ccf000-7ff526cd0000 rw-p 00016000 08:01 1318124                    /usr/lib/jvm/java-8-oracle/lib/amd64/jli/libjli.so
7ff526cd0000-7ff526ce7000 r-xp 00000000 08:01 4197623                    /lib/x86_64-linux-gnu/libpthread-2.13.so
7ff526ce7000-7ff526ee6000 ---p 00017000 08:01 4197623                    /lib/x86_64-linux-gnu/libpthread-2.13.so
7ff526ee6000-7ff526ee7000 r--p 00016000 08:01 4197623                    /lib/x86_64-linux-gnu/libpthread-2.13.so
7ff526ee7000-7ff526ee8000 rw-p 00017000 08:01 4197623                    /lib/x86_64-linux-gnu/libpthread-2.13.so
7ff526ee8000-7ff526eec000 rw-p 00000000 00:00 0 
7ff526eec000-7ff526f0c000 r-xp 00000000 08:01 4197606                    /lib/x86_64-linux-gnu/ld-2.13.so
7ff526f0c000-7ff526f0d000 r--p 00000000 00:00 0 
7ff526f0d000-7ff526f0f000 r--s 0000c000 08:01 1464124                    /usr/share/java/commons-logging-1.1.1.jar
7ff526f0f000-7ff526f11000 r--s 00002000 08:01 1464383                    /usr/share/java/plexus-cipher.jar
7ff526f11000-7ff526f13000 r--s 0000a000 08:01 2884230                    /usr/share/maven/lib/maven-artifact-3.0.4.jar
7ff526f13000-7ff526f1a000 r--s 00040000 08:01 1464578                    /usr/share/java/sisu-inject-bean.jar
7ff526f1a000-7ff526f1c000 r--s 0000b000 08:01 2756883                    /usr/share/maven-repo/org/codehaus/plexus/plexus-interpolation/1.11/plexus-interpolation-1.11.jar
7ff526f1c000-7ff526f1e000 r--s 00003000 08:01 1464230                    /usr/share/java/jsr305-0.1~+svn49.jar
7ff526f1e000-7ff526f20000 r--s 00000000 08:01 1464553                    /usr/share/java/plexus-component-annotations-1.5-1.5.5.jar
7ff526f20000-7ff526f26000 r--s 00034000 08:01 1464252                    /usr/share/java/commons-codec-1.6.jar
7ff526f26000-7ff526f28000 r--s 00007000 08:01 2884226                    /usr/share/maven/lib/maven-settings-builder-3.0.4.jar
7ff526f28000-7ff526f34000 r--s 00082000 08:01 1464569                    /usr/share/java/sisu-guice.jar
7ff526f34000-7ff526f37000 r--s 0001d000 08:01 2883932                    /usr/share/maven-repo/org/sonatype/aether/aether-impl/1.13.1/aether-impl-1.13.1.jar
7ff526f37000-7ff526f39000 r--s 00006000 08:01 2883919                    /usr/share/maven-repo/org/sonatype/aether/aether-connector-wagon/1.13.1/aether-connector-wagon-1.13.1.jar
7ff526f39000-7ff526f3b000 r--s 00005000 08:01 2884221                    /usr/share/maven/lib/maven-repository-metadata-3.0.4.jar
7ff526f3b000-7ff526f3d000 r--s 00009000 08:01 2884228                    /usr/share/maven/lib/maven-settings-3.0.4.jar
7ff526f3d000-7ff526ff5000 rw-p 00000000 00:00 0 
7ff526ff5000-7ff526ff8000 ---p 00000000 00:00 0 
7ff526ff8000-7ff5270fa000 rw-p 00000000 00:00 0 
7ff5270fa000-7ff5270fb000 r--s 00001000 08:01 1464689                    /usr/share/java/wagon-file-2.x.jar
7ff5270fb000-7ff5270fd000 r--s 00007000 08:01 1464228                    /usr/share/java/commons-cli-1.2.jar
7ff5270fd000-7ff5270ff000 r--s 0000a000 08:01 1464208                    /usr/share/java/plexus-classworlds2-2.4.jar
7ff5270ff000-7ff527107000 rw-s 00000000 08:01 5510482                    /tmp/hsperfdata_eidel/8404
7ff527107000-7ff527108000 rw-p 00000000 00:00 0 
7ff527108000-7ff527109000 r--p 00000000 00:00 0 
7ff527109000-7ff52710b000 rw-p 00000000 00:00 0 
7ff52710b000-7ff52710c000 r--p 0001f000 08:01 4197606                    /lib/x86_64-linux-gnu/ld-2.13.so
7ff52710c000-7ff52710d000 rw-p 00020000 08:01 4197606                    /lib/x86_64-linux-gnu/ld-2.13.so
7ff52710d000-7ff52710e000 rw-p 00000000 00:00 0 
7fff28b4d000-7fff28b6e000 rw-p 00000000 00:00 0                          [stack]
7fff28bff000-7fff28c00000 r-xp 00000000 00:00 0                          [vdso]
ffffffffff600000-ffffffffff601000 r-xp 00000000 00:00 0                  [vsyscall]

VM Arguments:
jvm_args: -Djava.library.path=/usr/local/lib -Dclassworlds.conf=/usr/share/maven/bin/m2.conf -Dmaven.home=/usr/share/maven 
java_command: org.codehaus.plexus.classworlds.launcher.Launcher exec:java -Dexec.mainClass=org.agfjord.graph.Main
java_class_path (initial): /usr/share/maven/boot/plexus-classworlds-2.x.jar
Launcher Type: SUN_STANDARD

Environment Variables:
JAVA_HOME=/usr/lib/jvm/java-8-oracle
PATH=/home/eidel/lib/GF-master/build/bin:/usr/local/bin:/usr/bin:/bin:/usr/local/games:/usr/games
SHELL=/bin/bash
DISPLAY=:0

Signal Handlers:
SIGSEGV: [libjvm.so+0xa2fc90], sa_mask[0]=0x7ffbfeff, sa_flags=0x10000004
SIGBUS: [libjvm.so+0xa2fc90], sa_mask[0]=0x7ffbfeff, sa_flags=0x10000004
SIGFPE: [libjvm.so+0x89b4b0], sa_mask[0]=0x7ffbfeff, sa_flags=0x10000004
SIGPIPE: [libjvm.so+0x89b4b0], sa_mask[0]=0x7ffbfeff, sa_flags=0x10000004
SIGXFSZ: [libjvm.so+0x89b4b0], sa_mask[0]=0x7ffbfeff, sa_flags=0x10000004
SIGILL: [libjvm.so+0x89b4b0], sa_mask[0]=0x7ffbfeff, sa_flags=0x10000004
SIGUSR1: SIG_DFL, sa_mask[0]=0x00000000, sa_flags=0x00000000
SIGUSR2: [libjvm.so+0x89cc50], sa_mask[0]=0x00000000, sa_flags=0x10000004
SIGHUP: [libjvm.so+0x89df00], sa_mask[0]=0x7ffbfeff, sa_flags=0x10000004
SIGINT: [libjvm.so+0x89df00], sa_mask[0]=0x7ffbfeff, sa_flags=0x10000004
SIGTERM: [libjvm.so+0x89df00], sa_mask[0]=0x7ffbfeff, sa_flags=0x10000004
SIGQUIT: [libjvm.so+0x89df00], sa_mask[0]=0x7ffbfeff, sa_flags=0x10000004


---------------  S Y S T E M  ---------------

OS:PRETTY_NAME="Debian GNU/Linux 7 (wheezy)"
NAME="Debian GNU/Linux"
VERSION_ID="7"
VERSION="7 (wheezy)"
ID=debian
ANSI_COLOR="1;31"
HOME_URL="http://www.debian.org/"
SUPPORT_URL="http://www.debian.org/support/"
BUG_REPORT_URL="http://bugs.debian.org/"

uname:Linux 3.2.0-4-amd64 #1 SMP Debian 3.2.60-1+deb7u1 x86_64
libc:glibc 2.13 NPTL 2.13 
rlimit: STACK 8192k, CORE 0k, NPROC 31100, NOFILE 4096, AS infinity
load average:0.74 0.73 0.52

/proc/meminfo:
MemTotal:        3993020 kB
MemFree:          874268 kB
Buffers:          140996 kB
Cached:           967900 kB
SwapCached:        36588 kB
Active:          1969192 kB
Inactive:         938808 kB
Active(anon):    1518576 kB
Inactive(anon):   416132 kB
Active(file):     450616 kB
Inactive(file):   522676 kB
Unevictable:           0 kB
Mlocked:               0 kB
SwapTotal:       1952764 kB
SwapFree:        1800856 kB
Dirty:                40 kB
Writeback:             0 kB
AnonPages:       1787356 kB
Mapped:           146896 kB
Shmem:            135604 kB
Slab:             142296 kB
SReclaimable:     116316 kB
SUnreclaim:        25980 kB
KernelStack:        3504 kB
PageTables:        27092 kB
NFS_Unstable:          0 kB
Bounce:                0 kB
WritebackTmp:          0 kB
CommitLimit:     3949272 kB
Committed_AS:    3960380 kB
VmallocTotal:   34359738367 kB
VmallocUsed:      407288 kB
VmallocChunk:   34359299136 kB
HardwareCorrupted:     0 kB
AnonHugePages:         0 kB
HugePages_Total:       0
HugePages_Free:        0
HugePages_Rsvd:        0
HugePages_Surp:        0
Hugepagesize:       2048 kB
DirectMap4k:       90112 kB
DirectMap2M:     4034560 kB


CPU:total 2 (2 cores per cpu, 1 threads per core) family 6 model 23 stepping 6, cmov, cx8, fxsr, mmx, sse, sse2, sse3, ssse3, sse4.1, tsc

/proc/cpuinfo:
processor	: 0
vendor_id	: GenuineIntel
cpu family	: 6
model		: 23
model name	: Intel(R) Core(TM)2 Duo CPU     P9500  @ 2.53GHz
stepping	: 6
microcode	: 0x60c
cpu MHz		: 2534.000
cache size	: 6144 KB
physical id	: 0
siblings	: 2
core id		: 0
cpu cores	: 2
apicid		: 0
initial apicid	: 0
fpu		: yes
fpu_exception	: yes
cpuid level	: 10
wp		: yes
flags		: fpu vme de pse tsc msr pae mce cx8 apic sep mtrr pge mca cmov pat pse36 clflush dts acpi mmx fxsr sse sse2 ss ht tm pbe syscall nx lm constant_tsc arch_perfmon pebs bts rep_good nopl aperfmperf pni dtes64 monitor ds_cpl vmx smx est tm2 ssse3 cx16 xtpr pdcm sse4_1 lahf_lm dtherm tpr_shadow vnmi flexpriority
bogomips	: 5053.88
clflush size	: 64
cache_alignment	: 64
address sizes	: 36 bits physical, 48 bits virtual
power management:

processor	: 1
vendor_id	: GenuineIntel
cpu family	: 6
model		: 23
model name	: Intel(R) Core(TM)2 Duo CPU     P9500  @ 2.53GHz
stepping	: 6
microcode	: 0x60c
cpu MHz		: 2534.000
cache size	: 6144 KB
physical id	: 0
siblings	: 2
core id		: 1
cpu cores	: 2
apicid		: 1
initial apicid	: 1
fpu		: yes
fpu_exception	: yes
cpuid level	: 10
wp		: yes
flags		: fpu vme de pse tsc msr pae mce cx8 apic sep mtrr pge mca cmov pat pse36 clflush dts acpi mmx fxsr sse sse2 ss ht tm pbe syscall nx lm constant_tsc arch_perfmon pebs bts rep_good nopl aperfmperf pni dtes64 monitor ds_cpl vmx smx est tm2 ssse3 cx16 xtpr pdcm sse4_1 lahf_lm dtherm tpr_shadow vnmi flexpriority
bogomips	: 5053.89
clflush size	: 64
cache_alignment	: 64
address sizes	: 36 bits physical, 48 bits virtual
power management:



Memory: 4k page, physical 3993020k(874268k free), swap 1952764k(1800856k free)

vm_info: Java HotSpot(TM) 64-Bit Server VM (25.5-b02) for linux-amd64 JRE (1.8.0_05-b13), built on Mar 18 2014 00:29:27 by "java_re" with gcc 4.3.0 20080428 (Red Hat 4.3.0-8)

time: Wed Jul 16 12:37:14 2014
elapsed time: 2 seconds

