#
# A fatal error has been detected by the Java Runtime Environment:
#
#  SIGSEGV (0xb) at pc=0x00007f2ce38b187c, pid=9817, tid=139830341515008
#
# JRE version: Java(TM) SE Runtime Environment (8.0_05-b13) (build 1.8.0_05-b13)
# Java VM: Java HotSpot(TM) 64-Bit Server VM (25.5-b02 mixed mode linux-amd64 compressed oops)
# Problematic frame:
# V  [libjvm.so+0x67487c]  jni_GetObjectClass+0xbc
#
# Failed to write core dump. Core dumps have been disabled. To enable core dumping, try "ulimit -c unlimited" before starting Java again
#
# If you would like to submit a bug report, please visit:
#   http://bugreport.sun.com/bugreport/crash.jsp
#

---------------  T H R E A D  ---------------

Current thread (0x00007f2ccc5b6000):  JavaThread "org.agfjord.graph.Main.main()" [_thread_in_vm, id=9863, stack(0x00007f2cc9c5b000,0x00007f2cc9d5c000)]

siginfo:si_signo=SIGSEGV: si_errno=0, si_code=1 (SEGV_MAPERR), si_addr=0x0000000000000000

Registers:
RAX=0x00007f2ce4127e79, RBX=0x00007f2ccc5b6000, RCX=0x0000000000000000, RDX=0x00007f2ce4131c90
RSP=0x00007f2cc9d59c90, RBP=0x00007f2cc9d59cf0, RSI=0x00007f2ccc5b6000, RDI=0x00007f2cc9d59c90
R8 =0x00007f2ce44e6fc8, R9 =0x000000000000001c, R10=0x0000000000000000, R11=0x00007f2cc84b1df0
R12=0x00007f2cc9d59c90, R13=0x00007f2ccc5b61e0, R14=0x0000000000000000, R15=0x00007f2ce41361e0
RIP=0x00007f2ce38b187c, EFLAGS=0x0000000000010246, CSGSFS=0x0000000000000033, ERR=0x0000000000000004
  TRAPNO=0x000000000000000e

Top of Stack: (sp=0x00007f2cc9d59c90)
0x00007f2cc9d59c90:   00007f2ccc5b6000 0000000000000000
0x00007f2cc9d59ca0:   0000000001ba9c10 00007f2ce4b35a55
0x00007f2cc9d59cb0:   00007f2ccc5b6000 0000000000000000
0x00007f2cc9d59cc0:   0000000000000007 00007f2ccc5b61e0
0x00007f2cc9d59cd0:   0000000000000000 0000000001ba9c10
0x00007f2cc9d59ce0:   00007f2cc9d59e28 00007f2ccc5b6000
0x00007f2cc9d59cf0:   00007f2cc9d59d10 00007f2cc88e9426
0x00007f2cc9d59d00:   00007f2ccc5b6000 00007f2cc9d59d50
0x00007f2cc9d59d10:   00007f2cc9d59d10 0000000000000000
0x00007f2cc9d59d20:   0000000000000000 0080008000200001
0x00007f2cc9d59d30:   0000000000000000 0000000000000000
0x00007f2cc9d59d40:   0000000000000000 0000000000000000
0x00007f2cc9d59d50:   0000000000000000 0000000000000000
0x00007f2cc9d59d60:   0000000000000000 0000000000000000
0x00007f2cc9d59d70:   0000000000000000 0000000000000000
0x00007f2cc9d59d80:   0000000000000000 0000000000000000
0x00007f2cc9d59d90:   00007f2ccc5b6000 00007f2cc8d972b8
0x00007f2cc9d59da0:   00007f2cc9d59e18 0000000000000000
0x00007f2cc9d59db0:   00007f2cc8d972b8 00007f2cc9d59e38
0x00007f2cc9d59dc0:   00007f2ccc5b6000 00007f2cd2f37b0e
0x00007f2cc9d59dd0:   00007f2cd2f3785c 00007f2cc9d59dd8
0x00007f2cc9d59de0:   00007f2cc8d972b8 00007f2cc9d59e38
0x00007f2cc9d59df0:   00007f2cc8d979a8 0000000000000000
0x00007f2cc9d59e00:   00007f2cc8d972b8 0000000000000000
0x00007f2cc9d59e10:   00007f2cc9d59e38 00007f2cc9d59e88
0x00007f2cc9d59e20:   00007f2cd2f2c210 00000000ec945c48
0x00007f2cc9d59e30:   00007f2cd2f33c1b 0000000000000000
0x00007f2cc9d59e40:   00000000ec940678 00007f2cc9d59e48
0x00007f2cc9d59e50:   00007f2cc8d95399 00007f2cc9d59ea8
0x00007f2cc9d59e60:   00007f2cc8d96430 0000000000000000
0x00007f2cc9d59e70:   00007f2cc8d95418 00007f2cc9d59e38
0x00007f2cc9d59e80:   00007f2cc9d59ea0 00007f2cc9d59f00 

Instructions: (pc=0x00007f2ce38b187c)
0x00007f2ce38b185c:   c7 83 58 02 00 00 06 00 00 00 48 89 de 48 89 5d
0x00007f2ce38b186c:   c0 4c 89 e7 e8 db 0a 01 00 48 8b 05 14 ed 83 00
0x00007f2ce38b187c:   49 8b 16 80 38 00 0f 85 b0 00 00 00 48 8b 52 08
0x00007f2ce38b188c:   48 8b 72 68 4c 89 ef e8 e8 ae 02 00 48 83 7d a8 

Register to memory mapping:

RAX=0x00007f2ce4127e79: <offset 0xeeae79> in /usr/lib/jvm/java-8-oracle/jre/lib/amd64/server/libjvm.so at 0x00007f2ce323d000
RBX=0x00007f2ccc5b6000 is a thread
RCX=0x0000000000000000 is an unknown value
RDX=0x00007f2ce4131c90: <offset 0xef4c90> in /usr/lib/jvm/java-8-oracle/jre/lib/amd64/server/libjvm.so at 0x00007f2ce323d000
RSP=0x00007f2cc9d59c90 is pointing into the stack for thread: 0x00007f2ccc5b6000
RBP=0x00007f2cc9d59cf0 is pointing into the stack for thread: 0x00007f2ccc5b6000
RSI=0x00007f2ccc5b6000 is a thread
RDI=0x00007f2cc9d59c90 is pointing into the stack for thread: 0x00007f2ccc5b6000
R8 =0x00007f2ce44e6fc8: <offset 0x386fc8> in /lib/x86_64-linux-gnu/libc.so.6 at 0x00007f2ce4160000
R9 =0x000000000000001c is an unknown value
R10=0x0000000000000000 is an unknown value
R11=0x00007f2cc84b1df0: gu_local_pool_+0 in /usr/local/lib/libgu.so.0 at 0x00007f2cc84a9000
R12=0x00007f2cc9d59c90 is pointing into the stack for thread: 0x00007f2ccc5b6000
R13=0x00007f2ccc5b61e0 is an unknown value
R14=0x0000000000000000 is an unknown value
R15=0x00007f2ce41361e0: <offset 0xef91e0> in /usr/lib/jvm/java-8-oracle/jre/lib/amd64/server/libjvm.so at 0x00007f2ce323d000


Stack: [0x00007f2cc9c5b000,0x00007f2cc9d5c000],  sp=0x00007f2cc9d59c90,  free space=1019k
Native frames: (J=compiled Java code, j=interpreted, Vv=VM code, C=native code)
V  [libjvm.so+0x67487c]  jni_GetObjectClass+0xbc
C  [libjpgf.so+0x3426]  Java_org_grammaticalframework_pgf_PGF_readPGF__Ljava_io_InputStream_2+0x66

Java frames: (J=compiled Java code, j=interpreted, Vv=VM code)
j  org.grammaticalframework.pgf.PGF.readPGF(Ljava/io/InputStream;)Lorg/grammaticalframework/pgf/PGF;+0
j  org.agfjord.graph.Grammar.<init>(Ljava/io/InputStream;)V+73
j  org.agfjord.graph.Main.<init>()V+29
j  org.agfjord.graph.Main.main([Ljava/lang/String;)V+4
v  ~StubRoutines::call_stub
J 1907  sun.reflect.NativeMethodAccessorImpl.invoke0(Ljava/lang/reflect/Method;Ljava/lang/Object;[Ljava/lang/Object;)Ljava/lang/Object; (0 bytes) @ 0x00007f2cd34e8277 [0x00007f2cd34e8200+0x77]
J 1906 C1 sun.reflect.NativeMethodAccessorImpl.invoke(Ljava/lang/Object;[Ljava/lang/Object;)Ljava/lang/Object; (104 bytes) @ 0x00007f2cd34e79b4 [0x00007f2cd34e7620+0x394]
J 1655 C1 sun.reflect.DelegatingMethodAccessorImpl.invoke(Ljava/lang/Object;[Ljava/lang/Object;)Ljava/lang/Object; (10 bytes) @ 0x00007f2cd342db6c [0x00007f2cd342db00+0x6c]
J 1506 C1 java.lang.reflect.Method.invoke(Ljava/lang/Object;[Ljava/lang/Object;)Ljava/lang/Object; (62 bytes) @ 0x00007f2cd33d9424 [0x00007f2cd33d9320+0x104]
j  org.codehaus.mojo.exec.ExecJavaMojo$1.run()V+112
j  java.lang.Thread.run()V+11
v  ~StubRoutines::call_stub

---------------  P R O C E S S  ---------------

Java Threads: ( => current thread )
  0x0000000001ba6800 JavaThread "GC-Monitor" daemon [_thread_blocked, id=9866, stack(0x00007f2cc8aee000,0x00007f2cc8bef000)]
  0x0000000001692000 JavaThread "Neo4j Recurring Job Runner" daemon [_thread_blocked, id=9865, stack(0x00007f2cc8e0a000,0x00007f2cc8f0b000)]
  0x0000000001632000 JavaThread "Neo4j UDC Timer" daemon [_thread_blocked, id=9864, stack(0x00007f2cc910b000,0x00007f2cc920c000)]
=>0x00007f2ccc5b6000 JavaThread "org.agfjord.graph.Main.main()" [_thread_in_vm, id=9863, stack(0x00007f2cc9c5b000,0x00007f2cc9d5c000)]
  0x00007f2ccc4a2800 JavaThread "process reaper" daemon [_thread_blocked, id=9862, stack(0x00007f2cca391000,0x00007f2cca3ca000)]
  0x00007f2ccc011800 JavaThread "Service Thread" daemon [_thread_blocked, id=9844, stack(0x00007f2cca93a000,0x00007f2ccaa3b000)]
  0x0000000000cb2000 JavaThread "C1 CompilerThread1" daemon [_thread_blocked, id=9843, stack(0x00007f2ccaa3b000,0x00007f2ccab3c000)]
  0x0000000000caf800 JavaThread "C2 CompilerThread0" daemon [_thread_in_native, id=9842, stack(0x00007f2ccab3c000,0x00007f2ccac3d000)]
  0x0000000000cad000 JavaThread "Signal Dispatcher" daemon [_thread_blocked, id=9841, stack(0x00007f2ccac3d000,0x00007f2ccad3e000)]
  0x0000000000c7d800 JavaThread "Finalizer" daemon [_thread_blocked, id=9840, stack(0x00007f2ccaeb5000,0x00007f2ccafb6000)]
  0x0000000000c79800 JavaThread "Reference Handler" daemon [_thread_blocked, id=9839, stack(0x00007f2ccafb6000,0x00007f2ccb0b7000)]
  0x0000000000c0f800 JavaThread "main" [_thread_blocked, id=9835, stack(0x00007f2ce4c2b000,0x00007f2ce4d2c000)]

Other Threads:
  0x0000000000c74800 VMThread [stack: 0x00007f2ccb0b7000,0x00007f2ccb1b8000] [id=9838]
  0x00007f2ccc014000 WatcherThread [stack: 0x00007f2cca839000,0x00007f2cca93a000] [id=9845]

VM state:not at safepoint (normal execution)

VM Mutex/Monitor currently owned by a thread: None

Heap:
 PSYoungGen      total 50688K, used 15245K [0x00000000ebb00000, 0x00000000f0400000, 0x0000000100000000)
  eden space 46592K, 32% used [0x00000000ebb00000,0x00000000ec9e35c8,0x00000000ee880000)
  from space 4096K, 0% used [0x00000000ee880000,0x00000000ee880000,0x00000000eec80000)
  to   space 4608K, 0% used [0x00000000eff80000,0x00000000eff80000,0x00000000f0400000)
 ParOldGen       total 14336K, used 10950K [0x00000000c3000000, 0x00000000c3e00000, 0x00000000ebb00000)
  object space 14336K, 76% used [0x00000000c3000000,0x00000000c3ab1928,0x00000000c3e00000)
 Metaspace       used 22627K, capacity 22950K, committed 23296K, reserved 1069056K
  class space    used 2936K, capacity 3028K, committed 3072K, reserved 1048576K

Card table byte_map: [0x00007f2cd297c000,0x00007f2cd2b65000] byte_map_base: 0x00007f2cd2364000

Marking Bits: (ParMarkBitMap*) 0x00007f2ce4135cc0
 Begin Bits: [0x00007f2cd07b4000, 0x00007f2cd16f4000)
 End Bits:   [0x00007f2cd16f4000, 0x00007f2cd2634000)

Polling page: 0x00007f2ce4d3e000

CodeCache: size=245760Kb used=8349Kb max_used=8362Kb free=237410Kb
 bounds [0x00007f2cd2f25000, 0x00007f2cd3765000, 0x00007f2ce1f25000]
 total_blobs=3232 nmethods=2829 adapters=318
 compilation: enabled

Compilation events (10 events):
Event: 4.160 Thread 0x0000000000cb2000 2829       3       java.lang.Character::isDigit (15 bytes)
Event: 4.160 Thread 0x0000000000cb2000 nmethod 2829 0x00007f2cd374b9d0 code [0x00007f2cd374bb60, 0x00007f2cd374be38]
Event: 4.161 Thread 0x0000000000cb2000 2830       1       org.neo4j.kernel.impl.nioneo.store.Record::intValue (5 bytes)
Event: 4.161 Thread 0x0000000000cb2000 nmethod 2830 0x00007f2cd374a210 code [0x00007f2cd374a360, 0x00007f2cd374a470]
Event: 4.161 Thread 0x0000000000cb2000 2831       3       java.lang.Long::valueOf (36 bytes)
Event: 4.162 Thread 0x0000000000cb2000 nmethod 2831 0x00007f2cd37535d0 code [0x00007f2cd3753740, 0x00007f2cd3753a90]
Event: 4.162 Thread 0x0000000000caf800 nmethod 2826% 0x00007f2cd3753c50 code [0x00007f2cd3753de0, 0x00007f2cd3754b88]
Event: 4.162 Thread 0x0000000000caf800 2824       4       java.lang.Throwable::<init> (39 bytes)
Event: 4.164 Thread 0x0000000000caf800 nmethod 2824 0x00007f2cd37514d0 code [0x00007f2cd3751620, 0x00007f2cd37519e8]
Event: 4.164 Thread 0x0000000000caf800 2832   !   4       java.util.concurrent.ConcurrentHashMap::putVal (362 bytes)

GC Heap History (10 events):
Event: 2.051 GC heap before
{Heap before GC invocations=14 (full 0):
 PSYoungGen      total 20992K, used 20879K [0x00000000ebb00000, 0x00000000edd00000, 0x0000000100000000)
  eden space 18944K, 100% used [0x00000000ebb00000,0x00000000ecd80000,0x00000000ecd80000)
  from space 2048K, 94% used [0x00000000ecd80000,0x00000000ecf63d78,0x00000000ecf80000)
  to   space 2048K, 0% used [0x00000000edb00000,0x00000000edb00000,0x00000000edd00000)
 ParOldGen       total 61952K, used 3272K [0x00000000c3000000, 0x00000000c6c80000, 0x00000000ebb00000)
  object space 61952K, 5% used [0x00000000c3000000,0x00000000c3332198,0x00000000c6c80000)
 Metaspace       used 13360K, capacity 13618K, committed 13824K, reserved 1060864K
  class space    used 1647K, capacity 1741K, committed 1792K, reserved 1048576K
Event: 2.059 GC heap after
Heap after GC invocations=14 (full 0):
 PSYoungGen      total 31744K, used 2044K [0x00000000ebb00000, 0x00000000edf00000, 0x0000000100000000)
  eden space 29696K, 0% used [0x00000000ebb00000,0x00000000ebb00000,0x00000000ed800000)
  from space 2048K, 99% used [0x00000000edb00000,0x00000000edcff2e0,0x00000000edd00000)
  to   space 3072K, 0% used [0x00000000ed800000,0x00000000ed800000,0x00000000edb00000)
 ParOldGen       total 61952K, used 4305K [0x00000000c3000000, 0x00000000c6c80000, 0x00000000ebb00000)
  object space 61952K, 6% used [0x00000000c3000000,0x00000000c3434498,0x00000000c6c80000)
 Metaspace       used 13360K, capacity 13618K, committed 13824K, reserved 1060864K
  class space    used 1647K, capacity 1741K, committed 1792K, reserved 1048576K
}
Event: 2.405 GC heap before
{Heap before GC invocations=15 (full 0):
 PSYoungGen      total 31744K, used 31740K [0x00000000ebb00000, 0x00000000edf00000, 0x0000000100000000)
  eden space 29696K, 100% used [0x00000000ebb00000,0x00000000ed800000,0x00000000ed800000)
  from space 2048K, 99% used [0x00000000edb00000,0x00000000edcff2e0,0x00000000edd00000)
  to   space 3072K, 0% used [0x00000000ed800000,0x00000000ed800000,0x00000000edb00000)
 ParOldGen       total 61952K, used 4305K [0x00000000c3000000, 0x00000000c6c80000, 0x00000000ebb00000)
  object space 61952K, 6% used [0x00000000c3000000,0x00000000c3434498,0x00000000c6c80000)
 Metaspace       used 13612K, capacity 13816K, committed 14080K, reserved 1060864K
  class space    used 1665K, capacity 1742K, committed 1792K, reserved 1048576K
Event: 2.412 GC heap after
Heap after GC invocations=15 (full 0):
 PSYoungGen      total 32768K, used 1632K [0x00000000ebb00000, 0x00000000eef80000, 0x0000000100000000)
  eden space 29696K, 0% used [0x00000000ebb00000,0x00000000ebb00000,0x00000000ed800000)
  from space 3072K, 53% used [0x00000000ed800000,0x00000000ed998000,0x00000000edb00000)
  to   space 3072K, 0% used [0x00000000eec80000,0x00000000eec80000,0x00000000eef80000)
 ParOldGen       total 61952K, used 5345K [0x00000000c3000000, 0x00000000c6c80000, 0x00000000ebb00000)
  object space 61952K, 8% used [0x00000000c3000000,0x00000000c35384b8,0x00000000c6c80000)
 Metaspace       used 13612K, capacity 13816K, committed 14080K, reserved 1060864K
  class space    used 1665K, capacity 1742K, committed 1792K, reserved 1048576K
}
Event: 2.930 GC heap before
{Heap before GC invocations=16 (full 0):
 PSYoungGen      total 32768K, used 31328K [0x00000000ebb00000, 0x00000000eef80000, 0x0000000100000000)
  eden space 29696K, 100% used [0x00000000ebb00000,0x00000000ed800000,0x00000000ed800000)
  from space 3072K, 53% used [0x00000000ed800000,0x00000000ed998000,0x00000000edb00000)
  to   space 3072K, 0% used [0x00000000eec80000,0x00000000eec80000,0x00000000eef80000)
 ParOldGen       total 61952K, used 5345K [0x00000000c3000000, 0x00000000c6c80000, 0x00000000ebb00000)
  object space 61952K, 8% used [0x00000000c3000000,0x00000000c35384b8,0x00000000c6c80000)
 Metaspace       used 16426K, capacity 16738K, committed 17024K, reserved 1064960K
  class space    used 2054K, capacity 2157K, committed 2176K, reserved 1048576K
Event: 2.940 GC heap after
Heap after GC invocations=16 (full 0):
 PSYoungGen      total 49664K, used 3056K [0x00000000ebb00000, 0x00000000ef180000, 0x0000000100000000)
  eden space 46592K, 0% used [0x00000000ebb00000,0x00000000ebb00000,0x00000000ee880000)
  from space 3072K, 99% used [0x00000000eec80000,0x00000000eef7c3a8,0x00000000eef80000)
  to   space 4096K, 0% used [0x00000000ee880000,0x00000000ee880000,0x00000000eec80000)
 ParOldGen       total 61952K, used 7125K [0x00000000c3000000, 0x00000000c6c80000, 0x00000000ebb00000)
  object space 61952K, 11% used [0x00000000c3000000,0x00000000c36f5578,0x00000000c6c80000)
 Metaspace       used 16426K, capacity 16738K, committed 17024K, reserved 1064960K
  class space    used 2054K, capacity 2157K, committed 2176K, reserved 1048576K
}
Event: 3.377 GC heap before
{Heap before GC invocations=17 (full 0):
 PSYoungGen      total 49664K, used 24800K [0x00000000ebb00000, 0x00000000ef180000, 0x0000000100000000)
  eden space 46592K, 46% used [0x00000000ebb00000,0x00000000ed03bf00,0x00000000ee880000)
  from space 3072K, 99% used [0x00000000eec80000,0x00000000eef7c3a8,0x00000000eef80000)
  to   space 4096K, 0% used [0x00000000ee880000,0x00000000ee880000,0x00000000eec80000)
 ParOldGen       total 61952K, used 7125K [0x00000000c3000000, 0x00000000c6c80000, 0x00000000ebb00000)
  object space 61952K, 11% used [0x00000000c3000000,0x00000000c36f5578,0x00000000c6c80000)
 Metaspace       used 20771K, capacity 21102K, committed 21248K, reserved 1067008K
  class space    used 2694K, capacity 2799K, committed 2816K, reserved 1048576K
Event: 3.388 GC heap after
Heap after GC invocations=17 (full 0):
 PSYoungGen      total 50688K, used 3958K [0x00000000ebb00000, 0x00000000f0400000, 0x0000000100000000)
  eden space 46592K, 0% used [0x00000000ebb00000,0x00000000ebb00000,0x00000000ee880000)
  from space 4096K, 96% used [0x00000000ee880000,0x00000000eec5dbb8,0x00000000eec80000)
  to   space 4608K, 0% used [0x00000000eff80000,0x00000000eff80000,0x00000000f0400000)
 ParOldGen       total 61952K, used 9037K [0x00000000c3000000, 0x00000000c6c80000, 0x00000000ebb00000)
  object space 61952K, 14% used [0x00000000c3000000,0x00000000c38d3578,0x00000000c6c80000)
 Metaspace       used 20771K, capacity 21102K, committed 21248K, reserved 1067008K
  class space    used 2694K, capacity 2799K, committed 2816K, reserved 1048576K
}
Event: 3.388 GC heap before
{Heap before GC invocations=18 (full 1):
 PSYoungGen      total 50688K, used 3958K [0x00000000ebb00000, 0x00000000f0400000, 0x0000000100000000)
  eden space 46592K, 0% used [0x00000000ebb00000,0x00000000ebb00000,0x00000000ee880000)
  from space 4096K, 96% used [0x00000000ee880000,0x00000000eec5dbb8,0x00000000eec80000)
  to   space 4608K, 0% used [0x00000000eff80000,0x00000000eff80000,0x00000000f0400000)
 ParOldGen       total 61952K, used 9037K [0x00000000c3000000, 0x00000000c6c80000, 0x00000000ebb00000)
  object space 61952K, 14% used [0x00000000c3000000,0x00000000c38d3578,0x00000000c6c80000)
 Metaspace       used 20771K, capacity 21102K, committed 21248K, reserved 1067008K
  class space    used 2694K, capacity 2799K, committed 2816K, reserved 1048576K
Event: 3.525 GC heap after
Heap after GC invocations=18 (full 1):
 PSYoungGen      total 50688K, used 0K [0x00000000ebb00000, 0x00000000f0400000, 0x0000000100000000)
  eden space 46592K, 0% used [0x00000000ebb00000,0x00000000ebb00000,0x00000000ee880000)
  from space 4096K, 0% used [0x00000000ee880000,0x00000000ee880000,0x00000000eec80000)
  to   space 4608K, 0% used [0x00000000eff80000,0x00000000eff80000,0x00000000f0400000)
 ParOldGen       total 14336K, used 10950K [0x00000000c3000000, 0x00000000c3e00000, 0x00000000ebb00000)
  object space 14336K, 76% used [0x00000000c3000000,0x00000000c3ab1928,0x00000000c3e00000)
 Metaspace       used 20771K, capacity 21102K, committed 21248K, reserved 1067008K
  class space    used 2694K, capacity 2799K, committed 2816K, reserved 1048576K
}

Deoptimization events (10 events):
Event: 3.002 Thread 0x00007f2ccc5b6000 Uncommon trap: reason=bimorphic action=maybe_recompile pc=0x00007f2cd341f80c method=java.util.concurrent.ConcurrentHashMap.get(Ljava/lang/Object;)Ljava/lang/Object; @ 149
Event: 3.089 Thread 0x00007f2ccc5b6000 Uncommon trap: reason=bimorphic action=maybe_recompile pc=0x00007f2cd341f80c method=java.util.concurrent.ConcurrentHashMap.get(Ljava/lang/Object;)Ljava/lang/Object; @ 149
Event: 3.104 Thread 0x00007f2ccc5b6000 Uncommon trap: reason=bimorphic action=maybe_recompile pc=0x00007f2cd34d3c60 method=java.util.regex.Pattern$CharProperty.match(Ljava/util/regex/Matcher;ILjava/lang/CharSequence;)Z @ 37
Event: 3.104 Thread 0x00007f2ccc5b6000 Uncommon trap: reason=bimorphic action=maybe_recompile pc=0x00007f2cd34d3c60 method=java.util.regex.Pattern$CharProperty.match(Ljava/util/regex/Matcher;ILjava/lang/CharSequence;)Z @ 37
Event: 3.105 Thread 0x00007f2ccc5b6000 Uncommon trap: reason=bimorphic action=maybe_recompile pc=0x00007f2cd34d3c60 method=java.util.regex.Pattern$CharProperty.match(Ljava/util/regex/Matcher;ILjava/lang/CharSequence;)Z @ 37
Event: 3.105 Thread 0x00007f2ccc5b6000 Uncommon trap: reason=bimorphic action=maybe_recompile pc=0x00007f2cd34d3c60 method=java.util.regex.Pattern$CharProperty.match(Ljava/util/regex/Matcher;ILjava/lang/CharSequence;)Z @ 37
Event: 3.124 Thread 0x00007f2ccc5b6000 Uncommon trap: reason=bimorphic action=maybe_recompile pc=0x00007f2cd341f80c method=java.util.concurrent.ConcurrentHashMap.get(Ljava/lang/Object;)Ljava/lang/Object; @ 149
Event: 3.187 Thread 0x00007f2ccc5b6000 Uncommon trap: reason=unreached action=reinterpret pc=0x00007f2cd35af760 method=java.lang.reflect.Method.equals(Ljava/lang/Object;)Z @ 49
Event: 4.099 Thread 0x00007f2ccc5b6000 Uncommon trap: reason=class_check action=maybe_recompile pc=0x00007f2cd34d9254 method=java.util.AbstractList$Itr.hasNext()Z @ 8
Event: 4.099 Thread 0x00007f2ccc5b6000 Uncommon trap: reason=class_check action=maybe_recompile pc=0x00007f2cd34d8ec8 method=java.util.AbstractList$Itr.next()Ljava/lang/Object; @ 14

Internal exceptions (10 events):
Event: 4.159 Thread 0x00007f2ccc5b6000 Exception <a 'java/security/PrivilegedActionException'> (0x00000000ec922bd0) thrown at [/HUDSON/workspace/8-2-build-linux-amd64/jdk8u5/2488/hotspot/src/share/vm/prims/jvm.cpp, line 1248]
Event: 4.159 Thread 0x00007f2ccc5b6000 Exception <a 'java/security/PrivilegedActionException'> (0x00000000ec9231d0) thrown at [/HUDSON/workspace/8-2-build-linux-amd64/jdk8u5/2488/hotspot/src/share/vm/prims/jvm.cpp, line 1248]
Event: 4.162 Thread 0x00007f2ccc5b6000 Exception <a 'java/security/PrivilegedActionException'> (0x00000000ec92d948) thrown at [/HUDSON/workspace/8-2-build-linux-amd64/jdk8u5/2488/hotspot/src/share/vm/prims/jvm.cpp, line 1248]
Event: 4.162 Thread 0x00007f2ccc5b6000 Exception <a 'java/security/PrivilegedActionException'> (0x00000000ec92def8) thrown at [/HUDSON/workspace/8-2-build-linux-amd64/jdk8u5/2488/hotspot/src/share/vm/prims/jvm.cpp, line 1248]
Event: 4.163 Thread 0x00007f2ccc5b6000 Exception <a 'java/security/PrivilegedActionException'> (0x00000000ec935008) thrown at [/HUDSON/workspace/8-2-build-linux-amd64/jdk8u5/2488/hotspot/src/share/vm/prims/jvm.cpp, line 1248]
Event: 4.163 Thread 0x00007f2ccc5b6000 Exception <a 'java/security/PrivilegedActionException'> (0x00000000ec935548) thrown at [/HUDSON/workspace/8-2-build-linux-amd64/jdk8u5/2488/hotspot/src/share/vm/prims/jvm.cpp, line 1248]
Event: 4.164 Thread 0x00007f2ccc5b6000 Exception <a 'java/security/PrivilegedActionException'> (0x00000000ec93c358) thrown at [/HUDSON/workspace/8-2-build-linux-amd64/jdk8u5/2488/hotspot/src/share/vm/prims/jvm.cpp, line 1248]
Event: 4.164 Thread 0x00007f2ccc5b6000 Exception <a 'java/security/PrivilegedActionException'> (0x00000000ec93c918) thrown at [/HUDSON/workspace/8-2-build-linux-amd64/jdk8u5/2488/hotspot/src/share/vm/prims/jvm.cpp, line 1248]
Event: 4.164 Thread 0x00007f2ccc5b6000 Exception <a 'java/security/PrivilegedActionException'> (0x00000000ec940e70) thrown at [/HUDSON/workspace/8-2-build-linux-amd64/jdk8u5/2488/hotspot/src/share/vm/prims/jvm.cpp, line 1248]
Event: 4.164 Thread 0x00007f2ccc5b6000 Exception <a 'java/security/PrivilegedActionException'> (0x00000000ec9413f8) thrown at [/HUDSON/workspace/8-2-build-linux-amd64/jdk8u5/2488/hotspot/src/share/vm/prims/jvm.cpp, line 1248]

Events (10 events):
Event: 4.163 loading class org/agfjord/graph/Grammar
Event: 4.163 loading class org/agfjord/graph/Grammar done
Event: 4.164 loading class org/grammaticalframework/pgf/PGFError
Event: 4.164 loading class org/grammaticalframework/pgf/PGFError done
Event: 4.164 loading class org/grammaticalframework/pgf/PGF
Event: 4.164 loading class org/grammaticalframework/pgf/PGF done
Event: 4.164 Executing VM operation: RevokeBias
Event: 4.164 Executing VM operation: RevokeBias done
Event: 4.164 loading class java/lang/ClassLoaderHelper
Event: 4.165 loading class java/lang/ClassLoaderHelper done


Dynamic libraries:
00400000-00401000 r-xp 00000000 08:01 1318028                            /usr/lib/jvm/java-8-oracle/bin/java
00600000-00601000 rw-p 00000000 08:01 1318028                            /usr/lib/jvm/java-8-oracle/bin/java
00c04000-01e3f000 rw-p 00000000 00:00 0                                  [heap]
c3000000-c3e00000 rw-p 00000000 00:00 0 
c3e00000-ebb00000 ---p 00000000 00:00 0 
ebb00000-f0400000 rw-p 00000000 00:00 0 
f0400000-100000000 ---p 00000000 00:00 0 
100000000-100300000 rw-p 00000000 00:00 0 
100300000-140000000 ---p 00000000 00:00 0 
7f2cc4000000-7f2cc50db000 rw-p 00000000 00:00 0 
7f2cc50db000-7f2cc8000000 ---p 00000000 00:00 0 
7f2cc84a9000-7f2cc84b9000 r-xp 00000000 08:01 1188030                    /usr/local/lib/libgu.so.0.0.0
7f2cc84b9000-7f2cc86b8000 ---p 00010000 08:01 1188030                    /usr/local/lib/libgu.so.0.0.0
7f2cc86b8000-7f2cc86b9000 rw-p 0000f000 08:01 1188030                    /usr/local/lib/libgu.so.0.0.0
7f2cc86b9000-7f2cc86d6000 r-xp 00000000 08:01 1188034                    /usr/local/lib/libpgf.so.0.0.0
7f2cc86d6000-7f2cc88d5000 ---p 0001d000 08:01 1188034                    /usr/local/lib/libpgf.so.0.0.0
7f2cc88d5000-7f2cc88d7000 rw-p 0001c000 08:01 1188034                    /usr/local/lib/libpgf.so.0.0.0
7f2cc88e5000-7f2cc88e6000 rw-p 00000000 00:00 0 
7f2cc88e6000-7f2cc88ee000 r-xp 00000000 08:01 1188229                    /usr/local/lib/libjpgf.so
7f2cc88ee000-7f2cc8aed000 ---p 00008000 08:01 1188229                    /usr/local/lib/libjpgf.so
7f2cc8aed000-7f2cc8aee000 rw-p 00007000 08:01 1188229                    /usr/local/lib/libjpgf.so
7f2cc8aee000-7f2cc8af1000 ---p 00000000 00:00 0 
7f2cc8af1000-7f2cc8bef000 rw-p 00000000 00:00 0 
7f2cc8bef000-7f2cc8bf0000 r--s 00000000 08:01 4876178                    /home/eidel/Documents/School/Exjobb/Programming/bundle/mock-data/data/schema/index/lucene/4/_0.fdx
7f2cc8bf0000-7f2cc8bf1000 r--s 00000000 08:01 4876177                    /home/eidel/Documents/School/Exjobb/Programming/bundle/mock-data/data/schema/index/lucene/4/_0.fdt
7f2cc8bf1000-7f2cc8bf2000 r--s 00000000 08:01 4876181                    /home/eidel/Documents/School/Exjobb/Programming/bundle/mock-data/data/schema/index/lucene/4/_0.frq
7f2cc8bf2000-7f2cc8bf3000 r--s 00000000 08:01 4876179                    /home/eidel/Documents/School/Exjobb/Programming/bundle/mock-data/data/schema/index/lucene/4/_0.tis
7f2cc8bf3000-7f2cc8bf4000 r--s 00000000 08:01 4876185                    /home/eidel/Documents/School/Exjobb/Programming/bundle/mock-data/data/schema/index/lucene/2/_0.fdx
7f2cc8bf4000-7f2cc8bf5000 r--s 00000000 08:01 4876184                    /home/eidel/Documents/School/Exjobb/Programming/bundle/mock-data/data/schema/index/lucene/2/_0.fdt
7f2cc8bf5000-7f2cc8bf6000 r--s 00000000 08:01 4876188                    /home/eidel/Documents/School/Exjobb/Programming/bundle/mock-data/data/schema/index/lucene/2/_0.frq
7f2cc8bf6000-7f2cc8bf7000 r--s 00000000 08:01 4876186                    /home/eidel/Documents/School/Exjobb/Programming/bundle/mock-data/data/schema/index/lucene/2/_0.tis
7f2cc8bf7000-7f2cc8bf8000 r--s 00000000 08:01 4876193                    /home/eidel/Documents/School/Exjobb/Programming/bundle/mock-data/data/schema/index/lucene/1/_0.fdx
7f2cc8bf8000-7f2cc8bf9000 r--s 00000000 08:01 4876199                    /home/eidel/Documents/School/Exjobb/Programming/bundle/mock-data/data/schema/label/lucene/_6.cfs
7f2cc8bf9000-7f2cc8bfa000 r--s 00000000 08:01 4876192                    /home/eidel/Documents/School/Exjobb/Programming/bundle/mock-data/data/schema/label/lucene/_3.cfs
7f2cc8bfa000-7f2cc8c00000 r--s 00000000 08:01 4876171                    /home/eidel/Documents/School/Exjobb/Programming/bundle/mock-data/data/schema/label/lucene/_1.fdx
7f2cc8c00000-7f2cc8c0a000 r--s 00000000 08:01 4876170                    /home/eidel/Documents/School/Exjobb/Programming/bundle/mock-data/data/schema/label/lucene/_1.fdt
7f2cc8c0a000-7f2cc8dca000 rw-p 00000000 00:00 0 
7f2cc8dca000-7f2cc8e0a000 ---p 00000000 00:00 0 
7f2cc8e0a000-7f2cc8e0d000 ---p 00000000 00:00 0 
7f2cc8e0d000-7f2cc910b000 rw-p 00000000 00:00 0 
7f2cc910b000-7f2cc910e000 ---p 00000000 00:00 0 
7f2cc910e000-7f2cc920c000 rw-p 00000000 00:00 0 
7f2cc920c000-7f2cc9214000 r-xp 00000000 08:01 1317753                    /usr/lib/jvm/java-8-oracle/jre/lib/amd64/libmanagement.so
7f2cc9214000-7f2cc9414000 ---p 00008000 08:01 1317753                    /usr/lib/jvm/java-8-oracle/jre/lib/amd64/libmanagement.so
7f2cc9414000-7f2cc9415000 rw-p 00008000 08:01 1317753                    /usr/lib/jvm/java-8-oracle/jre/lib/amd64/libmanagement.so
7f2cc9415000-7f2cc9615000 rw-p 00000000 00:00 0 
7f2cc9615000-7f2cc962a000 r-xp 00000000 08:01 4194308                    /lib/x86_64-linux-gnu/libgcc_s.so.1
7f2cc962a000-7f2cc982a000 ---p 00015000 08:01 4194308                    /lib/x86_64-linux-gnu/libgcc_s.so.1
7f2cc982a000-7f2cc982b000 rw-p 00015000 08:01 4194308                    /lib/x86_64-linux-gnu/libgcc_s.so.1
7f2cc982b000-7f2cc982c000 r--s 00000000 08:01 4876191                    /home/eidel/Documents/School/Exjobb/Programming/bundle/mock-data/data/schema/index/lucene/1/_0.fdt
7f2cc982c000-7f2cc982d000 r--s 00000000 08:01 4876196                    /home/eidel/Documents/School/Exjobb/Programming/bundle/mock-data/data/schema/index/lucene/1/_0.frq
7f2cc982d000-7f2cc982e000 r--s 00000000 08:01 4876194                    /home/eidel/Documents/School/Exjobb/Programming/bundle/mock-data/data/schema/index/lucene/1/_0.tis
7f2cc982e000-7f2cc9831000 r--s 00000000 08:01 4876174                    /home/eidel/Documents/School/Exjobb/Programming/bundle/mock-data/data/schema/label/lucene/_1.frq
7f2cc9831000-7f2cc9836000 r--s 00000000 08:01 4876172                    /home/eidel/Documents/School/Exjobb/Programming/bundle/mock-data/data/schema/label/lucene/_1.tis
7f2cc9836000-7f2cc9837000 r--s 00000000 08:01 4876164                    /home/eidel/Documents/School/Exjobb/Programming/bundle/mock-data/data/schema/label/lucene/_0.fdx
7f2cc9837000-7f2cc9838000 r--s 00000000 08:01 4876163                    /home/eidel/Documents/School/Exjobb/Programming/bundle/mock-data/data/schema/label/lucene/_0.fdt
7f2cc9838000-7f2cc9839000 r--s 00000000 08:01 4876167                    /home/eidel/Documents/School/Exjobb/Programming/bundle/mock-data/data/schema/label/lucene/_0.frq
7f2cc9839000-7f2cc983a000 r--s 00000000 08:01 4876165                    /home/eidel/Documents/School/Exjobb/Programming/bundle/mock-data/data/schema/label/lucene/_0.tis
7f2cc983a000-7f2cc986c000 r-xp 00000000 08:01 1317740                    /usr/lib/jvm/java-8-oracle/jre/lib/amd64/libsunec.so
7f2cc986c000-7f2cc9a6b000 ---p 00032000 08:01 1317740                    /usr/lib/jvm/java-8-oracle/jre/lib/amd64/libsunec.so
7f2cc9a6b000-7f2cc9a71000 rw-p 00031000 08:01 1317740                    /usr/lib/jvm/java-8-oracle/jre/lib/amd64/libsunec.so
7f2cc9a71000-7f2cc9a81000 rw-p 00000000 00:00 0 
7f2cc9a81000-7f2cc9a82000 r--s 00009000 08:01 1317835                    /usr/lib/jvm/java-8-oracle/jre/lib/ext/sunec.jar
7f2cc9a82000-7f2cc9a85000 r--s 00019000 08:01 1318005                    /usr/lib/jvm/java-8-oracle/jre/lib/jce.jar
7f2cc9a85000-7f2cc9a87000 r--s 0000d000 08:01 4719885                    /home/eidel/.m2/repository/commons-logging/commons-logging/1.1.1/commons-logging-1.1.1.jar
7f2cc9a87000-7f2cc9a89000 r--s 00004000 08:01 4850423                    /home/eidel/.m2/repository/org/slf4j/slf4j-api/1.5.6/slf4j-api-1.5.6.jar
7f2cc9a89000-7f2cc9a8a000 r--s 00001000 08:01 4850434                    /home/eidel/.m2/repository/org/slf4j/slf4j-simple/1.5.6/slf4j-simple-1.5.6.jar
7f2cc9a8a000-7f2cc9a8b000 r--s 00005000 08:01 4850388                    /home/eidel/.m2/repository/org/noggit/noggit/0.5/noggit-0.5.jar
7f2cc9a8b000-7f2cc9a92000 r--s 00079000 08:01 4849899                    /home/eidel/.m2/repository/org/codehaus/woodstox/wstx-asl/3.2.7/wstx-asl-3.2.7.jar
7f2cc9a92000-7f2cc9a9e000 r--s 000b3000 08:01 4721553                    /home/eidel/.m2/repository/org/apache/zookeeper/zookeeper/3.4.5/zookeeper-3.4.5.jar
7f2cc9a9e000-7f2cc9aa0000 r--s 00008000 08:01 4720354                    /home/eidel/.m2/repository/org/apache/httpcomponents/httpmime/4.3.1/httpmime-4.3.1.jar
7f2cc9aa0000-7f2cc9aa6000 r--s 0003f000 08:01 4720347                    /home/eidel/.m2/repository/org/apache/httpcomponents/httpcore/4.3/httpcore-4.3.jar
7f2cc9aa6000-7f2cc9ab1000 r--s 00084000 08:01 4720280                    /home/eidel/.m2/repository/org/apache/httpcomponents/httpclient/4.3.1/httpclient-4.3.1.jar
7f2cc9ab1000-7f2cc9aba000 r--s 0006d000 08:01 4719993                    /home/eidel/.m2/repository/log4j/log4j/1.2.16/log4j-1.2.16.jar
7f2cc9aba000-7f2cc9abd000 r--s 00025000 08:01 4719833                    /home/eidel/.m2/repository/commons-io/commons-io/2.1/commons-io-2.1.jar
7f2cc9abd000-7f2cc9ac5000 r--s 0005e000 08:01 4721410                    /home/eidel/.m2/repository/org/apache/solr/solr-solrj/4.7.0/solr-solrj-4.7.0.jar
7f2cc9ac5000-7f2cc9ac7000 r--s 00003000 08:01 4876243                    /home/eidel/.m2/repository/org/grammaticalframework/pgf/1.0/pgf-1.0.jar
7f2cc9ac7000-7f2cc9ac8000 r--s 0000b000 08:01 4850262                    /home/eidel/.m2/repository/org/neo4j/neo4j-jmx/2.0.3/neo4j-jmx-2.0.3.jar
7f2cc9ac8000-7f2cc9b3a000 r--s 0065a000 08:01 4850409                    /home/eidel/.m2/repository/org/scala-lang/scala-library/2.10.3/scala-library-2.10.3.jar
7f2cc9b3a000-7f2cc9b3d000 r--s 0000b000 08:01 4719720                    /home/eidel/.m2/repository/com/googlecode/concurrentlinkedhashmap/concurrentlinkedhashmap-lru/1.3.1/concurrentlinkedhashmap-lru-1.3.1.jar
7f2cc9b3d000-7f2cc9b3e000 r--s 00003000 08:01 4720023                    /home/eidel/.m2/repository/net/sf/opencsv/opencsv/2.0/opencsv-2.0.jar
7f2cc9b3e000-7f2cc9b43000 r--s 00029000 08:01 4850395                    /home/eidel/.m2/repository/org/parboiled/parboiled-core/1.1.6/parboiled-core-1.1.6.jar
7f2cc9b43000-7f2cc9b48000 r--s 00036000 08:01 4850402                    /home/eidel/.m2/repository/org/parboiled/parboiled-scala_2.10/1.1.6/parboiled-scala_2.10-1.1.6.jar
7f2cc9b48000-7f2cc9bb8000 r--s 004b8000 08:01 4850178                    /home/eidel/.m2/repository/org/neo4j/neo4j-cypher-compiler-2.0/2.0.3/neo4j-cypher-compiler-2.0-2.0.3.jar
7f2cc9bb8000-7f2cc9bfd000 r--s 002a1000 08:01 4850164                    /home/eidel/.m2/repository/org/neo4j/neo4j-cypher-compiler-1.9/2.0.3/neo4j-cypher-compiler-1.9-2.0.3.jar
7f2cc9bfd000-7f2cc9c01000 r--s 00029000 08:01 4850143                    /home/eidel/.m2/repository/org/neo4j/neo4j-cypher-commons/2.0.3/neo4j-cypher-commons-2.0.3.jar
7f2cc9c01000-7f2cc9c04000 r--s 0001c000 08:01 4850199                    /home/eidel/.m2/repository/org/neo4j/neo4j-cypher/2.0.3/neo4j-cypher-2.0.3.jar
7f2cc9c04000-7f2cc9c06000 r--s 0000c000 08:01 4850241                    /home/eidel/.m2/repository/org/neo4j/neo4j-graph-matching/2.0.3/neo4j-graph-matching-2.0.3.jar
7f2cc9c06000-7f2cc9c08000 r--s 00008000 08:01 4850332                    /home/eidel/.m2/repository/org/neo4j/neo4j-udc/2.0.3/neo4j-udc-2.0.3.jar
7f2cc9c08000-7f2cc9c0c000 r--s 00024000 08:01 4850220                    /home/eidel/.m2/repository/org/neo4j/neo4j-graph-algo/2.0.3/neo4j-graph-algo-2.0.3.jar
7f2cc9c0c000-7f2cc9c25000 r--s 0015f000 08:01 4720418                    /home/eidel/.m2/repository/org/apache/lucene/lucene-core/3.6.2/lucene-core-3.6.2.jar
7f2cc9c25000-7f2cc9c2b000 r--s 00038000 08:01 4850304                    /home/eidel/.m2/repository/org/neo4j/neo4j-lucene-index/2.0.3/neo4j-lucene-index-2.0.3.jar
7f2cc9c2b000-7f2cc9c2c000 r--s 00003000 08:01 4720225                    /home/eidel/.m2/repository/org/apache/geronimo/specs/geronimo-jta_1.1_spec/1.1.1/geronimo-jta_1.1_spec-1.1.1.jar
7f2cc9c2c000-7f2cc9c5a000 r--s 001e1000 08:01 4850283                    /home/eidel/.m2/repository/org/neo4j/neo4j-kernel/2.0.3/neo4j-kernel-2.0.3.jar
7f2cc9c5a000-7f2cc9c5b000 r--s 00005000 08:01 4850353                    /home/eidel/.m2/repository/org/neo4j/neo4j/2.0.3/neo4j-2.0.3.jar
7f2cc9c5b000-7f2cc9c5e000 ---p 00000000 00:00 0 
7f2cc9c5e000-7f2cc9d5c000 rw-p 00000000 00:00 0 
7f2cc9d5c000-7f2cc9d5e000 r--s 0000b000 08:01 4723914                    /home/eidel/.m2/repository/org/apache/commons/commons-exec/1.1/commons-exec-1.1.jar
7f2cc9d5e000-7f2cc9d62000 r--s 00033000 08:01 4721838                    /home/eidel/.m2/repository/org/codehaus/plexus/plexus-utils/2.0.5/plexus-utils-2.0.5.jar
7f2cc9d62000-7f2cc9d64000 r--s 00002000 08:01 4721741                    /home/eidel/.m2/repository/org/codehaus/plexus/plexus-interactivity-api/1.0-alpha-4/plexus-interactivity-api-1.0-alpha-4.jar
7f2cc9d64000-7f2cc9d66000 r--s 00006000 08:01 4459542                    /home/eidel/.m2/repository/commons-cli/commons-cli/1.0/commons-cli-1.0.jar
7f2cc9d66000-7f2cc9d67000 r--s 00001000 08:01 4720572                    /home/eidel/.m2/repository/org/apache/maven/doxia/doxia-sink-api/1.0-alpha-7/doxia-sink-api-1.0-alpha-7.jar
7f2cc9d67000-7f2cc9d68000 r--s 00002000 08:01 4721292                    /home/eidel/.m2/repository/org/apache/maven/reporting/maven-reporting-api/2.0.6/maven-reporting-api-2.0.6.jar
7f2cc9d68000-7f2cc9f68000 rw-p 00000000 00:00 0 
7f2cc9f68000-7f2cc9f6a000 r--s 00008000 08:01 4723908                    /home/eidel/.m2/repository/org/codehaus/mojo/exec-maven-plugin/1.2.1/exec-maven-plugin-1.2.1.jar
7f2cc9f6a000-7f2cc9f7a000 r-xp 00000000 08:01 1317749                    /usr/lib/jvm/java-8-oracle/jre/lib/amd64/libnio.so
7f2cc9f7a000-7f2cca17a000 ---p 00010000 08:01 1317749                    /usr/lib/jvm/java-8-oracle/jre/lib/amd64/libnio.so
7f2cca17a000-7f2cca17b000 rw-p 00010000 08:01 1317749                    /usr/lib/jvm/java-8-oracle/jre/lib/amd64/libnio.so
7f2cca17b000-7f2cca191000 r-xp 00000000 08:01 1317764                    /usr/lib/jvm/java-8-oracle/jre/lib/amd64/libnet.so
7f2cca191000-7f2cca390000 ---p 00016000 08:01 1317764                    /usr/lib/jvm/java-8-oracle/jre/lib/amd64/libnet.so
7f2cca390000-7f2cca391000 rw-p 00015000 08:01 1317764                    /usr/lib/jvm/java-8-oracle/jre/lib/amd64/libnet.so
7f2cca391000-7f2cca394000 ---p 00000000 00:00 0 
7f2cca394000-7f2cca5ca000 rw-p 00000000 00:00 0 
7f2cca5ca000-7f2cca5cf000 r--s 00092000 08:01 1317885                    /usr/lib/jvm/java-8-oracle/jre/lib/jsse.jar
7f2cca5cf000-7f2cca7cf000 rw-p 00000000 00:00 0 
7f2cca7cf000-7f2cca7da000 r--s 0021a000 08:01 1317839                    /usr/lib/jvm/java-8-oracle/jre/lib/ext/localedata.jar
7f2cca7da000-7f2cca7f6000 r--s 00393000 08:01 1317837                    /usr/lib/jvm/java-8-oracle/jre/lib/ext/cldrdata.jar
7f2cca7f6000-7f2cca7f8000 r--s 00008000 08:01 2884224                    /usr/share/maven/lib/maven-embedder-3.0.4.jar
7f2cca7f8000-7f2cca804000 r--s 0007c000 08:01 2884225                    /usr/share/maven/lib/maven-core-3.0.4.jar
7f2cca804000-7f2cca808000 r--s 0001c000 08:01 2883925                    /usr/share/maven-repo/org/sonatype/aether/aether-util/1.13.1/aether-util-1.13.1.jar
7f2cca808000-7f2cca809000 r--s 00003000 08:01 2883901                    /usr/share/maven-repo/org/sonatype/aether/aether-spi/1.13.1/aether-spi-1.13.1.jar
7f2cca809000-7f2cca80f000 r--s 0003e000 08:01 2884229                    /usr/share/maven/lib/maven-compat-3.0.4.jar
7f2cca80f000-7f2cca815000 r--s 0002c000 08:01 1464572                    /usr/share/java/sisu-inject-plexus.jar
7f2cca815000-7f2cca817000 r--s 00025000 08:01 2884220                    /usr/share/maven/lib/maven-model-3.0.4.jar
7f2cca817000-7f2cca819000 r--s 00009000 08:01 2884227                    /usr/share/maven/lib/maven-plugin-api-3.0.4.jar
7f2cca819000-7f2cca81d000 r--s 00020000 08:01 2884222                    /usr/share/maven/lib/maven-model-builder-3.0.4.jar
7f2cca81d000-7f2cca81f000 r--s 0000b000 08:01 2884223                    /usr/share/maven/lib/maven-aether-provider-3.0.4.jar
7f2cca81f000-7f2cca837000 r--s 000d6000 08:01 1464685                    /usr/share/java/wagon-http-shaded-2.x.jar
7f2cca837000-7f2cca839000 r--s 0000a000 08:01 1464208                    /usr/share/java/plexus-classworlds2-2.4.jar
7f2cca839000-7f2cca83a000 ---p 00000000 00:00 0 
7f2cca83a000-7f2cca93a000 rw-p 00000000 00:00 0 
7f2cca93a000-7f2cca93d000 ---p 00000000 00:00 0 
7f2cca93d000-7f2ccaa3b000 rw-p 00000000 00:00 0 
7f2ccaa3b000-7f2ccaa3e000 ---p 00000000 00:00 0 
7f2ccaa3e000-7f2ccab3c000 rw-p 00000000 00:00 0 
7f2ccab3c000-7f2ccab3f000 ---p 00000000 00:00 0 
7f2ccab3f000-7f2ccac3d000 rw-p 00000000 00:00 0 
7f2ccac3d000-7f2ccac40000 ---p 00000000 00:00 0 
7f2ccac40000-7f2ccad3e000 rw-p 00000000 00:00 0 
7f2ccad3e000-7f2ccaeb5000 r--p 00000000 08:01 1048641                    /usr/lib/locale/locale-archive
7f2ccaeb5000-7f2ccaeb8000 ---p 00000000 00:00 0 
7f2ccaeb8000-7f2ccafb6000 rw-p 00000000 00:00 0 
7f2ccafb6000-7f2ccafb9000 ---p 00000000 00:00 0 
7f2ccafb9000-7f2ccb0b7000 rw-p 00000000 00:00 0 
7f2ccb0b7000-7f2ccb0b8000 ---p 00000000 00:00 0 
7f2ccb0b8000-7f2ccc000000 rw-p 00000000 00:00 0 
7f2ccc000000-7f2ccc60a000 rw-p 00000000 00:00 0 
7f2ccc60a000-7f2cd0000000 ---p 00000000 00:00 0 
7f2cd0000000-7f2cd0001000 r--p 00000000 00:00 0 
7f2cd0001000-7f2cd0004000 r--s 00013000 08:01 2883948                    /usr/share/maven-repo/org/sonatype/aether/aether-api/1.13.1/aether-api-1.13.1.jar
7f2cd0004000-7f2cd0008000 r--s 00033000 08:01 1464548                    /usr/share/java/plexus-utils2-2.0.5.jar
7f2cd0008000-7f2cd000e000 r--s 00046000 08:01 1464393                    /usr/share/java/commons-httpclient-3.1.jar
7f2cd000e000-7f2cd002f000 r--s 0013f000 08:01 1464566                    /usr/share/java/guava-11.0.2.jar
7f2cd002f000-7f2cd0381000 rw-p 00000000 00:00 0 
7f2cd0381000-7f2cd0556000 r--s 03c4d000 08:01 1317886                    /usr/lib/jvm/java-8-oracle/jre/lib/rt.jar
7f2cd0556000-7f2cd2634000 rw-p 00000000 00:00 0 
7f2cd2634000-7f2cd2635000 ---p 00000000 00:00 0 
7f2cd2635000-7f2cd2735000 rw-p 00000000 00:00 0 
7f2cd2735000-7f2cd2736000 ---p 00000000 00:00 0 
7f2cd2736000-7f2cd283d000 rw-p 00000000 00:00 0 
7f2cd283d000-7f2cd297c000 ---p 00000000 00:00 0 
7f2cd297c000-7f2cd2983000 rw-p 00000000 00:00 0 
7f2cd2983000-7f2cd2ac1000 ---p 00000000 00:00 0 
7f2cd2ac1000-7f2cd2ae6000 rw-p 00000000 00:00 0 
7f2cd2ae6000-7f2cd2b64000 ---p 00000000 00:00 0 
7f2cd2b64000-7f2cd2b86000 rw-p 00000000 00:00 0 
7f2cd2b86000-7f2cd2f25000 ---p 00000000 00:00 0 
7f2cd2f25000-7f2cd3765000 rwxp 00000000 00:00 0 
7f2cd3765000-7f2ce1f25000 ---p 00000000 00:00 0 
7f2ce1f25000-7f2ce1f41000 r-xp 00000000 08:01 1317732                    /usr/lib/jvm/java-8-oracle/jre/lib/amd64/libzip.so
7f2ce1f41000-7f2ce2140000 ---p 0001c000 08:01 1317732                    /usr/lib/jvm/java-8-oracle/jre/lib/amd64/libzip.so
7f2ce2140000-7f2ce2141000 rw-p 0001b000 08:01 1317732                    /usr/lib/jvm/java-8-oracle/jre/lib/amd64/libzip.so
7f2ce2141000-7f2ce214c000 r-xp 00000000 08:01 4197618                    /lib/x86_64-linux-gnu/libnss_files-2.13.so
7f2ce214c000-7f2ce234b000 ---p 0000b000 08:01 4197618                    /lib/x86_64-linux-gnu/libnss_files-2.13.so
7f2ce234b000-7f2ce234c000 r--p 0000a000 08:01 4197618                    /lib/x86_64-linux-gnu/libnss_files-2.13.so
7f2ce234c000-7f2ce234d000 rw-p 0000b000 08:01 4197618                    /lib/x86_64-linux-gnu/libnss_files-2.13.so
7f2ce234d000-7f2ce2357000 r-xp 00000000 08:01 4197620                    /lib/x86_64-linux-gnu/libnss_nis-2.13.so
7f2ce2357000-7f2ce2556000 ---p 0000a000 08:01 4197620                    /lib/x86_64-linux-gnu/libnss_nis-2.13.so
7f2ce2556000-7f2ce2557000 r--p 00009000 08:01 4197620                    /lib/x86_64-linux-gnu/libnss_nis-2.13.so
7f2ce2557000-7f2ce2558000 rw-p 0000a000 08:01 4197620                    /lib/x86_64-linux-gnu/libnss_nis-2.13.so
7f2ce2558000-7f2ce256d000 r-xp 00000000 08:01 4197615                    /lib/x86_64-linux-gnu/libnsl-2.13.so
7f2ce256d000-7f2ce276c000 ---p 00015000 08:01 4197615                    /lib/x86_64-linux-gnu/libnsl-2.13.so
7f2ce276c000-7f2ce276d000 r--p 00014000 08:01 4197615                    /lib/x86_64-linux-gnu/libnsl-2.13.so
7f2ce276d000-7f2ce276e000 rw-p 00015000 08:01 4197615                    /lib/x86_64-linux-gnu/libnsl-2.13.so
7f2ce276e000-7f2ce2770000 rw-p 00000000 00:00 0 
7f2ce2770000-7f2ce2777000 r-xp 00000000 08:01 4197616                    /lib/x86_64-linux-gnu/libnss_compat-2.13.so
7f2ce2777000-7f2ce2976000 ---p 00007000 08:01 4197616                    /lib/x86_64-linux-gnu/libnss_compat-2.13.so
7f2ce2976000-7f2ce2977000 r--p 00006000 08:01 4197616                    /lib/x86_64-linux-gnu/libnss_compat-2.13.so
7f2ce2977000-7f2ce2978000 rw-p 00007000 08:01 4197616                    /lib/x86_64-linux-gnu/libnss_compat-2.13.so
7f2ce2978000-7f2ce29a2000 r-xp 00000000 08:01 1317760                    /usr/lib/jvm/java-8-oracle/jre/lib/amd64/libjava.so
7f2ce29a2000-7f2ce2ba2000 ---p 0002a000 08:01 1317760                    /usr/lib/jvm/java-8-oracle/jre/lib/amd64/libjava.so
7f2ce2ba2000-7f2ce2ba4000 rw-p 0002a000 08:01 1317760                    /usr/lib/jvm/java-8-oracle/jre/lib/amd64/libjava.so
7f2ce2ba4000-7f2ce2bb1000 r-xp 00000000 08:01 1317762                    /usr/lib/jvm/java-8-oracle/jre/lib/amd64/libverify.so
7f2ce2bb1000-7f2ce2db1000 ---p 0000d000 08:01 1317762                    /usr/lib/jvm/java-8-oracle/jre/lib/amd64/libverify.so
7f2ce2db1000-7f2ce2db3000 rw-p 0000d000 08:01 1317762                    /usr/lib/jvm/java-8-oracle/jre/lib/amd64/libverify.so
7f2ce2db3000-7f2ce2dba000 r-xp 00000000 08:01 4197625                    /lib/x86_64-linux-gnu/librt-2.13.so
7f2ce2dba000-7f2ce2fb9000 ---p 00007000 08:01 4197625                    /lib/x86_64-linux-gnu/librt-2.13.so
7f2ce2fb9000-7f2ce2fba000 r--p 00006000 08:01 4197625                    /lib/x86_64-linux-gnu/librt-2.13.so
7f2ce2fba000-7f2ce2fbb000 rw-p 00007000 08:01 4197625                    /lib/x86_64-linux-gnu/librt-2.13.so
7f2ce2fbb000-7f2ce303c000 r-xp 00000000 08:01 4197613                    /lib/x86_64-linux-gnu/libm-2.13.so
7f2ce303c000-7f2ce323b000 ---p 00081000 08:01 4197613                    /lib/x86_64-linux-gnu/libm-2.13.so
7f2ce323b000-7f2ce323c000 r--p 00080000 08:01 4197613                    /lib/x86_64-linux-gnu/libm-2.13.so
7f2ce323c000-7f2ce323d000 rw-p 00081000 08:01 4197613                    /lib/x86_64-linux-gnu/libm-2.13.so
7f2ce323d000-7f2ce3e57000 r-xp 00000000 08:01 1317719                    /usr/lib/jvm/java-8-oracle/jre/lib/amd64/server/libjvm.so
7f2ce3e57000-7f2ce4056000 ---p 00c1a000 08:01 1317719                    /usr/lib/jvm/java-8-oracle/jre/lib/amd64/server/libjvm.so
7f2ce4056000-7f2ce411f000 rw-p 00c19000 08:01 1317719                    /usr/lib/jvm/java-8-oracle/jre/lib/amd64/server/libjvm.so
7f2ce411f000-7f2ce4160000 rw-p 00000000 00:00 0 
7f2ce4160000-7f2ce42e2000 r-xp 00000000 08:01 4197609                    /lib/x86_64-linux-gnu/libc-2.13.so
7f2ce42e2000-7f2ce44e1000 ---p 00182000 08:01 4197609                    /lib/x86_64-linux-gnu/libc-2.13.so
7f2ce44e1000-7f2ce44e5000 r--p 00181000 08:01 4197609                    /lib/x86_64-linux-gnu/libc-2.13.so
7f2ce44e5000-7f2ce44e6000 rw-p 00185000 08:01 4197609                    /lib/x86_64-linux-gnu/libc-2.13.so
7f2ce44e6000-7f2ce44eb000 rw-p 00000000 00:00 0 
7f2ce44eb000-7f2ce44ed000 r-xp 00000000 08:01 4197612                    /lib/x86_64-linux-gnu/libdl-2.13.so
7f2ce44ed000-7f2ce46ed000 ---p 00002000 08:01 4197612                    /lib/x86_64-linux-gnu/libdl-2.13.so
7f2ce46ed000-7f2ce46ee000 r--p 00002000 08:01 4197612                    /lib/x86_64-linux-gnu/libdl-2.13.so
7f2ce46ee000-7f2ce46ef000 rw-p 00003000 08:01 4197612                    /lib/x86_64-linux-gnu/libdl-2.13.so
7f2ce46ef000-7f2ce4706000 r-xp 00000000 08:01 1318124                    /usr/lib/jvm/java-8-oracle/lib/amd64/jli/libjli.so
7f2ce4706000-7f2ce4905000 ---p 00017000 08:01 1318124                    /usr/lib/jvm/java-8-oracle/lib/amd64/jli/libjli.so
7f2ce4905000-7f2ce4906000 rw-p 00016000 08:01 1318124                    /usr/lib/jvm/java-8-oracle/lib/amd64/jli/libjli.so
7f2ce4906000-7f2ce491d000 r-xp 00000000 08:01 4197623                    /lib/x86_64-linux-gnu/libpthread-2.13.so
7f2ce491d000-7f2ce4b1c000 ---p 00017000 08:01 4197623                    /lib/x86_64-linux-gnu/libpthread-2.13.so
7f2ce4b1c000-7f2ce4b1d000 r--p 00016000 08:01 4197623                    /lib/x86_64-linux-gnu/libpthread-2.13.so
7f2ce4b1d000-7f2ce4b1e000 rw-p 00017000 08:01 4197623                    /lib/x86_64-linux-gnu/libpthread-2.13.so
7f2ce4b1e000-7f2ce4b22000 rw-p 00000000 00:00 0 
7f2ce4b22000-7f2ce4b42000 r-xp 00000000 08:01 4197606                    /lib/x86_64-linux-gnu/ld-2.13.so
7f2ce4b42000-7f2ce4b43000 r--s 00006000 08:01 1464385                    /usr/share/java/plexus-sec-dispatcher.jar
7f2ce4b43000-7f2ce4b45000 r--s 0000a000 08:01 1464682                    /usr/share/java/wagon-provider-api-2.x.jar
7f2ce4b45000-7f2ce4b47000 r--s 0000c000 08:01 1464124                    /usr/share/java/commons-logging-1.1.1.jar
7f2ce4b47000-7f2ce4b49000 r--s 00002000 08:01 1464383                    /usr/share/java/plexus-cipher.jar
7f2ce4b49000-7f2ce4b4b000 r--s 0000a000 08:01 2884230                    /usr/share/maven/lib/maven-artifact-3.0.4.jar
7f2ce4b4b000-7f2ce4b52000 r--s 00040000 08:01 1464578                    /usr/share/java/sisu-inject-bean.jar
7f2ce4b52000-7f2ce4b54000 r--s 0000b000 08:01 2756883                    /usr/share/maven-repo/org/codehaus/plexus/plexus-interpolation/1.11/plexus-interpolation-1.11.jar
7f2ce4b54000-7f2ce4b56000 r--s 00003000 08:01 1464230                    /usr/share/java/jsr305-0.1~+svn49.jar
7f2ce4b56000-7f2ce4b58000 r--s 00000000 08:01 1464553                    /usr/share/java/plexus-component-annotations-1.5-1.5.5.jar
7f2ce4b58000-7f2ce4b5e000 r--s 00034000 08:01 1464252                    /usr/share/java/commons-codec-1.6.jar
7f2ce4b5e000-7f2ce4b60000 r--s 00007000 08:01 2884226                    /usr/share/maven/lib/maven-settings-builder-3.0.4.jar
7f2ce4b60000-7f2ce4b6c000 r--s 00082000 08:01 1464569                    /usr/share/java/sisu-guice.jar
7f2ce4b6c000-7f2ce4b6f000 r--s 0001d000 08:01 2883932                    /usr/share/maven-repo/org/sonatype/aether/aether-impl/1.13.1/aether-impl-1.13.1.jar
7f2ce4b6f000-7f2ce4b71000 r--s 00006000 08:01 2883919                    /usr/share/maven-repo/org/sonatype/aether/aether-connector-wagon/1.13.1/aether-connector-wagon-1.13.1.jar
7f2ce4b71000-7f2ce4b73000 r--s 00005000 08:01 2884221                    /usr/share/maven/lib/maven-repository-metadata-3.0.4.jar
7f2ce4b73000-7f2ce4c2b000 rw-p 00000000 00:00 0 
7f2ce4c2b000-7f2ce4c2e000 ---p 00000000 00:00 0 
7f2ce4c2e000-7f2ce4d30000 rw-p 00000000 00:00 0 
7f2ce4d30000-7f2ce4d32000 r--s 00009000 08:01 2884228                    /usr/share/maven/lib/maven-settings-3.0.4.jar
7f2ce4d32000-7f2ce4d33000 r--s 00001000 08:01 1464689                    /usr/share/java/wagon-file-2.x.jar
7f2ce4d33000-7f2ce4d35000 r--s 00007000 08:01 1464228                    /usr/share/java/commons-cli-1.2.jar
7f2ce4d35000-7f2ce4d3d000 rw-s 00000000 08:01 5510482                    /tmp/hsperfdata_eidel/9817
7f2ce4d3d000-7f2ce4d3e000 rw-p 00000000 00:00 0 
7f2ce4d3e000-7f2ce4d3f000 r--p 00000000 00:00 0 
7f2ce4d3f000-7f2ce4d41000 rw-p 00000000 00:00 0 
7f2ce4d41000-7f2ce4d42000 r--p 0001f000 08:01 4197606                    /lib/x86_64-linux-gnu/ld-2.13.so
7f2ce4d42000-7f2ce4d43000 rw-p 00020000 08:01 4197606                    /lib/x86_64-linux-gnu/ld-2.13.so
7f2ce4d43000-7f2ce4d44000 rw-p 00000000 00:00 0 
7ffff682c000-7ffff684d000 rw-p 00000000 00:00 0                          [stack]
7ffff69ff000-7ffff6a00000 r-xp 00000000 00:00 0                          [vdso]
ffffffffff600000-ffffffffff601000 r-xp 00000000 00:00 0                  [vsyscall]

VM Arguments:
jvm_args: -Djava.library.path=/usr/local/lib -Dclassworlds.conf=/usr/share/maven/bin/m2.conf -Dmaven.home=/usr/share/maven 
java_command: org.codehaus.plexus.classworlds.launcher.Launcher exec:java -Dexec.mainClass=org.agfjord.graph.Main
java_class_path (initial): /usr/share/maven/boot/plexus-classworlds-2.x.jar
Launcher Type: SUN_STANDARD

Environment Variables:
JAVA_HOME=/usr/lib/jvm/java-8-oracle
PATH=/home/eidel/lib/GF-master/build/bin:/usr/local/bin:/usr/bin:/bin:/usr/local/games:/usr/games
SHELL=/bin/bash
DISPLAY=:0

Signal Handlers:
SIGSEGV: [libjvm.so+0xa2fc90], sa_mask[0]=0x7ffbfeff, sa_flags=0x10000004
SIGBUS: [libjvm.so+0xa2fc90], sa_mask[0]=0x7ffbfeff, sa_flags=0x10000004
SIGFPE: [libjvm.so+0x89b4b0], sa_mask[0]=0x7ffbfeff, sa_flags=0x10000004
SIGPIPE: [libjvm.so+0x89b4b0], sa_mask[0]=0x7ffbfeff, sa_flags=0x10000004
SIGXFSZ: [libjvm.so+0x89b4b0], sa_mask[0]=0x7ffbfeff, sa_flags=0x10000004
SIGILL: [libjvm.so+0x89b4b0], sa_mask[0]=0x7ffbfeff, sa_flags=0x10000004
SIGUSR1: SIG_DFL, sa_mask[0]=0x00000000, sa_flags=0x00000000
SIGUSR2: [libjvm.so+0x89cc50], sa_mask[0]=0x00000000, sa_flags=0x10000004
SIGHUP: [libjvm.so+0x89df00], sa_mask[0]=0x7ffbfeff, sa_flags=0x10000004
SIGINT: [libjvm.so+0x89df00], sa_mask[0]=0x7ffbfeff, sa_flags=0x10000004
SIGTERM: [libjvm.so+0x89df00], sa_mask[0]=0x7ffbfeff, sa_flags=0x10000004
SIGQUIT: [libjvm.so+0x89df00], sa_mask[0]=0x7ffbfeff, sa_flags=0x10000004


---------------  S Y S T E M  ---------------

OS:PRETTY_NAME="Debian GNU/Linux 7 (wheezy)"
NAME="Debian GNU/Linux"
VERSION_ID="7"
VERSION="7 (wheezy)"
ID=debian
ANSI_COLOR="1;31"
HOME_URL="http://www.debian.org/"
SUPPORT_URL="http://www.debian.org/support/"
BUG_REPORT_URL="http://bugs.debian.org/"

uname:Linux 3.2.0-4-amd64 #1 SMP Debian 3.2.60-1+deb7u1 x86_64
libc:glibc 2.13 NPTL 2.13 
rlimit: STACK 8192k, CORE 0k, NPROC 31100, NOFILE 4096, AS infinity
load average:0.27 0.43 0.45

/proc/meminfo:
MemTotal:        3993020 kB
MemFree:          810080 kB
Buffers:          141736 kB
Cached:           970544 kB
SwapCached:        36692 kB
Active:          2032628 kB
Inactive:         940036 kB
Active(anon):    1579832 kB
Inactive(anon):   414468 kB
Active(file):     452796 kB
Inactive(file):   525568 kB
Unevictable:           0 kB
Mlocked:               0 kB
SwapTotal:       1952764 kB
SwapFree:        1800856 kB
Dirty:               292 kB
Writeback:             0 kB
AnonPages:       1848244 kB
Mapped:           144420 kB
Shmem:            133720 kB
Slab:             142320 kB
SReclaimable:     116412 kB
SUnreclaim:        25908 kB
KernelStack:        3520 kB
PageTables:        27328 kB
NFS_Unstable:          0 kB
Bounce:                0 kB
WritebackTmp:          0 kB
CommitLimit:     3949272 kB
Committed_AS:    3975700 kB
VmallocTotal:   34359738367 kB
VmallocUsed:      407288 kB
VmallocChunk:   34359299136 kB
HardwareCorrupted:     0 kB
AnonHugePages:         0 kB
HugePages_Total:       0
HugePages_Free:        0
HugePages_Rsvd:        0
HugePages_Surp:        0
Hugepagesize:       2048 kB
DirectMap4k:       90112 kB
DirectMap2M:     4034560 kB


CPU:total 2 (2 cores per cpu, 1 threads per core) family 6 model 23 stepping 6, cmov, cx8, fxsr, mmx, sse, sse2, sse3, ssse3, sse4.1, tsc

/proc/cpuinfo:
processor	: 0
vendor_id	: GenuineIntel
cpu family	: 6
model		: 23
model name	: Intel(R) Core(TM)2 Duo CPU     P9500  @ 2.53GHz
stepping	: 6
microcode	: 0x60c
cpu MHz		: 2534.000
cache size	: 6144 KB
physical id	: 0
siblings	: 2
core id		: 0
cpu cores	: 2
apicid		: 0
initial apicid	: 0
fpu		: yes
fpu_exception	: yes
cpuid level	: 10
wp		: yes
flags		: fpu vme de pse tsc msr pae mce cx8 apic sep mtrr pge mca cmov pat pse36 clflush dts acpi mmx fxsr sse sse2 ss ht tm pbe syscall nx lm constant_tsc arch_perfmon pebs bts rep_good nopl aperfmperf pni dtes64 monitor ds_cpl vmx smx est tm2 ssse3 cx16 xtpr pdcm sse4_1 lahf_lm dtherm tpr_shadow vnmi flexpriority
bogomips	: 5053.88
clflush size	: 64
cache_alignment	: 64
address sizes	: 36 bits physical, 48 bits virtual
power management:

processor	: 1
vendor_id	: GenuineIntel
cpu family	: 6
model		: 23
model name	: Intel(R) Core(TM)2 Duo CPU     P9500  @ 2.53GHz
stepping	: 6
microcode	: 0x60c
cpu MHz		: 2534.000
cache size	: 6144 KB
physical id	: 0
siblings	: 2
core id		: 1
cpu cores	: 2
apicid		: 1
initial apicid	: 1
fpu		: yes
fpu_exception	: yes
cpuid level	: 10
wp		: yes
flags		: fpu vme de pse tsc msr pae mce cx8 apic sep mtrr pge mca cmov pat pse36 clflush dts acpi mmx fxsr sse sse2 ss ht tm pbe syscall nx lm constant_tsc arch_perfmon pebs bts rep_good nopl aperfmperf pni dtes64 monitor ds_cpl vmx smx est tm2 ssse3 cx16 xtpr pdcm sse4_1 lahf_lm dtherm tpr_shadow vnmi flexpriority
bogomips	: 5053.89
clflush size	: 64
cache_alignment	: 64
address sizes	: 36 bits physical, 48 bits virtual
power management:



Memory: 4k page, physical 3993020k(810080k free), swap 1952764k(1800856k free)

vm_info: Java HotSpot(TM) 64-Bit Server VM (25.5-b02) for linux-amd64 JRE (1.8.0_05-b13), built on Mar 18 2014 00:29:27 by "java_re" with gcc 4.3.0 20080428 (Red Hat 4.3.0-8)

time: Wed Jul 16 12:42:10 2014
elapsed time: 4 seconds

