#
# A fatal error has been detected by the Java Runtime Environment:
#
#  SIGSEGV (0xb) at pc=0x00007f3ef967a87c, pid=9739, tid=139908091262720
#
# JRE version: Java(TM) SE Runtime Environment (8.0_05-b13) (build 1.8.0_05-b13)
# Java VM: Java HotSpot(TM) 64-Bit Server VM (25.5-b02 mixed mode linux-amd64 compressed oops)
# Problematic frame:
# V  [libjvm.so+0x67487c]  jni_GetObjectClass+0xbc
#
# Failed to write core dump. Core dumps have been disabled. To enable core dumping, try "ulimit -c unlimited" before starting Java again
#
# If you would like to submit a bug report, please visit:
#   http://bugreport.sun.com/bugreport/crash.jsp
#

---------------  T H R E A D  ---------------

Current thread (0x0000000001975800):  JavaThread "org.agfjord.graph.Main.main()" [_thread_in_vm, id=9773, stack(0x00007f3ee404b000,0x00007f3ee414c000)]

siginfo:si_signo=SIGSEGV: si_errno=0, si_code=1 (SEGV_MAPERR), si_addr=0x0000000000000000

Registers:
RAX=0x00007f3ef9ef0e79, RBX=0x0000000001975800, RCX=0x0000000000000000, RDX=0x00007f3ef9efac90
RSP=0x00007f3ee4149d90, RBP=0x00007f3ee4149df0, RSI=0x0000000001975800, RDI=0x00007f3ee4149d90
R8 =0x00007f3efa2affc8, R9 =0x000000000000001c, R10=0x0000000000000000, R11=0x00007f3ede27adf0
R12=0x00007f3ee4149d90, R13=0x00000000019759e0, R14=0x0000000000000000, R15=0x00007f3ef9eff1e0
RIP=0x00007f3ef967a87c, EFLAGS=0x0000000000010246, CSGSFS=0x0000000000000033, ERR=0x0000000000000004
  TRAPNO=0x000000000000000e

Top of Stack: (sp=0x00007f3ee4149d90)
0x00007f3ee4149d90:   0000000001975800 0000000000000000
0x00007f3ee4149da0:   0000000002169750 00007f3efa8fea55
0x00007f3ee4149db0:   0000000001975800 0000000000000000
0x00007f3ee4149dc0:   0000000000000007 00000000019759e0
0x00007f3ee4149dd0:   0000000000000000 0000000002169750
0x00007f3ee4149de0:   00007f3ee4149f28 0000000001975800
0x00007f3ee4149df0:   00007f3ee4149e10 00007f3ede6b2426
0x00007f3ee4149e00:   0000000001975800 00007f3ee4149e50
0x00007f3ee4149e10:   00007f3ee4149e10 0000000000000000
0x00007f3ee4149e20:   0000000000000000 0080008000200001
0x00007f3ee4149e30:   0000000000000000 0000000000000000
0x00007f3ee4149e40:   0000000000000000 0000000000000000
0x00007f3ee4149e50:   0000000000000000 0000000000000000
0x00007f3ee4149e60:   0000000000000000 0000000000000000
0x00007f3ee4149e70:   0000000000000000 0000000000000000
0x00007f3ee4149e80:   0000000000000000 0000000000000000
0x00007f3ee4149e90:   0000000001975800 00007f3edeb51f00
0x00007f3ee4149ea0:   00007f3ee4149f18 0000000000000000
0x00007f3ee4149eb0:   00007f3edeb51f00 00007f3ee4149f38
0x00007f3ee4149ec0:   0000000001975800 00007f3ee8d00b0e
0x00007f3ee4149ed0:   00007f3ee8d0085c 00007f3ee4149ed8
0x00007f3ee4149ee0:   00007f3edeb51f00 00007f3ee4149f38
0x00007f3ee4149ef0:   00007f3edeb525d0 0000000000000000
0x00007f3ee4149f00:   00007f3edeb51f00 0000000000000000
0x00007f3ee4149f10:   00007f3ee4149f38 00007f3ee4149f88
0x00007f3ee4149f20:   00007f3ee8cf5210 00000000ec71c270
0x00007f3ee4149f30:   00007f3ee8cfcc1b 0000000000000000
0x00007f3ee4149f40:   00000000ec716808 00007f3ee4149f48
0x00007f3ee4149f50:   00007f3edeb4ffe1 00007f3ee4149fa8
0x00007f3ee4149f60:   00007f3edeb51078 0000000000000000
0x00007f3ee4149f70:   00007f3edeb50060 00007f3ee4149f38
0x00007f3ee4149f80:   00007f3ee4149fa0 00007f3ee414a000 

Instructions: (pc=0x00007f3ef967a87c)
0x00007f3ef967a85c:   c7 83 58 02 00 00 06 00 00 00 48 89 de 48 89 5d
0x00007f3ef967a86c:   c0 4c 89 e7 e8 db 0a 01 00 48 8b 05 14 ed 83 00
0x00007f3ef967a87c:   49 8b 16 80 38 00 0f 85 b0 00 00 00 48 8b 52 08
0x00007f3ef967a88c:   48 8b 72 68 4c 89 ef e8 e8 ae 02 00 48 83 7d a8 

Register to memory mapping:

RAX=0x00007f3ef9ef0e79: <offset 0xeeae79> in /usr/lib/jvm/java-8-oracle/jre/lib/amd64/server/libjvm.so at 0x00007f3ef9006000
RBX=0x0000000001975800 is a thread
RCX=0x0000000000000000 is an unknown value
RDX=0x00007f3ef9efac90: <offset 0xef4c90> in /usr/lib/jvm/java-8-oracle/jre/lib/amd64/server/libjvm.so at 0x00007f3ef9006000
RSP=0x00007f3ee4149d90 is pointing into the stack for thread: 0x0000000001975800
RBP=0x00007f3ee4149df0 is pointing into the stack for thread: 0x0000000001975800
RSI=0x0000000001975800 is a thread
RDI=0x00007f3ee4149d90 is pointing into the stack for thread: 0x0000000001975800
R8 =0x00007f3efa2affc8: <offset 0x386fc8> in /lib/x86_64-linux-gnu/libc.so.6 at 0x00007f3ef9f29000
R9 =0x000000000000001c is an unknown value
R10=0x0000000000000000 is an unknown value
R11=0x00007f3ede27adf0: gu_local_pool_+0 in /usr/local/lib/libgu.so.0 at 0x00007f3ede272000
R12=0x00007f3ee4149d90 is pointing into the stack for thread: 0x0000000001975800
R13=0x00000000019759e0 is an unknown value
R14=0x0000000000000000 is an unknown value
R15=0x00007f3ef9eff1e0: <offset 0xef91e0> in /usr/lib/jvm/java-8-oracle/jre/lib/amd64/server/libjvm.so at 0x00007f3ef9006000


Stack: [0x00007f3ee404b000,0x00007f3ee414c000],  sp=0x00007f3ee4149d90,  free space=1019k
Native frames: (J=compiled Java code, j=interpreted, Vv=VM code, C=native code)
V  [libjvm.so+0x67487c]  jni_GetObjectClass+0xbc
C  [libjpgf.so+0x3426]  Java_org_grammaticalframework_pgf_PGF_readPGF__Ljava_io_InputStream_2+0x66

Java frames: (J=compiled Java code, j=interpreted, Vv=VM code)
j  org.grammaticalframework.pgf.PGF.readPGF(Ljava/io/InputStream;)Lorg/grammaticalframework/pgf/PGF;+0
j  org.agfjord.graph.Grammar.<init>(Ljava/io/InputStream;)V+73
j  org.agfjord.graph.Main.<init>()V+29
j  org.agfjord.graph.Main.main([Ljava/lang/String;)V+4
v  ~StubRoutines::call_stub
J 1924  sun.reflect.NativeMethodAccessorImpl.invoke0(Ljava/lang/reflect/Method;Ljava/lang/Object;[Ljava/lang/Object;)Ljava/lang/Object; (0 bytes) @ 0x00007f3ee92742b7 [0x00007f3ee9274240+0x77]
J 1923 C1 sun.reflect.NativeMethodAccessorImpl.invoke(Ljava/lang/Object;[Ljava/lang/Object;)Ljava/lang/Object; (104 bytes) @ 0x00007f3ee92739f4 [0x00007f3ee9273660+0x394]
J 1670 C1 sun.reflect.DelegatingMethodAccessorImpl.invoke(Ljava/lang/Object;[Ljava/lang/Object;)Ljava/lang/Object; (10 bytes) @ 0x00007f3ee9202bac [0x00007f3ee9202b40+0x6c]
J 1669 C1 java.lang.reflect.Method.invoke(Ljava/lang/Object;[Ljava/lang/Object;)Ljava/lang/Object; (62 bytes) @ 0x00007f3ee9202724 [0x00007f3ee9202620+0x104]
j  org.codehaus.mojo.exec.ExecJavaMojo$1.run()V+112
j  java.lang.Thread.run()V+11
v  ~StubRoutines::call_stub

---------------  P R O C E S S  ---------------

Java Threads: ( => current thread )
  0x0000000002164800 JavaThread "GC-Monitor" daemon [_thread_blocked, id=9776, stack(0x00007f3ede8b7000,0x00007f3ede9b8000)]
  0x0000000001dd7000 JavaThread "Neo4j Recurring Job Runner" daemon [_thread_blocked, id=9775, stack(0x00007f3edebd3000,0x00007f3edecd4000)]
  0x0000000001ce5000 JavaThread "Neo4j UDC Timer" daemon [_thread_blocked, id=9774, stack(0x00007f3edeed4000,0x00007f3edefd5000)]
=>0x0000000001975800 JavaThread "org.agfjord.graph.Main.main()" [_thread_in_vm, id=9773, stack(0x00007f3ee404b000,0x00007f3ee414c000)]
  0x00007f3ee055f800 JavaThread "process reaper" daemon [_thread_blocked, id=9769, stack(0x00007f3ee415a000,0x00007f3ee4193000)]
  0x00007f3ee001f000 JavaThread "Service Thread" daemon [_thread_blocked, id=9766, stack(0x00007f3ee4732000,0x00007f3ee4833000)]
  0x00007f3ee0009800 JavaThread "C1 CompilerThread1" daemon [_thread_blocked, id=9765, stack(0x00007f3ee4833000,0x00007f3ee4934000)]
  0x00007f3ee0006800 JavaThread "C2 CompilerThread0" daemon [_thread_in_native, id=9764, stack(0x00007f3ee4934000,0x00007f3ee4a35000)]
  0x00000000011c8000 JavaThread "Signal Dispatcher" daemon [_thread_blocked, id=9763, stack(0x00007f3ee4a35000,0x00007f3ee4b36000)]
  0x0000000001198800 JavaThread "Finalizer" daemon [_thread_blocked, id=9762, stack(0x00007f3ee4cad000,0x00007f3ee4dae000)]
  0x0000000001194800 JavaThread "Reference Handler" daemon [_thread_blocked, id=9761, stack(0x00007f3ee4dae000,0x00007f3ee4eaf000)]
  0x000000000112a800 JavaThread "main" [_thread_blocked, id=9757, stack(0x00007f3efa9f4000,0x00007f3efaaf5000)]

Other Threads:
  0x000000000118f800 VMThread [stack: 0x00007f3ee4eaf000,0x00007f3ee4fb0000] [id=9760]
  0x00007f3ee0021800 WatcherThread [stack: 0x00007f3ee4631000,0x00007f3ee4732000] [id=9767]

VM state:not at safepoint (normal execution)

VM Mutex/Monitor currently owned by a thread: None

Heap:
 PSYoungGen      total 50688K, used 12907K [0x00000000ebb00000, 0x00000000f0400000, 0x0000000100000000)
  eden space 46592K, 27% used [0x00000000ebb00000,0x00000000ec79ae50,0x00000000ee880000)
  from space 4096K, 0% used [0x00000000ee880000,0x00000000ee880000,0x00000000eec80000)
  to   space 4608K, 0% used [0x00000000eff80000,0x00000000eff80000,0x00000000f0400000)
 ParOldGen       total 14336K, used 10933K [0x00000000c3000000, 0x00000000c3e00000, 0x00000000ebb00000)
  object space 14336K, 76% used [0x00000000c3000000,0x00000000c3aad6e0,0x00000000c3e00000)
 Metaspace       used 22593K, capacity 22886K, committed 23296K, reserved 1069056K
  class space    used 2922K, capacity 3028K, committed 3072K, reserved 1048576K

Card table byte_map: [0x00007f3ee8745000,0x00007f3ee892e000] byte_map_base: 0x00007f3ee812d000

Marking Bits: (ParMarkBitMap*) 0x00007f3ef9efecc0
 Begin Bits: [0x00007f3ee657d000, 0x00007f3ee74bd000)
 End Bits:   [0x00007f3ee74bd000, 0x00007f3ee83fd000)

Polling page: 0x00007f3efab07000

CodeCache: size=245760Kb used=7333Kb max_used=7333Kb free=238426Kb
 bounds [0x00007f3ee8cee000, 0x00007f3ee941e000, 0x00007f3ef7cee000]
 total_blobs=3103 nmethods=2703 adapters=315
 compilation: enabled

Compilation events (10 events):
Event: 3.830 Thread 0x00007f3ee0009800 2743       2       java.nio.HeapByteBuffer::<init> (13 bytes)
Event: 3.830 Thread 0x00007f3ee0009800 nmethod 2743 0x00007f3ee941a110 code [0x00007f3ee941a280, 0x00007f3ee941a488]
Event: 3.832 Thread 0x00007f3ee0009800 2744       1       org.neo4j.kernel.impl.nioneo.store.Record::intValue (5 bytes)
Event: 3.832 Thread 0x00007f3ee0009800 nmethod 2744 0x00007f3ee941a550 code [0x00007f3ee941a6a0, 0x00007f3ee941a7b0]
Event: 3.832 Thread 0x00007f3ee0009800 2745       2       java.lang.Long::valueOf (36 bytes)
Event: 3.833 Thread 0x00007f3ee0009800 nmethod 2745 0x00007f3ee941a810 code [0x00007f3ee941a980, 0x00007f3ee941ab70]
Event: 3.833 Thread 0x00007f3ee0009800 2746       2       java.lang.ThreadLocal$ThreadLocalMap::getEntryAfterMiss (63 bytes)
Event: 3.833 Thread 0x00007f3ee0009800 nmethod 2746 0x00007f3ee941ac90 code [0x00007f3ee941ae00, 0x00007f3ee941b0a8]
Event: 3.834 Thread 0x00007f3ee0009800 2747       2       java.io.Writer::write (11 bytes)
Event: 3.834 Thread 0x00007f3ee0009800 nmethod 2747 0x00007f3ee941b250 code [0x00007f3ee941b3c0, 0x00007f3ee941b548]

GC Heap History (10 events):
Event: 1.905 GC heap before
{Heap before GC invocations=14 (full 0):
 PSYoungGen      total 20992K, used 20826K [0x00000000ebb00000, 0x00000000edd00000, 0x0000000100000000)
  eden space 18944K, 100% used [0x00000000ebb00000,0x00000000ecd80000,0x00000000ecd80000)
  from space 2048K, 91% used [0x00000000ecd80000,0x00000000ecf56b88,0x00000000ecf80000)
  to   space 2048K, 0% used [0x00000000edb00000,0x00000000edb00000,0x00000000edd00000)
 ParOldGen       total 61952K, used 3250K [0x00000000c3000000, 0x00000000c6c80000, 0x00000000ebb00000)
  object space 61952K, 5% used [0x00000000c3000000,0x00000000c332c890,0x00000000c6c80000)
 Metaspace       used 13377K, capacity 13586K, committed 13824K, reserved 1060864K
  class space    used 1646K, capacity 1709K, committed 1792K, reserved 1048576K
Event: 1.913 GC heap after
Heap after GC invocations=14 (full 0):
 PSYoungGen      total 31744K, used 2044K [0x00000000ebb00000, 0x00000000edf00000, 0x0000000100000000)
  eden space 29696K, 0% used [0x00000000ebb00000,0x00000000ebb00000,0x00000000ed800000)
  from space 2048K, 99% used [0x00000000edb00000,0x00000000edcff2e0,0x00000000edd00000)
  to   space 3072K, 0% used [0x00000000ed800000,0x00000000ed800000,0x00000000edb00000)
 ParOldGen       total 61952K, used 4290K [0x00000000c3000000, 0x00000000c6c80000, 0x00000000ebb00000)
  object space 61952K, 6% used [0x00000000c3000000,0x00000000c3430b90,0x00000000c6c80000)
 Metaspace       used 13377K, capacity 13586K, committed 13824K, reserved 1060864K
  class space    used 1646K, capacity 1709K, committed 1792K, reserved 1048576K
}
Event: 2.295 GC heap before
{Heap before GC invocations=15 (full 0):
 PSYoungGen      total 31744K, used 31740K [0x00000000ebb00000, 0x00000000edf00000, 0x0000000100000000)
  eden space 29696K, 100% used [0x00000000ebb00000,0x00000000ed800000,0x00000000ed800000)
  from space 2048K, 99% used [0x00000000edb00000,0x00000000edcff2e0,0x00000000edd00000)
  to   space 3072K, 0% used [0x00000000ed800000,0x00000000ed800000,0x00000000edb00000)
 ParOldGen       total 61952K, used 4290K [0x00000000c3000000, 0x00000000c6c80000, 0x00000000ebb00000)
  object space 61952K, 6% used [0x00000000c3000000,0x00000000c3430b90,0x00000000c6c80000)
 Metaspace       used 13625K, capacity 13816K, committed 14080K, reserved 1060864K
  class space    used 1664K, capacity 1742K, committed 1792K, reserved 1048576K
Event: 2.302 GC heap after
Heap after GC invocations=15 (full 0):
 PSYoungGen      total 32768K, used 1600K [0x00000000ebb00000, 0x00000000eef80000, 0x0000000100000000)
  eden space 29696K, 0% used [0x00000000ebb00000,0x00000000ebb00000,0x00000000ed800000)
  from space 3072K, 52% used [0x00000000ed800000,0x00000000ed990000,0x00000000edb00000)
  to   space 3072K, 0% used [0x00000000eec80000,0x00000000eec80000,0x00000000eef80000)
 ParOldGen       total 61952K, used 5330K [0x00000000c3000000, 0x00000000c6c80000, 0x00000000ebb00000)
  object space 61952K, 8% used [0x00000000c3000000,0x00000000c3534bb0,0x00000000c6c80000)
 Metaspace       used 13625K, capacity 13816K, committed 14080K, reserved 1060864K
  class space    used 1664K, capacity 1742K, committed 1792K, reserved 1048576K
}
Event: 2.862 GC heap before
{Heap before GC invocations=16 (full 0):
 PSYoungGen      total 32768K, used 31296K [0x00000000ebb00000, 0x00000000eef80000, 0x0000000100000000)
  eden space 29696K, 100% used [0x00000000ebb00000,0x00000000ed800000,0x00000000ed800000)
  from space 3072K, 52% used [0x00000000ed800000,0x00000000ed990000,0x00000000edb00000)
  to   space 3072K, 0% used [0x00000000eec80000,0x00000000eec80000,0x00000000eef80000)
 ParOldGen       total 61952K, used 5330K [0x00000000c3000000, 0x00000000c6c80000, 0x00000000ebb00000)
  object space 61952K, 8% used [0x00000000c3000000,0x00000000c3534bb0,0x00000000c6c80000)
 Metaspace       used 16467K, capacity 16738K, committed 17024K, reserved 1064960K
  class space    used 2055K, capacity 2157K, committed 2176K, reserved 1048576K
Event: 2.873 GC heap after
Heap after GC invocations=16 (full 0):
 PSYoungGen      total 49664K, used 3043K [0x00000000ebb00000, 0x00000000ef180000, 0x0000000100000000)
  eden space 46592K, 0% used [0x00000000ebb00000,0x00000000ebb00000,0x00000000ee880000)
  from space 3072K, 99% used [0x00000000eec80000,0x00000000eef78ea8,0x00000000eef80000)
  to   space 4096K, 0% used [0x00000000ee880000,0x00000000ee880000,0x00000000eec80000)
 ParOldGen       total 61952K, used 7124K [0x00000000c3000000, 0x00000000c6c80000, 0x00000000ebb00000)
  object space 61952K, 11% used [0x00000000c3000000,0x00000000c36f5328,0x00000000c6c80000)
 Metaspace       used 16467K, capacity 16738K, committed 17024K, reserved 1064960K
  class space    used 2055K, capacity 2157K, committed 2176K, reserved 1048576K
}
Event: 3.364 GC heap before
{Heap before GC invocations=17 (full 0):
 PSYoungGen      total 49664K, used 24812K [0x00000000ebb00000, 0x00000000ef180000, 0x0000000100000000)
  eden space 46592K, 46% used [0x00000000ebb00000,0x00000000ed0423d8,0x00000000ee880000)
  from space 3072K, 99% used [0x00000000eec80000,0x00000000eef78ea8,0x00000000eef80000)
  to   space 4096K, 0% used [0x00000000ee880000,0x00000000ee880000,0x00000000eec80000)
 ParOldGen       total 61952K, used 7124K [0x00000000c3000000, 0x00000000c6c80000, 0x00000000ebb00000)
  object space 61952K, 11% used [0x00000000c3000000,0x00000000c36f5328,0x00000000c6c80000)
 Metaspace       used 20786K, capacity 21102K, committed 21248K, reserved 1067008K
  class space    used 2687K, capacity 2799K, committed 2816K, reserved 1048576K
Event: 3.375 GC heap after
Heap after GC invocations=17 (full 0):
 PSYoungGen      total 50688K, used 4001K [0x00000000ebb00000, 0x00000000f0400000, 0x0000000100000000)
  eden space 46592K, 0% used [0x00000000ebb00000,0x00000000ebb00000,0x00000000ee880000)
  from space 4096K, 97% used [0x00000000ee880000,0x00000000eec686e8,0x00000000eec80000)
  to   space 4608K, 0% used [0x00000000eff80000,0x00000000eff80000,0x00000000f0400000)
 ParOldGen       total 61952K, used 9032K [0x00000000c3000000, 0x00000000c6c80000, 0x00000000ebb00000)
  object space 61952K, 14% used [0x00000000c3000000,0x00000000c38d2338,0x00000000c6c80000)
 Metaspace       used 20786K, capacity 21102K, committed 21248K, reserved 1067008K
  class space    used 2687K, capacity 2799K, committed 2816K, reserved 1048576K
}
Event: 3.375 GC heap before
{Heap before GC invocations=18 (full 1):
 PSYoungGen      total 50688K, used 4001K [0x00000000ebb00000, 0x00000000f0400000, 0x0000000100000000)
  eden space 46592K, 0% used [0x00000000ebb00000,0x00000000ebb00000,0x00000000ee880000)
  from space 4096K, 97% used [0x00000000ee880000,0x00000000eec686e8,0x00000000eec80000)
  to   space 4608K, 0% used [0x00000000eff80000,0x00000000eff80000,0x00000000f0400000)
 ParOldGen       total 61952K, used 9032K [0x00000000c3000000, 0x00000000c6c80000, 0x00000000ebb00000)
  object space 61952K, 14% used [0x00000000c3000000,0x00000000c38d2338,0x00000000c6c80000)
 Metaspace       used 20786K, capacity 21102K, committed 21248K, reserved 1067008K
  class space    used 2687K, capacity 2799K, committed 2816K, reserved 1048576K
Event: 3.462 GC heap after
Heap after GC invocations=18 (full 1):
 PSYoungGen      total 50688K, used 0K [0x00000000ebb00000, 0x00000000f0400000, 0x0000000100000000)
  eden space 46592K, 0% used [0x00000000ebb00000,0x00000000ebb00000,0x00000000ee880000)
  from space 4096K, 0% used [0x00000000ee880000,0x00000000ee880000,0x00000000eec80000)
  to   space 4608K, 0% used [0x00000000eff80000,0x00000000eff80000,0x00000000f0400000)
 ParOldGen       total 14336K, used 10933K [0x00000000c3000000, 0x00000000c3e00000, 0x00000000ebb00000)
  object space 14336K, 76% used [0x00000000c3000000,0x00000000c3aad6e0,0x00000000c3e00000)
 Metaspace       used 20786K, capacity 21102K, committed 21248K, reserved 1067008K
  class space    used 2687K, capacity 2799K, committed 2816K, reserved 1048576K
}

Deoptimization events (10 events):
Event: 0.894 Thread 0x000000000112a800 Uncommon trap: reason=bimorphic action=maybe_recompile pc=0x00007f3ee900618c method=java.util.HashMap.putVal(ILjava/lang/Object;Ljava/lang/Object;ZZ)Ljava/lang/Object; @ 203
Event: 1.731 Thread 0x000000000112a800 Uncommon trap: reason=unreached action=reinterpret pc=0x00007f3ee8fc5bb8 method=java.util.HashMap.hash(Ljava/lang/Object;)I @ 1
Event: 1.732 Thread 0x000000000112a800 Uncommon trap: reason=unreached action=reinterpret pc=0x00007f3ee9100268 method=java.util.HashMap.hash(Ljava/lang/Object;)I @ 1
Event: 2.221 Thread 0x000000000112a800 Uncommon trap: reason=bimorphic action=maybe_recompile pc=0x00007f3ee91b17d8 method=java.util.concurrent.ConcurrentHashMap.get(Ljava/lang/Object;)Ljava/lang/Object; @ 149
Event: 2.532 Thread 0x0000000001975800 Uncommon trap: reason=class_check action=maybe_recompile pc=0x00007f3ee8eba834 method=sun.misc.URLClassPath.getLoader(I)Lsun/misc/URLClassPath$Loader; @ 94
Event: 2.532 Thread 0x0000000001975800 Uncommon trap: reason=class_check action=maybe_recompile pc=0x00007f3ee8fdbee8 method=sun.misc.URLClassPath.getResource(Ljava/lang/String;Z)Lsun/misc/Resource; @ 53
Event: 2.533 Thread 0x0000000001975800 Uncommon trap: reason=class_check action=maybe_recompile pc=0x00007f3ee8ebaa04 method=sun.misc.URLClassPath.getLoader(I)Lsun/misc/URLClassPath$Loader; @ 150
Event: 2.540 Thread 0x0000000001975800 Uncommon trap: reason=class_check action=maybe_recompile pc=0x00007f3ee8ebaa04 method=sun.misc.URLClassPath.getLoader(I)Lsun/misc/URLClassPath$Loader; @ 150
Event: 2.541 Thread 0x0000000001975800 Uncommon trap: reason=class_check action=maybe_recompile pc=0x00007f3ee8ebaa04 method=sun.misc.URLClassPath.getLoader(I)Lsun/misc/URLClassPath$Loader; @ 150
Event: 2.613 Thread 0x0000000001975800 Uncommon trap: reason=unreached action=reinterpret pc=0x00007f3ee91a746c method=java.lang.AbstractStringBuilder.append(Ljava/lang/String;)Ljava/lang/AbstractStringBuilder; @ 1

Internal exceptions (10 events):
Event: 3.829 Thread 0x0000000001975800 Exception <a 'java/security/PrivilegedActionException'> (0x00000000ec6f8900) thrown at [/HUDSON/workspace/8-2-build-linux-amd64/jdk8u5/2488/hotspot/src/share/vm/prims/jvm.cpp, line 1248]
Event: 3.829 Thread 0x0000000001975800 Exception <a 'java/security/PrivilegedActionException'> (0x00000000ec6f8f30) thrown at [/HUDSON/workspace/8-2-build-linux-amd64/jdk8u5/2488/hotspot/src/share/vm/prims/jvm.cpp, line 1248]
Event: 3.834 Thread 0x0000000001975800 Exception <a 'java/security/PrivilegedActionException'> (0x00000000ec703330) thrown at [/HUDSON/workspace/8-2-build-linux-amd64/jdk8u5/2488/hotspot/src/share/vm/prims/jvm.cpp, line 1248]
Event: 3.834 Thread 0x0000000001975800 Exception <a 'java/security/PrivilegedActionException'> (0x00000000ec7038e0) thrown at [/HUDSON/workspace/8-2-build-linux-amd64/jdk8u5/2488/hotspot/src/share/vm/prims/jvm.cpp, line 1248]
Event: 3.835 Thread 0x0000000001975800 Exception <a 'java/security/PrivilegedActionException'> (0x00000000ec70ad00) thrown at [/HUDSON/workspace/8-2-build-linux-amd64/jdk8u5/2488/hotspot/src/share/vm/prims/jvm.cpp, line 1248]
Event: 3.835 Thread 0x0000000001975800 Exception <a 'java/security/PrivilegedActionException'> (0x00000000ec70b240) thrown at [/HUDSON/workspace/8-2-build-linux-amd64/jdk8u5/2488/hotspot/src/share/vm/prims/jvm.cpp, line 1248]
Event: 3.835 Thread 0x0000000001975800 Exception <a 'java/security/PrivilegedActionException'> (0x00000000ec712050) thrown at [/HUDSON/workspace/8-2-build-linux-amd64/jdk8u5/2488/hotspot/src/share/vm/prims/jvm.cpp, line 1248]
Event: 3.835 Thread 0x0000000001975800 Exception <a 'java/security/PrivilegedActionException'> (0x00000000ec712610) thrown at [/HUDSON/workspace/8-2-build-linux-amd64/jdk8u5/2488/hotspot/src/share/vm/prims/jvm.cpp, line 1248]
Event: 3.836 Thread 0x0000000001975800 Exception <a 'java/security/PrivilegedActionException'> (0x00000000ec717000) thrown at [/HUDSON/workspace/8-2-build-linux-amd64/jdk8u5/2488/hotspot/src/share/vm/prims/jvm.cpp, line 1248]
Event: 3.836 Thread 0x0000000001975800 Exception <a 'java/security/PrivilegedActionException'> (0x00000000ec717588) thrown at [/HUDSON/workspace/8-2-build-linux-amd64/jdk8u5/2488/hotspot/src/share/vm/prims/jvm.cpp, line 1248]

Events (10 events):
Event: 3.834 loading class org/neo4j/kernel/AvailabilityGuard$2
Event: 3.834 loading class org/neo4j/kernel/AvailabilityGuard$2 done
Event: 3.835 loading class org/agfjord/graph/Grammar
Event: 3.835 loading class org/agfjord/graph/Grammar done
Event: 3.835 loading class org/grammaticalframework/pgf/PGFError
Event: 3.835 loading class org/grammaticalframework/pgf/PGFError done
Event: 3.836 loading class org/grammaticalframework/pgf/PGF
Event: 3.836 loading class org/grammaticalframework/pgf/PGF done
Event: 3.836 loading class java/lang/ClassLoaderHelper
Event: 3.836 loading class java/lang/ClassLoaderHelper done


Dynamic libraries:
00400000-00401000 r-xp 00000000 08:01 1318028                            /usr/lib/jvm/java-8-oracle/bin/java
00600000-00601000 rw-p 00000000 08:01 1318028                            /usr/lib/jvm/java-8-oracle/bin/java
0111f000-023ff000 rw-p 00000000 00:00 0                                  [heap]
c3000000-c3e00000 rw-p 00000000 00:00 0 
c3e00000-ebb00000 ---p 00000000 00:00 0 
ebb00000-f0400000 rw-p 00000000 00:00 0 
f0400000-100000000 ---p 00000000 00:00 0 
100000000-100300000 rw-p 00000000 00:00 0 
100300000-140000000 ---p 00000000 00:00 0 
7f3ede272000-7f3ede282000 r-xp 00000000 08:01 1188030                    /usr/local/lib/libgu.so.0.0.0
7f3ede282000-7f3ede481000 ---p 00010000 08:01 1188030                    /usr/local/lib/libgu.so.0.0.0
7f3ede481000-7f3ede482000 rw-p 0000f000 08:01 1188030                    /usr/local/lib/libgu.so.0.0.0
7f3ede482000-7f3ede49f000 r-xp 00000000 08:01 1188034                    /usr/local/lib/libpgf.so.0.0.0
7f3ede49f000-7f3ede69e000 ---p 0001d000 08:01 1188034                    /usr/local/lib/libpgf.so.0.0.0
7f3ede69e000-7f3ede6a0000 rw-p 0001c000 08:01 1188034                    /usr/local/lib/libpgf.so.0.0.0
7f3ede6ae000-7f3ede6af000 rw-p 00000000 00:00 0 
7f3ede6af000-7f3ede6b7000 r-xp 00000000 08:01 1188229                    /usr/local/lib/libjpgf.so
7f3ede6b7000-7f3ede8b6000 ---p 00008000 08:01 1188229                    /usr/local/lib/libjpgf.so
7f3ede8b6000-7f3ede8b7000 rw-p 00007000 08:01 1188229                    /usr/local/lib/libjpgf.so
7f3ede8b7000-7f3ede8ba000 ---p 00000000 00:00 0 
7f3ede8ba000-7f3ede9b8000 rw-p 00000000 00:00 0 
7f3ede9b8000-7f3ede9b9000 r--s 00000000 08:01 4876178                    /home/eidel/Documents/School/Exjobb/Programming/bundle/mock-data/data/schema/index/lucene/4/_0.fdx
7f3ede9b9000-7f3ede9ba000 r--s 00000000 08:01 4876177                    /home/eidel/Documents/School/Exjobb/Programming/bundle/mock-data/data/schema/index/lucene/4/_0.fdt
7f3ede9ba000-7f3ede9bb000 r--s 00000000 08:01 4876181                    /home/eidel/Documents/School/Exjobb/Programming/bundle/mock-data/data/schema/index/lucene/4/_0.frq
7f3ede9bb000-7f3ede9bc000 r--s 00000000 08:01 4876179                    /home/eidel/Documents/School/Exjobb/Programming/bundle/mock-data/data/schema/index/lucene/4/_0.tis
7f3ede9bc000-7f3ede9bd000 r--s 00000000 08:01 4876185                    /home/eidel/Documents/School/Exjobb/Programming/bundle/mock-data/data/schema/index/lucene/2/_0.fdx
7f3ede9bd000-7f3ede9be000 r--s 00000000 08:01 4876193                    /home/eidel/Documents/School/Exjobb/Programming/bundle/mock-data/data/schema/index/lucene/1/_0.fdx
7f3ede9be000-7f3ede9bf000 r--s 00000000 08:01 4876191                    /home/eidel/Documents/School/Exjobb/Programming/bundle/mock-data/data/schema/index/lucene/1/_0.fdt
7f3ede9bf000-7f3ede9c0000 r--s 00000000 08:01 4876196                    /home/eidel/Documents/School/Exjobb/Programming/bundle/mock-data/data/schema/index/lucene/1/_0.frq
7f3ede9c0000-7f3ede9c1000 r--s 00000000 08:01 4876194                    /home/eidel/Documents/School/Exjobb/Programming/bundle/mock-data/data/schema/index/lucene/1/_0.tis
7f3ede9c1000-7f3ede9c2000 r--s 00000000 08:01 4876199                    /home/eidel/Documents/School/Exjobb/Programming/bundle/mock-data/data/schema/label/lucene/_6.cfs
7f3ede9c2000-7f3ede9c3000 r--s 00000000 08:01 4876192                    /home/eidel/Documents/School/Exjobb/Programming/bundle/mock-data/data/schema/label/lucene/_3.cfs
7f3ede9c3000-7f3ede9c9000 r--s 00000000 08:01 4876171                    /home/eidel/Documents/School/Exjobb/Programming/bundle/mock-data/data/schema/label/lucene/_1.fdx
7f3ede9c9000-7f3ede9d3000 r--s 00000000 08:01 4876170                    /home/eidel/Documents/School/Exjobb/Programming/bundle/mock-data/data/schema/label/lucene/_1.fdt
7f3ede9d3000-7f3edeb93000 rw-p 00000000 00:00 0 
7f3edeb93000-7f3edebd3000 ---p 00000000 00:00 0 
7f3edebd3000-7f3edebd6000 ---p 00000000 00:00 0 
7f3edebd6000-7f3edeed4000 rw-p 00000000 00:00 0 
7f3edeed4000-7f3edeed7000 ---p 00000000 00:00 0 
7f3edeed7000-7f3edefd5000 rw-p 00000000 00:00 0 
7f3edefd5000-7f3edefdd000 r-xp 00000000 08:01 1317753                    /usr/lib/jvm/java-8-oracle/jre/lib/amd64/libmanagement.so
7f3edefdd000-7f3edf1dd000 ---p 00008000 08:01 1317753                    /usr/lib/jvm/java-8-oracle/jre/lib/amd64/libmanagement.so
7f3edf1dd000-7f3edf1de000 rw-p 00008000 08:01 1317753                    /usr/lib/jvm/java-8-oracle/jre/lib/amd64/libmanagement.so
7f3edf1de000-7f3edf3de000 rw-p 00000000 00:00 0 
7f3edf3de000-7f3edf3f3000 r-xp 00000000 08:01 4194308                    /lib/x86_64-linux-gnu/libgcc_s.so.1
7f3edf3f3000-7f3edf5f3000 ---p 00015000 08:01 4194308                    /lib/x86_64-linux-gnu/libgcc_s.so.1
7f3edf5f3000-7f3edf5f4000 rw-p 00015000 08:01 4194308                    /lib/x86_64-linux-gnu/libgcc_s.so.1
7f3edf5f4000-7f3edf5f5000 r--s 00000000 08:01 4876184                    /home/eidel/Documents/School/Exjobb/Programming/bundle/mock-data/data/schema/index/lucene/2/_0.fdt
7f3edf5f5000-7f3edf5f6000 r--s 00000000 08:01 4876188                    /home/eidel/Documents/School/Exjobb/Programming/bundle/mock-data/data/schema/index/lucene/2/_0.frq
7f3edf5f6000-7f3edf5f7000 r--s 00000000 08:01 4876186                    /home/eidel/Documents/School/Exjobb/Programming/bundle/mock-data/data/schema/index/lucene/2/_0.tis
7f3edf5f7000-7f3edf5fa000 r--s 00000000 08:01 4876174                    /home/eidel/Documents/School/Exjobb/Programming/bundle/mock-data/data/schema/label/lucene/_1.frq
7f3edf5fa000-7f3edf5ff000 r--s 00000000 08:01 4876172                    /home/eidel/Documents/School/Exjobb/Programming/bundle/mock-data/data/schema/label/lucene/_1.tis
7f3edf5ff000-7f3edf600000 r--s 00000000 08:01 4876164                    /home/eidel/Documents/School/Exjobb/Programming/bundle/mock-data/data/schema/label/lucene/_0.fdx
7f3edf600000-7f3edf601000 r--s 00000000 08:01 4876163                    /home/eidel/Documents/School/Exjobb/Programming/bundle/mock-data/data/schema/label/lucene/_0.fdt
7f3edf601000-7f3edf602000 r--s 00000000 08:01 4876167                    /home/eidel/Documents/School/Exjobb/Programming/bundle/mock-data/data/schema/label/lucene/_0.frq
7f3edf602000-7f3edf603000 r--s 00000000 08:01 4876165                    /home/eidel/Documents/School/Exjobb/Programming/bundle/mock-data/data/schema/label/lucene/_0.tis
7f3edf603000-7f3edf635000 r-xp 00000000 08:01 1317740                    /usr/lib/jvm/java-8-oracle/jre/lib/amd64/libsunec.so
7f3edf635000-7f3edf834000 ---p 00032000 08:01 1317740                    /usr/lib/jvm/java-8-oracle/jre/lib/amd64/libsunec.so
7f3edf834000-7f3edf83a000 rw-p 00031000 08:01 1317740                    /usr/lib/jvm/java-8-oracle/jre/lib/amd64/libsunec.so
7f3edf83a000-7f3edf84a000 rw-p 00000000 00:00 0 
7f3edf84a000-7f3edf84d000 r--s 00019000 08:01 1318005                    /usr/lib/jvm/java-8-oracle/jre/lib/jce.jar
7f3edf84d000-7f3edf84f000 r--s 00004000 08:01 4850423                    /home/eidel/.m2/repository/org/slf4j/slf4j-api/1.5.6/slf4j-api-1.5.6.jar
7f3edf84f000-7f3edf850000 r--s 00001000 08:01 4850434                    /home/eidel/.m2/repository/org/slf4j/slf4j-simple/1.5.6/slf4j-simple-1.5.6.jar
7f3edf850000-7f3edf851000 r--s 00005000 08:01 4850388                    /home/eidel/.m2/repository/org/noggit/noggit/0.5/noggit-0.5.jar
7f3edf851000-7f3edf858000 r--s 00079000 08:01 4849899                    /home/eidel/.m2/repository/org/codehaus/woodstox/wstx-asl/3.2.7/wstx-asl-3.2.7.jar
7f3edf858000-7f3edf864000 r--s 000b3000 08:01 4721553                    /home/eidel/.m2/repository/org/apache/zookeeper/zookeeper/3.4.5/zookeeper-3.4.5.jar
7f3edf864000-7f3edf866000 r--s 00008000 08:01 4720354                    /home/eidel/.m2/repository/org/apache/httpcomponents/httpmime/4.3.1/httpmime-4.3.1.jar
7f3edf866000-7f3edf86c000 r--s 0003f000 08:01 4720347                    /home/eidel/.m2/repository/org/apache/httpcomponents/httpcore/4.3/httpcore-4.3.jar
7f3edf86c000-7f3edf877000 r--s 00084000 08:01 4720280                    /home/eidel/.m2/repository/org/apache/httpcomponents/httpclient/4.3.1/httpclient-4.3.1.jar
7f3edf877000-7f3edf880000 r--s 0006d000 08:01 4719993                    /home/eidel/.m2/repository/log4j/log4j/1.2.16/log4j-1.2.16.jar
7f3edf880000-7f3edf888000 r--s 0005e000 08:01 4721410                    /home/eidel/.m2/repository/org/apache/solr/solr-solrj/4.7.0/solr-solrj-4.7.0.jar
7f3edf888000-7f3edf88a000 r--s 00003000 08:01 4876243                    /home/eidel/.m2/repository/org/grammaticalframework/pgf/1.0/pgf-1.0.jar
7f3edf88a000-7f3edf88b000 r--s 0000b000 08:01 4850262                    /home/eidel/.m2/repository/org/neo4j/neo4j-jmx/2.0.3/neo4j-jmx-2.0.3.jar
7f3edf88b000-7f3edf8fd000 r--s 0065a000 08:01 4850409                    /home/eidel/.m2/repository/org/scala-lang/scala-library/2.10.3/scala-library-2.10.3.jar
7f3edf8fd000-7f3edf900000 r--s 0000b000 08:01 4719720                    /home/eidel/.m2/repository/com/googlecode/concurrentlinkedhashmap/concurrentlinkedhashmap-lru/1.3.1/concurrentlinkedhashmap-lru-1.3.1.jar
7f3edf900000-7f3edf901000 r--s 00003000 08:01 4720023                    /home/eidel/.m2/repository/net/sf/opencsv/opencsv/2.0/opencsv-2.0.jar
7f3edf901000-7f3edf906000 r--s 00029000 08:01 4850395                    /home/eidel/.m2/repository/org/parboiled/parboiled-core/1.1.6/parboiled-core-1.1.6.jar
7f3edf906000-7f3edf90b000 r--s 00036000 08:01 4850402                    /home/eidel/.m2/repository/org/parboiled/parboiled-scala_2.10/1.1.6/parboiled-scala_2.10-1.1.6.jar
7f3edf90b000-7f3edf97b000 r--s 004b8000 08:01 4850178                    /home/eidel/.m2/repository/org/neo4j/neo4j-cypher-compiler-2.0/2.0.3/neo4j-cypher-compiler-2.0-2.0.3.jar
7f3edf97b000-7f3edf9c0000 r--s 002a1000 08:01 4850164                    /home/eidel/.m2/repository/org/neo4j/neo4j-cypher-compiler-1.9/2.0.3/neo4j-cypher-compiler-1.9-2.0.3.jar
7f3edf9c0000-7f3edf9d9000 r--s 0015f000 08:01 4720418                    /home/eidel/.m2/repository/org/apache/lucene/lucene-core/3.6.2/lucene-core-3.6.2.jar
7f3edf9d9000-7f3edfbd9000 rw-p 00000000 00:00 0 
7f3edfbd9000-7f3edfbe9000 r-xp 00000000 08:01 1317749                    /usr/lib/jvm/java-8-oracle/jre/lib/amd64/libnio.so
7f3edfbe9000-7f3edfde9000 ---p 00010000 08:01 1317749                    /usr/lib/jvm/java-8-oracle/jre/lib/amd64/libnio.so
7f3edfde9000-7f3edfdea000 rw-p 00010000 08:01 1317749                    /usr/lib/jvm/java-8-oracle/jre/lib/amd64/libnio.so
7f3edfdea000-7f3edfe00000 r-xp 00000000 08:01 1317764                    /usr/lib/jvm/java-8-oracle/jre/lib/amd64/libnet.so
7f3edfe00000-7f3edffff000 ---p 00016000 08:01 1317764                    /usr/lib/jvm/java-8-oracle/jre/lib/amd64/libnet.so
7f3edffff000-7f3ee0000000 rw-p 00015000 08:01 1317764                    /usr/lib/jvm/java-8-oracle/jre/lib/amd64/libnet.so
7f3ee0000000-7f3ee19e7000 rw-p 00000000 00:00 0 
7f3ee19e7000-7f3ee4000000 ---p 00000000 00:00 0 
7f3ee4000000-7f3ee4001000 r--s 00009000 08:01 1317835                    /usr/lib/jvm/java-8-oracle/jre/lib/ext/sunec.jar
7f3ee4001000-7f3ee4003000 r--s 0000d000 08:01 4719885                    /home/eidel/.m2/repository/commons-logging/commons-logging/1.1.1/commons-logging-1.1.1.jar
7f3ee4003000-7f3ee4006000 r--s 00025000 08:01 4719833                    /home/eidel/.m2/repository/commons-io/commons-io/2.1/commons-io-2.1.jar
7f3ee4006000-7f3ee400a000 r--s 00029000 08:01 4850143                    /home/eidel/.m2/repository/org/neo4j/neo4j-cypher-commons/2.0.3/neo4j-cypher-commons-2.0.3.jar
7f3ee400a000-7f3ee400d000 r--s 0001c000 08:01 4850199                    /home/eidel/.m2/repository/org/neo4j/neo4j-cypher/2.0.3/neo4j-cypher-2.0.3.jar
7f3ee400d000-7f3ee400f000 r--s 0000c000 08:01 4850241                    /home/eidel/.m2/repository/org/neo4j/neo4j-graph-matching/2.0.3/neo4j-graph-matching-2.0.3.jar
7f3ee400f000-7f3ee4011000 r--s 00008000 08:01 4850332                    /home/eidel/.m2/repository/org/neo4j/neo4j-udc/2.0.3/neo4j-udc-2.0.3.jar
7f3ee4011000-7f3ee4015000 r--s 00024000 08:01 4850220                    /home/eidel/.m2/repository/org/neo4j/neo4j-graph-algo/2.0.3/neo4j-graph-algo-2.0.3.jar
7f3ee4015000-7f3ee401b000 r--s 00038000 08:01 4850304                    /home/eidel/.m2/repository/org/neo4j/neo4j-lucene-index/2.0.3/neo4j-lucene-index-2.0.3.jar
7f3ee401b000-7f3ee401c000 r--s 00003000 08:01 4720225                    /home/eidel/.m2/repository/org/apache/geronimo/specs/geronimo-jta_1.1_spec/1.1.1/geronimo-jta_1.1_spec-1.1.1.jar
7f3ee401c000-7f3ee404a000 r--s 001e1000 08:01 4850283                    /home/eidel/.m2/repository/org/neo4j/neo4j-kernel/2.0.3/neo4j-kernel-2.0.3.jar
7f3ee404a000-7f3ee404b000 r--s 00005000 08:01 4850353                    /home/eidel/.m2/repository/org/neo4j/neo4j/2.0.3/neo4j-2.0.3.jar
7f3ee404b000-7f3ee404e000 ---p 00000000 00:00 0 
7f3ee404e000-7f3ee414c000 rw-p 00000000 00:00 0 
7f3ee414c000-7f3ee414e000 r--s 0000b000 08:01 4723914                    /home/eidel/.m2/repository/org/apache/commons/commons-exec/1.1/commons-exec-1.1.jar
7f3ee414e000-7f3ee4152000 r--s 00033000 08:01 4721838                    /home/eidel/.m2/repository/org/codehaus/plexus/plexus-utils/2.0.5/plexus-utils-2.0.5.jar
7f3ee4152000-7f3ee4154000 r--s 00002000 08:01 4721741                    /home/eidel/.m2/repository/org/codehaus/plexus/plexus-interactivity-api/1.0-alpha-4/plexus-interactivity-api-1.0-alpha-4.jar
7f3ee4154000-7f3ee4156000 r--s 00006000 08:01 4459542                    /home/eidel/.m2/repository/commons-cli/commons-cli/1.0/commons-cli-1.0.jar
7f3ee4156000-7f3ee4157000 r--s 00001000 08:01 4720572                    /home/eidel/.m2/repository/org/apache/maven/doxia/doxia-sink-api/1.0-alpha-7/doxia-sink-api-1.0-alpha-7.jar
7f3ee4157000-7f3ee4158000 r--s 00002000 08:01 4721292                    /home/eidel/.m2/repository/org/apache/maven/reporting/maven-reporting-api/2.0.6/maven-reporting-api-2.0.6.jar
7f3ee4158000-7f3ee415a000 r--s 00008000 08:01 4723908                    /home/eidel/.m2/repository/org/codehaus/mojo/exec-maven-plugin/1.2.1/exec-maven-plugin-1.2.1.jar
7f3ee415a000-7f3ee415d000 ---p 00000000 00:00 0 
7f3ee415d000-7f3ee4393000 rw-p 00000000 00:00 0 
7f3ee4393000-7f3ee4398000 r--s 00092000 08:01 1317885                    /usr/lib/jvm/java-8-oracle/jre/lib/jsse.jar
7f3ee4398000-7f3ee4598000 rw-p 00000000 00:00 0 
7f3ee4598000-7f3ee45a3000 r--s 0021a000 08:01 1317839                    /usr/lib/jvm/java-8-oracle/jre/lib/ext/localedata.jar
7f3ee45a3000-7f3ee45bf000 r--s 00393000 08:01 1317837                    /usr/lib/jvm/java-8-oracle/jre/lib/ext/cldrdata.jar
7f3ee45bf000-7f3ee45c1000 r--s 00008000 08:01 2884224                    /usr/share/maven/lib/maven-embedder-3.0.4.jar
7f3ee45c1000-7f3ee45cd000 r--s 0007c000 08:01 2884225                    /usr/share/maven/lib/maven-core-3.0.4.jar
7f3ee45cd000-7f3ee45d1000 r--s 0001c000 08:01 2883925                    /usr/share/maven-repo/org/sonatype/aether/aether-util/1.13.1/aether-util-1.13.1.jar
7f3ee45d1000-7f3ee45d2000 r--s 00003000 08:01 2883901                    /usr/share/maven-repo/org/sonatype/aether/aether-spi/1.13.1/aether-spi-1.13.1.jar
7f3ee45d2000-7f3ee45d8000 r--s 0003e000 08:01 2884229                    /usr/share/maven/lib/maven-compat-3.0.4.jar
7f3ee45d8000-7f3ee45de000 r--s 0002c000 08:01 1464572                    /usr/share/java/sisu-inject-plexus.jar
7f3ee45de000-7f3ee45e0000 r--s 00025000 08:01 2884220                    /usr/share/maven/lib/maven-model-3.0.4.jar
7f3ee45e0000-7f3ee45e2000 r--s 00009000 08:01 2884227                    /usr/share/maven/lib/maven-plugin-api-3.0.4.jar
7f3ee45e2000-7f3ee45e6000 r--s 00020000 08:01 2884222                    /usr/share/maven/lib/maven-model-builder-3.0.4.jar
7f3ee45e6000-7f3ee45e8000 r--s 0000b000 08:01 2884223                    /usr/share/maven/lib/maven-aether-provider-3.0.4.jar
7f3ee45e8000-7f3ee45eb000 r--s 00013000 08:01 2883948                    /usr/share/maven-repo/org/sonatype/aether/aether-api/1.13.1/aether-api-1.13.1.jar
7f3ee45eb000-7f3ee45ec000 r--s 00006000 08:01 1464385                    /usr/share/java/plexus-sec-dispatcher.jar
7f3ee45ec000-7f3ee45ee000 r--s 0000a000 08:01 1464682                    /usr/share/java/wagon-provider-api-2.x.jar
7f3ee45ee000-7f3ee45f2000 r--s 00033000 08:01 1464548                    /usr/share/java/plexus-utils2-2.0.5.jar
7f3ee45f2000-7f3ee460a000 r--s 000d6000 08:01 1464685                    /usr/share/java/wagon-http-shaded-2.x.jar
7f3ee460a000-7f3ee4610000 r--s 00046000 08:01 1464393                    /usr/share/java/commons-httpclient-3.1.jar
7f3ee4610000-7f3ee4631000 r--s 0013f000 08:01 1464566                    /usr/share/java/guava-11.0.2.jar
7f3ee4631000-7f3ee4632000 ---p 00000000 00:00 0 
7f3ee4632000-7f3ee4732000 rw-p 00000000 00:00 0 
7f3ee4732000-7f3ee4735000 ---p 00000000 00:00 0 
7f3ee4735000-7f3ee4833000 rw-p 00000000 00:00 0 
7f3ee4833000-7f3ee4836000 ---p 00000000 00:00 0 
7f3ee4836000-7f3ee4934000 rw-p 00000000 00:00 0 
7f3ee4934000-7f3ee4937000 ---p 00000000 00:00 0 
7f3ee4937000-7f3ee4a35000 rw-p 00000000 00:00 0 
7f3ee4a35000-7f3ee4a38000 ---p 00000000 00:00 0 
7f3ee4a38000-7f3ee4b36000 rw-p 00000000 00:00 0 
7f3ee4b36000-7f3ee4cad000 r--p 00000000 08:01 1048641                    /usr/lib/locale/locale-archive
7f3ee4cad000-7f3ee4cb0000 ---p 00000000 00:00 0 
7f3ee4cb0000-7f3ee4dae000 rw-p 00000000 00:00 0 
7f3ee4dae000-7f3ee4db1000 ---p 00000000 00:00 0 
7f3ee4db1000-7f3ee4eaf000 rw-p 00000000 00:00 0 
7f3ee4eaf000-7f3ee4eb0000 ---p 00000000 00:00 0 
7f3ee4eb0000-7f3ee594a000 rw-p 00000000 00:00 0 
7f3ee594a000-7f3ee5b1f000 r--s 03c4d000 08:01 1317886                    /usr/lib/jvm/java-8-oracle/jre/lib/rt.jar
7f3ee5b1f000-7f3ee83fd000 rw-p 00000000 00:00 0 
7f3ee83fd000-7f3ee83fe000 ---p 00000000 00:00 0 
7f3ee83fe000-7f3ee84fe000 rw-p 00000000 00:00 0 
7f3ee84fe000-7f3ee84ff000 ---p 00000000 00:00 0 
7f3ee84ff000-7f3ee8606000 rw-p 00000000 00:00 0 
7f3ee8606000-7f3ee8745000 ---p 00000000 00:00 0 
7f3ee8745000-7f3ee874c000 rw-p 00000000 00:00 0 
7f3ee874c000-7f3ee888a000 ---p 00000000 00:00 0 
7f3ee888a000-7f3ee88af000 rw-p 00000000 00:00 0 
7f3ee88af000-7f3ee892d000 ---p 00000000 00:00 0 
7f3ee892d000-7f3ee894b000 rw-p 00000000 00:00 0 
7f3ee894b000-7f3ee8cee000 ---p 00000000 00:00 0 
7f3ee8cee000-7f3ee941e000 rwxp 00000000 00:00 0 
7f3ee941e000-7f3ef7cee000 ---p 00000000 00:00 0 
7f3ef7cee000-7f3ef7d0a000 r-xp 00000000 08:01 1317732                    /usr/lib/jvm/java-8-oracle/jre/lib/amd64/libzip.so
7f3ef7d0a000-7f3ef7f09000 ---p 0001c000 08:01 1317732                    /usr/lib/jvm/java-8-oracle/jre/lib/amd64/libzip.so
7f3ef7f09000-7f3ef7f0a000 rw-p 0001b000 08:01 1317732                    /usr/lib/jvm/java-8-oracle/jre/lib/amd64/libzip.so
7f3ef7f0a000-7f3ef7f15000 r-xp 00000000 08:01 4197618                    /lib/x86_64-linux-gnu/libnss_files-2.13.so
7f3ef7f15000-7f3ef8114000 ---p 0000b000 08:01 4197618                    /lib/x86_64-linux-gnu/libnss_files-2.13.so
7f3ef8114000-7f3ef8115000 r--p 0000a000 08:01 4197618                    /lib/x86_64-linux-gnu/libnss_files-2.13.so
7f3ef8115000-7f3ef8116000 rw-p 0000b000 08:01 4197618                    /lib/x86_64-linux-gnu/libnss_files-2.13.so
7f3ef8116000-7f3ef8120000 r-xp 00000000 08:01 4197620                    /lib/x86_64-linux-gnu/libnss_nis-2.13.so
7f3ef8120000-7f3ef831f000 ---p 0000a000 08:01 4197620                    /lib/x86_64-linux-gnu/libnss_nis-2.13.so
7f3ef831f000-7f3ef8320000 r--p 00009000 08:01 4197620                    /lib/x86_64-linux-gnu/libnss_nis-2.13.so
7f3ef8320000-7f3ef8321000 rw-p 0000a000 08:01 4197620                    /lib/x86_64-linux-gnu/libnss_nis-2.13.so
7f3ef8321000-7f3ef8336000 r-xp 00000000 08:01 4197615                    /lib/x86_64-linux-gnu/libnsl-2.13.so
7f3ef8336000-7f3ef8535000 ---p 00015000 08:01 4197615                    /lib/x86_64-linux-gnu/libnsl-2.13.so
7f3ef8535000-7f3ef8536000 r--p 00014000 08:01 4197615                    /lib/x86_64-linux-gnu/libnsl-2.13.so
7f3ef8536000-7f3ef8537000 rw-p 00015000 08:01 4197615                    /lib/x86_64-linux-gnu/libnsl-2.13.so
7f3ef8537000-7f3ef8539000 rw-p 00000000 00:00 0 
7f3ef8539000-7f3ef8540000 r-xp 00000000 08:01 4197616                    /lib/x86_64-linux-gnu/libnss_compat-2.13.so
7f3ef8540000-7f3ef873f000 ---p 00007000 08:01 4197616                    /lib/x86_64-linux-gnu/libnss_compat-2.13.so
7f3ef873f000-7f3ef8740000 r--p 00006000 08:01 4197616                    /lib/x86_64-linux-gnu/libnss_compat-2.13.so
7f3ef8740000-7f3ef8741000 rw-p 00007000 08:01 4197616                    /lib/x86_64-linux-gnu/libnss_compat-2.13.so
7f3ef8741000-7f3ef876b000 r-xp 00000000 08:01 1317760                    /usr/lib/jvm/java-8-oracle/jre/lib/amd64/libjava.so
7f3ef876b000-7f3ef896b000 ---p 0002a000 08:01 1317760                    /usr/lib/jvm/java-8-oracle/jre/lib/amd64/libjava.so
7f3ef896b000-7f3ef896d000 rw-p 0002a000 08:01 1317760                    /usr/lib/jvm/java-8-oracle/jre/lib/amd64/libjava.so
7f3ef896d000-7f3ef897a000 r-xp 00000000 08:01 1317762                    /usr/lib/jvm/java-8-oracle/jre/lib/amd64/libverify.so
7f3ef897a000-7f3ef8b7a000 ---p 0000d000 08:01 1317762                    /usr/lib/jvm/java-8-oracle/jre/lib/amd64/libverify.so
7f3ef8b7a000-7f3ef8b7c000 rw-p 0000d000 08:01 1317762                    /usr/lib/jvm/java-8-oracle/jre/lib/amd64/libverify.so
7f3ef8b7c000-7f3ef8b83000 r-xp 00000000 08:01 4197625                    /lib/x86_64-linux-gnu/librt-2.13.so
7f3ef8b83000-7f3ef8d82000 ---p 00007000 08:01 4197625                    /lib/x86_64-linux-gnu/librt-2.13.so
7f3ef8d82000-7f3ef8d83000 r--p 00006000 08:01 4197625                    /lib/x86_64-linux-gnu/librt-2.13.so
7f3ef8d83000-7f3ef8d84000 rw-p 00007000 08:01 4197625                    /lib/x86_64-linux-gnu/librt-2.13.so
7f3ef8d84000-7f3ef8e05000 r-xp 00000000 08:01 4197613                    /lib/x86_64-linux-gnu/libm-2.13.so
7f3ef8e05000-7f3ef9004000 ---p 00081000 08:01 4197613                    /lib/x86_64-linux-gnu/libm-2.13.so
7f3ef9004000-7f3ef9005000 r--p 00080000 08:01 4197613                    /lib/x86_64-linux-gnu/libm-2.13.so
7f3ef9005000-7f3ef9006000 rw-p 00081000 08:01 4197613                    /lib/x86_64-linux-gnu/libm-2.13.so
7f3ef9006000-7f3ef9c20000 r-xp 00000000 08:01 1317719                    /usr/lib/jvm/java-8-oracle/jre/lib/amd64/server/libjvm.so
7f3ef9c20000-7f3ef9e1f000 ---p 00c1a000 08:01 1317719                    /usr/lib/jvm/java-8-oracle/jre/lib/amd64/server/libjvm.so
7f3ef9e1f000-7f3ef9ee8000 rw-p 00c19000 08:01 1317719                    /usr/lib/jvm/java-8-oracle/jre/lib/amd64/server/libjvm.so
7f3ef9ee8000-7f3ef9f29000 rw-p 00000000 00:00 0 
7f3ef9f29000-7f3efa0ab000 r-xp 00000000 08:01 4197609                    /lib/x86_64-linux-gnu/libc-2.13.so
7f3efa0ab000-7f3efa2aa000 ---p 00182000 08:01 4197609                    /lib/x86_64-linux-gnu/libc-2.13.so
7f3efa2aa000-7f3efa2ae000 r--p 00181000 08:01 4197609                    /lib/x86_64-linux-gnu/libc-2.13.so
7f3efa2ae000-7f3efa2af000 rw-p 00185000 08:01 4197609                    /lib/x86_64-linux-gnu/libc-2.13.so
7f3efa2af000-7f3efa2b4000 rw-p 00000000 00:00 0 
7f3efa2b4000-7f3efa2b6000 r-xp 00000000 08:01 4197612                    /lib/x86_64-linux-gnu/libdl-2.13.so
7f3efa2b6000-7f3efa4b6000 ---p 00002000 08:01 4197612                    /lib/x86_64-linux-gnu/libdl-2.13.so
7f3efa4b6000-7f3efa4b7000 r--p 00002000 08:01 4197612                    /lib/x86_64-linux-gnu/libdl-2.13.so
7f3efa4b7000-7f3efa4b8000 rw-p 00003000 08:01 4197612                    /lib/x86_64-linux-gnu/libdl-2.13.so
7f3efa4b8000-7f3efa4cf000 r-xp 00000000 08:01 1318124                    /usr/lib/jvm/java-8-oracle/lib/amd64/jli/libjli.so
7f3efa4cf000-7f3efa6ce000 ---p 00017000 08:01 1318124                    /usr/lib/jvm/java-8-oracle/lib/amd64/jli/libjli.so
7f3efa6ce000-7f3efa6cf000 rw-p 00016000 08:01 1318124                    /usr/lib/jvm/java-8-oracle/lib/amd64/jli/libjli.so
7f3efa6cf000-7f3efa6e6000 r-xp 00000000 08:01 4197623                    /lib/x86_64-linux-gnu/libpthread-2.13.so
7f3efa6e6000-7f3efa8e5000 ---p 00017000 08:01 4197623                    /lib/x86_64-linux-gnu/libpthread-2.13.so
7f3efa8e5000-7f3efa8e6000 r--p 00016000 08:01 4197623                    /lib/x86_64-linux-gnu/libpthread-2.13.so
7f3efa8e6000-7f3efa8e7000 rw-p 00017000 08:01 4197623                    /lib/x86_64-linux-gnu/libpthread-2.13.so
7f3efa8e7000-7f3efa8eb000 rw-p 00000000 00:00 0 
7f3efa8eb000-7f3efa90b000 r-xp 00000000 08:01 4197606                    /lib/x86_64-linux-gnu/ld-2.13.so
7f3efa90b000-7f3efa90c000 r--p 00000000 00:00 0 
7f3efa90c000-7f3efa90e000 r--s 0000c000 08:01 1464124                    /usr/share/java/commons-logging-1.1.1.jar
7f3efa90e000-7f3efa910000 r--s 00002000 08:01 1464383                    /usr/share/java/plexus-cipher.jar
7f3efa910000-7f3efa912000 r--s 0000a000 08:01 2884230                    /usr/share/maven/lib/maven-artifact-3.0.4.jar
7f3efa912000-7f3efa919000 r--s 00040000 08:01 1464578                    /usr/share/java/sisu-inject-bean.jar
7f3efa919000-7f3efa91b000 r--s 0000b000 08:01 2756883                    /usr/share/maven-repo/org/codehaus/plexus/plexus-interpolation/1.11/plexus-interpolation-1.11.jar
7f3efa91b000-7f3efa91d000 r--s 00003000 08:01 1464230                    /usr/share/java/jsr305-0.1~+svn49.jar
7f3efa91d000-7f3efa91f000 r--s 00000000 08:01 1464553                    /usr/share/java/plexus-component-annotations-1.5-1.5.5.jar
7f3efa91f000-7f3efa925000 r--s 00034000 08:01 1464252                    /usr/share/java/commons-codec-1.6.jar
7f3efa925000-7f3efa927000 r--s 00007000 08:01 2884226                    /usr/share/maven/lib/maven-settings-builder-3.0.4.jar
7f3efa927000-7f3efa933000 r--s 00082000 08:01 1464569                    /usr/share/java/sisu-guice.jar
7f3efa933000-7f3efa936000 r--s 0001d000 08:01 2883932                    /usr/share/maven-repo/org/sonatype/aether/aether-impl/1.13.1/aether-impl-1.13.1.jar
7f3efa936000-7f3efa938000 r--s 00006000 08:01 2883919                    /usr/share/maven-repo/org/sonatype/aether/aether-connector-wagon/1.13.1/aether-connector-wagon-1.13.1.jar
7f3efa938000-7f3efa93a000 r--s 00005000 08:01 2884221                    /usr/share/maven/lib/maven-repository-metadata-3.0.4.jar
7f3efa93a000-7f3efa93c000 r--s 00009000 08:01 2884228                    /usr/share/maven/lib/maven-settings-3.0.4.jar
7f3efa93c000-7f3efa9f4000 rw-p 00000000 00:00 0 
7f3efa9f4000-7f3efa9f7000 ---p 00000000 00:00 0 
7f3efa9f7000-7f3efaaf9000 rw-p 00000000 00:00 0 
7f3efaaf9000-7f3efaafa000 r--s 00001000 08:01 1464689                    /usr/share/java/wagon-file-2.x.jar
7f3efaafa000-7f3efaafc000 r--s 00007000 08:01 1464228                    /usr/share/java/commons-cli-1.2.jar
7f3efaafc000-7f3efaafe000 r--s 0000a000 08:01 1464208                    /usr/share/java/plexus-classworlds2-2.4.jar
7f3efaafe000-7f3efab06000 rw-s 00000000 08:01 5510482                    /tmp/hsperfdata_eidel/9739
7f3efab06000-7f3efab07000 rw-p 00000000 00:00 0 
7f3efab07000-7f3efab08000 r--p 00000000 00:00 0 
7f3efab08000-7f3efab0a000 rw-p 00000000 00:00 0 
7f3efab0a000-7f3efab0b000 r--p 0001f000 08:01 4197606                    /lib/x86_64-linux-gnu/ld-2.13.so
7f3efab0b000-7f3efab0c000 rw-p 00020000 08:01 4197606                    /lib/x86_64-linux-gnu/ld-2.13.so
7f3efab0c000-7f3efab0d000 rw-p 00000000 00:00 0 
7fff76e1d000-7fff76e3e000 rw-p 00000000 00:00 0                          [stack]
7fff76e62000-7fff76e63000 r-xp 00000000 00:00 0                          [vdso]
ffffffffff600000-ffffffffff601000 r-xp 00000000 00:00 0                  [vsyscall]

VM Arguments:
jvm_args: -Djava.library.path=/usr/local/lib -Dclassworlds.conf=/usr/share/maven/bin/m2.conf -Dmaven.home=/usr/share/maven 
java_command: org.codehaus.plexus.classworlds.launcher.Launcher exec:java -Dexec.mainClass=org.agfjord.graph.Main
java_class_path (initial): /usr/share/maven/boot/plexus-classworlds-2.x.jar
Launcher Type: SUN_STANDARD

Environment Variables:
JAVA_HOME=/usr/lib/jvm/java-8-oracle
PATH=/home/eidel/lib/GF-master/build/bin:/usr/local/bin:/usr/bin:/bin:/usr/local/games:/usr/games
SHELL=/bin/bash
DISPLAY=:0

Signal Handlers:
SIGSEGV: [libjvm.so+0xa2fc90], sa_mask[0]=0x7ffbfeff, sa_flags=0x10000004
SIGBUS: [libjvm.so+0xa2fc90], sa_mask[0]=0x7ffbfeff, sa_flags=0x10000004
SIGFPE: [libjvm.so+0x89b4b0], sa_mask[0]=0x7ffbfeff, sa_flags=0x10000004
SIGPIPE: [libjvm.so+0x89b4b0], sa_mask[0]=0x7ffbfeff, sa_flags=0x10000004
SIGXFSZ: [libjvm.so+0x89b4b0], sa_mask[0]=0x7ffbfeff, sa_flags=0x10000004
SIGILL: [libjvm.so+0x89b4b0], sa_mask[0]=0x7ffbfeff, sa_flags=0x10000004
SIGUSR1: SIG_DFL, sa_mask[0]=0x00000000, sa_flags=0x00000000
SIGUSR2: [libjvm.so+0x89cc50], sa_mask[0]=0x00000000, sa_flags=0x10000004
SIGHUP: [libjvm.so+0x89df00], sa_mask[0]=0x7ffbfeff, sa_flags=0x10000004
SIGINT: [libjvm.so+0x89df00], sa_mask[0]=0x7ffbfeff, sa_flags=0x10000004
SIGTERM: [libjvm.so+0x89df00], sa_mask[0]=0x7ffbfeff, sa_flags=0x10000004
SIGQUIT: [libjvm.so+0x89df00], sa_mask[0]=0x7ffbfeff, sa_flags=0x10000004


---------------  S Y S T E M  ---------------

OS:PRETTY_NAME="Debian GNU/Linux 7 (wheezy)"
NAME="Debian GNU/Linux"
VERSION_ID="7"
VERSION="7 (wheezy)"
ID=debian
ANSI_COLOR="1;31"
HOME_URL="http://www.debian.org/"
SUPPORT_URL="http://www.debian.org/support/"
BUG_REPORT_URL="http://bugs.debian.org/"

uname:Linux 3.2.0-4-amd64 #1 SMP Debian 3.2.60-1+deb7u1 x86_64
libc:glibc 2.13 NPTL 2.13 
rlimit: STACK 8192k, CORE 0k, NPROC 31100, NOFILE 4096, AS infinity
load average:0.14 0.42 0.45

/proc/meminfo:
MemTotal:        3993020 kB
MemFree:          812128 kB
Buffers:          141608 kB
Cached:           967344 kB
SwapCached:        36692 kB
Active:          2033200 kB
Inactive:         937000 kB
Active(anon):    1580440 kB
Inactive(anon):   411616 kB
Active(file):     452760 kB
Inactive(file):   525384 kB
Unevictable:           0 kB
Mlocked:               0 kB
SwapTotal:       1952764 kB
SwapFree:        1800856 kB
Dirty:               280 kB
Writeback:             0 kB
AnonPages:       1848836 kB
Mapped:           144400 kB
Shmem:            130808 kB
Slab:             142220 kB
SReclaimable:     116376 kB
SUnreclaim:        25844 kB
KernelStack:        3504 kB
PageTables:        27332 kB
NFS_Unstable:          0 kB
Bounce:                0 kB
WritebackTmp:          0 kB
CommitLimit:     3949272 kB
Committed_AS:    3972364 kB
VmallocTotal:   34359738367 kB
VmallocUsed:      407288 kB
VmallocChunk:   34359299136 kB
HardwareCorrupted:     0 kB
AnonHugePages:         0 kB
HugePages_Total:       0
HugePages_Free:        0
HugePages_Rsvd:        0
HugePages_Surp:        0
Hugepagesize:       2048 kB
DirectMap4k:       90112 kB
DirectMap2M:     4034560 kB


CPU:total 2 (2 cores per cpu, 1 threads per core) family 6 model 23 stepping 6, cmov, cx8, fxsr, mmx, sse, sse2, sse3, ssse3, sse4.1, tsc

/proc/cpuinfo:
processor	: 0
vendor_id	: GenuineIntel
cpu family	: 6
model		: 23
model name	: Intel(R) Core(TM)2 Duo CPU     P9500  @ 2.53GHz
stepping	: 6
microcode	: 0x60c
cpu MHz		: 2534.000
cache size	: 6144 KB
physical id	: 0
siblings	: 2
core id		: 0
cpu cores	: 2
apicid		: 0
initial apicid	: 0
fpu		: yes
fpu_exception	: yes
cpuid level	: 10
wp		: yes
flags		: fpu vme de pse tsc msr pae mce cx8 apic sep mtrr pge mca cmov pat pse36 clflush dts acpi mmx fxsr sse sse2 ss ht tm pbe syscall nx lm constant_tsc arch_perfmon pebs bts rep_good nopl aperfmperf pni dtes64 monitor ds_cpl vmx smx est tm2 ssse3 cx16 xtpr pdcm sse4_1 lahf_lm dtherm tpr_shadow vnmi flexpriority
bogomips	: 5053.88
clflush size	: 64
cache_alignment	: 64
address sizes	: 36 bits physical, 48 bits virtual
power management:

processor	: 1
vendor_id	: GenuineIntel
cpu family	: 6
model		: 23
model name	: Intel(R) Core(TM)2 Duo CPU     P9500  @ 2.53GHz
stepping	: 6
microcode	: 0x60c
cpu MHz		: 2534.000
cache size	: 6144 KB
physical id	: 0
siblings	: 2
core id		: 1
cpu cores	: 2
apicid		: 1
initial apicid	: 1
fpu		: yes
fpu_exception	: yes
cpuid level	: 10
wp		: yes
flags		: fpu vme de pse tsc msr pae mce cx8 apic sep mtrr pge mca cmov pat pse36 clflush dts acpi mmx fxsr sse sse2 ss ht tm pbe syscall nx lm constant_tsc arch_perfmon pebs bts rep_good nopl aperfmperf pni dtes64 monitor ds_cpl vmx smx est tm2 ssse3 cx16 xtpr pdcm sse4_1 lahf_lm dtherm tpr_shadow vnmi flexpriority
bogomips	: 5053.89
clflush size	: 64
cache_alignment	: 64
address sizes	: 36 bits physical, 48 bits virtual
power management:



Memory: 4k page, physical 3993020k(812128k free), swap 1952764k(1800856k free)

vm_info: Java HotSpot(TM) 64-Bit Server VM (25.5-b02) for linux-amd64 JRE (1.8.0_05-b13), built on Mar 18 2014 00:29:27 by "java_re" with gcc 4.3.0 20080428 (Red Hat 4.3.0-8)

time: Wed Jul 16 12:41:57 2014
elapsed time: 3 seconds

