#
# A fatal error has been detected by the Java Runtime Environment:
#
#  SIGSEGV (0xb) at pc=0x00007fa1fbb2a87c, pid=10123, tid=140333325043456
#
# JRE version: Java(TM) SE Runtime Environment (8.0_05-b13) (build 1.8.0_05-b13)
# Java VM: Java HotSpot(TM) 64-Bit Server VM (25.5-b02 mixed mode linux-amd64 compressed oops)
# Problematic frame:
# V  [libjvm.so+0x67487c]  jni_GetObjectClass+0xbc
#
# Failed to write core dump. Core dumps have been disabled. To enable core dumping, try "ulimit -c unlimited" before starting Java again
#
# If you would like to submit a bug report, please visit:
#   http://bugreport.sun.com/bugreport/crash.jsp
#

---------------  T H R E A D  ---------------

Current thread (0x00000000024d4000):  JavaThread "org.agfjord.graph.Main.main()" [_thread_in_vm, id=10168, stack(0x00007fa1e5ed4000,0x00007fa1e5fd5000)]

siginfo:si_signo=SIGSEGV: si_errno=0, si_code=1 (SEGV_MAPERR), si_addr=0x0000000000000000

Registers:
RAX=0x00007fa1fc3a0e79, RBX=0x00000000024d4000, RCX=0x0000000000000000, RDX=0x00007fa1fc3aac90
RSP=0x00007fa1e5fd2d90, RBP=0x00007fa1e5fd2df0, RSI=0x00000000024d4000, RDI=0x00007fa1e5fd2d90
R8 =0x00007fa1fc75ffc8, R9 =0x000000000000001c, R10=0x0000000000000000, R11=0x00007fa1e472adf0
R12=0x00007fa1e5fd2d90, R13=0x00000000024d41e0, R14=0x0000000000000000, R15=0x00007fa1fc3af1e0
RIP=0x00007fa1fbb2a87c, EFLAGS=0x0000000000010246, CSGSFS=0x0000000000000033, ERR=0x0000000000000004
  TRAPNO=0x000000000000000e

Top of Stack: (sp=0x00007fa1e5fd2d90)
0x00007fa1e5fd2d90:   00000000024d4000 0000000000000000
0x00007fa1e5fd2da0:   0000000002d1af00 00007fa1fcdaea55
0x00007fa1e5fd2db0:   00000000024d4000 0000000000000000
0x00007fa1e5fd2dc0:   0000000000000007 00000000024d41e0
0x00007fa1e5fd2dd0:   0000000000000000 0000000002d1af00
0x00007fa1e5fd2de0:   00007fa1e5fd2f28 00000000024d4000
0x00007fa1e5fd2df0:   00007fa1e5fd2e10 00007fa1e4b62426
0x00007fa1e5fd2e00:   00000000024d4000 00007fa1e5fd2e50
0x00007fa1e5fd2e10:   00007fa1e5fd2e10 0000000000000000
0x00007fa1e5fd2e20:   0000000000000000 0080008000200001
0x00007fa1e5fd2e30:   0000000000000000 0000000000000000
0x00007fa1e5fd2e40:   0000000000000000 0000000000000000
0x00007fa1e5fd2e50:   0000000000000000 0000000000000000
0x00007fa1e5fd2e60:   0000000000000000 0000000000000000
0x00007fa1e5fd2e70:   0000000000000000 0000000000000000
0x00007fa1e5fd2e80:   0000000000000000 0000000000000000
0x00007fa1e5fd2e90:   00000000024d4000 00007fa1e50108b8
0x00007fa1e5fd2ea0:   00007fa1e5fd2f18 0000000000000000
0x00007fa1e5fd2eb0:   00007fa1e50108b8 00007fa1e5fd2f38
0x00007fa1e5fd2ec0:   00000000024d4000 00007fa1eb1b0b0e
0x00007fa1e5fd2ed0:   00007fa1eb1b085c 00007fa1e5fd2ed8
0x00007fa1e5fd2ee0:   00007fa1e50108b8 00007fa1e5fd2f38
0x00007fa1e5fd2ef0:   00007fa1e5010f88 0000000000000000
0x00007fa1e5fd2f00:   00007fa1e50108b8 0000000000000000
0x00007fa1e5fd2f10:   00007fa1e5fd2f38 00007fa1e5fd2f88
0x00007fa1e5fd2f20:   00007fa1eb1a5210 00000000ec972dc0
0x00007fa1e5fd2f30:   00007fa1eb1acc1b 0000000000000000
0x00007fa1e5fd2f40:   00000000ec96d358 00007fa1e5fd2f48
0x00007fa1e5fd2f50:   00007fa1e500e999 00007fa1e5fd2fa8
0x00007fa1e5fd2f60:   00007fa1e500fa30 0000000000000000
0x00007fa1e5fd2f70:   00007fa1e500ea18 00007fa1e5fd2f38
0x00007fa1e5fd2f80:   00007fa1e5fd2fa0 00007fa1e5fd3000 

Instructions: (pc=0x00007fa1fbb2a87c)
0x00007fa1fbb2a85c:   c7 83 58 02 00 00 06 00 00 00 48 89 de 48 89 5d
0x00007fa1fbb2a86c:   c0 4c 89 e7 e8 db 0a 01 00 48 8b 05 14 ed 83 00
0x00007fa1fbb2a87c:   49 8b 16 80 38 00 0f 85 b0 00 00 00 48 8b 52 08
0x00007fa1fbb2a88c:   48 8b 72 68 4c 89 ef e8 e8 ae 02 00 48 83 7d a8 

Register to memory mapping:

RAX=0x00007fa1fc3a0e79: <offset 0xeeae79> in /usr/lib/jvm/java-8-oracle/jre/lib/amd64/server/libjvm.so at 0x00007fa1fb4b6000
RBX=0x00000000024d4000 is a thread
RCX=0x0000000000000000 is an unknown value
RDX=0x00007fa1fc3aac90: <offset 0xef4c90> in /usr/lib/jvm/java-8-oracle/jre/lib/amd64/server/libjvm.so at 0x00007fa1fb4b6000
RSP=0x00007fa1e5fd2d90 is pointing into the stack for thread: 0x00000000024d4000
RBP=0x00007fa1e5fd2df0 is pointing into the stack for thread: 0x00000000024d4000
RSI=0x00000000024d4000 is a thread
RDI=0x00007fa1e5fd2d90 is pointing into the stack for thread: 0x00000000024d4000
R8 =0x00007fa1fc75ffc8: <offset 0x386fc8> in /lib/x86_64-linux-gnu/libc.so.6 at 0x00007fa1fc3d9000
R9 =0x000000000000001c is an unknown value
R10=0x0000000000000000 is an unknown value
R11=0x00007fa1e472adf0: gu_local_pool_+0 in /usr/local/lib/libgu.so.0 at 0x00007fa1e4722000
R12=0x00007fa1e5fd2d90 is pointing into the stack for thread: 0x00000000024d4000
R13=0x00000000024d41e0 is an unknown value
R14=0x0000000000000000 is an unknown value
R15=0x00007fa1fc3af1e0: <offset 0xef91e0> in /usr/lib/jvm/java-8-oracle/jre/lib/amd64/server/libjvm.so at 0x00007fa1fb4b6000


Stack: [0x00007fa1e5ed4000,0x00007fa1e5fd5000],  sp=0x00007fa1e5fd2d90,  free space=1019k
Native frames: (J=compiled Java code, j=interpreted, Vv=VM code, C=native code)
V  [libjvm.so+0x67487c]  jni_GetObjectClass+0xbc
C  [libjpgf.so+0x3426]  Java_org_grammaticalframework_pgf_PGF_readPGF__Ljava_io_InputStream_2+0x66

Java frames: (J=compiled Java code, j=interpreted, Vv=VM code)
j  org.grammaticalframework.pgf.PGF.readPGF(Ljava/io/InputStream;)Lorg/grammaticalframework/pgf/PGF;+0
j  org.agfjord.graph.Grammar.<init>(Ljava/io/InputStream;)V+73
j  org.agfjord.graph.Main.<init>()V+29
j  org.agfjord.graph.Main.main([Ljava/lang/String;)V+4
v  ~StubRoutines::call_stub
J 1908  sun.reflect.NativeMethodAccessorImpl.invoke0(Ljava/lang/reflect/Method;Ljava/lang/Object;[Ljava/lang/Object;)Ljava/lang/Object; (0 bytes) @ 0x00007fa1eb716277 [0x00007fa1eb716200+0x77]
J 1907 C1 sun.reflect.NativeMethodAccessorImpl.invoke(Ljava/lang/Object;[Ljava/lang/Object;)Ljava/lang/Object; (104 bytes) @ 0x00007fa1eb7169b4 [0x00007fa1eb716620+0x394]
J 1776 C1 sun.reflect.DelegatingMethodAccessorImpl.invoke(Ljava/lang/Object;[Ljava/lang/Object;)Ljava/lang/Object; (10 bytes) @ 0x00007fa1eb6d72ec [0x00007fa1eb6d7280+0x6c]
J 1709 C1 java.lang.reflect.Method.invoke(Ljava/lang/Object;[Ljava/lang/Object;)Ljava/lang/Object; (62 bytes) @ 0x00007fa1eb6b51a4 [0x00007fa1eb6b50a0+0x104]
j  org.codehaus.mojo.exec.ExecJavaMojo$1.run()V+112
j  java.lang.Thread.run()V+11
v  ~StubRoutines::call_stub

---------------  P R O C E S S  ---------------

Java Threads: ( => current thread )
  0x0000000002d17800 JavaThread "GC-Monitor" daemon [_thread_blocked, id=10171, stack(0x00007fa1e4d67000,0x00007fa1e4e68000)]
  0x0000000002886800 JavaThread "Neo4j Recurring Job Runner" daemon [_thread_blocked, id=10170, stack(0x00007fa1e5083000,0x00007fa1e5184000)]
  0x0000000002815800 JavaThread "Neo4j UDC Timer" daemon [_thread_blocked, id=10169, stack(0x00007fa1e5384000,0x00007fa1e5485000)]
=>0x00000000024d4000 JavaThread "org.agfjord.graph.Main.main()" [_thread_in_vm, id=10168, stack(0x00007fa1e5ed4000,0x00007fa1e5fd5000)]
  0x0000000002406800 JavaThread "process reaper" daemon [_thread_blocked, id=10167, stack(0x00007fa1e660a000,0x00007fa1e6643000)]
  0x0000000001e1e000 JavaThread "Service Thread" daemon [_thread_blocked, id=10150, stack(0x00007fa1e6be2000,0x00007fa1e6ce3000)]
  0x0000000001e00000 JavaThread "C1 CompilerThread1" daemon [_thread_blocked, id=10149, stack(0x00007fa1e6ce3000,0x00007fa1e6de4000)]
  0x0000000001dfd800 JavaThread "C2 CompilerThread0" daemon [_thread_blocked, id=10148, stack(0x00007fa1e6de4000,0x00007fa1e6ee5000)]
  0x0000000001dfb000 JavaThread "Signal Dispatcher" daemon [_thread_blocked, id=10147, stack(0x00007fa1e6ee5000,0x00007fa1e6fe6000)]
  0x0000000001dcb800 JavaThread "Finalizer" daemon [_thread_blocked, id=10146, stack(0x00007fa1e715d000,0x00007fa1e725e000)]
  0x0000000001dc7800 JavaThread "Reference Handler" daemon [_thread_blocked, id=10145, stack(0x00007fa1e725e000,0x00007fa1e735f000)]
  0x0000000001d5d800 JavaThread "main" [_thread_blocked, id=10141, stack(0x00007fa1fcea4000,0x00007fa1fcfa5000)]

Other Threads:
  0x0000000001dc2800 VMThread [stack: 0x00007fa1e735f000,0x00007fa1e7460000] [id=10144]
  0x0000000001e20800 WatcherThread [stack: 0x00007fa1e6ae1000,0x00007fa1e6be2000] [id=10151]

VM state:not at safepoint (normal execution)

VM Mutex/Monitor currently owned by a thread: None

Heap:
 PSYoungGen      total 51200K, used 15154K [0x00000000ebb00000, 0x00000000f0480000, 0x0000000100000000)
  eden space 47104K, 32% used [0x00000000ebb00000,0x00000000ec9ccab8,0x00000000ee900000)
  from space 4096K, 0% used [0x00000000ee900000,0x00000000ee900000,0x00000000eed00000)
  to   space 4608K, 0% used [0x00000000f0000000,0x00000000f0000000,0x00000000f0480000)
 ParOldGen       total 14336K, used 10913K [0x00000000c3000000, 0x00000000c3e00000, 0x00000000ebb00000)
  object space 14336K, 76% used [0x00000000c3000000,0x00000000c3aa8650,0x00000000c3e00000)
 Metaspace       used 22608K, capacity 22950K, committed 23296K, reserved 1069056K
  class space    used 2935K, capacity 3028K, committed 3072K, reserved 1048576K

Card table byte_map: [0x00007fa1eabf5000,0x00007fa1eadde000] byte_map_base: 0x00007fa1ea5dd000

Marking Bits: (ParMarkBitMap*) 0x00007fa1fc3aecc0
 Begin Bits: [0x00007fa1e8a2d000, 0x00007fa1e996d000)
 End Bits:   [0x00007fa1e996d000, 0x00007fa1ea8ad000)

Polling page: 0x00007fa1fcfb7000

CodeCache: size=245760Kb used=7715Kb max_used=7715Kb free=238044Kb
 bounds [0x00007fa1eb19e000, 0x00007fa1eb92e000, 0x00007fa1fa19e000]
 total_blobs=3191 nmethods=2788 adapters=318
 compilation: enabled

Compilation events (10 events):
Event: 3.730 Thread 0x0000000001dfd800 2761       4       java.util.ArrayList::<init> (12 bytes)
Event: 3.730 Thread 0x0000000001dfd800 nmethod 2761 0x00007fa1eb926150 code [0x00007fa1eb926280, 0x00007fa1eb9262f8]
Event: 3.731 Thread 0x0000000001e00000 2797       3       org.neo4j.helpers.collection.PrefetchingIterator::hasNext (49 bytes)
Event: 3.731 Thread 0x0000000001e00000 nmethod 2797 0x00007fa1eb925550 code [0x00007fa1eb9256e0, 0x00007fa1eb925ae8]
Event: 3.732 Thread 0x0000000001e00000 2798       3       java.lang.Character::isDigit (5 bytes)
Event: 3.733 Thread 0x0000000001e00000 nmethod 2798 0x00007fa1eb924f10 code [0x00007fa1eb9250a0, 0x00007fa1eb9253d8]
Event: 3.733 Thread 0x0000000001e00000 2799       3       java.lang.Character::isDigit (15 bytes)
Event: 3.733 Thread 0x0000000001e00000 nmethod 2799 0x00007fa1eb924990 code [0x00007fa1eb924b20, 0x00007fa1eb924df8]
Event: 3.734 Thread 0x0000000001e00000 2800       1       org.neo4j.kernel.impl.nioneo.store.Record::intValue (5 bytes)
Event: 3.734 Thread 0x0000000001e00000 nmethod 2800 0x00007fa1eb9246d0 code [0x00007fa1eb924820, 0x00007fa1eb924930]

GC Heap History (10 events):
Event: 1.879 GC heap before
{Heap before GC invocations=14 (full 0):
 PSYoungGen      total 20992K, used 20767K [0x00000000ebb00000, 0x00000000edd00000, 0x0000000100000000)
  eden space 18944K, 100% used [0x00000000ebb00000,0x00000000ecd80000,0x00000000ecd80000)
  from space 2048K, 89% used [0x00000000ecd80000,0x00000000ecf47ef0,0x00000000ecf80000)
  to   space 2048K, 0% used [0x00000000edb00000,0x00000000edb00000,0x00000000edd00000)
 ParOldGen       total 61952K, used 3234K [0x00000000c3000000, 0x00000000c6c80000, 0x00000000ebb00000)
  object space 61952K, 5% used [0x00000000c3000000,0x00000000c3328a68,0x00000000c6c80000)
 Metaspace       used 13342K, capacity 13618K, committed 13824K, reserved 1060864K
  class space    used 1648K, capacity 1741K, committed 1792K, reserved 1048576K
Event: 1.887 GC heap after
Heap after GC invocations=14 (full 0):
 PSYoungGen      total 32256K, used 2044K [0x00000000ebb00000, 0x00000000ede00000, 0x0000000100000000)
  eden space 30208K, 0% used [0x00000000ebb00000,0x00000000ebb00000,0x00000000ed880000)
  from space 2048K, 99% used [0x00000000edb00000,0x00000000edcff2e0,0x00000000edd00000)
  to   space 2560K, 0% used [0x00000000ed880000,0x00000000ed880000,0x00000000edb00000)
 ParOldGen       total 61952K, used 4267K [0x00000000c3000000, 0x00000000c6c80000, 0x00000000ebb00000)
  object space 61952K, 6% used [0x00000000c3000000,0x00000000c342ad68,0x00000000c6c80000)
 Metaspace       used 13342K, capacity 13618K, committed 13824K, reserved 1060864K
  class space    used 1648K, capacity 1741K, committed 1792K, reserved 1048576K
}
Event: 2.190 GC heap before
{Heap before GC invocations=15 (full 0):
 PSYoungGen      total 32256K, used 32252K [0x00000000ebb00000, 0x00000000ede00000, 0x0000000100000000)
  eden space 30208K, 100% used [0x00000000ebb00000,0x00000000ed880000,0x00000000ed880000)
  from space 2048K, 99% used [0x00000000edb00000,0x00000000edcff2e0,0x00000000edd00000)
  to   space 2560K, 0% used [0x00000000ed880000,0x00000000ed880000,0x00000000edb00000)
 ParOldGen       total 61952K, used 4267K [0x00000000c3000000, 0x00000000c6c80000, 0x00000000ebb00000)
  object space 61952K, 6% used [0x00000000c3000000,0x00000000c342ad68,0x00000000c6c80000)
 Metaspace       used 13583K, capacity 13816K, committed 14080K, reserved 1060864K
  class space    used 1666K, capacity 1742K, committed 1792K, reserved 1048576K
Event: 2.208 GC heap after
Heap after GC invocations=15 (full 0):
 PSYoungGen      total 32768K, used 1616K [0x00000000ebb00000, 0x00000000eef80000, 0x0000000100000000)
  eden space 30208K, 0% used [0x00000000ebb00000,0x00000000ebb00000,0x00000000ed880000)
  from space 2560K, 63% used [0x00000000ed880000,0x00000000eda14010,0x00000000edb00000)
  to   space 2560K, 0% used [0x00000000eed00000,0x00000000eed00000,0x00000000eef80000)
 ParOldGen       total 61952K, used 5325K [0x00000000c3000000, 0x00000000c6c80000, 0x00000000ebb00000)
  object space 61952K, 8% used [0x00000000c3000000,0x00000000c3533458,0x00000000c6c80000)
 Metaspace       used 13583K, capacity 13816K, committed 14080K, reserved 1060864K
  class space    used 1666K, capacity 1742K, committed 1792K, reserved 1048576K
}
Event: 2.684 GC heap before
{Heap before GC invocations=16 (full 0):
 PSYoungGen      total 32768K, used 31824K [0x00000000ebb00000, 0x00000000eef80000, 0x0000000100000000)
  eden space 30208K, 100% used [0x00000000ebb00000,0x00000000ed880000,0x00000000ed880000)
  from space 2560K, 63% used [0x00000000ed880000,0x00000000eda14010,0x00000000edb00000)
  to   space 2560K, 0% used [0x00000000eed00000,0x00000000eed00000,0x00000000eef80000)
 ParOldGen       total 61952K, used 5325K [0x00000000c3000000, 0x00000000c6c80000, 0x00000000ebb00000)
  object space 61952K, 8% used [0x00000000c3000000,0x00000000c3533458,0x00000000c6c80000)
 Metaspace       used 16422K, capacity 16802K, committed 17024K, reserved 1064960K
  class space    used 2059K, capacity 2157K, committed 2176K, reserved 1048576K
Event: 2.698 GC heap after
Heap after GC invocations=16 (full 0):
 PSYoungGen      total 49664K, used 2559K [0x00000000ebb00000, 0x00000000ef280000, 0x0000000100000000)
  eden space 47104K, 0% used [0x00000000ebb00000,0x00000000ebb00000,0x00000000ee900000)
  from space 2560K, 99% used [0x00000000eed00000,0x00000000eef7fe28,0x00000000eef80000)
  to   space 4096K, 0% used [0x00000000ee900000,0x00000000ee900000,0x00000000eed00000)
 ParOldGen       total 61952K, used 7674K [0x00000000c3000000, 0x00000000c6c80000, 0x00000000ebb00000)
  object space 61952K, 12% used [0x00000000c3000000,0x00000000c377e8a8,0x00000000c6c80000)
 Metaspace       used 16422K, capacity 16802K, committed 17024K, reserved 1064960K
  class space    used 2059K, capacity 2157K, committed 2176K, reserved 1048576K
}
Event: 3.127 GC heap before
{Heap before GC invocations=17 (full 0):
 PSYoungGen      total 49664K, used 23836K [0x00000000ebb00000, 0x00000000ef280000, 0x0000000100000000)
  eden space 47104K, 45% used [0x00000000ebb00000,0x00000000ecfc71d8,0x00000000ee900000)
  from space 2560K, 99% used [0x00000000eed00000,0x00000000eef7fe28,0x00000000eef80000)
  to   space 4096K, 0% used [0x00000000ee900000,0x00000000ee900000,0x00000000eed00000)
 ParOldGen       total 61952K, used 7674K [0x00000000c3000000, 0x00000000c6c80000, 0x00000000ebb00000)
  object space 61952K, 12% used [0x00000000c3000000,0x00000000c377e8a8,0x00000000c6c80000)
 Metaspace       used 20742K, capacity 21102K, committed 21248K, reserved 1067008K
  class space    used 2693K, capacity 2799K, committed 2816K, reserved 1048576K
Event: 3.138 GC heap after
Heap after GC invocations=17 (full 0):
 PSYoungGen      total 51200K, used 3898K [0x00000000ebb00000, 0x00000000f0480000, 0x0000000100000000)
  eden space 47104K, 0% used [0x00000000ebb00000,0x00000000ebb00000,0x00000000ee900000)
  from space 4096K, 95% used [0x00000000ee900000,0x00000000eecceb80,0x00000000eed00000)
  to   space 4608K, 0% used [0x00000000f0000000,0x00000000f0000000,0x00000000f0480000)
 ParOldGen       total 61952K, used 9642K [0x00000000c3000000, 0x00000000c6c80000, 0x00000000ebb00000)
  object space 61952K, 15% used [0x00000000c3000000,0x00000000c396a8f8,0x00000000c6c80000)
 Metaspace       used 20742K, capacity 21102K, committed 21248K, reserved 1067008K
  class space    used 2693K, capacity 2799K, committed 2816K, reserved 1048576K
}
Event: 3.138 GC heap before
{Heap before GC invocations=18 (full 1):
 PSYoungGen      total 51200K, used 3898K [0x00000000ebb00000, 0x00000000f0480000, 0x0000000100000000)
  eden space 47104K, 0% used [0x00000000ebb00000,0x00000000ebb00000,0x00000000ee900000)
  from space 4096K, 95% used [0x00000000ee900000,0x00000000eecceb80,0x00000000eed00000)
  to   space 4608K, 0% used [0x00000000f0000000,0x00000000f0000000,0x00000000f0480000)
 ParOldGen       total 61952K, used 9642K [0x00000000c3000000, 0x00000000c6c80000, 0x00000000ebb00000)
  object space 61952K, 15% used [0x00000000c3000000,0x00000000c396a8f8,0x00000000c6c80000)
 Metaspace       used 20742K, capacity 21102K, committed 21248K, reserved 1067008K
  class space    used 2693K, capacity 2799K, committed 2816K, reserved 1048576K
Event: 3.259 GC heap after
Heap after GC invocations=18 (full 1):
 PSYoungGen      total 51200K, used 0K [0x00000000ebb00000, 0x00000000f0480000, 0x0000000100000000)
  eden space 47104K, 0% used [0x00000000ebb00000,0x00000000ebb00000,0x00000000ee900000)
  from space 4096K, 0% used [0x00000000ee900000,0x00000000ee900000,0x00000000eed00000)
  to   space 4608K, 0% used [0x00000000f0000000,0x00000000f0000000,0x00000000f0480000)
 ParOldGen       total 14336K, used 10913K [0x00000000c3000000, 0x00000000c3e00000, 0x00000000ebb00000)
  object space 14336K, 76% used [0x00000000c3000000,0x00000000c3aa8650,0x00000000c3e00000)
 Metaspace       used 20742K, capacity 21102K, committed 21248K, reserved 1067008K
  class space    used 2693K, capacity 2799K, committed 2816K, reserved 1048576K
}

Deoptimization events (10 events):
Event: 1.802 Thread 0x0000000001d5d800 Uncommon trap: reason=class_check action=maybe_recompile pc=0x00007fa1eb666500 method=java.util.concurrent.ConcurrentHashMap.get(Ljava/lang/Object;)Ljava/lang/Object; @ 73
Event: 1.804 Thread 0x0000000001d5d800 Uncommon trap: reason=class_check action=maybe_recompile pc=0x00007fa1eb666500 method=java.util.concurrent.ConcurrentHashMap.get(Ljava/lang/Object;)Ljava/lang/Object; @ 73
Event: 2.149 Thread 0x0000000001d5d800 Uncommon trap: reason=unreached action=reinterpret pc=0x00007fa1eb6d78ac method=java.util.concurrent.ConcurrentHashMap.get(Ljava/lang/Object;)Ljava/lang/Object; @ 138
Event: 2.360 Thread 0x00000000024d4000 Uncommon trap: reason=class_check action=maybe_recompile pc=0x00007fa1eb36e374 method=sun.misc.URLClassPath.getLoader(I)Lsun/misc/URLClassPath$Loader; @ 94
Event: 2.360 Thread 0x00000000024d4000 Uncommon trap: reason=class_check action=maybe_recompile pc=0x00007fa1eb5e3028 method=sun.misc.URLClassPath.getResource(Ljava/lang/String;Z)Lsun/misc/Resource; @ 53
Event: 2.362 Thread 0x00000000024d4000 Uncommon trap: reason=class_check action=maybe_recompile pc=0x00007fa1eb36e544 method=sun.misc.URLClassPath.getLoader(I)Lsun/misc/URLClassPath$Loader; @ 150
Event: 2.368 Thread 0x00000000024d4000 Uncommon trap: reason=class_check action=maybe_recompile pc=0x00007fa1eb36e544 method=sun.misc.URLClassPath.getLoader(I)Lsun/misc/URLClassPath$Loader; @ 150
Event: 2.369 Thread 0x00000000024d4000 Uncommon trap: reason=class_check action=maybe_recompile pc=0x00007fa1eb36e544 method=sun.misc.URLClassPath.getLoader(I)Lsun/misc/URLClassPath$Loader; @ 150
Event: 2.443 Thread 0x00000000024d4000 Uncommon trap: reason=unreached action=reinterpret pc=0x00007fa1eb65512c method=java.lang.AbstractStringBuilder.append(Ljava/lang/String;)Ljava/lang/AbstractStringBuilder; @ 1
Event: 3.001 Thread 0x00000000024d4000 Uncommon trap: reason=unreached action=reinterpret pc=0x00007fa1eb85532c method=java.lang.ThreadLocal$ThreadLocalMap.getEntry(Ljava/lang/ThreadLocal;)Ljava/lang/ThreadLocal$ThreadLocalMap$Entry; @ 29

Internal exceptions (10 events):
Event: 3.732 Thread 0x00000000024d4000 Exception <a 'java/security/PrivilegedActionException'> (0x00000000ec94e828) thrown at [/HUDSON/workspace/8-2-build-linux-amd64/jdk8u5/2488/hotspot/src/share/vm/prims/jvm.cpp, line 1248]
Event: 3.732 Thread 0x00000000024d4000 Exception <a 'java/security/PrivilegedActionException'> (0x00000000ec94ee28) thrown at [/HUDSON/workspace/8-2-build-linux-amd64/jdk8u5/2488/hotspot/src/share/vm/prims/jvm.cpp, line 1248]
Event: 3.735 Thread 0x00000000024d4000 Exception <a 'java/security/PrivilegedActionException'> (0x00000000ec959a78) thrown at [/HUDSON/workspace/8-2-build-linux-amd64/jdk8u5/2488/hotspot/src/share/vm/prims/jvm.cpp, line 1248]
Event: 3.735 Thread 0x00000000024d4000 Exception <a 'java/security/PrivilegedActionException'> (0x00000000ec95a028) thrown at [/HUDSON/workspace/8-2-build-linux-amd64/jdk8u5/2488/hotspot/src/share/vm/prims/jvm.cpp, line 1248]
Event: 3.735 Thread 0x00000000024d4000 Exception <a 'java/security/PrivilegedActionException'> (0x00000000ec961850) thrown at [/HUDSON/workspace/8-2-build-linux-amd64/jdk8u5/2488/hotspot/src/share/vm/prims/jvm.cpp, line 1248]
Event: 3.735 Thread 0x00000000024d4000 Exception <a 'java/security/PrivilegedActionException'> (0x00000000ec961d90) thrown at [/HUDSON/workspace/8-2-build-linux-amd64/jdk8u5/2488/hotspot/src/share/vm/prims/jvm.cpp, line 1248]
Event: 3.736 Thread 0x00000000024d4000 Exception <a 'java/security/PrivilegedActionException'> (0x00000000ec968ba0) thrown at [/HUDSON/workspace/8-2-build-linux-amd64/jdk8u5/2488/hotspot/src/share/vm/prims/jvm.cpp, line 1248]
Event: 3.736 Thread 0x00000000024d4000 Exception <a 'java/security/PrivilegedActionException'> (0x00000000ec969160) thrown at [/HUDSON/workspace/8-2-build-linux-amd64/jdk8u5/2488/hotspot/src/share/vm/prims/jvm.cpp, line 1248]
Event: 3.736 Thread 0x00000000024d4000 Exception <a 'java/security/PrivilegedActionException'> (0x00000000ec96db50) thrown at [/HUDSON/workspace/8-2-build-linux-amd64/jdk8u5/2488/hotspot/src/share/vm/prims/jvm.cpp, line 1248]
Event: 3.736 Thread 0x00000000024d4000 Exception <a 'java/security/PrivilegedActionException'> (0x00000000ec96e0d8) thrown at [/HUDSON/workspace/8-2-build-linux-amd64/jdk8u5/2488/hotspot/src/share/vm/prims/jvm.cpp, line 1248]

Events (10 events):
Event: 3.735 loading class org/neo4j/kernel/AvailabilityGuard$2
Event: 3.735 loading class org/neo4j/kernel/AvailabilityGuard$2 done
Event: 3.735 loading class org/agfjord/graph/Grammar
Event: 3.735 loading class org/agfjord/graph/Grammar done
Event: 3.736 loading class org/grammaticalframework/pgf/PGFError
Event: 3.736 loading class org/grammaticalframework/pgf/PGFError done
Event: 3.736 loading class org/grammaticalframework/pgf/PGF
Event: 3.736 loading class org/grammaticalframework/pgf/PGF done
Event: 3.737 loading class java/lang/ClassLoaderHelper
Event: 3.737 loading class java/lang/ClassLoaderHelper done


Dynamic libraries:
00400000-00401000 r-xp 00000000 08:01 1318028                            /usr/lib/jvm/java-8-oracle/bin/java
00600000-00601000 rw-p 00000000 08:01 1318028                            /usr/lib/jvm/java-8-oracle/bin/java
01d52000-02fb0000 rw-p 00000000 00:00 0                                  [heap]
c3000000-c3e00000 rw-p 00000000 00:00 0 
c3e00000-ebb00000 ---p 00000000 00:00 0 
ebb00000-f0480000 rw-p 00000000 00:00 0 
f0480000-100000000 ---p 00000000 00:00 0 
100000000-100300000 rw-p 00000000 00:00 0 
100300000-140000000 ---p 00000000 00:00 0 
7fa1e0000000-7fa1e15fa000 rw-p 00000000 00:00 0 
7fa1e15fa000-7fa1e4000000 ---p 00000000 00:00 0 
7fa1e4722000-7fa1e4732000 r-xp 00000000 08:01 1188030                    /usr/local/lib/libgu.so.0.0.0
7fa1e4732000-7fa1e4931000 ---p 00010000 08:01 1188030                    /usr/local/lib/libgu.so.0.0.0
7fa1e4931000-7fa1e4932000 rw-p 0000f000 08:01 1188030                    /usr/local/lib/libgu.so.0.0.0
7fa1e4932000-7fa1e494f000 r-xp 00000000 08:01 1188034                    /usr/local/lib/libpgf.so.0.0.0
7fa1e494f000-7fa1e4b4e000 ---p 0001d000 08:01 1188034                    /usr/local/lib/libpgf.so.0.0.0
7fa1e4b4e000-7fa1e4b50000 rw-p 0001c000 08:01 1188034                    /usr/local/lib/libpgf.so.0.0.0
7fa1e4b5e000-7fa1e4b5f000 rw-p 00000000 00:00 0 
7fa1e4b5f000-7fa1e4b67000 r-xp 00000000 08:01 1188229                    /usr/local/lib/libjpgf.so
7fa1e4b67000-7fa1e4d66000 ---p 00008000 08:01 1188229                    /usr/local/lib/libjpgf.so
7fa1e4d66000-7fa1e4d67000 rw-p 00007000 08:01 1188229                    /usr/local/lib/libjpgf.so
7fa1e4d67000-7fa1e4d6a000 ---p 00000000 00:00 0 
7fa1e4d6a000-7fa1e4e68000 rw-p 00000000 00:00 0 
7fa1e4e68000-7fa1e4e69000 r--s 00000000 08:01 4876178                    /home/eidel/Documents/School/Exjobb/Programming/bundle/mock-data/data/schema/index/lucene/4/_0.fdx
7fa1e4e69000-7fa1e4e6a000 r--s 00000000 08:01 4876177                    /home/eidel/Documents/School/Exjobb/Programming/bundle/mock-data/data/schema/index/lucene/4/_0.fdt
7fa1e4e6a000-7fa1e4e6b000 r--s 00000000 08:01 4876181                    /home/eidel/Documents/School/Exjobb/Programming/bundle/mock-data/data/schema/index/lucene/4/_0.frq
7fa1e4e6b000-7fa1e4e6c000 r--s 00000000 08:01 4876179                    /home/eidel/Documents/School/Exjobb/Programming/bundle/mock-data/data/schema/index/lucene/4/_0.tis
7fa1e4e6c000-7fa1e4e6d000 r--s 00000000 08:01 4876185                    /home/eidel/Documents/School/Exjobb/Programming/bundle/mock-data/data/schema/index/lucene/2/_0.fdx
7fa1e4e6d000-7fa1e4e6e000 r--s 00000000 08:01 4876184                    /home/eidel/Documents/School/Exjobb/Programming/bundle/mock-data/data/schema/index/lucene/2/_0.fdt
7fa1e4e6e000-7fa1e4e6f000 r--s 00000000 08:01 4876188                    /home/eidel/Documents/School/Exjobb/Programming/bundle/mock-data/data/schema/index/lucene/2/_0.frq
7fa1e4e6f000-7fa1e4e70000 r--s 00000000 08:01 4876186                    /home/eidel/Documents/School/Exjobb/Programming/bundle/mock-data/data/schema/index/lucene/2/_0.tis
7fa1e4e70000-7fa1e4e71000 r--s 00000000 08:01 4876193                    /home/eidel/Documents/School/Exjobb/Programming/bundle/mock-data/data/schema/index/lucene/1/_0.fdx
7fa1e4e71000-7fa1e4e72000 r--s 00000000 08:01 4876199                    /home/eidel/Documents/School/Exjobb/Programming/bundle/mock-data/data/schema/label/lucene/_6.cfs
7fa1e4e72000-7fa1e4e73000 r--s 00000000 08:01 4876192                    /home/eidel/Documents/School/Exjobb/Programming/bundle/mock-data/data/schema/label/lucene/_3.cfs
7fa1e4e73000-7fa1e4e79000 r--s 00000000 08:01 4876171                    /home/eidel/Documents/School/Exjobb/Programming/bundle/mock-data/data/schema/label/lucene/_1.fdx
7fa1e4e79000-7fa1e4e83000 r--s 00000000 08:01 4876170                    /home/eidel/Documents/School/Exjobb/Programming/bundle/mock-data/data/schema/label/lucene/_1.fdt
7fa1e4e83000-7fa1e5043000 rw-p 00000000 00:00 0 
7fa1e5043000-7fa1e5083000 ---p 00000000 00:00 0 
7fa1e5083000-7fa1e5086000 ---p 00000000 00:00 0 
7fa1e5086000-7fa1e5384000 rw-p 00000000 00:00 0 
7fa1e5384000-7fa1e5387000 ---p 00000000 00:00 0 
7fa1e5387000-7fa1e5485000 rw-p 00000000 00:00 0 
7fa1e5485000-7fa1e548d000 r-xp 00000000 08:01 1317753                    /usr/lib/jvm/java-8-oracle/jre/lib/amd64/libmanagement.so
7fa1e548d000-7fa1e568d000 ---p 00008000 08:01 1317753                    /usr/lib/jvm/java-8-oracle/jre/lib/amd64/libmanagement.so
7fa1e568d000-7fa1e568e000 rw-p 00008000 08:01 1317753                    /usr/lib/jvm/java-8-oracle/jre/lib/amd64/libmanagement.so
7fa1e568e000-7fa1e588e000 rw-p 00000000 00:00 0 
7fa1e588e000-7fa1e58a3000 r-xp 00000000 08:01 4194308                    /lib/x86_64-linux-gnu/libgcc_s.so.1
7fa1e58a3000-7fa1e5aa3000 ---p 00015000 08:01 4194308                    /lib/x86_64-linux-gnu/libgcc_s.so.1
7fa1e5aa3000-7fa1e5aa4000 rw-p 00015000 08:01 4194308                    /lib/x86_64-linux-gnu/libgcc_s.so.1
7fa1e5aa4000-7fa1e5aa5000 r--s 00000000 08:01 4876191                    /home/eidel/Documents/School/Exjobb/Programming/bundle/mock-data/data/schema/index/lucene/1/_0.fdt
7fa1e5aa5000-7fa1e5aa6000 r--s 00000000 08:01 4876196                    /home/eidel/Documents/School/Exjobb/Programming/bundle/mock-data/data/schema/index/lucene/1/_0.frq
7fa1e5aa6000-7fa1e5aa7000 r--s 00000000 08:01 4876194                    /home/eidel/Documents/School/Exjobb/Programming/bundle/mock-data/data/schema/index/lucene/1/_0.tis
7fa1e5aa7000-7fa1e5aaa000 r--s 00000000 08:01 4876174                    /home/eidel/Documents/School/Exjobb/Programming/bundle/mock-data/data/schema/label/lucene/_1.frq
7fa1e5aaa000-7fa1e5aaf000 r--s 00000000 08:01 4876172                    /home/eidel/Documents/School/Exjobb/Programming/bundle/mock-data/data/schema/label/lucene/_1.tis
7fa1e5aaf000-7fa1e5ab0000 r--s 00000000 08:01 4876164                    /home/eidel/Documents/School/Exjobb/Programming/bundle/mock-data/data/schema/label/lucene/_0.fdx
7fa1e5ab0000-7fa1e5ab1000 r--s 00000000 08:01 4876163                    /home/eidel/Documents/School/Exjobb/Programming/bundle/mock-data/data/schema/label/lucene/_0.fdt
7fa1e5ab1000-7fa1e5ab2000 r--s 00000000 08:01 4876167                    /home/eidel/Documents/School/Exjobb/Programming/bundle/mock-data/data/schema/label/lucene/_0.frq
7fa1e5ab2000-7fa1e5ab3000 r--s 00000000 08:01 4876165                    /home/eidel/Documents/School/Exjobb/Programming/bundle/mock-data/data/schema/label/lucene/_0.tis
7fa1e5ab3000-7fa1e5ae5000 r-xp 00000000 08:01 1317740                    /usr/lib/jvm/java-8-oracle/jre/lib/amd64/libsunec.so
7fa1e5ae5000-7fa1e5ce4000 ---p 00032000 08:01 1317740                    /usr/lib/jvm/java-8-oracle/jre/lib/amd64/libsunec.so
7fa1e5ce4000-7fa1e5cea000 rw-p 00031000 08:01 1317740                    /usr/lib/jvm/java-8-oracle/jre/lib/amd64/libsunec.so
7fa1e5cea000-7fa1e5cfa000 rw-p 00000000 00:00 0 
7fa1e5cfa000-7fa1e5cfb000 r--s 00009000 08:01 1317835                    /usr/lib/jvm/java-8-oracle/jre/lib/ext/sunec.jar
7fa1e5cfb000-7fa1e5cfe000 r--s 00019000 08:01 1318005                    /usr/lib/jvm/java-8-oracle/jre/lib/jce.jar
7fa1e5cfe000-7fa1e5d00000 r--s 0000d000 08:01 4719885                    /home/eidel/.m2/repository/commons-logging/commons-logging/1.1.1/commons-logging-1.1.1.jar
7fa1e5d00000-7fa1e5d02000 r--s 00004000 08:01 4850423                    /home/eidel/.m2/repository/org/slf4j/slf4j-api/1.5.6/slf4j-api-1.5.6.jar
7fa1e5d02000-7fa1e5d03000 r--s 00001000 08:01 4850434                    /home/eidel/.m2/repository/org/slf4j/slf4j-simple/1.5.6/slf4j-simple-1.5.6.jar
7fa1e5d03000-7fa1e5d04000 r--s 00005000 08:01 4850388                    /home/eidel/.m2/repository/org/noggit/noggit/0.5/noggit-0.5.jar
7fa1e5d04000-7fa1e5d0b000 r--s 00079000 08:01 4849899                    /home/eidel/.m2/repository/org/codehaus/woodstox/wstx-asl/3.2.7/wstx-asl-3.2.7.jar
7fa1e5d0b000-7fa1e5d17000 r--s 000b3000 08:01 4721553                    /home/eidel/.m2/repository/org/apache/zookeeper/zookeeper/3.4.5/zookeeper-3.4.5.jar
7fa1e5d17000-7fa1e5d19000 r--s 00008000 08:01 4720354                    /home/eidel/.m2/repository/org/apache/httpcomponents/httpmime/4.3.1/httpmime-4.3.1.jar
7fa1e5d19000-7fa1e5d1f000 r--s 0003f000 08:01 4720347                    /home/eidel/.m2/repository/org/apache/httpcomponents/httpcore/4.3/httpcore-4.3.jar
7fa1e5d1f000-7fa1e5d2a000 r--s 00084000 08:01 4720280                    /home/eidel/.m2/repository/org/apache/httpcomponents/httpclient/4.3.1/httpclient-4.3.1.jar
7fa1e5d2a000-7fa1e5d33000 r--s 0006d000 08:01 4719993                    /home/eidel/.m2/repository/log4j/log4j/1.2.16/log4j-1.2.16.jar
7fa1e5d33000-7fa1e5d36000 r--s 00025000 08:01 4719833                    /home/eidel/.m2/repository/commons-io/commons-io/2.1/commons-io-2.1.jar
7fa1e5d36000-7fa1e5d3e000 r--s 0005e000 08:01 4721410                    /home/eidel/.m2/repository/org/apache/solr/solr-solrj/4.7.0/solr-solrj-4.7.0.jar
7fa1e5d3e000-7fa1e5d40000 r--s 00003000 08:01 4876243                    /home/eidel/.m2/repository/org/grammaticalframework/pgf/1.0/pgf-1.0.jar
7fa1e5d40000-7fa1e5d41000 r--s 0000b000 08:01 4850262                    /home/eidel/.m2/repository/org/neo4j/neo4j-jmx/2.0.3/neo4j-jmx-2.0.3.jar
7fa1e5d41000-7fa1e5db3000 r--s 0065a000 08:01 4850409                    /home/eidel/.m2/repository/org/scala-lang/scala-library/2.10.3/scala-library-2.10.3.jar
7fa1e5db3000-7fa1e5db6000 r--s 0000b000 08:01 4719720                    /home/eidel/.m2/repository/com/googlecode/concurrentlinkedhashmap/concurrentlinkedhashmap-lru/1.3.1/concurrentlinkedhashmap-lru-1.3.1.jar
7fa1e5db6000-7fa1e5db7000 r--s 00003000 08:01 4720023                    /home/eidel/.m2/repository/net/sf/opencsv/opencsv/2.0/opencsv-2.0.jar
7fa1e5db7000-7fa1e5dbc000 r--s 00029000 08:01 4850395                    /home/eidel/.m2/repository/org/parboiled/parboiled-core/1.1.6/parboiled-core-1.1.6.jar
7fa1e5dbc000-7fa1e5dc1000 r--s 00036000 08:01 4850402                    /home/eidel/.m2/repository/org/parboiled/parboiled-scala_2.10/1.1.6/parboiled-scala_2.10-1.1.6.jar
7fa1e5dc1000-7fa1e5e31000 r--s 004b8000 08:01 4850178                    /home/eidel/.m2/repository/org/neo4j/neo4j-cypher-compiler-2.0/2.0.3/neo4j-cypher-compiler-2.0-2.0.3.jar
7fa1e5e31000-7fa1e5e76000 r--s 002a1000 08:01 4850164                    /home/eidel/.m2/repository/org/neo4j/neo4j-cypher-compiler-1.9/2.0.3/neo4j-cypher-compiler-1.9-2.0.3.jar
7fa1e5e76000-7fa1e5e7a000 r--s 00029000 08:01 4850143                    /home/eidel/.m2/repository/org/neo4j/neo4j-cypher-commons/2.0.3/neo4j-cypher-commons-2.0.3.jar
7fa1e5e7a000-7fa1e5e7d000 r--s 0001c000 08:01 4850199                    /home/eidel/.m2/repository/org/neo4j/neo4j-cypher/2.0.3/neo4j-cypher-2.0.3.jar
7fa1e5e7d000-7fa1e5e7f000 r--s 0000c000 08:01 4850241                    /home/eidel/.m2/repository/org/neo4j/neo4j-graph-matching/2.0.3/neo4j-graph-matching-2.0.3.jar
7fa1e5e7f000-7fa1e5e81000 r--s 00008000 08:01 4850332                    /home/eidel/.m2/repository/org/neo4j/neo4j-udc/2.0.3/neo4j-udc-2.0.3.jar
7fa1e5e81000-7fa1e5e85000 r--s 00024000 08:01 4850220                    /home/eidel/.m2/repository/org/neo4j/neo4j-graph-algo/2.0.3/neo4j-graph-algo-2.0.3.jar
7fa1e5e85000-7fa1e5e9e000 r--s 0015f000 08:01 4720418                    /home/eidel/.m2/repository/org/apache/lucene/lucene-core/3.6.2/lucene-core-3.6.2.jar
7fa1e5e9e000-7fa1e5ea4000 r--s 00038000 08:01 4850304                    /home/eidel/.m2/repository/org/neo4j/neo4j-lucene-index/2.0.3/neo4j-lucene-index-2.0.3.jar
7fa1e5ea4000-7fa1e5ea5000 r--s 00003000 08:01 4720225                    /home/eidel/.m2/repository/org/apache/geronimo/specs/geronimo-jta_1.1_spec/1.1.1/geronimo-jta_1.1_spec-1.1.1.jar
7fa1e5ea5000-7fa1e5ed3000 r--s 001e1000 08:01 4850283                    /home/eidel/.m2/repository/org/neo4j/neo4j-kernel/2.0.3/neo4j-kernel-2.0.3.jar
7fa1e5ed3000-7fa1e5ed4000 r--s 00005000 08:01 4850353                    /home/eidel/.m2/repository/org/neo4j/neo4j/2.0.3/neo4j-2.0.3.jar
7fa1e5ed4000-7fa1e5ed7000 ---p 00000000 00:00 0 
7fa1e5ed7000-7fa1e61d5000 rw-p 00000000 00:00 0 
7fa1e61d5000-7fa1e61d7000 r--s 0000b000 08:01 4723914                    /home/eidel/.m2/repository/org/apache/commons/commons-exec/1.1/commons-exec-1.1.jar
7fa1e61d7000-7fa1e61db000 r--s 00033000 08:01 4721838                    /home/eidel/.m2/repository/org/codehaus/plexus/plexus-utils/2.0.5/plexus-utils-2.0.5.jar
7fa1e61db000-7fa1e61dd000 r--s 00002000 08:01 4721741                    /home/eidel/.m2/repository/org/codehaus/plexus/plexus-interactivity-api/1.0-alpha-4/plexus-interactivity-api-1.0-alpha-4.jar
7fa1e61dd000-7fa1e61df000 r--s 00006000 08:01 4459542                    /home/eidel/.m2/repository/commons-cli/commons-cli/1.0/commons-cli-1.0.jar
7fa1e61df000-7fa1e61e0000 r--s 00001000 08:01 4720572                    /home/eidel/.m2/repository/org/apache/maven/doxia/doxia-sink-api/1.0-alpha-7/doxia-sink-api-1.0-alpha-7.jar
7fa1e61e0000-7fa1e61e1000 r--s 00002000 08:01 4721292                    /home/eidel/.m2/repository/org/apache/maven/reporting/maven-reporting-api/2.0.6/maven-reporting-api-2.0.6.jar
7fa1e61e1000-7fa1e61e3000 r--s 00008000 08:01 4723908                    /home/eidel/.m2/repository/org/codehaus/mojo/exec-maven-plugin/1.2.1/exec-maven-plugin-1.2.1.jar
7fa1e61e3000-7fa1e61f3000 r-xp 00000000 08:01 1317749                    /usr/lib/jvm/java-8-oracle/jre/lib/amd64/libnio.so
7fa1e61f3000-7fa1e63f3000 ---p 00010000 08:01 1317749                    /usr/lib/jvm/java-8-oracle/jre/lib/amd64/libnio.so
7fa1e63f3000-7fa1e63f4000 rw-p 00010000 08:01 1317749                    /usr/lib/jvm/java-8-oracle/jre/lib/amd64/libnio.so
7fa1e63f4000-7fa1e640a000 r-xp 00000000 08:01 1317764                    /usr/lib/jvm/java-8-oracle/jre/lib/amd64/libnet.so
7fa1e640a000-7fa1e6609000 ---p 00016000 08:01 1317764                    /usr/lib/jvm/java-8-oracle/jre/lib/amd64/libnet.so
7fa1e6609000-7fa1e660a000 rw-p 00015000 08:01 1317764                    /usr/lib/jvm/java-8-oracle/jre/lib/amd64/libnet.so
7fa1e660a000-7fa1e660d000 ---p 00000000 00:00 0 
7fa1e660d000-7fa1e6643000 rw-p 00000000 00:00 0 
7fa1e6643000-7fa1e6644000 r--p 00000000 00:00 0 
7fa1e6644000-7fa1e6844000 rw-p 00000000 00:00 0 
7fa1e6844000-7fa1e6849000 r--s 00092000 08:01 1317885                    /usr/lib/jvm/java-8-oracle/jre/lib/jsse.jar
7fa1e6849000-7fa1e6a49000 rw-p 00000000 00:00 0 
7fa1e6a49000-7fa1e6a54000 r--s 0021a000 08:01 1317839                    /usr/lib/jvm/java-8-oracle/jre/lib/ext/localedata.jar
7fa1e6a54000-7fa1e6a70000 r--s 00393000 08:01 1317837                    /usr/lib/jvm/java-8-oracle/jre/lib/ext/cldrdata.jar
7fa1e6a70000-7fa1e6a72000 r--s 00008000 08:01 2884224                    /usr/share/maven/lib/maven-embedder-3.0.4.jar
7fa1e6a72000-7fa1e6a7e000 r--s 0007c000 08:01 2884225                    /usr/share/maven/lib/maven-core-3.0.4.jar
7fa1e6a7e000-7fa1e6a82000 r--s 0001c000 08:01 2883925                    /usr/share/maven-repo/org/sonatype/aether/aether-util/1.13.1/aether-util-1.13.1.jar
7fa1e6a82000-7fa1e6a83000 r--s 00003000 08:01 2883901                    /usr/share/maven-repo/org/sonatype/aether/aether-spi/1.13.1/aether-spi-1.13.1.jar
7fa1e6a83000-7fa1e6a89000 r--s 0003e000 08:01 2884229                    /usr/share/maven/lib/maven-compat-3.0.4.jar
7fa1e6a89000-7fa1e6a8f000 r--s 0002c000 08:01 1464572                    /usr/share/java/sisu-inject-plexus.jar
7fa1e6a8f000-7fa1e6a91000 r--s 00025000 08:01 2884220                    /usr/share/maven/lib/maven-model-3.0.4.jar
7fa1e6a91000-7fa1e6a93000 r--s 00009000 08:01 2884227                    /usr/share/maven/lib/maven-plugin-api-3.0.4.jar
7fa1e6a93000-7fa1e6a97000 r--s 00020000 08:01 2884222                    /usr/share/maven/lib/maven-model-builder-3.0.4.jar
7fa1e6a97000-7fa1e6a99000 r--s 0000b000 08:01 2884223                    /usr/share/maven/lib/maven-aether-provider-3.0.4.jar
7fa1e6a99000-7fa1e6a9c000 r--s 00013000 08:01 2883948                    /usr/share/maven-repo/org/sonatype/aether/aether-api/1.13.1/aether-api-1.13.1.jar
7fa1e6a9c000-7fa1e6aa0000 r--s 00033000 08:01 1464548                    /usr/share/java/plexus-utils2-2.0.5.jar
7fa1e6aa0000-7fa1e6ab8000 r--s 000d6000 08:01 1464685                    /usr/share/java/wagon-http-shaded-2.x.jar
7fa1e6ab8000-7fa1e6abe000 r--s 00046000 08:01 1464393                    /usr/share/java/commons-httpclient-3.1.jar
7fa1e6abe000-7fa1e6adf000 r--s 0013f000 08:01 1464566                    /usr/share/java/guava-11.0.2.jar
7fa1e6adf000-7fa1e6ae1000 r--s 0000a000 08:01 1464208                    /usr/share/java/plexus-classworlds2-2.4.jar
7fa1e6ae1000-7fa1e6ae2000 ---p 00000000 00:00 0 
7fa1e6ae2000-7fa1e6be2000 rw-p 00000000 00:00 0 
7fa1e6be2000-7fa1e6be5000 ---p 00000000 00:00 0 
7fa1e6be5000-7fa1e6ce3000 rw-p 00000000 00:00 0 
7fa1e6ce3000-7fa1e6ce6000 ---p 00000000 00:00 0 
7fa1e6ce6000-7fa1e6de4000 rw-p 00000000 00:00 0 
7fa1e6de4000-7fa1e6de7000 ---p 00000000 00:00 0 
7fa1e6de7000-7fa1e6ee5000 rw-p 00000000 00:00 0 
7fa1e6ee5000-7fa1e6ee8000 ---p 00000000 00:00 0 
7fa1e6ee8000-7fa1e6fe6000 rw-p 00000000 00:00 0 
7fa1e6fe6000-7fa1e715d000 r--p 00000000 08:01 1048641                    /usr/lib/locale/locale-archive
7fa1e715d000-7fa1e7160000 ---p 00000000 00:00 0 
7fa1e7160000-7fa1e725e000 rw-p 00000000 00:00 0 
7fa1e725e000-7fa1e7261000 ---p 00000000 00:00 0 
7fa1e7261000-7fa1e735f000 rw-p 00000000 00:00 0 
7fa1e735f000-7fa1e7360000 ---p 00000000 00:00 0 
7fa1e7360000-7fa1e7dfa000 rw-p 00000000 00:00 0 
7fa1e7dfa000-7fa1e7fcf000 r--s 03c4d000 08:01 1317886                    /usr/lib/jvm/java-8-oracle/jre/lib/rt.jar
7fa1e7fcf000-7fa1ea8ad000 rw-p 00000000 00:00 0 
7fa1ea8ad000-7fa1ea8ae000 ---p 00000000 00:00 0 
7fa1ea8ae000-7fa1ea9ae000 rw-p 00000000 00:00 0 
7fa1ea9ae000-7fa1ea9af000 ---p 00000000 00:00 0 
7fa1ea9af000-7fa1eaab6000 rw-p 00000000 00:00 0 
7fa1eaab6000-7fa1eabf5000 ---p 00000000 00:00 0 
7fa1eabf5000-7fa1eabfc000 rw-p 00000000 00:00 0 
7fa1eabfc000-7fa1ead3a000 ---p 00000000 00:00 0 
7fa1ead3a000-7fa1ead60000 rw-p 00000000 00:00 0 
7fa1ead60000-7fa1eaddd000 ---p 00000000 00:00 0 
7fa1eaddd000-7fa1eadfd000 rw-p 00000000 00:00 0 
7fa1eadfd000-7fa1eb19e000 ---p 00000000 00:00 0 
7fa1eb19e000-7fa1eb92e000 rwxp 00000000 00:00 0 
7fa1eb92e000-7fa1fa19e000 ---p 00000000 00:00 0 
7fa1fa19e000-7fa1fa1ba000 r-xp 00000000 08:01 1317732                    /usr/lib/jvm/java-8-oracle/jre/lib/amd64/libzip.so
7fa1fa1ba000-7fa1fa3b9000 ---p 0001c000 08:01 1317732                    /usr/lib/jvm/java-8-oracle/jre/lib/amd64/libzip.so
7fa1fa3b9000-7fa1fa3ba000 rw-p 0001b000 08:01 1317732                    /usr/lib/jvm/java-8-oracle/jre/lib/amd64/libzip.so
7fa1fa3ba000-7fa1fa3c5000 r-xp 00000000 08:01 4197618                    /lib/x86_64-linux-gnu/libnss_files-2.13.so
7fa1fa3c5000-7fa1fa5c4000 ---p 0000b000 08:01 4197618                    /lib/x86_64-linux-gnu/libnss_files-2.13.so
7fa1fa5c4000-7fa1fa5c5000 r--p 0000a000 08:01 4197618                    /lib/x86_64-linux-gnu/libnss_files-2.13.so
7fa1fa5c5000-7fa1fa5c6000 rw-p 0000b000 08:01 4197618                    /lib/x86_64-linux-gnu/libnss_files-2.13.so
7fa1fa5c6000-7fa1fa5d0000 r-xp 00000000 08:01 4197620                    /lib/x86_64-linux-gnu/libnss_nis-2.13.so
7fa1fa5d0000-7fa1fa7cf000 ---p 0000a000 08:01 4197620                    /lib/x86_64-linux-gnu/libnss_nis-2.13.so
7fa1fa7cf000-7fa1fa7d0000 r--p 00009000 08:01 4197620                    /lib/x86_64-linux-gnu/libnss_nis-2.13.so
7fa1fa7d0000-7fa1fa7d1000 rw-p 0000a000 08:01 4197620                    /lib/x86_64-linux-gnu/libnss_nis-2.13.so
7fa1fa7d1000-7fa1fa7e6000 r-xp 00000000 08:01 4197615                    /lib/x86_64-linux-gnu/libnsl-2.13.so
7fa1fa7e6000-7fa1fa9e5000 ---p 00015000 08:01 4197615                    /lib/x86_64-linux-gnu/libnsl-2.13.so
7fa1fa9e5000-7fa1fa9e6000 r--p 00014000 08:01 4197615                    /lib/x86_64-linux-gnu/libnsl-2.13.so
7fa1fa9e6000-7fa1fa9e7000 rw-p 00015000 08:01 4197615                    /lib/x86_64-linux-gnu/libnsl-2.13.so
7fa1fa9e7000-7fa1fa9e9000 rw-p 00000000 00:00 0 
7fa1fa9e9000-7fa1fa9f0000 r-xp 00000000 08:01 4197616                    /lib/x86_64-linux-gnu/libnss_compat-2.13.so
7fa1fa9f0000-7fa1fabef000 ---p 00007000 08:01 4197616                    /lib/x86_64-linux-gnu/libnss_compat-2.13.so
7fa1fabef000-7fa1fabf0000 r--p 00006000 08:01 4197616                    /lib/x86_64-linux-gnu/libnss_compat-2.13.so
7fa1fabf0000-7fa1fabf1000 rw-p 00007000 08:01 4197616                    /lib/x86_64-linux-gnu/libnss_compat-2.13.so
7fa1fabf1000-7fa1fac1b000 r-xp 00000000 08:01 1317760                    /usr/lib/jvm/java-8-oracle/jre/lib/amd64/libjava.so
7fa1fac1b000-7fa1fae1b000 ---p 0002a000 08:01 1317760                    /usr/lib/jvm/java-8-oracle/jre/lib/amd64/libjava.so
7fa1fae1b000-7fa1fae1d000 rw-p 0002a000 08:01 1317760                    /usr/lib/jvm/java-8-oracle/jre/lib/amd64/libjava.so
7fa1fae1d000-7fa1fae2a000 r-xp 00000000 08:01 1317762                    /usr/lib/jvm/java-8-oracle/jre/lib/amd64/libverify.so
7fa1fae2a000-7fa1fb02a000 ---p 0000d000 08:01 1317762                    /usr/lib/jvm/java-8-oracle/jre/lib/amd64/libverify.so
7fa1fb02a000-7fa1fb02c000 rw-p 0000d000 08:01 1317762                    /usr/lib/jvm/java-8-oracle/jre/lib/amd64/libverify.so
7fa1fb02c000-7fa1fb033000 r-xp 00000000 08:01 4197625                    /lib/x86_64-linux-gnu/librt-2.13.so
7fa1fb033000-7fa1fb232000 ---p 00007000 08:01 4197625                    /lib/x86_64-linux-gnu/librt-2.13.so
7fa1fb232000-7fa1fb233000 r--p 00006000 08:01 4197625                    /lib/x86_64-linux-gnu/librt-2.13.so
7fa1fb233000-7fa1fb234000 rw-p 00007000 08:01 4197625                    /lib/x86_64-linux-gnu/librt-2.13.so
7fa1fb234000-7fa1fb2b5000 r-xp 00000000 08:01 4197613                    /lib/x86_64-linux-gnu/libm-2.13.so
7fa1fb2b5000-7fa1fb4b4000 ---p 00081000 08:01 4197613                    /lib/x86_64-linux-gnu/libm-2.13.so
7fa1fb4b4000-7fa1fb4b5000 r--p 00080000 08:01 4197613                    /lib/x86_64-linux-gnu/libm-2.13.so
7fa1fb4b5000-7fa1fb4b6000 rw-p 00081000 08:01 4197613                    /lib/x86_64-linux-gnu/libm-2.13.so
7fa1fb4b6000-7fa1fc0d0000 r-xp 00000000 08:01 1317719                    /usr/lib/jvm/java-8-oracle/jre/lib/amd64/server/libjvm.so
7fa1fc0d0000-7fa1fc2cf000 ---p 00c1a000 08:01 1317719                    /usr/lib/jvm/java-8-oracle/jre/lib/amd64/server/libjvm.so
7fa1fc2cf000-7fa1fc398000 rw-p 00c19000 08:01 1317719                    /usr/lib/jvm/java-8-oracle/jre/lib/amd64/server/libjvm.so
7fa1fc398000-7fa1fc3d9000 rw-p 00000000 00:00 0 
7fa1fc3d9000-7fa1fc55b000 r-xp 00000000 08:01 4197609                    /lib/x86_64-linux-gnu/libc-2.13.so
7fa1fc55b000-7fa1fc75a000 ---p 00182000 08:01 4197609                    /lib/x86_64-linux-gnu/libc-2.13.so
7fa1fc75a000-7fa1fc75e000 r--p 00181000 08:01 4197609                    /lib/x86_64-linux-gnu/libc-2.13.so
7fa1fc75e000-7fa1fc75f000 rw-p 00185000 08:01 4197609                    /lib/x86_64-linux-gnu/libc-2.13.so
7fa1fc75f000-7fa1fc764000 rw-p 00000000 00:00 0 
7fa1fc764000-7fa1fc766000 r-xp 00000000 08:01 4197612                    /lib/x86_64-linux-gnu/libdl-2.13.so
7fa1fc766000-7fa1fc966000 ---p 00002000 08:01 4197612                    /lib/x86_64-linux-gnu/libdl-2.13.so
7fa1fc966000-7fa1fc967000 r--p 00002000 08:01 4197612                    /lib/x86_64-linux-gnu/libdl-2.13.so
7fa1fc967000-7fa1fc968000 rw-p 00003000 08:01 4197612                    /lib/x86_64-linux-gnu/libdl-2.13.so
7fa1fc968000-7fa1fc97f000 r-xp 00000000 08:01 1318124                    /usr/lib/jvm/java-8-oracle/lib/amd64/jli/libjli.so
7fa1fc97f000-7fa1fcb7e000 ---p 00017000 08:01 1318124                    /usr/lib/jvm/java-8-oracle/lib/amd64/jli/libjli.so
7fa1fcb7e000-7fa1fcb7f000 rw-p 00016000 08:01 1318124                    /usr/lib/jvm/java-8-oracle/lib/amd64/jli/libjli.so
7fa1fcb7f000-7fa1fcb96000 r-xp 00000000 08:01 4197623                    /lib/x86_64-linux-gnu/libpthread-2.13.so
7fa1fcb96000-7fa1fcd95000 ---p 00017000 08:01 4197623                    /lib/x86_64-linux-gnu/libpthread-2.13.so
7fa1fcd95000-7fa1fcd96000 r--p 00016000 08:01 4197623                    /lib/x86_64-linux-gnu/libpthread-2.13.so
7fa1fcd96000-7fa1fcd97000 rw-p 00017000 08:01 4197623                    /lib/x86_64-linux-gnu/libpthread-2.13.so
7fa1fcd97000-7fa1fcd9b000 rw-p 00000000 00:00 0 
7fa1fcd9b000-7fa1fcdbb000 r-xp 00000000 08:01 4197606                    /lib/x86_64-linux-gnu/ld-2.13.so
7fa1fcdbb000-7fa1fcdbc000 r--s 00006000 08:01 1464385                    /usr/share/java/plexus-sec-dispatcher.jar
7fa1fcdbc000-7fa1fcdbe000 r--s 0000a000 08:01 1464682                    /usr/share/java/wagon-provider-api-2.x.jar
7fa1fcdbe000-7fa1fcdc0000 r--s 0000c000 08:01 1464124                    /usr/share/java/commons-logging-1.1.1.jar
7fa1fcdc0000-7fa1fcdc2000 r--s 00002000 08:01 1464383                    /usr/share/java/plexus-cipher.jar
7fa1fcdc2000-7fa1fcdc4000 r--s 0000a000 08:01 2884230                    /usr/share/maven/lib/maven-artifact-3.0.4.jar
7fa1fcdc4000-7fa1fcdcb000 r--s 00040000 08:01 1464578                    /usr/share/java/sisu-inject-bean.jar
7fa1fcdcb000-7fa1fcdcd000 r--s 0000b000 08:01 2756883                    /usr/share/maven-repo/org/codehaus/plexus/plexus-interpolation/1.11/plexus-interpolation-1.11.jar
7fa1fcdcd000-7fa1fcdcf000 r--s 00003000 08:01 1464230                    /usr/share/java/jsr305-0.1~+svn49.jar
7fa1fcdcf000-7fa1fcdd1000 r--s 00000000 08:01 1464553                    /usr/share/java/plexus-component-annotations-1.5-1.5.5.jar
7fa1fcdd1000-7fa1fcdd7000 r--s 00034000 08:01 1464252                    /usr/share/java/commons-codec-1.6.jar
7fa1fcdd7000-7fa1fcdd9000 r--s 00007000 08:01 2884226                    /usr/share/maven/lib/maven-settings-builder-3.0.4.jar
7fa1fcdd9000-7fa1fcde5000 r--s 00082000 08:01 1464569                    /usr/share/java/sisu-guice.jar
7fa1fcde5000-7fa1fcde8000 r--s 0001d000 08:01 2883932                    /usr/share/maven-repo/org/sonatype/aether/aether-impl/1.13.1/aether-impl-1.13.1.jar
7fa1fcde8000-7fa1fcdea000 r--s 00006000 08:01 2883919                    /usr/share/maven-repo/org/sonatype/aether/aether-connector-wagon/1.13.1/aether-connector-wagon-1.13.1.jar
7fa1fcdea000-7fa1fcdec000 r--s 00005000 08:01 2884221                    /usr/share/maven/lib/maven-repository-metadata-3.0.4.jar
7fa1fcdec000-7fa1fcea4000 rw-p 00000000 00:00 0 
7fa1fcea4000-7fa1fcea7000 ---p 00000000 00:00 0 
7fa1fcea7000-7fa1fcfa9000 rw-p 00000000 00:00 0 
7fa1fcfa9000-7fa1fcfab000 r--s 00009000 08:01 2884228                    /usr/share/maven/lib/maven-settings-3.0.4.jar
7fa1fcfab000-7fa1fcfac000 r--s 00001000 08:01 1464689                    /usr/share/java/wagon-file-2.x.jar
7fa1fcfac000-7fa1fcfae000 r--s 00007000 08:01 1464228                    /usr/share/java/commons-cli-1.2.jar
7fa1fcfae000-7fa1fcfb6000 rw-s 00000000 08:01 5510482                    /tmp/hsperfdata_eidel/10123
7fa1fcfb6000-7fa1fcfb7000 rw-p 00000000 00:00 0 
7fa1fcfb7000-7fa1fcfb8000 r--p 00000000 00:00 0 
7fa1fcfb8000-7fa1fcfba000 rw-p 00000000 00:00 0 
7fa1fcfba000-7fa1fcfbb000 r--p 0001f000 08:01 4197606                    /lib/x86_64-linux-gnu/ld-2.13.so
7fa1fcfbb000-7fa1fcfbc000 rw-p 00020000 08:01 4197606                    /lib/x86_64-linux-gnu/ld-2.13.so
7fa1fcfbc000-7fa1fcfbd000 rw-p 00000000 00:00 0 
7fff10b79000-7fff10b9a000 rw-p 00000000 00:00 0                          [stack]
7fff10bff000-7fff10c00000 r-xp 00000000 00:00 0                          [vdso]
ffffffffff600000-ffffffffff601000 r-xp 00000000 00:00 0                  [vsyscall]

VM Arguments:
jvm_args: -Djava.library.path=/usr/local/lib -Dclassworlds.conf=/usr/share/maven/bin/m2.conf -Dmaven.home=/usr/share/maven 
java_command: org.codehaus.plexus.classworlds.launcher.Launcher exec:java -Dexec.mainClass=org.agfjord.graph.Main
java_class_path (initial): /usr/share/maven/boot/plexus-classworlds-2.x.jar
Launcher Type: SUN_STANDARD

Environment Variables:
JAVA_HOME=/usr/lib/jvm/java-8-oracle
PATH=/home/eidel/lib/GF-master/build/bin:/usr/local/bin:/usr/bin:/bin:/usr/local/games:/usr/games
SHELL=/bin/bash
DISPLAY=:0

Signal Handlers:
SIGSEGV: [libjvm.so+0xa2fc90], sa_mask[0]=0x7ffbfeff, sa_flags=0x10000004
SIGBUS: [libjvm.so+0xa2fc90], sa_mask[0]=0x7ffbfeff, sa_flags=0x10000004
SIGFPE: [libjvm.so+0x89b4b0], sa_mask[0]=0x7ffbfeff, sa_flags=0x10000004
SIGPIPE: [libjvm.so+0x89b4b0], sa_mask[0]=0x7ffbfeff, sa_flags=0x10000004
SIGXFSZ: [libjvm.so+0x89b4b0], sa_mask[0]=0x7ffbfeff, sa_flags=0x10000004
SIGILL: [libjvm.so+0x89b4b0], sa_mask[0]=0x7ffbfeff, sa_flags=0x10000004
SIGUSR1: SIG_DFL, sa_mask[0]=0x00000000, sa_flags=0x00000000
SIGUSR2: [libjvm.so+0x89cc50], sa_mask[0]=0x00000000, sa_flags=0x10000004
SIGHUP: [libjvm.so+0x89df00], sa_mask[0]=0x7ffbfeff, sa_flags=0x10000004
SIGINT: [libjvm.so+0x89df00], sa_mask[0]=0x7ffbfeff, sa_flags=0x10000004
SIGTERM: [libjvm.so+0x89df00], sa_mask[0]=0x7ffbfeff, sa_flags=0x10000004
SIGQUIT: [libjvm.so+0x89df00], sa_mask[0]=0x7ffbfeff, sa_flags=0x10000004


---------------  S Y S T E M  ---------------

OS:PRETTY_NAME="Debian GNU/Linux 7 (wheezy)"
NAME="Debian GNU/Linux"
VERSION_ID="7"
VERSION="7 (wheezy)"
ID=debian
ANSI_COLOR="1;31"
HOME_URL="http://www.debian.org/"
SUPPORT_URL="http://www.debian.org/support/"
BUG_REPORT_URL="http://bugs.debian.org/"

uname:Linux 3.2.0-4-amd64 #1 SMP Debian 3.2.60-1+deb7u1 x86_64
libc:glibc 2.13 NPTL 2.13 
rlimit: STACK 8192k, CORE 0k, NPROC 31100, NOFILE 4096, AS infinity
load average:0.34 0.40 0.44

/proc/meminfo:
MemTotal:        3993020 kB
MemFree:          811952 kB
Buffers:          141880 kB
Cached:           973412 kB
SwapCached:        36692 kB
Active:          2027128 kB
Inactive:         943124 kB
Active(anon):    1574260 kB
Inactive(anon):   417372 kB
Active(file):     452868 kB
Inactive(file):   525752 kB
Unevictable:           0 kB
Mlocked:               0 kB
SwapTotal:       1952764 kB
SwapFree:        1800856 kB
Dirty:               180 kB
Writeback:             0 kB
AnonPages:       1842748 kB
Mapped:           150536 kB
Shmem:            136624 kB
Slab:             142264 kB
SReclaimable:     116408 kB
SUnreclaim:        25856 kB
KernelStack:        3504 kB
PageTables:        27336 kB
NFS_Unstable:          0 kB
Bounce:                0 kB
WritebackTmp:          0 kB
CommitLimit:     3949272 kB
Committed_AS:    3980656 kB
VmallocTotal:   34359738367 kB
VmallocUsed:      407288 kB
VmallocChunk:   34359299136 kB
HardwareCorrupted:     0 kB
AnonHugePages:         0 kB
HugePages_Total:       0
HugePages_Free:        0
HugePages_Rsvd:        0
HugePages_Surp:        0
Hugepagesize:       2048 kB
DirectMap4k:       90112 kB
DirectMap2M:     4034560 kB


CPU:total 2 (2 cores per cpu, 1 threads per core) family 6 model 23 stepping 6, cmov, cx8, fxsr, mmx, sse, sse2, sse3, ssse3, sse4.1, tsc

/proc/cpuinfo:
processor	: 0
vendor_id	: GenuineIntel
cpu family	: 6
model		: 23
model name	: Intel(R) Core(TM)2 Duo CPU     P9500  @ 2.53GHz
stepping	: 6
microcode	: 0x60c
cpu MHz		: 2534.000
cache size	: 6144 KB
physical id	: 0
siblings	: 2
core id		: 0
cpu cores	: 2
apicid		: 0
initial apicid	: 0
fpu		: yes
fpu_exception	: yes
cpuid level	: 10
wp		: yes
flags		: fpu vme de pse tsc msr pae mce cx8 apic sep mtrr pge mca cmov pat pse36 clflush dts acpi mmx fxsr sse sse2 ss ht tm pbe syscall nx lm constant_tsc arch_perfmon pebs bts rep_good nopl aperfmperf pni dtes64 monitor ds_cpl vmx smx est tm2 ssse3 cx16 xtpr pdcm sse4_1 lahf_lm dtherm tpr_shadow vnmi flexpriority
bogomips	: 5053.88
clflush size	: 64
cache_alignment	: 64
address sizes	: 36 bits physical, 48 bits virtual
power management:

processor	: 1
vendor_id	: GenuineIntel
cpu family	: 6
model		: 23
model name	: Intel(R) Core(TM)2 Duo CPU     P9500  @ 2.53GHz
stepping	: 6
microcode	: 0x60c
cpu MHz		: 2534.000
cache size	: 6144 KB
physical id	: 0
siblings	: 2
core id		: 1
cpu cores	: 2
apicid		: 1
initial apicid	: 1
fpu		: yes
fpu_exception	: yes
cpuid level	: 10
wp		: yes
flags		: fpu vme de pse tsc msr pae mce cx8 apic sep mtrr pge mca cmov pat pse36 clflush dts acpi mmx fxsr sse sse2 ss ht tm pbe syscall nx lm constant_tsc arch_perfmon pebs bts rep_good nopl aperfmperf pni dtes64 monitor ds_cpl vmx smx est tm2 ssse3 cx16 xtpr pdcm sse4_1 lahf_lm dtherm tpr_shadow vnmi flexpriority
bogomips	: 5053.89
clflush size	: 64
cache_alignment	: 64
address sizes	: 36 bits physical, 48 bits virtual
power management:



Memory: 4k page, physical 3993020k(811952k free), swap 1952764k(1800856k free)

vm_info: Java HotSpot(TM) 64-Bit Server VM (25.5-b02) for linux-amd64 JRE (1.8.0_05-b13), built on Mar 18 2014 00:29:27 by "java_re" with gcc 4.3.0 20080428 (Red Hat 4.3.0-8)

time: Wed Jul 16 12:43:20 2014
elapsed time: 3 seconds

