This is pdfTeX, Version 3.1415926-2.5-1.40.14 (TeX Live 2013/Arch Linux) (format=pdflatex 2014.3.19)  24 JUN 2014 16:36
entering extended mode
 \write18 enabled.
 %&-line parsing enabled.
**ClassicThesis.tex
(./ClassicThesis.tex
LaTeX2e <2011/06/27>
Babel <3.9h> and hyphenation patterns for 78 languages loaded.
(/usr/share/texmf-dist/tex/latex/koma-script/scrreprt.cls
Document Class: scrreprt 2013/12/19 v3.12 KOMA-Script document class (report)
(/usr/share/texmf-dist/tex/latex/koma-script/scrkbase.sty
Package: scrkbase 2013/12/19 v3.12 KOMA-Script package (KOMA-Script-dependent b
asics and keyval usage)

(/usr/share/texmf-dist/tex/latex/koma-script/scrbase.sty
Package: scrbase 2013/12/19 v3.12 KOMA-Script package (KOMA-Script-independent 
basics and keyval usage)

(/usr/share/texmf-dist/tex/latex/graphics/keyval.sty
Package: keyval 1999/03/16 v1.13 key=value parser (DPC)
\KV@toks@=\toks14
)
(/usr/share/texmf-dist/tex/latex/koma-script/scrlfile.sty
Package: scrlfile 2013/12/19 v3.12 KOMA-Script package (loading files)

Package scrlfile, 2013/12/19 v3.12 KOMA-Script package (loading files)
                  Copyright (C) Markus Kohm

))) (/usr/share/texmf-dist/tex/latex/koma-script/tocbasic.sty
Package: tocbasic 2013/12/19 v3.12 KOMA-Script package (handling toc-files)
)
Package tocbasic Info: omitting babel extension for `toc'
(tocbasic)             because of feature `nobabel' available
(tocbasic)             for `toc' on input line 117.
Package tocbasic Info: omitting babel extension for `lof'
(tocbasic)             because of feature `nobabel' available
(tocbasic)             for `lof' on input line 118.
Package tocbasic Info: omitting babel extension for `lot'
(tocbasic)             because of feature `nobabel' available
(tocbasic)             for `lot' on input line 119.
Package tocbasic Info: defining new hook before heading of `' on input line 112
3.
Class scrreprt Info: You've used standard option `oneside'.
(scrreprt)           This is correct!
(scrreprt)           Internally I'm using `twoside=false'.
(scrreprt)           If you'd like to set the option with \KOMAoptions,
(scrreprt)           you'd have to use `twoside=false' there
(scrreprt)           instead of `oneside', too.
Package scrbase Info: Unknown processing state.
(scrbase)             Processing option `twoside=false'
(scrbase)             of member `.scrreprt.cls'
(scrbase)             of family `KOMA'
(scrbase)             doesn't set a valid state.
(scrbase)             This will be interpreted
(scrbase)             as \FamilyKeyStateProcessed on input line 1274.
Class scrreprt Info: You've used standard option `openright'.
(scrreprt)           This is correct!
(scrreprt)           Internally I'm using `open=right'.
(scrreprt)           If you'd like to set the option with \KOMAoptions,
(scrreprt)           you'd have to use `open=right' there
(scrreprt)           instead of `openright', too.
Class scrreprt Info: You've used standard option `abstractoff'.
(scrreprt)           This is correct!
(scrreprt)           Internally I'm using `abstract=false'.
(scrreprt)           If you'd like to set the option with \KOMAoptions,
(scrreprt)           you'd have to use `abstract=false' there
(scrreprt)           instead of `abstractoff', too.
Class scrreprt Info: File `scrsize11pt.clo' used to setup font sizes on input l
ine 1655.

(/usr/share/texmf-dist/tex/latex/koma-script/scrsize11pt.clo
File: scrsize11pt.clo 2013/12/19 v3.12 KOMA-Script font size class option (11pt
)
)
(/usr/share/texmf-dist/tex/latex/koma-script/typearea.sty
Package: typearea 2013/12/19 v3.12 KOMA-Script package (type area)

Package typearea, 2013/12/19 v3.12 KOMA-Script package (type area)
                  Copyright (C) Frank Neukam, 1992-1994
                  Copyright (C) Markus Kohm, 1994-

\ta@bcor=\skip41
\ta@div=\count79
Package typearea Info: You've used standard option `oneside'.
(typearea)             This is correct!
(typearea)             Internally I'm using `twoside=false'.
(typearea)             If you'd like to set the option with \KOMAoptions,
(typearea)             you'd have to use `twoside=false' there
(typearea)             instead of `oneside', too.
\ta@hblk=\skip42
\ta@vblk=\skip43
\ta@temp=\skip44
\footheight=\skip45
Package typearea Info: These are the values describing the layout:
(typearea)             DIV  = 10
(typearea)             BCOR = 14.22636pt
(typearea)             \paperwidth      = 597.50793pt
(typearea)              \textwidth      = 408.2971pt
(typearea)              DIV departure   = -3%
(typearea)              \evensidemargin = 29.44861pt
(typearea)              \oddsidemargin  = 29.44861pt
(typearea)             \paperheight     = 845.04694pt
(typearea)              \textheight     = 514.20023pt
(typearea)              \topmargin      = 12.2347pt
(typearea)              \headheight     = 17.0pt
(typearea)              \headsep        = 20.40001pt
(typearea)              \topskip        = 11.0pt
(typearea)              \footskip       = 47.6pt
(typearea)              \baselineskip   = 13.6pt
(typearea)              on input line 1330.
)
\c@part=\count80
\c@chapter=\count81
\c@section=\count82
\c@subsection=\count83
\c@subsubsection=\count84
\c@paragraph=\count85
\c@subparagraph=\count86
\abovecaptionskip=\skip46
\belowcaptionskip=\skip47
\c@pti@nb@sid@b@x=\box26
\c@figure=\count87
\c@table=\count88
\bibindent=\dimen102
) (./classicthesis-config.tex (/usr/share/texmf-dist/tex/latex/base/ifthen.sty
Package: ifthen 2001/05/26 v1.1c Standard LaTeX ifthen package (DPC)
)
\c@dummy=\count89
\abcd=\skip48
 (/usr/share/texmf-dist/tex/latex/base/inputenc.sty
Package: inputenc 2008/03/30 v1.1d Input encoding file
\inpenc@prehook=\toks15
\inpenc@posthook=\toks16

(/usr/share/texmf-dist/tex/latex/base/latin9.def
File: latin9.def 2008/03/30 v1.1d Input encoding file
))
(/usr/share/texmf-dist/tex/generic/babel/babel.sty
Package: babel 2013/12/03 3.9h The Babel package

(/usr/share/texmf-dist/tex/generic/babel-german/ngermanb.ldf
Language: ngermanb 2013/12/13 v2.7 German support for babel (new orthography)

(/usr/share/texmf-dist/tex/generic/babel/babel.def
File: babel.def 2013/12/03 3.9h Babel common definitions
\babel@savecnt=\count90
\U@D=\dimen103
)
\l@naustrian = a dialect from \language\l@ngerman 
\l@nswissgerman = a dialect from \language\l@ngerman 
Package babel Info: Making " an active character on input line 88.
)
(/usr/share/texmf-dist/tex/generic/babel-english/english.ldf
Language: english 2012/08/20 v3.3p English support from the babel system
\l@canadian = a dialect from \language\l@american 
\l@australian = a dialect from \language\l@british 
\l@newzealand = a dialect from \language\l@british 
))
(/usr/share/texmf-dist/tex/latex/natbib/natbib.sty
Package: natbib 2010/09/13 8.31b (PWD, AO)
\bibhang=\skip49
\bibsep=\skip50
LaTeX Info: Redefining \cite on input line 694.
\c@NAT@ctr=\count91
)
(/usr/share/texmf-dist/tex/latex/amsmath/amsmath.sty
Package: amsmath 2013/01/14 v2.14 AMS math features
\@mathmargin=\skip51

For additional information on amsmath, use the `?' option.
(/usr/share/texmf-dist/tex/latex/amsmath/amstext.sty
Package: amstext 2000/06/29 v2.01

(/usr/share/texmf-dist/tex/latex/amsmath/amsgen.sty
File: amsgen.sty 1999/11/30 v2.0
\@emptytoks=\toks17
\ex@=\dimen104
))
(/usr/share/texmf-dist/tex/latex/amsmath/amsbsy.sty
Package: amsbsy 1999/11/29 v1.2d
\pmbraise@=\dimen105
)
(/usr/share/texmf-dist/tex/latex/amsmath/amsopn.sty
Package: amsopn 1999/12/14 v2.01 operator names
)
\inf@bad=\count92
LaTeX Info: Redefining \frac on input line 210.
\uproot@=\count93
\leftroot@=\count94
LaTeX Info: Redefining \overline on input line 306.
\classnum@=\count95
\DOTSCASE@=\count96
LaTeX Info: Redefining \ldots on input line 378.
LaTeX Info: Redefining \dots on input line 381.
LaTeX Info: Redefining \cdots on input line 466.
\Mathstrutbox@=\box27
\strutbox@=\box28
\big@size=\dimen106
LaTeX Font Info:    Redeclaring font encoding OML on input line 566.
LaTeX Font Info:    Redeclaring font encoding OMS on input line 567.
\macc@depth=\count97
\c@MaxMatrixCols=\count98
\dotsspace@=\muskip10
\c@parentequation=\count99
\dspbrk@lvl=\count100
\tag@help=\toks18
\row@=\count101
\column@=\count102
\maxfields@=\count103
\andhelp@=\toks19
\eqnshift@=\dimen107
\alignsep@=\dimen108
\tagshift@=\dimen109
\tagwidth@=\dimen110
\totwidth@=\dimen111
\lineht@=\dimen112
\@envbody=\toks20
\multlinegap=\skip52
\multlinetaggap=\skip53
\mathdisplay@stack=\toks21
LaTeX Info: Redefining \[ on input line 2665.
LaTeX Info: Redefining \] on input line 2666.
)
(/usr/share/texmf-dist/tex/latex/base/fontenc.sty
Package: fontenc 2005/09/27 v1.99g Standard LaTeX package

(/usr/share/texmf-dist/tex/latex/base/t1enc.def
File: t1enc.def 2005/09/27 v1.99g Standard LaTeX file
LaTeX Font Info:    Redeclaring font encoding T1 on input line 43.
))
(/usr/share/texmf-dist/tex/latex/base/textcomp.sty
Package: textcomp 2005/09/27 v1.99g Standard LaTeX package
Package textcomp Info: Sub-encoding information:
(textcomp)               5 = only ISO-Adobe without \textcurrency
(textcomp)               4 = 5 + \texteuro
(textcomp)               3 = 4 + \textohm
(textcomp)               2 = 3 + \textestimated + \textcurrency
(textcomp)               1 = TS1 - \textcircled - \t
(textcomp)               0 = TS1 (full)
(textcomp)             Font families with sub-encoding setting implement
(textcomp)             only a restricted character set as indicated.
(textcomp)             Family '?' is the default used for unknown fonts.
(textcomp)             See the documentation for details.
Package textcomp Info: Setting ? sub-encoding to TS1/1 on input line 71.

(/usr/share/texmf-dist/tex/latex/base/ts1enc.def
File: ts1enc.def 2001/06/05 v3.0e (jk/car/fm) Standard LaTeX file
)
LaTeX Info: Redefining \oldstylenums on input line 266.
Package textcomp Info: Setting cmr sub-encoding to TS1/0 on input line 281.
Package textcomp Info: Setting cmss sub-encoding to TS1/0 on input line 282.
Package textcomp Info: Setting cmtt sub-encoding to TS1/0 on input line 283.
Package textcomp Info: Setting cmvtt sub-encoding to TS1/0 on input line 284.
Package textcomp Info: Setting cmbr sub-encoding to TS1/0 on input line 285.
Package textcomp Info: Setting cmtl sub-encoding to TS1/0 on input line 286.
Package textcomp Info: Setting ccr sub-encoding to TS1/0 on input line 287.
Package textcomp Info: Setting ptm sub-encoding to TS1/4 on input line 288.
Package textcomp Info: Setting pcr sub-encoding to TS1/4 on input line 289.
Package textcomp Info: Setting phv sub-encoding to TS1/4 on input line 290.
Package textcomp Info: Setting ppl sub-encoding to TS1/3 on input line 291.
Package textcomp Info: Setting pag sub-encoding to TS1/4 on input line 292.
Package textcomp Info: Setting pbk sub-encoding to TS1/4 on input line 293.
Package textcomp Info: Setting pnc sub-encoding to TS1/4 on input line 294.
Package textcomp Info: Setting pzc sub-encoding to TS1/4 on input line 295.
Package textcomp Info: Setting bch sub-encoding to TS1/4 on input line 296.
Package textcomp Info: Setting put sub-encoding to TS1/5 on input line 297.
Package textcomp Info: Setting uag sub-encoding to TS1/5 on input line 298.
Package textcomp Info: Setting ugq sub-encoding to TS1/5 on input line 299.
Package textcomp Info: Setting ul8 sub-encoding to TS1/4 on input line 300.
Package textcomp Info: Setting ul9 sub-encoding to TS1/4 on input line 301.
Package textcomp Info: Setting augie sub-encoding to TS1/5 on input line 302.
Package textcomp Info: Setting dayrom sub-encoding to TS1/3 on input line 303.
Package textcomp Info: Setting dayroms sub-encoding to TS1/3 on input line 304.

Package textcomp Info: Setting pxr sub-encoding to TS1/0 on input line 305.
Package textcomp Info: Setting pxss sub-encoding to TS1/0 on input line 306.
Package textcomp Info: Setting pxtt sub-encoding to TS1/0 on input line 307.
Package textcomp Info: Setting txr sub-encoding to TS1/0 on input line 308.
Package textcomp Info: Setting txss sub-encoding to TS1/0 on input line 309.
Package textcomp Info: Setting txtt sub-encoding to TS1/0 on input line 310.
Package textcomp Info: Setting lmr sub-encoding to TS1/0 on input line 311.
Package textcomp Info: Setting lmdh sub-encoding to TS1/0 on input line 312.
Package textcomp Info: Setting lmss sub-encoding to TS1/0 on input line 313.
Package textcomp Info: Setting lmssq sub-encoding to TS1/0 on input line 314.
Package textcomp Info: Setting lmvtt sub-encoding to TS1/0 on input line 315.
Package textcomp Info: Setting qhv sub-encoding to TS1/0 on input line 316.
Package textcomp Info: Setting qag sub-encoding to TS1/0 on input line 317.
Package textcomp Info: Setting qbk sub-encoding to TS1/0 on input line 318.
Package textcomp Info: Setting qcr sub-encoding to TS1/0 on input line 319.
Package textcomp Info: Setting qcs sub-encoding to TS1/0 on input line 320.
Package textcomp Info: Setting qpl sub-encoding to TS1/0 on input line 321.
Package textcomp Info: Setting qtm sub-encoding to TS1/0 on input line 322.
Package textcomp Info: Setting qzc sub-encoding to TS1/0 on input line 323.
Package textcomp Info: Setting qhvc sub-encoding to TS1/0 on input line 324.
Package textcomp Info: Setting futs sub-encoding to TS1/4 on input line 325.
Package textcomp Info: Setting futx sub-encoding to TS1/4 on input line 326.
Package textcomp Info: Setting futj sub-encoding to TS1/4 on input line 327.
Package textcomp Info: Setting hlh sub-encoding to TS1/3 on input line 328.
Package textcomp Info: Setting hls sub-encoding to TS1/3 on input line 329.
Package textcomp Info: Setting hlst sub-encoding to TS1/3 on input line 330.
Package textcomp Info: Setting hlct sub-encoding to TS1/5 on input line 331.
Package textcomp Info: Setting hlx sub-encoding to TS1/5 on input line 332.
Package textcomp Info: Setting hlce sub-encoding to TS1/5 on input line 333.
Package textcomp Info: Setting hlcn sub-encoding to TS1/5 on input line 334.
Package textcomp Info: Setting hlcw sub-encoding to TS1/5 on input line 335.
Package textcomp Info: Setting hlcf sub-encoding to TS1/5 on input line 336.
Package textcomp Info: Setting pplx sub-encoding to TS1/3 on input line 337.
Package textcomp Info: Setting pplj sub-encoding to TS1/3 on input line 338.
Package textcomp Info: Setting ptmx sub-encoding to TS1/4 on input line 339.
Package textcomp Info: Setting ptmj sub-encoding to TS1/4 on input line 340.
)
(/usr/share/texmf-dist/tex/latex/tools/xspace.sty
Package: xspace 2009/10/20 v1.13 Space after command names (DPC,MH)
)
(/usr/share/texmf-dist/tex/latex/mparhack/mparhack.sty
Package: mparhack 2005/04/17 v1.4 (T. Sgouros and S. Ulrich)
)
(/usr/share/texmf-dist/tex/latex/base/fixltx2e.sty
Package: fixltx2e 2006/09/13 v1.1m fixes to LaTeX
LaTeX Info: Redefining \em on input line 420.
LaTeX Info: Redefining \textsubscript on input line 424.
LaTeX Info: The control sequence `\[' is already robust on input line 471.
LaTeX Info: The control sequence `\]' is already robust on input line 472.
)
(/usr/share/texmf-dist/tex/latex/acronym/acronym.sty
Package: acronym 2012/10/29 v1.38 Support for acronyms (Tobias Oetiker)

(/usr/share/texmf-dist/tex/latex/bigfoot/suffix.sty
Package: suffix 2006/07/15 1.5 Variant command support
)
(/usr/share/texmf-dist/tex/generic/xstring/xstring.sty
(/usr/share/texmf-dist/tex/generic/xstring/xstring.tex
\@xs@message=\write3
\integerpart=\count104
\decimalpart=\count105
)
Package: xstring 2013/10/13  v1.7c  String manipulations (C Tellechea)
)
(/usr/share/texmf-dist/tex/latex/relsize/relsize.sty
Package: relsize 2013/03/29 ver 4.1
)
\AC@clearlist=\toks22
)
(/usr/share/texmf-dist/tex/latex/tools/tabularx.sty
Package: tabularx 1999/01/07 v2.07 `tabularx' package (DPC)

(/usr/share/texmf-dist/tex/latex/tools/array.sty
Package: array 2008/09/09 v2.4c Tabular extension package (FMi)
\col@sep=\dimen113
\extrarowheight=\dimen114
\NC@list=\toks23
\extratabsurround=\skip54
\backup@length=\skip55
)
\TX@col@width=\dimen115
\TX@old@table=\dimen116
\TX@old@col=\dimen117
\TX@target=\dimen118
\TX@delta=\dimen119
\TX@cols=\count106
\TX@ftn=\toks24
)
(/usr/share/texmf-dist/tex/latex/caption/caption.sty
Package: caption 2013/05/02 v3.3-89 Customizing captions (AR)

(/usr/share/texmf-dist/tex/latex/caption/caption3.sty
Package: caption3 2013/05/02 v1.6-88 caption3 kernel (AR)
Package caption3 Info: TeX engine: e-TeX on input line 57.
\captionmargin=\dimen120
\captionmargin@=\dimen121
\captionwidth=\dimen122
\caption@tempdima=\dimen123
\caption@indent=\dimen124
\caption@parindent=\dimen125
\caption@hangindent=\dimen126
)
Package caption Info: KOMA-Script document class.
\c@ContinuedFloat=\count107
)
(/usr/share/texmf-dist/tex/latex/subfig/subfig.sty
Package: subfig 2005/06/28 ver: 1.3 subfig package
\c@KVtest=\count108
\sf@farskip=\skip56
\sf@captopadj=\dimen127
\sf@capskip=\skip57
\sf@nearskip=\skip58
\c@subfigure=\count109
\c@subfigure@save=\count110
\c@lofdepth=\count111
\c@subtable=\count112
\c@subtable@save=\count113
\c@lotdepth=\count114
\sf@top=\skip59
\sf@bottom=\skip60
)
(/usr/share/texmf-dist/tex/latex/listings/listings.sty
\lst@mode=\count115
\lst@gtempboxa=\box29
\lst@token=\toks25
\lst@length=\count116
\lst@currlwidth=\dimen128
\lst@column=\count117
\lst@pos=\count118
\lst@lostspace=\dimen129
\lst@width=\dimen130
\lst@newlines=\count119
\lst@lineno=\count120
\lst@maxwidth=\dimen131

(/usr/share/texmf-dist/tex/latex/listings/lstmisc.sty
File: lstmisc.sty 2013/08/26 1.5b (Carsten Heinz)
\c@lstnumber=\count121
\lst@skipnumbers=\count122
\lst@framebox=\box30
)
(/usr/share/texmf-dist/tex/latex/listings/listings.cfg
File: listings.cfg 2013/08/26 1.5b listings configuration
))
Package: listings 2013/08/26 1.5b (Carsten Heinz)

(/usr/share/texmf-dist/tex/latex/listings/lstlang1.sty
File: lstlang1.sty 2013/08/26 1.5b listings language file
)
(/usr/share/texmf-dist/tex/latex/listings/lstlang2.sty
File: lstlang2.sty 2013/08/26 1.5b listings language file
)
(/usr/share/texmf-dist/tex/latex/listings/lstlang3.sty
File: lstlang3.sty 2013/08/26 1.5b listings language file
)
(/usr/share/texmf-dist/tex/latex/listings/lstlang1.sty
File: lstlang1.sty 2013/08/26 1.5b listings language file
)
(/usr/share/texmf-dist/tex/latex/listings/lstlang2.sty
File: lstlang2.sty 2013/08/26 1.5b listings language file
)
(/usr/share/texmf-dist/tex/latex/listings/lstlang3.sty
File: lstlang3.sty 2013/08/26 1.5b listings language file
)
(/usr/share/texmf-dist/tex/latex/listings/lstlang1.sty
File: lstlang1.sty 2013/08/26 1.5b listings language file
)
(/usr/share/texmf-dist/tex/latex/listings/lstlang2.sty
File: lstlang2.sty 2013/08/26 1.5b listings language file
)
(/usr/share/texmf-dist/tex/latex/listings/lstlang3.sty
File: lstlang3.sty 2013/08/26 1.5b listings language file
)
(/usr/share/texmf-dist/tex/latex/listings/lstmisc.sty
File: lstmisc.sty 2013/08/26 1.5b (Carsten Heinz)
)
(/usr/share/texmf-dist/tex/latex/hyperref/hyperref.sty
Package: hyperref 2012/11/06 v6.83m Hypertext links for LaTeX

(/usr/share/texmf-dist/tex/generic/oberdiek/hobsub-hyperref.sty
Package: hobsub-hyperref 2012/05/28 v1.13 Bundle oberdiek, subset hyperref (HO)


(/usr/share/texmf-dist/tex/generic/oberdiek/hobsub-generic.sty
Package: hobsub-generic 2012/05/28 v1.13 Bundle oberdiek, subset generic (HO)
Package: hobsub 2012/05/28 v1.13 Construct package bundles (HO)
Package: infwarerr 2010/04/08 v1.3 Providing info/warning/error messages (HO)
Package: ltxcmds 2011/11/09 v1.22 LaTeX kernel commands for general use (HO)
Package: ifluatex 2010/03/01 v1.3 Provides the ifluatex switch (HO)
Package ifluatex Info: LuaTeX not detected.
Package: ifvtex 2010/03/01 v1.5 Detect VTeX and its facilities (HO)
Package ifvtex Info: VTeX not detected.
Package: intcalc 2007/09/27 v1.1 Expandable calculations with integers (HO)
Package: ifpdf 2011/01/30 v2.3 Provides the ifpdf switch (HO)
Package ifpdf Info: pdfTeX in PDF mode is detected.
Package: etexcmds 2011/02/16 v1.5 Avoid name clashes with e-TeX commands (HO)
Package etexcmds Info: Could not find \expanded.
(etexcmds)             That can mean that you are not using pdfTeX 1.50 or
(etexcmds)             that some package has redefined \expanded.
(etexcmds)             In the latter case, load this package earlier.
Package: kvsetkeys 2012/04/25 v1.16 Key value parser (HO)
Package: kvdefinekeys 2011/04/07 v1.3 Define keys (HO)
Package: pdftexcmds 2011/11/29 v0.20 Utility functions of pdfTeX for LuaTeX (HO
)
Package pdftexcmds Info: LuaTeX not detected.
Package pdftexcmds Info: \pdf@primitive is available.
Package pdftexcmds Info: \pdf@ifprimitive is available.
Package pdftexcmds Info: \pdfdraftmode found.
Package: pdfescape 2011/11/25 v1.13 Implements pdfTeX's escape features (HO)
Package: bigintcalc 2012/04/08 v1.3 Expandable calculations on big integers (HO
)
Package: bitset 2011/01/30 v1.1 Handle bit-vector datatype (HO)
Package: uniquecounter 2011/01/30 v1.2 Provide unlimited unique counter (HO)
)
Package hobsub Info: Skipping package `hobsub' (already loaded).
Package: letltxmacro 2010/09/02 v1.4 Let assignment for LaTeX macros (HO)
Package: hopatch 2012/05/28 v1.2 Wrapper for package hooks (HO)
Package: xcolor-patch 2011/01/30 xcolor patch
Package: atveryend 2011/06/30 v1.8 Hooks at the very end of document (HO)
Package atveryend Info: \enddocument detected (standard20110627).
Package: atbegshi 2011/10/05 v1.16 At begin shipout hook (HO)
Package: refcount 2011/10/16 v3.4 Data extraction from label references (HO)
Package: hycolor 2011/01/30 v1.7 Color options for hyperref/bookmark (HO)
)
(/usr/share/texmf-dist/tex/generic/ifxetex/ifxetex.sty
Package: ifxetex 2010/09/12 v0.6 Provides ifxetex conditional
)
(/usr/share/texmf-dist/tex/latex/oberdiek/auxhook.sty
Package: auxhook 2011/03/04 v1.3 Hooks for auxiliary files (HO)
)
(/usr/share/texmf-dist/tex/latex/oberdiek/kvoptions.sty
Package: kvoptions 2011/06/30 v3.11 Key value format for package options (HO)
)
\@linkdim=\dimen132
\Hy@linkcounter=\count123
\Hy@pagecounter=\count124

(/usr/share/texmf-dist/tex/latex/hyperref/pd1enc.def
File: pd1enc.def 2012/11/06 v6.83m Hyperref: PDFDocEncoding definition (HO)
)
\Hy@SavedSpaceFactor=\count125

(/usr/share/texmf-dist/tex/latex/latexconfig/hyperref.cfg
File: hyperref.cfg 2002/06/06 v1.2 hyperref configuration of TeXLive
)
Package hyperref Info: Option `hyperfootnotes' set `false' on input line 4319.
Package hyperref Info: Option `pdfpagelabels' set `true' on input line 4319.
Package hyperref Info: Hyper figures OFF on input line 4443.
Package hyperref Info: Link nesting OFF on input line 4448.
Package hyperref Info: Hyper index ON on input line 4451.
Package hyperref Info: Plain pages OFF on input line 4458.
Package hyperref Info: Backreferencing OFF on input line 4463.
Package hyperref Info: Implicit mode ON; LaTeX internals redefined.
Package hyperref Info: Bookmarks ON on input line 4688.
\c@Hy@tempcnt=\count126

(/usr/share/texmf-dist/tex/latex/url/url.sty
\Urlmuskip=\muskip11
Package: url 2013/09/16  ver 3.4  Verb mode for urls, etc.
)
LaTeX Info: Redefining \url on input line 5041.
\XeTeXLinkMargin=\dimen133
\Fld@menulength=\count127
\Field@Width=\dimen134
\Fld@charsize=\dimen135
Package hyperref Info: Hyper figures OFF on input line 6295.
Package hyperref Info: Link nesting OFF on input line 6300.
Package hyperref Info: Hyper index ON on input line 6303.
Package hyperref Info: backreferencing OFF on input line 6310.
Package hyperref Info: Link coloring OFF on input line 6315.
Package hyperref Info: Link coloring with OCG OFF on input line 6320.
Package hyperref Info: PDF/A mode OFF on input line 6325.
LaTeX Info: Redefining \ref on input line 6365.
LaTeX Info: Redefining \pageref on input line 6369.
\Hy@abspage=\count128
\c@Item=\count129
)

Package hyperref Message: Driver: hpdftex.

(/usr/share/texmf-dist/tex/latex/hyperref/hpdftex.def
File: hpdftex.def 2012/11/06 v6.83m Hyperref driver for pdfTeX
\Fld@listcount=\count130
\c@bookmark@seq@number=\count131

(/usr/share/texmf-dist/tex/latex/oberdiek/rerunfilecheck.sty
Package: rerunfilecheck 2011/04/15 v1.7 Rerun checks for auxiliary files (HO)
Package uniquecounter Info: New unique counter `rerunfilecheck' on input line 2
82.
)
\Hy@SectionHShift=\skip61
)
(/usr/share/texmf-dist/tex/latex/graphics/graphicx.sty
Package: graphicx 1999/02/16 v1.0f Enhanced LaTeX Graphics (DPC,SPQR)

(/usr/share/texmf-dist/tex/latex/graphics/graphics.sty
Package: graphics 2009/02/05 v1.0o Standard LaTeX Graphics (DPC,SPQR)

(/usr/share/texmf-dist/tex/latex/graphics/trig.sty
Package: trig 1999/03/16 v1.09 sin cos tan (DPC)
)
(/usr/share/texmf-dist/tex/latex/latexconfig/graphics.cfg
File: graphics.cfg 2010/04/23 v1.9 graphics configuration of TeX Live
)
Package graphics Info: Driver file: pdftex.def on input line 91.

(/usr/share/texmf-dist/tex/latex/pdftex-def/pdftex.def
File: pdftex.def 2011/05/27 v0.06d Graphics/color for pdfTeX
\Gread@gobject=\count132
))
\Gin@req@height=\dimen136
\Gin@req@width=\dimen137
)
Package hyperref Info: Option `colorlinks' set `true' on input line 199.
Package hyperref Info: Option `linktocpage' set `true' on input line 199.
Package hyperref Info: Option `breaklinks' set `true' on input line 199.
Package hyperref Info: Option `pageanchor' set `true' on input line 199.
Package hyperref Info: Option `plainpages' set `false' on input line 199.
Package hyperref Info: Option `bookmarksnumbered' set `true' on input line 199.

Package hyperref Info: Option `bookmarksopen' set `true' on input line 199.
Package hyperref Info: Option `hypertexnames' set `true' on input line 199.
 (./classicthesis.sty
Package: classicthesis 2012/08/12 v4.1 Typographic style for a classic-looking 
thesis

(/usr/share/texmf-dist/tex/latex/xcolor/xcolor.sty
Package: xcolor 2007/01/21 v2.11 LaTeX color extensions (UK)

(/usr/share/texmf-dist/tex/latex/latexconfig/color.cfg
File: color.cfg 2007/01/18 v1.5 color configuration of teTeX/TeXLive
)
Package xcolor Info: Driver file: pdftex.def on input line 225.
Package xcolor Info: Model `cmy' substituted by `cmy0' on input line 1337.
Package xcolor Info: Model `hsb' substituted by `rgb' on input line 1341.
Package xcolor Info: Model `RGB' extended on input line 1353.
Package xcolor Info: Model `HTML' substituted by `rgb' on input line 1355.
Package xcolor Info: Model `Hsb' substituted by `hsb' on input line 1356.
Package xcolor Info: Model `tHsb' substituted by `hsb' on input line 1357.
Package xcolor Info: Model `HSB' substituted by `hsb' on input line 1358.
Package xcolor Info: Model `Gray' substituted by `gray' on input line 1359.
Package xcolor Info: Model `wave' substituted by `hsb' on input line 1360.

(/usr/share/texmf-dist/tex/latex/graphics/dvipsnam.def
File: dvipsnam.def 1999/02/16 v3.0i Driver-dependant file (DPC,SPQR)
))
(/usr/share/texmf-dist/tex/latex/psnfss/mathpazo.sty
Package: mathpazo 2005/04/12 PSNFSS-v9.2a Palatino w/ Pazo Math (D.Puga, WaS) 
\symupright=\mathgroup4
)
(/usr/share/texmf-dist/tex/latex/bera/beramono.sty
Package: beramono 2004/01/31 (WaS)
)
(/usr/share/texmf-dist/tex/latex/eulervm/eulervm.sty
Package: eulervm 2005/01/11 v4.0 (WaS)
)
(/usr/share/texmf-dist/tex/latex/microtype/microtype.sty
Package: microtype 2013/05/23 v2.5a Micro-typographical refinements (RS)
\MT@toks=\toks26
\MT@count=\count133
LaTeX Info: Redefining \textls on input line 766.
\MT@outer@kern=\dimen138
LaTeX Info: Redefining \textmicrotypecontext on input line 1285.
\MT@listname@count=\count134

(/usr/share/texmf-dist/tex/latex/microtype/microtype-pdftex.def
File: microtype-pdftex.def 2013/05/23 v2.5a Definitions specific to pdftex (RS)

LaTeX Info: Redefining \lsstyle on input line 915.
LaTeX Info: Redefining \lslig on input line 915.
\MT@outer@space=\skip62
)
Package microtype Info: Loading configuration file microtype.cfg.

(/usr/share/texmf-dist/tex/latex/microtype/microtype.cfg
File: microtype.cfg 2013/05/23 v2.5a microtype main configuration file (RS)
))
Package classicthesis Info: A4 paper, Palatino or other on input line 270.
Package typearea Info: These are the values describing the layout:
(typearea)             DIV  = areaset
(typearea)             BCOR = 14.22636pt
(typearea)             \paperwidth      = 597.50793pt
(typearea)              \textwidth      = 336.0pt
(typearea)              \evensidemargin = 65.59715pt
(typearea)              \oddsidemargin  = 65.59715pt
(typearea)             \paperheight     = 845.04694pt
(typearea)              \textheight     = 666.04997pt
(typearea)              \topmargin      = -40.58768pt
(typearea)              \headheight     = 15.95pt
(typearea)              \headsep        = 20.40001pt
(typearea)              \topskip        = 11.0pt
(typearea)              \footskip       = 47.60002pt
(typearea)              \baselineskip   = 13.6pt
(typearea)              on input line 270.

(/usr/share/texmf-dist/tex/latex/booktabs/booktabs.sty
Package: booktabs 2005/04/14 v1.61803 publication quality tables
\heavyrulewidth=\dimen139
\lightrulewidth=\dimen140
\cmidrulewidth=\dimen141
\belowrulesep=\dimen142
\belowbottomsep=\dimen143
\aboverulesep=\dimen144
\abovetopsep=\dimen145
\cmidrulesep=\dimen146
\cmidrulekern=\dimen147
\defaultaddspace=\dimen148
\@cmidla=\count135
\@cmidlb=\count136
\@aboverulesep=\dimen149
\@belowrulesep=\dimen150
\@thisruleclass=\count137
\@lastruleclass=\count138
\@thisrulewidth=\dimen151
)
(/usr/share/texmf-dist/tex/latex/textcase/textcase.sty
Package: textcase 2004/10/07 v0.07 Text only upper/lower case changing (DPC)
)
Package classicthesis Info: Using pdftex/microtype for character spacing.Make s
ure your pdftex is version 1.40 or higher. on input line 342.

(/usr/share/texmf-dist/tex/latex/koma-script/scrpage2.sty
Package: scrpage2 2013/12/19 v3.12 KOMA-Script package (page head and foot)
LaTeX Info: Redefining \pagemark on input line 174.
)

Class scrreprt Warning: Usage of package `titlesec' together
(scrreprt)              with a KOMA-Script class is not recommended.
(scrreprt)              I'd suggest to use the package only
(scrreprt)              if you really need it, because it breaks several
(scrreprt)              KOMA-Script features, i.e., option `headings' and
(scrreprt)              the extended optional argument of the section
(scrreprt)              commands .
(scrreprt)              Nevertheless, using requested
(scrreprt)              package `titlesec' on input line 373.

(/usr/share/texmf-dist/tex/latex/titlesec/titlesec.sty
Package: titlesec 2011/12/15 v2.10.0 Sectioning titles
\ttl@box=\box31
\beforetitleunit=\skip63
\aftertitleunit=\skip64
\ttl@plus=\dimen152
\ttl@minus=\dimen153
\ttl@toksa=\toks27
\titlewidth=\dimen154
\titlewidthlast=\dimen155
\titlewidthfirst=\dimen156
)
(/usr/share/texmf-dist/tex/latex/tocloft/tocloft.sty
Package: tocloft 2013/05/02 v2.3f parameterised ToC, etc., typesetting
Package tocloft Info: The document has chapter divisions on input line 44.
\cftparskip=\skip65
\cftbeforetoctitleskip=\skip66
\cftaftertoctitleskip=\skip67
\cftbeforepartskip=\skip68
\cftpartnumwidth=\skip69
\cftpartindent=\skip70
\cftbeforechapskip=\skip71
\cftchapindent=\skip72
\cftchapnumwidth=\skip73
\cftbeforesecskip=\skip74
\cftsecindent=\skip75
\cftsecnumwidth=\skip76
\cftbeforesubsecskip=\skip77
\cftsubsecindent=\skip78
\cftsubsecnumwidth=\skip79
\cftbeforesubsubsecskip=\skip80
\cftsubsubsecindent=\skip81
\cftsubsubsecnumwidth=\skip82
\cftbeforeparaskip=\skip83
\cftparaindent=\skip84
\cftparanumwidth=\skip85
\cftbeforesubparaskip=\skip86
\cftsubparaindent=\skip87
\cftsubparanumwidth=\skip88
\cftbeforeloftitleskip=\skip89
\cftafterloftitleskip=\skip90
\cftbeforefigskip=\skip91
\cftfigindent=\skip92
\cftfignumwidth=\skip93
\cftbeforelottitleskip=\skip94
\cftafterlottitleskip=\skip95
\cftbeforetabskip=\skip96
\cfttabindent=\skip97
\cfttabnumwidth=\skip98
\cftbeforesubfigskip=\skip99
\cftsubfigindent=\skip100
\cftsubfignumwidth=\skip101
\cftbeforesubtabskip=\skip102
\cftsubtabindent=\skip103
\cftsubtabnumwidth=\skip104
)
\newnumberwidth=\skip105
\beforebibskip=\skip106
\newchnumberwidth=\skip107
\figurelabelwidth=\skip108
\tablelabelwidth=\skip109
\c@listings=\count139
\cftbeforelistingsskip=\skip110
\cftlistingsindent=\skip111
\cftlistingsnumwidth=\skip112
\c@loldepth=\count140
\cftbeforeloltitleskip=\skip113
\cftafterloltitleskip=\skip114
\listingslabelwidth=\skip115

Using KOMA-command "deffootnote" for footnote setup
(/usr/share/texmf-dist/tex/latex/koma-script/scrtime.sty
Package: scrtime 2011/03/31 v3.08b KOMA-Script package (time of LaTeX run)
)
(/usr/share/texmf-dist/tex/latex/ms/prelim2e.sty
Package: prelim2e 2009/05/29 v1.3 prelim2e Package (MS)

(/usr/share/texmf-dist/tex/latex/ms/everyshi.sty
Package: everyshi 2001/05/15 v3.00 EveryShipout Package (MS)
))
(/usr/share/texmf-dist/tex/latex/carlisle/remreset.sty))
(/home/eidel/texmf/tex/latex/commonstuff/minted.sty
Package: minted 2011/09/17 v1.7 Yet another Pygments shim for LaTeX

(/usr/share/texmf-dist/tex/latex/fancyvrb/fancyvrb.sty
Package: fancyvrb 2008/02/07

Style option: `fancyvrb' v2.7a, with DG/SPQR fixes, and firstline=lastline fix 
<2008/02/07> (tvz)
\FV@CodeLineNo=\count141
\FV@InFile=\read1
\FV@TabBox=\box32
\c@FancyVerbLine=\count142
\FV@StepNumber=\count143
\FV@OutFile=\write4
) (/usr/share/texmf-dist/tex/latex/float/float.sty
Package: float 2001/11/08 v1.3d Float enhancements (AL)
\c@float@type=\count144
\float@exts=\toks28
\float@box=\box33
\@float@everytoks=\toks29
\@floatcapt=\box34
)
(/usr/share/texmf-dist/tex/latex/tools/calc.sty
Package: calc 2007/08/22 v4.3 Infix arithmetic (KKT,FJ)
\calc@Acount=\count145
\calc@Bcount=\count146
\calc@Adimen=\dimen157
\calc@Bdimen=\dimen158
\calc@Askip=\skip116
\calc@Bskip=\skip117
LaTeX Info: Redefining \setlength on input line 76.
LaTeX Info: Redefining \addtolength on input line 77.
\calc@Ccount=\count147
\calc@Cskip=\skip118
)
(/usr/share/texmf-dist/tex/latex/ifplatform/ifplatform.sty
Package: ifplatform 2010/10/22 v0.4 Testing for the operating system

(/usr/share/texmf-dist/tex/generic/oberdiek/catchfile.sty
Package: catchfile 2011/03/01 v1.6 Catch the contents of a file (HO)
)
runsystem(uname -s > "ClassicThesis.w18")...executed.

 (./ClassicThesis.w18)
runsystem(rm -- "ClassicThesis.w18")...executed.

)
\minted@bgbox=\box35
\minted@code=\write5
\@float@every@listing=\toks30
\c@listing=\count148
)
runsystem(which pygmentize && touch ClassicThesis.aex)...executed.

runsystem(rm ClassicThesis.aex)...executed.

 (/usr/share/texmf-dist/tex/latex/koma-script/scrhack.sty
Package: scrhack 2013/12/19 v3.12 KOMA-Script package 
Package scrhack Info: hyperref hack deactivated because of
(scrhack)             detection of hyperref version, that doesn't
(scrhack)             need that hack, on input line 132.
Package scrhack Info: loading float hack on input line 139.

(/usr/share/texmf-dist/tex/latex/koma-script/float.hak
File: float.hak 2013/12/19 v3.12 KOMA-Script package (hacking package float)
Package scrhack Info: redefining \newfloat on input line 161.
Package scrhack Info: redefining \listof on input line 161.
Package scrhack Info: undefining \float@addtolists on input line 161.
)
Package scrhack Info: loading listings hack on input line 153.

(/usr/share/texmf-dist/tex/latex/koma-script/listings.hak
File: listings.hak 2013/12/19 v3.12 KOMA-Script package (hacking package listin
gs)


Package scrhack Warning: unknown \lstlistoflistings definition found!
(scrhack)                Maybe you are using a unsupported listings version.

)) (/usr/share/texmf-dist/tex/latex/etoolbox/etoolbox.sty
Package: etoolbox 2011/01/03 v2.1 e-TeX tools for LaTeX

(/usr/share/texmf-dist/tex/latex/etex-pkg/etex.sty
Package: etex 1998/03/26 v2.0 eTeX basic definition package (PEB)
\et@xins=\count149
)
\etb@tempcnta=\count150
))
(/usr/share/texmf-dist/tex/latex/geometry/geometry.sty
Package: geometry 2010/09/12 v5.6 Page Geometry
\Gm@cnth=\count151
\Gm@cntv=\count152
\c@Gm@tempcnt=\count153
\Gm@bindingoffset=\dimen159
\Gm@wd@mp=\dimen160
\Gm@odd@mp=\dimen161
\Gm@even@mp=\dimen162
\Gm@layoutwidth=\dimen163
\Gm@layoutheight=\dimen164
\Gm@layouthoffset=\dimen165
\Gm@layoutvoffset=\dimen166
\Gm@dimlist=\toks31
) (./ClassicThesis.aux
(./FrontBackmatter/DirtyTitlepage.aux) (./FrontBackmatter/Titlepage.aux)
(./FrontBackmatter/Titleback.aux) (./FrontBackmatter/Dedication.aux)
(./FrontBackmatter/Abstract.aux) (./FrontBackmatter/Publication.aux)
(./FrontBackmatter/Acknowledgments.aux) (./FrontBackmatter/Contents.aux)
(./Chapters/Chapter01.aux) (./Chapters/Chapter02.aux) (./Chapters/Chapter03.aux
) (./Chapters/Chapter0A.aux) (./FrontBackmatter/Bibliography.aux)
(./FrontBackmatter/Colophon.aux) (./FrontBackmatter/Declaration.aux))
\openout1 = `ClassicThesis.aux'.

LaTeX Font Info:    Checking defaults for OML/cmm/m/it on input line 60.
LaTeX Font Info:    ... okay on input line 60.
LaTeX Font Info:    Checking defaults for T1/cmr/m/n on input line 60.
LaTeX Font Info:    ... okay on input line 60.
LaTeX Font Info:    Checking defaults for OT1/cmr/m/n on input line 60.
LaTeX Font Info:    ... okay on input line 60.
LaTeX Font Info:    Checking defaults for OMS/cmsy/m/n on input line 60.
LaTeX Font Info:    ... okay on input line 60.
LaTeX Font Info:    Checking defaults for OMX/cmex/m/n on input line 60.
LaTeX Font Info:    ... okay on input line 60.
LaTeX Font Info:    Checking defaults for U/cmr/m/n on input line 60.
LaTeX Font Info:    ... okay on input line 60.
LaTeX Font Info:    Checking defaults for TS1/cmr/m/n on input line 60.
LaTeX Font Info:    Try loading font information for TS1+cmr on input line 60.

(/usr/share/texmf-dist/tex/latex/base/ts1cmr.fd
File: ts1cmr.fd 1999/05/25 v2.5h Standard LaTeX font definitions
)
LaTeX Font Info:    ... okay on input line 60.
LaTeX Font Info:    Checking defaults for PD1/pdf/m/n on input line 60.
LaTeX Font Info:    ... okay on input line 60.
LaTeX Font Info:    Try loading font information for T1+pplj on input line 60.

(/usr/share/texmf-dist/tex/latex/psnfss/t1pplj.fd
File: t1pplj.fd 2004/09/06 font definitions for T1/pplj.
)
Package caption Info: Begin \AtBeginDocument code.
Package caption Info: subfig package v1.3 is loaded.
Package caption Info: float package is loaded.
Package caption Info: hyperref package is loaded.
Package caption Info: listings package is loaded.
Package caption Info: End \AtBeginDocument code.
\c@lstlisting=\count154
\AtBeginShipoutBox=\box36
Package hyperref Info: Link coloring ON on input line 60.

(/usr/share/texmf-dist/tex/latex/hyperref/nameref.sty
Package: nameref 2012/10/27 v2.43 Cross-referencing by name of section

(/usr/share/texmf-dist/tex/generic/oberdiek/gettitlestring.sty
Package: gettitlestring 2010/12/03 v1.4 Cleanup title references (HO)
)
\c@section@level=\count155
)
LaTeX Info: Redefining \ref on input line 60.
LaTeX Info: Redefining \pageref on input line 60.
LaTeX Info: Redefining \nameref on input line 60.

(./ClassicThesis.out) (./ClassicThesis.out)
\@outlinefile=\write6
\openout6 = `ClassicThesis.out'.


(/usr/share/texmf-dist/tex/context/base/supp-pdf.mkii
[Loading MPS to PDF converter (version 2006.09.02).]
\scratchcounter=\count156
\scratchdimen=\dimen167
\scratchbox=\box37
\nofMPsegments=\count157
\nofMParguments=\count158
\everyMPshowfont=\toks32
\MPscratchCnt=\count159
\MPscratchDim=\dimen168
\MPnumerator=\count160
\makeMPintoPDFobject=\count161
\everyMPtoPDFconversion=\toks33
) (/usr/share/texmf-dist/tex/latex/oberdiek/epstopdf-base.sty
Package: epstopdf-base 2010/02/09 v2.5 Base part for package epstopdf

(/usr/share/texmf-dist/tex/latex/oberdiek/grfext.sty
Package: grfext 2010/08/19 v1.1 Manage graphics extensions (HO)
)
Package grfext Info: Graphics extension search list:
(grfext)             [.png,.pdf,.jpg,.mps,.jpeg,.jbig2,.jb2,.PNG,.PDF,.JPG,.JPE
G,.JBIG2,.JB2,.eps]
(grfext)             \AppendGraphicsExtensions on input line 452.

(/usr/share/texmf-dist/tex/latex/latexconfig/epstopdf-sys.cfg
File: epstopdf-sys.cfg 2010/07/13 v1.3 Configuration of (r)epstopdf for TeX Liv
e
))
LaTeX Info: Redefining \microtypecontext on input line 60.
Package microtype Info: Generating PDF output.
Package microtype Info: Character protrusion enabled (level 2).
Package microtype Info: Using default protrusion set `alltext'.
Package microtype Info: No font expansion.
Package microtype Info: No adjustment of tracking.
Package microtype Info: No adjustment of interword spacing.
Package microtype Info: No adjustment of character kerning.

(/usr/share/texmf-dist/tex/latex/microtype/mt-ppl.cfg
File: mt-ppl.cfg 2005/11/16 v1.6 microtype config. file: Palatino (RS)
)
ABD: EveryShipout initializing macros
runsystem(pygmentize -S default -f latex > ClassicThesis.pyg)...executed.

 (./ClassicThesis.pyg)
*geometry* driver: auto-detecting
*geometry* detected driver: pdftex
*geometry* verbose mode - [ preamble ] result:
* driver: pdftex
* paper: <default>
* layout: <same size as paper>
* layoutoffset:(h,v)=(0.0pt,0.0pt)
* modes: 
* h-part:(L,W,R)=(108.405pt, 380.69794pt, 108.405pt)
* v-part:(T,H,B)=(108.405pt, 628.23694pt, 108.405pt)
* \paperwidth=597.50793pt
* \paperheight=845.04694pt
* \textwidth=380.69794pt
* \textheight=628.23694pt
* \oddsidemargin=36.13501pt
* \evensidemargin=36.13501pt
* \topmargin=-0.215pt
* \headheight=15.95pt
* \headsep=20.40001pt
* \topskip=11.0pt
* \footskip=47.60002pt
* \marginparwidth=76.21515pt
* \marginparsep=21.77576pt
* \columnsep=10.0pt
* \skip\footins=10.0pt plus 4.0pt minus 2.0pt
* \hoffset=0.0pt
* \voffset=0.0pt
* \mag=1000
* \@twocolumnfalse
* \@twosidefalse
* \@mparswitchfalse
* \@reversemarginfalse
* (1in=72.27pt=25.4mm, 1cm=28.453pt)

\openout2 = `FrontBackmatter/DirtyTitlepage.aux'.

(./FrontBackmatter/DirtyTitlepage.tex)
LaTeX Font Info:    Try loading font information for T1+fvm on input line 71.

(/usr/share/texmf-dist/tex/latex/bera/t1fvm.fd
File: t1fvm.fd 2004/09/07 scalable font definitions for T1/fvm.
)
LaTeX Font Info:    Font shape `T1/fvm/m/n' will be
(Font)              scaled to size 7.65005pt on input line 71.
Package microtype Info: Loading generic settings for font family
(microtype)             `fvm' (encoding: T1).
(microtype)             For optimal results, create family-specific settings.
(microtype)             See the microtype manual for details.
 [1


{/var/lib/texmf/fonts/map/pdftex/updmap/pdftex.map}]
\openout2 = `FrontBackmatter/Titlepage.aux'.

 (./FrontBackmatter/Titlepage.tex
<gfx/TFZsuperellipse_bw.pdf, id=161, 260.5755pt x 203.14595pt>
File: gfx/TFZsuperellipse_bw.pdf Graphic file (type pdf)

<use gfx/TFZsuperellipse_bw.pdf>
Package pdftex.def Info: gfx/TFZsuperellipse_bw.pdf used on input line 22.
(pdftex.def)             Requested size: 170.71652pt x 133.09721pt.
 [2




 <./gfx/TFZsuperellipse_bw.pdf>])
\openout2 = `FrontBackmatter/Titleback.aux'.


(./FrontBackmatter/Titleback.tex
LaTeX Font Info:    Try loading font information for TS1+pplj on input line 8.

(/usr/share/texmf-dist/tex/latex/psnfss/ts1pplj.fd
File: ts1pplj.fd 2004/09/06 font definitions for TS1/pplj.
)) [3


]
\openout2 = `FrontBackmatter/Dedication.aux'.


(./FrontBackmatter/Dedication.tex) [4




]
\openout2 = `FrontBackmatter/Abstract.aux'.

 (./FrontBackmatter/Abstract.tex)
[5




]
\openout2 = `FrontBackmatter/Publication.aux'.

 (./FrontBackmatter/Publication.tex
LaTeX Font Info:    Font shape `T1/fvm/m/n' will be
(Font)              scaled to size 9.30756pt on input line 10.
) [6






]
\openout2 = `FrontBackmatter/Acknowledgments.aux'.


(./FrontBackmatter/Acknowledgments.tex
LaTeX Font Info:    Font shape `T1/pplj/m/sl' in size <10.95> not available
(Font)              Font shape `T1/pplj/m/it' tried instead on input line 6.
LaTeX Font Info:    Font shape `T1/pplj/bx/n' in size <10.95> not available
(Font)              Font shape `T1/pplj/b/n' tried instead on input line 11.


Package natbib Warning: Citation `knuth:1974' on page vii undefined on input li
ne 11.


Package natbib Warning: Citation `knuth:1974' on page vii undefined on input li
ne 11.

LaTeX Font Info:    Try loading font information for U+zeur on input line 29.
(/usr/share/texmf-dist/tex/latex/eulervm/uzeur.fd
File: uzeur.fd 2005/01/11 v4.0 (WaS)
)
(/usr/share/texmf-dist/tex/latex/microtype/mt-eur.cfg
File: mt-eur.cfg 2006/07/31 v1.1 microtype config. file: AMS Euler Roman (RS)
)
LaTeX Font Info:    Try loading font information for U+zeus on input line 29.

(/usr/share/texmf-dist/tex/latex/eulervm/uzeus.fd
File: uzeus.fd 2005/01/11 v4.0 (WaS)
)
(/usr/share/texmf-dist/tex/latex/microtype/mt-eus.cfg
File: mt-eus.cfg 2006/07/28 v1.2 microtype config. file: AMS Euler Script (RS)
)
LaTeX Font Info:    Try loading font information for U+zeuex on input line 29.

(/usr/share/texmf-dist/tex/latex/eulervm/uzeuex.fd
File: uzeuex.fd 2005/01/11 v4.0 (WaS)
)
LaTeX Font Info:    Try loading font information for OT1+zplm on input line 29.


(/usr/share/texmf-dist/tex/latex/psnfss/ot1zplm.fd
File: ot1zplm.fd 2002/09/08 Fontinst v1.914 font definitions for OT1/zplm.
)
Package microtype Info: Loading generic settings for font family
(microtype)             `zplm' (encoding: OT1).
(microtype)             For optimal results, create family-specific settings.
(microtype)             See the microtype manual for details.

Overfull \hbox (13.93282pt too wide) in paragraph at lines 27--36
[]\T1/pplj/m/n/10.95 Regarding the ty-pog-ra-phy and other help, many thanks go
 to Marco Kuhlmann,
 []

) [7




]
\openout2 = `FrontBackmatter/Contents.aux'.

 (./FrontBackmatter/Contents.tex
Package tocbasic Info: character protrusion at toc deactivated on input line 11
.
 (./ClassicThesis.toc
Package microtype Info: Character `029' is missing
(microtype)             in font `T1/pplj/m/sc/10.95'.
(microtype)             Ignoring protrusion settings for this character.
)
\tf@toc=\write7
\openout7 = `ClassicThesis.toc'.

 [8






]
Package tocbasic Info: character protrusion at lof deactivated on input line 31
.

(./ClassicThesis.lof)
\tf@lof=\write8
\openout8 = `ClassicThesis.lof'.

Package tocbasic Info: character protrusion at lot deactivated on input line 42
.
 (./ClassicThesis.lot)
\tf@lot=\write9
\openout9 = `ClassicThesis.lot'.

 (./ClassicThesis.lol)
\tf@lol=\write10
\openout10 = `ClassicThesis.lol'.

LaTeX Font Info:    Try loading font information for T1+cmss on input line 66.

(/usr/share/texmf-dist/tex/latex/base/t1cmss.fd
File: t1cmss.fd 1999/05/25 v2.5h Standard LaTeX font definitions
)
Package microtype Info: Loading generic settings for font family
(microtype)             `cmss' (encoding: T1).
(microtype)             For optimal results, create family-specific settings.
(microtype)             See the microtype manual for details.
 [9

]) [1







]
\openout2 = `Chapters/Chapter01.aux'.


(./Chapters/Chapter01.tex
Chapter 1.

Class scrreprt Warning: \float@addtolists detected!
(scrreprt)              Implementation of \float@addtolist became
(scrreprt)              deprecated in KOMA-Script v3.01 2008/11/14 and
(scrreprt)              has been replaced by more several more flexible
(scrreprt)              features of package `tocbasic`.
(scrreprt)              Since Version 3.12 support for deprecated
(scrreprt)              \float@addtolist interface has been
(scrreprt)              restricted to only some of the KOMA-Script
(scrreprt)              features and been removed from others.
(scrreprt)              Loading of package `scrhack' may help to
(scrreprt)              avoid this warning, if you are using a
(scrreprt)              a package that still implements the
(scrreprt)              deprecated \float@addtolist interface .

\openout4 = `ClassicThesis.pyg'.

runsystem(pygmentize -l csharp -f latex -F tokenmerge             -P "verboptio
ns= " -o ClassicThesis.out.pyg ClassicThesis.pyg)...executed.

(./ClassicThesis.out.pyg)
runsystem(rm ClassicThesis.out.pyg)...executed.

runsystem(rm ClassicThesis.pyg)...executed.

\openout4 = `ClassicThesis.pyg'.

runsystem(pygmentize -l csharp -f latex -F tokenmerge             -P "verboptio
ns= " -o ClassicThesis.out.pyg ClassicThesis.pyg)...executed.

 (./ClassicThesis.out.pyg)
runsystem(rm ClassicThesis.out.pyg)...executed.

runsystem(rm ClassicThesis.pyg)...executed.

 [2



]
LaTeX Font Info:    Font shape `T1/pplj/m/sl' in size <9> not available
(Font)              Font shape `T1/pplj/m/it' tried instead on input line 41.
 [3]
\openout4 = `ClassicThesis.pyg'.

runsystem(pygmentize -l c -f latex -F tokenmerge  -F gobble:n=2    -P mathescap
e      -P linenos -P "verboptions= ,numbersep=5pt,frame=lines,framesep=2mm,base
linestretch=1,fontsize=\footnotesize " -o ClassicThesis.out.pyg ClassicThesis.p
yg)...executed.


(./ClassicThesis.out.pyg)
runsystem(rm ClassicThesis.out.pyg)...executed.

runsystem(rm ClassicThesis.pyg)...executed.

\openout4 = `ClassicThesis.pyg'.

runsystem(pygmentize -l c -f latex -F tokenmerge      -P mathescape       -P "v
erboptions= ,frame=lines,framesep=2mm,baselinestretch=1,fontsize=\footnotesize 
" -o ClassicThesis.out.pyg ClassicThesis.pyg)...executed.

 (./ClassicThesis.out.pyg)
runsystem(rm ClassicThesis.out.pyg)...executed.

runsystem(rm ClassicThesis.pyg)...executed.

 [4]
\openout4 = `ClassicThesis.pyg'.

runsystem(pygmentize -l c -f latex -F tokenmerge  -F gobble:n=2    -P mathescap
e      -P linenos -P "verboptions= ,numbersep=5pt,frame=lines,framesep=2mm,base
linestretch=1,fontsize=\footnotesize " -o ClassicThesis.out.pyg ClassicThesis.p
yg)...executed.


(./ClassicThesis.out.pyg)
runsystem(rm ClassicThesis.out.pyg)...executed.

runsystem(rm ClassicThesis.pyg)...executed.

\openout4 = `ClassicThesis.pyg'.

runsystem(pygmentize -l c -f latex -F tokenmerge  -F gobble:n=2    -P mathescap
e      -P linenos -P "verboptions= ,numbersep=5pt,frame=lines,framesep=2mm,base
linestretch=1,fontsize=\footnotesize " -o ClassicThesis.out.pyg ClassicThesis.p
yg)...executed.

 (./ClassicThesis.out.pyg)
runsystem(rm ClassicThesis.out.pyg)...executed.

runsystem(rm ClassicThesis.pyg)...executed.

 [5] [6]
\openout4 = `ClassicThesis.pyg'.

runsystem(pygmentize -l c -f latex -F tokenmerge  -F gobble:n=2    -P mathescap
e      -P linenos -P "verboptions= ,numbersep=5pt,frame=lines,framesep=2mm,base
linestretch=1,fontsize=\footnotesize " -o ClassicThesis.out.pyg ClassicThesis.p
yg)...executed.


(./ClassicThesis.out.pyg)
runsystem(rm ClassicThesis.out.pyg)...executed.

runsystem(rm ClassicThesis.pyg)...executed.

) [7] [8] [9





]
\openout2 = `Chapters/Chapter02.aux'.

 (./Chapters/Chapter02.tex
Chapter 2.

Package natbib Warning: Citation `dueck:trio' on page 10 undefined on input lin
e 7.


Package natbib Warning: Citation `dueck:trio' on page 10 undefined on input lin
e 7.

Package acronym Info: Label `acro:UML' newly defined as it shall be overridden
although it is yet undefined on input line 30.
Package acronym Info: Label `acro:API' newly defined as it shall be overridden
although it is yet undefined on input line 45.
[10



]

Package natbib Warning: Citation `bentley:1999' on page 11 undefined on input l
ine 65.


Package natbib Warning: Citation `bentley:1999' on page 11 undefined on input l
ine 66.


Overfull \hbox (5.5887pt too wide) in paragraph at lines 72--76
[]\T1/pplj/m/n/10.95 Illo se-cundo con-ti-nentes sia il, sia russo dis-tinguer
 []


Package natbib Warning: Citation `cormen:2001' on page 11 undefined on input li
ne 82.


Package natbib Warning: Citation `cormen:2001' on page 11 undefined on input li
ne 82.


Package natbib Warning: Citation `knuth:1976' on page 11 undefined on input lin
e 98.


Package natbib Warning: Citation `knuth:1976' on page 11 undefined on input lin
e 99.


Package natbib Warning: Citation `sommerville:1992' on page 11 undefined on inp
ut line 110.


Package natbib Warning: Citation `sommerville:1992' on page 11 undefined on inp
ut line 111.


Package natbib Warning: Citation `knuth:1976' on page 11 undefined on input lin
e 140.

LaTeX Font Info:    Font shape `T1/pplj/bx/n' in size <10> not available
(Font)              Font shape `T1/pplj/b/n' tried instead on input line 142.

Package natbib Warning: Citation `knuth:1976' on page 11 undefined on input lin
e 142.


Package natbib Warning: Citation `knuth:1976' on page 11 undefined on input lin
e 142.

[11] <gfx/example_1.jpg, id=321, 240.9pt x 180.675pt>
File: gfx/example_1.jpg Graphic file (type jpg)
 <use gfx/example_1.jpg>
Package pdftex.def Info: gfx/example_1.jpg used on input line 160.
(pdftex.def)             Requested size: 171.3129pt x 128.4869pt.

<gfx/example_2.jpg, id=322, 240.9pt x 180.675pt>
File: gfx/example_2.jpg Graphic file (type jpg)
 <use gfx/example_2.jpg>
Package pdftex.def Info: gfx/example_2.jpg used on input line 163.
(pdftex.def)             Requested size: 171.3129pt x 128.4869pt.

<gfx/example_3.jpg, id=323, 240.9pt x 180.675pt>
File: gfx/example_3.jpg Graphic file (type jpg)
 <use gfx/example_3.jpg>
Package pdftex.def Info: gfx/example_3.jpg used on input line 165.
(pdftex.def)             Requested size: 171.3129pt x 128.4869pt.

<gfx/example_4.jpg, id=324, 240.9pt x 180.675pt>
File: gfx/example_4.jpg Graphic file (type jpg)
 <use gfx/example_4.jpg>
Package pdftex.def Info: gfx/example_4.jpg used on input line 167.
(pdftex.def)             Requested size: 171.3129pt x 128.4869pt.
)
[12 <./gfx/example_1.jpg> <./gfx/example_2.jpg> <./gfx/example_3.jpg> <./gfx/ex
ample_4.jpg>]
\openout2 = `Chapters/Chapter03.aux'.

 (./Chapters/Chapter03.tex
Chapter 3.
LaTeX Font Info:    Font shape `T1/fvm/m/sl' will be
(Font)              scaled to size 7.65005pt on input line 24.

Overfull \vbox (1.38936pt too high) has occurred while \output is active []


[13




]) [14] [15





]
\openout2 = `Chapters/Chapter0A.aux'.

 (./Chapters/Chapter0A.tex
Appendix A.
LaTeX Font Info:    Font shape `T1/fvm/m/n' will be
(Font)              scaled to size 8.50006pt on input line 64.
) [16



] [17]
\openout2 = `FrontBackmatter/Bibliography.aux'.

 (./FrontBackmatter/Bibliography.tex (./ClassicThesis.bbl)) [18






]
\openout2 = `FrontBackmatter/Colophon.aux'.


(./FrontBackmatter/Colophon.tex
Overfull \hbox (9.14499pt too wide) in paragraph at lines 10--13
\T1/pplj/m/n/10.95 This doc-u-ment was type-set us-ing the ty-po-graph-i-cal lo
ok-and-feel \T1/fvm/m/n/10.95 classicthesis
 []

) [19




]
\openout2 = `FrontBackmatter/Declaration.aux'.

 (./FrontBackmatter/Declaration.tex) [20






]

Package natbib Warning: There were undefined citations.

Package atveryend Info: Empty hook `BeforeClearDocument' on input line 118.
Package atveryend Info: Empty hook `AfterLastShipout' on input line 118.
(./ClassicThesis.aux (./FrontBackmatter/DirtyTitlepage.aux)
(./FrontBackmatter/Titlepage.aux) (./FrontBackmatter/Titleback.aux)
(./FrontBackmatter/Dedication.aux) (./FrontBackmatter/Abstract.aux)
(./FrontBackmatter/Publication.aux) (./FrontBackmatter/Acknowledgments.aux)
(./FrontBackmatter/Contents.aux) (./Chapters/Chapter01.aux)
(./Chapters/Chapter02.aux) (./Chapters/Chapter03.aux) (./Chapters/Chapter0A.aux
) (./FrontBackmatter/Bibliography.aux) (./FrontBackmatter/Colophon.aux)
(./FrontBackmatter/Declaration.aux)

Package mparhack Warning: Marginpars may have changed.
(mparhack)                Rerun to get them right.

)
Package atveryend Info: Executing hook `AtVeryEndDocument' on input line 118.


 *File List*
scrreprt.cls    2013/12/19 v3.12 KOMA-Script document class (report)
scrkbase.sty    2013/12/19 v3.12 KOMA-Script package (KOMA-Script-dependent bas
ics and keyval usage)
 scrbase.sty    2013/12/19 v3.12 KOMA-Script package (KOMA-Script-independent b
asics and keyval usage)
  keyval.sty    1999/03/16 v1.13 key=value parser (DPC)
scrlfile.sty    2013/12/19 v3.12 KOMA-Script package (loading files)
tocbasic.sty    2013/12/19 v3.12 KOMA-Script package (handling toc-files)
scrsize11pt.clo    2013/12/19 v3.12 KOMA-Script font size class option (11pt)
typearea.sty    2013/12/19 v3.12 KOMA-Script package (type area)
classicthesis-config.tex
  ifthen.sty    2001/05/26 v1.1c Standard LaTeX ifthen package (DPC)
inputenc.sty    2008/03/30 v1.1d Input encoding file
  latin9.def    2008/03/30 v1.1d Input encoding file
   babel.sty    2013/12/03 3.9h The Babel package
ngermanb.ldf    2013/12/13 v2.7 German support for babel (new orthography)
 english.ldf    2012/08/20 v3.3p English support from the babel system
  natbib.sty    2010/09/13 8.31b (PWD, AO)
 amsmath.sty    2013/01/14 v2.14 AMS math features
 amstext.sty    2000/06/29 v2.01
  amsgen.sty    1999/11/30 v2.0
  amsbsy.sty    1999/11/29 v1.2d
  amsopn.sty    1999/12/14 v2.01 operator names
 fontenc.sty
   t1enc.def    2005/09/27 v1.99g Standard LaTeX file
textcomp.sty    2005/09/27 v1.99g Standard LaTeX package
  ts1enc.def    2001/06/05 v3.0e (jk/car/fm) Standard LaTeX file
  xspace.sty    2009/10/20 v1.13 Space after command names (DPC,MH)
mparhack.sty    2005/04/17 v1.4 (T. Sgouros and S. Ulrich)
fixltx2e.sty    2006/09/13 v1.1m fixes to LaTeX
 acronym.sty    2012/10/29 v1.38 Support for acronyms (Tobias Oetiker)
  suffix.sty    2006/07/15 1.5 Variant command support
 xstring.sty    2013/10/13  v1.7c  String manipulations (C Tellechea)
 relsize.sty    2013/03/29 ver 4.1
tabularx.sty    1999/01/07 v2.07 `tabularx' package (DPC)
   array.sty    2008/09/09 v2.4c Tabular extension package (FMi)
 caption.sty    2013/05/02 v3.3-89 Customizing captions (AR)
caption3.sty    2013/05/02 v1.6-88 caption3 kernel (AR)
  subfig.sty    2005/06/28 ver: 1.3 subfig package
listings.sty    2013/08/26 1.5b (Carsten Heinz)
 lstmisc.sty    2013/08/26 1.5b (Carsten Heinz)
listings.cfg    2013/08/26 1.5b listings configuration
lstlang1.sty    2013/08/26 1.5b listings language file
lstlang2.sty    2013/08/26 1.5b listings language file
lstlang3.sty    2013/08/26 1.5b listings language file
lstlang1.sty    2013/08/26 1.5b listings language file
lstlang2.sty    2013/08/26 1.5b listings language file
lstlang3.sty    2013/08/26 1.5b listings language file
lstlang1.sty    2013/08/26 1.5b listings language file
lstlang2.sty    2013/08/26 1.5b listings language file
lstlang3.sty    2013/08/26 1.5b listings language file
 lstmisc.sty    2013/08/26 1.5b (Carsten Heinz)
hyperref.sty    2012/11/06 v6.83m Hypertext links for LaTeX
hobsub-hyperref.sty    2012/05/28 v1.13 Bundle oberdiek, subset hyperref (HO)
hobsub-generic.sty    2012/05/28 v1.13 Bundle oberdiek, subset generic (HO)
  hobsub.sty    2012/05/28 v1.13 Construct package bundles (HO)
infwarerr.sty    2010/04/08 v1.3 Providing info/warning/error messages (HO)
 ltxcmds.sty    2011/11/09 v1.22 LaTeX kernel commands for general use (HO)
ifluatex.sty    2010/03/01 v1.3 Provides the ifluatex switch (HO)
  ifvtex.sty    2010/03/01 v1.5 Detect VTeX and its facilities (HO)
 intcalc.sty    2007/09/27 v1.1 Expandable calculations with integers (HO)
   ifpdf.sty    2011/01/30 v2.3 Provides the ifpdf switch (HO)
etexcmds.sty    2011/02/16 v1.5 Avoid name clashes with e-TeX commands (HO)
kvsetkeys.sty    2012/04/25 v1.16 Key value parser (HO)
kvdefinekeys.sty    2011/04/07 v1.3 Define keys (HO)
pdftexcmds.sty    2011/11/29 v0.20 Utility functions of pdfTeX for LuaTeX (HO)
pdfescape.sty    2011/11/25 v1.13 Implements pdfTeX's escape features (HO)
bigintcalc.sty    2012/04/08 v1.3 Expandable calculations on big integers (HO)
  bitset.sty    2011/01/30 v1.1 Handle bit-vector datatype (HO)
uniquecounter.sty    2011/01/30 v1.2 Provide unlimited unique counter (HO)
letltxmacro.sty    2010/09/02 v1.4 Let assignment for LaTeX macros (HO)
 hopatch.sty    2012/05/28 v1.2 Wrapper for package hooks (HO)
xcolor-patch.sty    2011/01/30 xcolor patch
atveryend.sty    2011/06/30 v1.8 Hooks at the very end of document (HO)
atbegshi.sty    2011/10/05 v1.16 At begin shipout hook (HO)
refcount.sty    2011/10/16 v3.4 Data extraction from label references (HO)
 hycolor.sty    2011/01/30 v1.7 Color options for hyperref/bookmark (HO)
 ifxetex.sty    2010/09/12 v0.6 Provides ifxetex conditional
 auxhook.sty    2011/03/04 v1.3 Hooks for auxiliary files (HO)
kvoptions.sty    2011/06/30 v3.11 Key value format for package options (HO)
  pd1enc.def    2012/11/06 v6.83m Hyperref: PDFDocEncoding definition (HO)
hyperref.cfg    2002/06/06 v1.2 hyperref configuration of TeXLive
     url.sty    2013/09/16  ver 3.4  Verb mode for urls, etc.
 hpdftex.def    2012/11/06 v6.83m Hyperref driver for pdfTeX
rerunfilecheck.sty    2011/04/15 v1.7 Rerun checks for auxiliary files (HO)
graphicx.sty    1999/02/16 v1.0f Enhanced LaTeX Graphics (DPC,SPQR)
graphics.sty    2009/02/05 v1.0o Standard LaTeX Graphics (DPC,SPQR)
    trig.sty    1999/03/16 v1.09 sin cos tan (DPC)
graphics.cfg    2010/04/23 v1.9 graphics configuration of TeX Live
  pdftex.def    2011/05/27 v0.06d Graphics/color for pdfTeX
classicthesis.sty    2012/08/12 v4.1 Typographic style for a classic-looking th
esis
  xcolor.sty    2007/01/21 v2.11 LaTeX color extensions (UK)
   color.cfg    2007/01/18 v1.5 color configuration of teTeX/TeXLive
dvipsnam.def    1999/02/16 v3.0i Driver-dependant file (DPC,SPQR)
mathpazo.sty    2005/04/12 PSNFSS-v9.2a Palatino w/ Pazo Math (D.Puga, WaS) 
beramono.sty    2004/01/31 (WaS)
 eulervm.sty    2005/01/11 v4.0 (WaS)
microtype.sty    2013/05/23 v2.5a Micro-typographical refinements (RS)
microtype-pdftex.def    2013/05/23 v2.5a Definitions specific to pdftex (RS)
microtype.cfg    2013/05/23 v2.5a microtype main configuration file (RS)
booktabs.sty    2005/04/14 v1.61803 publication quality tables
textcase.sty    2004/10/07 v0.07 Text only upper/lower case changing (DPC)
scrpage2.sty    2013/12/19 v3.12 KOMA-Script package (page head and foot)
titlesec.sty    2011/12/15 v2.10.0 Sectioning titles
 tocloft.sty    2013/05/02 v2.3f parameterised ToC, etc., typesetting
 scrtime.sty    2011/03/31 v3.08b KOMA-Script package (time of LaTeX run)
prelim2e.sty    2009/05/29 v1.3 prelim2e Package (MS)
everyshi.sty    2001/05/15 v3.00 EveryShipout Package (MS)
remreset.sty    
  minted.sty    2011/09/17 v1.7 Yet another Pygments shim for LaTeX
fancyvrb.sty    2008/02/07
   float.sty    2001/11/08 v1.3d Float enhancements (AL)
    calc.sty    2007/08/22 v4.3 Infix arithmetic (KKT,FJ)
ifplatform.sty    2010/10/22 v0.4 Testing for the operating system
catchfile.sty    2011/03/01 v1.6 Catch the contents of a file (HO)
ClassicThesis.w18
 scrhack.sty    2013/12/19 v3.12 KOMA-Script package 
   float.hak    2013/12/19 v3.12 KOMA-Script package (hacking package float)
listings.hak    2013/12/19 v3.12 KOMA-Script package (hacking package listings)

etoolbox.sty    2011/01/03 v2.1 e-TeX tools for LaTeX
    etex.sty    1998/03/26 v2.0 eTeX basic definition package (PEB)
geometry.sty    2010/09/12 v5.6 Page Geometry
  ts1cmr.fd    1999/05/25 v2.5h Standard LaTeX font definitions
  t1pplj.fd    2004/09/06 font definitions for T1/pplj.
 nameref.sty    2012/10/27 v2.43 Cross-referencing by name of section
gettitlestring.sty    2010/12/03 v1.4 Cleanup title references (HO)
ClassicThesis.out
ClassicThesis.out
supp-pdf.mkii
epstopdf-base.sty    2010/02/09 v2.5 Base part for package epstopdf
  grfext.sty    2010/08/19 v1.1 Manage graphics extensions (HO)
epstopdf-sys.cfg    2010/07/13 v1.3 Configuration of (r)epstopdf for TeX Live
  mt-ppl.cfg    2005/11/16 v1.6 microtype config. file: Palatino (RS)
ClassicThesis.pyg
FrontBackmatter/DirtyTitlepage.tex
   t1fvm.fd    2004/09/07 scalable font definitions for T1/fvm.
FrontBackmatter/Titlepage.tex
gfx/TFZsuperellipse_bw.pdf
FrontBackmatter/Titleback.tex
 ts1pplj.fd    2004/09/06 font definitions for TS1/pplj.
FrontBackmatter/Dedication.tex
FrontBackmatter/Abstract.tex
FrontBackmatter/Publication.tex
FrontBackmatter/Acknowledgments.tex
   uzeur.fd    2005/01/11 v4.0 (WaS)
  mt-eur.cfg    2006/07/31 v1.1 microtype config. file: AMS Euler Roman (RS)
   uzeus.fd    2005/01/11 v4.0 (WaS)
  mt-eus.cfg    2006/07/28 v1.2 microtype config. file: AMS Euler Script (RS)
  uzeuex.fd    2005/01/11 v4.0 (WaS)
 ot1zplm.fd    2002/09/08 Fontinst v1.914 font definitions for OT1/zplm.
FrontBackmatter/Contents.tex
  t1cmss.fd    1999/05/25 v2.5h Standard LaTeX font definitions
Chapters/Chapter01.tex
ClassicThesis.out.pyg
ClassicThesis.out.pyg
ClassicThesis.out.pyg
ClassicThesis.out.pyg
ClassicThesis.out.pyg
ClassicThesis.out.pyg
ClassicThesis.out.pyg
Chapters/Chapter02.tex
gfx/example_1.jpg
gfx/example_2.jpg
gfx/example_3.jpg
gfx/example_4.jpg
Chapters/Chapter03.tex
Chapters/Chapter0A.tex
FrontBackmatter/Bibliography.tex
ClassicThesis.bbl
FrontBackmatter/Colophon.tex
FrontBackmatter/Declaration.tex
 ***********

Package atveryend Info: Executing hook `AtEndAfterFileList' on input line 118.

Package rerunfilecheck Warning: File `ClassicThesis.out' has changed.
(rerunfilecheck)                Rerun to get outlines right
(rerunfilecheck)                or use package `bookmark'.

Package rerunfilecheck Info: Checksums for `ClassicThesis.out':
(rerunfilecheck)             Before: 715BA1D64CBCA6588BB410D02EFB7659;2302
(rerunfilecheck)             After:  0AF8201DB9A7A90DB62CD7E4430DA149;2394.

LaTeX Warning: Label(s) may have changed. Rerun to get cross-references right.

Package atveryend Info: Empty hook `AtVeryVeryEnd' on input line 118.
 ) 
Here is how much of TeX's memory you used:
 19027 strings out of 493308
 287871 string characters out of 6143616
 486474 words of memory out of 5000000
 21819 multiletter control sequences out of 15000+600000
 91532 words of font info for 140 fonts, out of 8000000 for 9000
 957 hyphenation exceptions out of 8191
 45i,14n,67p,1072b,2334s stack positions out of 5000i,500n,10000p,200000b,80000s
{/usr/share/texmf-dist/fonts/enc/dvips/base/8r.enc}</usr/share/texmf-dist/fon
ts/type1/public/amsfonts/cm/cmex10.pfb></usr/share/texmf-dist/fonts/type1/publi
c/amsfonts/euler/eufm10.pfb></usr/share/texmf-dist/fonts/type1/public/amsfonts/
euler/eufm7.pfb></usr/share/texmf-dist/fonts/type1/public/amsfonts/euler/eurb10
.pfb></usr/share/texmf-dist/fonts/type1/public/amsfonts/euler/eurm10.pfb></usr/
share/texmf-dist/fonts/type1/public/amsfonts/euler/eurm7.pfb></usr/share/texmf-
dist/fonts/type1/public/fpl/fplrc8a.pfb></usr/share/texmf-dist/fonts/type1/publ
ic/fpl/fplrij8a.pfb></usr/share/texmf-dist/fonts/type1/public/bera/fvmr8a.pfb><
/usr/share/texmf-dist/fonts/type1/public/bera/fvmro8a.pfb></usr/share/texmf-dis
t/fonts/type1/public/amsfonts/latxfont/lcircle1.pfb></usr/share/texmf-dist/font
s/type1/urw/palatino/uplb8a.pfb></usr/share/texmf-dist/fonts/type1/urw/palatino
/uplr8a.pfb></usr/share/texmf-dist/fonts/type1/urw/palatino/uplri8a.pfb>
Output written on ClassicThesis.pdf (29 pages, 256276 bytes).
PDF statistics:
 463 PDF objects out of 1000 (max. 8388607)
 407 compressed objects within 5 object streams
 115 named destinations out of 1000 (max. 500000)
 18754 words of extra memory for PDF output out of 20736 (max. 10000000)

